                                                                                                             QUERY PLAN                                                                                                             
------------------------------------------------------------------------------------------------------------------------------------------------------------------------------------------------------------------------------------
 [                                                                                                                                                                                                                                 +
   {                                                                                                                                                                                                                               +
     "Plan": {                                                                                                                                                                                                                     +
       "Node Type": "Aggregate",                                                                                                                                                                                                   +
       "Strategy": "Plain",                                                                                                                                                                                                        +
       "Partial Mode": "Simple",                                                                                                                                                                                                   +
       "Parallel Aware": false,                                                                                                                                                                                                    +
       "Async Capable": false,                                                                                                                                                                                                     +
       "Startup Cost": 5185.09,                                                                                                                                                                                                    +
       "Total Cost": 5185.10,                                                                                                                                                                                                      +
       "Plan Rows": 1,                                                                                                                                                                                                             +
       "Plan Width": 64,                                                                                                                                                                                                           +
       "Actual Startup Time": 18450.203,                                                                                                                                                                                           +
       "Actual Total Time": 18450.209,                                                                                                                                                                                             +
       "Actual Rows": 1,                                                                                                                                                                                                           +
       "Actual Loops": 1,                                                                                                                                                                                                          +
       "Output": ["min((an.name)::text)", "min((t.title)::text)"],                                                                                                                                                                 +
       "Plans": [                                                                                                                                                                                                                  +
         {                                                                                                                                                                                                                         +
           "Node Type": "Nested Loop",                                                                                                                                                                                             +
           "Parent Relationship": "Outer",                                                                                                                                                                                         +
           "Parallel Aware": false,                                                                                                                                                                                                +
           "Async Capable": false,                                                                                                                                                                                                 +
           "Join Type": "Inner",                                                                                                                                                                                                   +
           "Startup Cost": 9.36,                                                                                                                                                                                                   +
           "Total Cost": 5170.61,                                                                                                                                                                                                  +
           "Plan Rows": 2896,                                                                                                                                                                                                      +
           "Plan Width": 33,                                                                                                                                                                                                       +
           "Actual Startup Time": 14.223,                                                                                                                                                                                          +
           "Actual Total Time": 17930.857,                                                                                                                                                                                         +
           "Actual Rows": 3710592,                                                                                                                                                                                                 +
           "Actual Loops": 1,                                                                                                                                                                                                      +
           "Output": ["an.name", "t.title"],                                                                                                                                                                                       +
           "Inner Unique": false,                                                                                                                                                                                                  +
           "Join Filter": "(n.id = an.person_id)",                                                                                                                                                                                 +
           "Rows Removed by Join Filter": 0,                                                                                                                                                                                       +
           "Plans": [                                                                                                                                                                                                              +
             {                                                                                                                                                                                                                     +
               "Node Type": "Nested Loop",                                                                                                                                                                                         +
               "Parent Relationship": "Outer",                                                                                                                                                                                     +
               "Parallel Aware": false,                                                                                                                                                                                            +
               "Async Capable": false,                                                                                                                                                                                             +
               "Join Type": "Inner",                                                                                                                                                                                               +
               "Startup Cost": 8.93,                                                                                                                                                                                               +
               "Total Cost": 4551.80,                                                                                                                                                                                              +
               "Plan Rows": 1272,                                                                                                                                                                                                  +
               "Plan Width": 25,                                                                                                                                                                                                   +
               "Actual Startup Time": 14.135,                                                                                                                                                                                      +
               "Actual Total Time": 10663.419,                                                                                                                                                                                     +
               "Actual Rows": 2832555,                                                                                                                                                                                             +
               "Actual Loops": 1,                                                                                                                                                                                                  +
               "Output": ["ci.person_id", "n.id", "t.title"],                                                                                                                                                                      +
               "Inner Unique": true,                                                                                                                                                                                               +
               "Plans": [                                                                                                                                                                                                          +
                 {                                                                                                                                                                                                                 +
                   "Node Type": "Nested Loop",                                                                                                                                                                                     +
                   "Parent Relationship": "Outer",                                                                                                                                                                                 +
                   "Parallel Aware": false,                                                                                                                                                                                        +
                   "Async Capable": false,                                                                                                                                                                                         +
                   "Join Type": "Inner",                                                                                                                                                                                           +
                   "Startup Cost": 8.50,                                                                                                                                                                                           +
                   "Total Cost": 3980.47,                                                                                                                                                                                          +
                   "Plan Rows": 1272,                                                                                                                                                                                              +
                   "Plan Width": 21,                                                                                                                                                                                               +
                   "Actual Startup Time": 14.055,                                                                                                                                                                                  +
                   "Actual Total Time": 4392.290,                                                                                                                                                                                  +
                   "Actual Rows": 2832555,                                                                                                                                                                                         +
                   "Actual Loops": 1,                                                                                                                                                                                              +
                   "Output": ["ci.person_id", "t.title"],                                                                                                                                                                          +
                   "Inner Unique": false,                                                                                                                                                                                          +
                   "Join Filter": "(t.id = ci.movie_id)",                                                                                                                                                                          +
                   "Rows Removed by Join Filter": 0,                                                                                                                                                                               +
                   "Plans": [                                                                                                                                                                                                      +
                     {                                                                                                                                                                                                             +
                       "Node Type": "Nested Loop",                                                                                                                                                                                 +
                       "Parent Relationship": "Outer",                                                                                                                                                                             +
                       "Parallel Aware": false,                                                                                                                                                                                    +
                       "Async Capable": false,                                                                                                                                                                                     +
                       "Join Type": "Inner",                                                                                                                                                                                       +
                       "Startup Cost": 8.06,                                                                                                                                                                                       +
                       "Total Cost": 3862.98,                                                                                                                                                                                      +
                       "Plan Rows": 64,                                                                                                                                                                                            +
                       "Plan Width": 29,                                                                                                                                                                                           +
                       "Actual Startup Time": 13.056,                                                                                                                                                                              +
                       "Actual Total Time": 1027.244,                                                                                                                                                                              +
                       "Actual Rows": 68316,                                                                                                                                                                                       +
                       "Actual Loops": 1,                                                                                                                                                                                          +
                       "Output": ["mc.movie_id", "mk.movie_id", "t.title", "t.id"],                                                                                                                                                +
                       "Inner Unique": true,                                                                                                                                                                                       +
                       "Plans": [                                                                                                                                                                                                  +
                         {                                                                                                                                                                                                         +
                           "Node Type": "Nested Loop",                                                                                                                                                                             +
                           "Parent Relationship": "Outer",                                                                                                                                                                         +
                           "Parallel Aware": false,                                                                                                                                                                                +
                           "Async Capable": false,                                                                                                                                                                                 +
                           "Join Type": "Inner",                                                                                                                                                                                   +
                           "Startup Cost": 7.64,                                                                                                                                                                                   +
                           "Total Cost": 3784.05,                                                                                                                                                                                  +
                           "Plan Rows": 177,                                                                                                                                                                                       +
                           "Plan Width": 33,                                                                                                                                                                                       +
                           "Actual Startup Time": 12.937,                                                                                                                                                                          +
                           "Actual Total Time": 568.247,                                                                                                                                                                           +
                           "Actual Rows": 148552,                                                                                                                                                                                  +
                           "Actual Loops": 1,                                                                                                                                                                                      +
                           "Output": ["mk.movie_id", "mc.movie_id", "mc.company_id", "t.title", "t.id"],                                                                                                                           +
                           "Inner Unique": false,                                                                                                                                                                                  +
                           "Join Filter": "(t.id = mc.movie_id)",                                                                                                                                                                  +
                           "Rows Removed by Join Filter": 0,                                                                                                                                                                       +
                           "Plans": [                                                                                                                                                                                              +
                             {                                                                                                                                                                                                     +
                               "Node Type": "Nested Loop",                                                                                                                                                                         +
                               "Parent Relationship": "Outer",                                                                                                                                                                     +
                               "Parallel Aware": false,                                                                                                                                                                            +
                               "Async Capable": false,                                                                                                                                                                             +
                               "Join Type": "Inner",                                                                                                                                                                               +
                               "Startup Cost": 7.21,                                                                                                                                                                               +
                               "Total Cost": 3763.61,                                                                                                                                                                              +
                               "Plan Rows": 34,                                                                                                                                                                                    +
                               "Plan Width": 25,                                                                                                                                                                                   +
                               "Actual Startup Time": 12.782,                                                                                                                                                                      +
                               "Actual Total Time": 317.371,                                                                                                                                                                       +
                               "Actual Rows": 41840,                                                                                                                                                                               +
                               "Actual Loops": 1,                                                                                                                                                                                  +
                               "Output": ["mk.movie_id", "t.title", "t.id"],                                                                                                                                                       +
                               "Inner Unique": true,                                                                                                                                                                               +
                               "Plans": [                                                                                                                                                                                          +
                                 {                                                                                                                                                                                                 +
                                   "Node Type": "Nested Loop",                                                                                                                                                                     +
                                   "Parent Relationship": "Outer",                                                                                                                                                                 +
                                   "Parallel Aware": false,                                                                                                                                                                        +
                                   "Async Capable": false,                                                                                                                                                                         +
                                   "Join Type": "Inner",                                                                                                                                                                           +
                                   "Startup Cost": 6.78,                                                                                                                                                                           +
                                   "Total Cost": 3747.04,                                                                                                                                                                          +
                                   "Plan Rows": 34,                                                                                                                                                                                +
                                   "Plan Width": 4,                                                                                                                                                                                +
                                   "Actual Startup Time": 12.710,                                                                                                                                                                  +
                                   "Actual Total Time": 116.943,                                                                                                                                                                   +
                                   "Actual Rows": 41840,                                                                                                                                                                           +
                                   "Actual Loops": 1,                                                                                                                                                                              +
                                   "Output": ["mk.movie_id"],                                                                                                                                                                      +
                                   "Inner Unique": false,                                                                                                                                                                          +
                                   "Plans": [                                                                                                                                                                                      +
                                     {                                                                                                                                                                                             +
                                       "Node Type": "Seq Scan",                                                                                                                                                                    +
                                       "Parent Relationship": "Outer",                                                                                                                                                             +
                                       "Parallel Aware": false,                                                                                                                                                                    +
                                       "Async Capable": false,                                                                                                                                                                     +
                                       "Relation Name": "keyword",                                                                                                                                                                 +
                                       "Schema": "public",                                                                                                                                                                         +
                                       "Alias": "k",                                                                                                                                                                               +
                                       "Startup Cost": 0.00,                                                                                                                                                                       +
                                       "Total Cost": 2626.12,                                                                                                                                                                      +
                                       "Plan Rows": 1,                                                                                                                                                                             +
                                       "Plan Width": 4,                                                                                                                                                                            +
                                       "Actual Startup Time": 0.741,                                                                                                                                                               +
                                       "Actual Total Time": 14.276,                                                                                                                                                                +
                                       "Actual Rows": 1,                                                                                                                                                                           +
                                       "Actual Loops": 1,                                                                                                                                                                          +
                                       "Output": ["k.id", "k.keyword", "k.phonetic_code"],                                                                                                                                         +
                                       "Filter": "((k.keyword)::text = 'character-name-in-title'::text)",                                                                                                                          +
                                       "Rows Removed by Filter": 134169                                                                                                                                                            +
                                     },                                                                                                                                                                                            +
                                     {                                                                                                                                                                                             +
                                       "Node Type": "Bitmap Heap Scan",                                                                                                                                                            +
                                       "Parent Relationship": "Inner",                                                                                                                                                             +
                                       "Parallel Aware": false,                                                                                                                                                                    +
                                       "Async Capable": false,                                                                                                                                                                     +
                                       "Relation Name": "movie_keyword",                                                                                                                                                           +
                                       "Schema": "public",                                                                                                                                                                         +
                                       "Alias": "mk",                                                                                                                                                                              +
                                       "Startup Cost": 6.78,                                                                                                                                                                       +
                                       "Total Cost": 1117.89,                                                                                                                                                                      +
                                       "Plan Rows": 303,                                                                                                                                                                           +
                                       "Plan Width": 8,                                                                                                                                                                            +
                                       "Actual Startup Time": 11.962,                                                                                                                                                              +
                                       "Actual Total Time": 96.045,                                                                                                                                                                +
                                       "Actual Rows": 41840,                                                                                                                                                                       +
                                       "Actual Loops": 1,                                                                                                                                                                          +
                                       "Output": ["mk.id", "mk.movie_id", "mk.keyword_id"],                                                                                                                                        +
                                       "Recheck Cond": "(mk.keyword_id = k.id)",                                                                                                                                                   +
                                       "Rows Removed by Index Recheck": 0,                                                                                                                                                         +
                                       "Exact Heap Blocks": 11541,                                                                                                                                                                 +
                                       "Lossy Heap Blocks": 0,                                                                                                                                                                     +
                                       "Plans": [                                                                                                                                                                                  +
                                         {                                                                                                                                                                                         +
                                           "Node Type": "Bitmap Index Scan",                                                                                                                                                       +
                                           "Parent Relationship": "Outer",                                                                                                                                                         +
                                           "Parallel Aware": false,                                                                                                                                                                +
                                           "Async Capable": false,                                                                                                                                                                 +
                                           "Index Name": "keyword_id_movie_keyword",                                                                                                                                               +
                                           "Startup Cost": 0.00,                                                                                                                                                                   +
                                           "Total Cost": 6.71,                                                                                                                                                                     +
                                           "Plan Rows": 303,                                                                                                                                                                       +
                                           "Plan Width": 0,                                                                                                                                                                        +
                                           "Actual Startup Time": 5.771,                                                                                                                                                           +
                                           "Actual Total Time": 5.771,                                                                                                                                                             +
                                           "Actual Rows": 41840,                                                                                                                                                                   +
                                           "Actual Loops": 1,                                                                                                                                                                      +
                                           "Index Cond": "(mk.keyword_id = k.id)"                                                                                                                                                  +
                                         }                                                                                                                                                                                         +
                                       ]                                                                                                                                                                                           +
                                     }                                                                                                                                                                                             +
                                   ]                                                                                                                                                                                               +
                                 },                                                                                                                                                                                                +
                                 {                                                                                                                                                                                                 +
                                   "Node Type": "Index Scan",                                                                                                                                                                      +
                                   "Parent Relationship": "Inner",                                                                                                                                                                 +
                                   "Parallel Aware": false,                                                                                                                                                                        +
                                   "Async Capable": false,                                                                                                                                                                         +
                                   "Scan Direction": "Forward",                                                                                                                                                                    +
                                   "Index Name": "title_pkey",                                                                                                                                                                     +
                                   "Relation Name": "title",                                                                                                                                                                       +
                                   "Schema": "public",                                                                                                                                                                             +
                                   "Alias": "t",                                                                                                                                                                                   +
                                   "Startup Cost": 0.43,                                                                                                                                                                           +
                                   "Total Cost": 0.49,                                                                                                                                                                             +
                                   "Plan Rows": 1,                                                                                                                                                                                 +
                                   "Plan Width": 21,                                                                                                                                                                               +
                                   "Actual Startup Time": 0.004,                                                                                                                                                                   +
                                   "Actual Total Time": 0.004,                                                                                                                                                                     +
                                   "Actual Rows": 1,                                                                                                                                                                               +
                                   "Actual Loops": 41840,                                                                                                                                                                          +
                                   "Output": ["t.id", "t.title", "t.imdb_index", "t.kind_id", "t.production_year", "t.imdb_id", "t.phonetic_code", "t.episode_of_id", "t.season_nr", "t.episode_nr", "t.series_years", "t.md5sum"],+
                                   "Index Cond": "(t.id = mk.movie_id)",                                                                                                                                                           +
                                   "Rows Removed by Index Recheck": 0                                                                                                                                                              +
                                 }                                                                                                                                                                                                 +
                               ]                                                                                                                                                                                                   +
                             },                                                                                                                                                                                                    +
                             {                                                                                                                                                                                                     +
                               "Node Type": "Index Scan",                                                                                                                                                                          +
                               "Parent Relationship": "Inner",                                                                                                                                                                     +
                               "Parallel Aware": false,                                                                                                                                                                            +
                               "Async Capable": false,                                                                                                                                                                             +
                               "Scan Direction": "Forward",                                                                                                                                                                        +
                               "Index Name": "movie_id_movie_companies",                                                                                                                                                           +
                               "Relation Name": "movie_companies",                                                                                                                                                                 +
                               "Schema": "public",                                                                                                                                                                                 +
                               "Alias": "mc",                                                                                                                                                                                      +
                               "Startup Cost": 0.43,                                                                                                                                                                               +
                               "Total Cost": 0.54,                                                                                                                                                                                 +
                               "Plan Rows": 5,                                                                                                                                                                                     +
                               "Plan Width": 8,                                                                                                                                                                                    +
                               "Actual Startup Time": 0.003,                                                                                                                                                                       +
                               "Actual Total Time": 0.005,                                                                                                                                                                         +
                               "Actual Rows": 4,                                                                                                                                                                                   +
                               "Actual Loops": 41840,                                                                                                                                                                              +
                               "Output": ["mc.id", "mc.movie_id", "mc.company_id", "mc.company_type_id", "mc.note"],                                                                                                               +
                               "Index Cond": "(mc.movie_id = mk.movie_id)",                                                                                                                                                        +
                               "Rows Removed by Index Recheck": 0                                                                                                                                                                  +
                             }                                                                                                                                                                                                     +
                           ]                                                                                                                                                                                                       +
                         },                                                                                                                                                                                                        +
                         {                                                                                                                                                                                                         +
                           "Node Type": "Index Scan",                                                                                                                                                                              +
                           "Parent Relationship": "Inner",                                                                                                                                                                         +
                           "Parallel Aware": false,                                                                                                                                                                                +
                           "Async Capable": false,                                                                                                                                                                                 +
                           "Scan Direction": "Forward",                                                                                                                                                                            +
                           "Index Name": "company_name_pkey",                                                                                                                                                                      +
                           "Relation Name": "company_name",                                                                                                                                                                        +
                           "Schema": "public",                                                                                                                                                                                     +
                           "Alias": "cn",                                                                                                                                                                                          +
                           "Startup Cost": 0.42,                                                                                                                                                                                   +
                           "Total Cost": 0.45,                                                                                                                                                                                     +
                           "Plan Rows": 1,                                                                                                                                                                                         +
                           "Plan Width": 4,                                                                                                                                                                                        +
                           "Actual Startup Time": 0.003,                                                                                                                                                                           +
                           "Actual Total Time": 0.003,                                                                                                                                                                             +
                           "Actual Rows": 0,                                                                                                                                                                                       +
                           "Actual Loops": 148552,                                                                                                                                                                                 +
                           "Output": ["cn.id", "cn.name", "cn.country_code", "cn.imdb_id", "cn.name_pcode_nf", "cn.name_pcode_sf", "cn.md5sum"],                                                                                   +
                           "Index Cond": "(cn.id = mc.company_id)",                                                                                                                                                                +
                           "Rows Removed by Index Recheck": 0,                                                                                                                                                                     +
                           "Filter": "((cn.country_code)::text = '[us]'::text)",                                                                                                                                                   +
                           "Rows Removed by Filter": 1                                                                                                                                                                             +
                         }                                                                                                                                                                                                         +
                       ]                                                                                                                                                                                                           +
                     },                                                                                                                                                                                                            +
                     {                                                                                                                                                                                                             +
                       "Node Type": "Index Scan",                                                                                                                                                                                  +
                       "Parent Relationship": "Inner",                                                                                                                                                                             +
                       "Parallel Aware": false,                                                                                                                                                                                    +
                       "Async Capable": false,                                                                                                                                                                                     +
                       "Scan Direction": "Forward",                                                                                                                                                                                +
                       "Index Name": "movie_id_cast_info",                                                                                                                                                                         +
                       "Relation Name": "cast_info",                                                                                                                                                                               +
                       "Schema": "public",                                                                                                                                                                                         +
                       "Alias": "ci",                                                                                                                                                                                              +
                       "Startup Cost": 0.44,                                                                                                                                                                                       +
                       "Total Cost": 1.36,                                                                                                                                                                                         +
                       "Plan Rows": 38,                                                                                                                                                                                            +
                       "Plan Width": 8,                                                                                                                                                                                            +
                       "Actual Startup Time": 0.004,                                                                                                                                                                               +
                       "Actual Total Time": 0.043,                                                                                                                                                                                 +
                       "Actual Rows": 41,                                                                                                                                                                                          +
                       "Actual Loops": 68316,                                                                                                                                                                                      +
                       "Output": ["ci.id", "ci.person_id", "ci.movie_id", "ci.person_role_id", "ci.note", "ci.nr_order", "ci.role_id"],                                                                                            +
                       "Index Cond": "(ci.movie_id = mk.movie_id)",                                                                                                                                                                +
                       "Rows Removed by Index Recheck": 0                                                                                                                                                                          +
                     }                                                                                                                                                                                                             +
                   ]                                                                                                                                                                                                               +
                 },                                                                                                                                                                                                                +
                 {                                                                                                                                                                                                                 +
                   "Node Type": "Index Only Scan",                                                                                                                                                                                 +
                   "Parent Relationship": "Inner",                                                                                                                                                                                 +
                   "Parallel Aware": false,                                                                                                                                                                                        +
                   "Async Capable": false,                                                                                                                                                                                         +
                   "Scan Direction": "Forward",                                                                                                                                                                                    +
                   "Index Name": "name_pkey",                                                                                                                                                                                      +
                   "Relation Name": "name",                                                                                                                                                                                        +
                   "Schema": "public",                                                                                                                                                                                             +
                   "Alias": "n",                                                                                                                                                                                                   +
                   "Startup Cost": 0.43,                                                                                                                                                                                           +
                   "Total Cost": 0.45,                                                                                                                                                                                             +
                   "Plan Rows": 1,                                                                                                                                                                                                 +
                   "Plan Width": 4,                                                                                                                                                                                                +
                   "Actual Startup Time": 0.002,                                                                                                                                                                                   +
                   "Actual Total Time": 0.002,                                                                                                                                                                                     +
                   "Actual Rows": 1,                                                                                                                                                                                               +
                   "Actual Loops": 2832555,                                                                                                                                                                                        +
                   "Output": ["n.id"],                                                                                                                                                                                             +
                   "Index Cond": "(n.id = ci.person_id)",                                                                                                                                                                          +
                   "Rows Removed by Index Recheck": 0,                                                                                                                                                                             +
                   "Heap Fetches": 0                                                                                                                                                                                               +
                 }                                                                                                                                                                                                                 +
               ]                                                                                                                                                                                                                   +
             },                                                                                                                                                                                                                    +
             {                                                                                                                                                                                                                     +
               "Node Type": "Index Scan",                                                                                                                                                                                          +
               "Parent Relationship": "Inner",                                                                                                                                                                                     +
               "Parallel Aware": false,                                                                                                                                                                                            +
               "Async Capable": false,                                                                                                                                                                                             +
               "Scan Direction": "Forward",                                                                                                                                                                                        +
               "Index Name": "person_id_aka_name",                                                                                                                                                                                 +
               "Relation Name": "aka_name",                                                                                                                                                                                        +
               "Schema": "public",                                                                                                                                                                                                 +
               "Alias": "an",                                                                                                                                                                                                      +
               "Startup Cost": 0.42,                                                                                                                                                                                               +
               "Total Cost": 0.46,                                                                                                                                                                                                 +
               "Plan Rows": 2,                                                                                                                                                                                                     +
               "Plan Width": 20,                                                                                                                                                                                                   +
               "Actual Startup Time": 0.002,                                                                                                                                                                                       +
               "Actual Total Time": 0.002,                                                                                                                                                                                         +
               "Actual Rows": 1,                                                                                                                                                                                                   +
               "Actual Loops": 2832555,                                                                                                                                                                                            +
               "Output": ["an.id", "an.person_id", "an.name", "an.imdb_index", "an.name_pcode_cf", "an.name_pcode_nf", "an.surname_pcode", "an.md5sum"],                                                                           +
               "Index Cond": "(an.person_id = ci.person_id)",                                                                                                                                                                      +
               "Rows Removed by Index Recheck": 0                                                                                                                                                                                  +
             }                                                                                                                                                                                                                     +
           ]                                                                                                                                                                                                                       +
         }                                                                                                                                                                                                                         +
       ]                                                                                                                                                                                                                           +
     },                                                                                                                                                                                                                            +
     "Planning Time": 11.811,                                                                                                                                                                                                      +
     "Triggers": [                                                                                                                                                                                                                 +
     ],                                                                                                                                                                                                                            +
     "Execution Time": 18450.479                                                                                                                                                                                                   +
   }                                                                                                                                                                                                                               +
 ]
(1 row)

