                                                                                                 QUERY PLAN                                                                                                 
------------------------------------------------------------------------------------------------------------------------------------------------------------------------------------------------------------
 Aggregate  (cost=238008.97..238008.98 rows=1 width=64) (actual time=8836.536..8836.543 rows=1 loops=1)
   Buffers: shared hit=12444119 read=200538
   ->  Nested Loop  (cost=2364.61..238008.96 rows=1 width=32) (actual time=320.471..8835.490 rows=3575 loops=1)
         Buffers: shared hit=12444119 read=200538
         ->  Nested Loop  (cost=2364.19..238007.79 rows=1 width=36) (actual time=170.434..8810.900 rows=11692 loops=1)
               Buffers: shared hit=12398060 read=199829
               ->  Nested Loop  (cost=2363.76..238005.17 rows=1 width=44) (actual time=170.405..8798.886 rows=3628 loops=1)
                     Buffers: shared hit=12385045 read=199155
                     ->  Nested Loop  (cost=2363.33..238004.26 rows=1 width=48) (actual time=170.383..8791.491 rows=3715 loops=1)
                           Join Filter: (n.id = an.person_id)
                           Buffers: shared hit=12374211 read=198969
                           ->  Nested Loop  (cost=2362.91..238003.39 rows=1 width=56) (actual time=170.354..8785.163 rows=2265 loops=1)
                                 Buffers: shared hit=12367535 read=198849
                                 ->  Hash Join  (cost=2362.48..237985.88 rows=11 width=37) (actual time=131.744..8451.626 rows=134654 loops=1)
                                       Hash Cond: (ci.role_id = rt.id)
                                       Buffers: shared hit=11839384 read=188384
                                       ->  Nested Loop  (cost=2343.55..237961.71 rows=1986 width=41) (actual time=104.132..8381.443 rows=374134 loops=1)
                                             Buffers: shared hit=11839383 read=188384
                                             ->  Nested Loop  (cost=2343.11..183211.00 rows=2253 width=25) (actual time=99.721..1782.866 rows=424568 loops=1)
                                                   Buffers: shared hit=1766618 read=65546
                                                   ->  Nested Loop  (cost=2342.68..176821.89 rows=4088 width=4) (actual time=99.685..698.774 rows=451039 loops=1)
                                                         Buffers: shared hit=1 read=28007
                                                         ->  Seq Scan on info_type it  (cost=0.00..2.41 rows=1 width=4) (actual time=0.011..0.021 rows=1 loops=1)
                                                               Filter: ((info)::text = 'release dates'::text)
                                                               Rows Removed by Filter: 112
                                                               Buffers: shared hit=1
                                                         ->  Bitmap Heap Scan on movie_info mi  (cost=2342.68..176752.53 rows=6695 width=8) (actual time=99.663..655.122 rows=451039 loops=1)
                                                               Recheck Cond: (info_type_id = it.id)
                                                               Filter: ((info IS NOT NULL) AND (((info)::text ~~ 'Japan:%200%'::text) OR ((info)::text ~~ 'USA:%200%'::text)))
                                                               Rows Removed by Filter: 2585680
                                                               Heap Blocks: exact=25448
                                                               Buffers: shared read=28007
                                                               ->  Bitmap Index Scan on info_type_id_movie_info  (cost=0.00..2341.01 rows=215010 width=0) (actual time=94.943..94.943 rows=3036719 loops=1)
                                                                     Index Cond: (info_type_id = it.id)
                                                                     Buffers: shared read=2559
                                                   ->  Index Scan using title_pkey on title t  (cost=0.43..1.56 rows=1 width=21) (actual time=0.002..0.002 rows=1 loops=451039)
                                                         Index Cond: (id = mi.movie_id)
                                                         Filter: (production_year > 2000)
                                                         Rows Removed by Filter: 0
                                                         Buffers: shared hit=1766617 read=37539
                                             ->  Index Scan using movie_id_cast_info on cast_info ci  (cost=0.44..24.29 rows=1 width=16) (actual time=0.013..0.015 rows=1 loops=424568)
                                                   Index Cond: (movie_id = t.id)
                                                   Filter: ((note)::text = ANY ('{(voice),"(voice: Japanese version)","(voice) (uncredited)","(voice: English version)"}'::text[]))
                                                   Rows Removed by Filter: 21
                                                   Buffers: shared hit=10072765 read=122838
                                       ->  Hash  (cost=18.88..18.88 rows=4 width=4) (actual time=23.716..23.717 rows=1 loops=1)
                                             Buckets: 1024  Batches: 1  Memory Usage: 9kB
                                             Buffers: shared hit=1
                                             ->  Seq Scan on role_type rt  (cost=0.00..18.88 rows=4 width=4) (actual time=23.698..23.701 rows=1 loops=1)
                                                   Filter: ((role)::text = 'actress'::text)
                                                   Rows Removed by Filter: 11
                                                   Buffers: shared hit=1
                                 ->  Index Scan using name_pkey on name n  (cost=0.43..1.59 rows=1 width=19) (actual time=0.002..0.002 rows=0 loops=134654)
                                       Index Cond: (id = ci.person_id)
                                       Filter: (((name)::text ~~ '%An%'::text) AND ((gender)::text = 'f'::text))
                                       Rows Removed by Filter: 1
                                       Buffers: shared hit=528151 read=10465
                           ->  Index Only Scan using person_id_aka_name on aka_name an  (cost=0.42..0.84 rows=2 width=4) (actual time=0.002..0.002 rows=2 loops=2265)
                                 Index Cond: (person_id = ci.person_id)
                                 Heap Fetches: 0
                                 Buffers: shared hit=6676 read=120
                     ->  Index Only Scan using char_name_pkey on char_name chn  (cost=0.43..0.91 rows=1 width=4) (actual time=0.002..0.002 rows=1 loops=3715)
                           Index Cond: (id = ci.person_role_id)
                           Heap Fetches: 0
                           Buffers: shared hit=10834 read=186
               ->  Index Scan using movie_id_movie_companies on movie_companies mc  (cost=0.43..2.57 rows=5 width=8) (actual time=0.002..0.003 rows=3 loops=3628)
                     Index Cond: (movie_id = t.id)
                     Buffers: shared hit=13015 read=674
         ->  Index Scan using company_name_pkey on company_name cn  (cost=0.42..1.17 rows=1 width=4) (actual time=0.002..0.002 rows=0 loops=11692)
               Index Cond: (id = mc.company_id)
               Filter: ((country_code)::text = '[us]'::text)
               Rows Removed by Filter: 1
               Buffers: shared hit=46059 read=709
 Planning:
   Buffers: shared hit=944
 Planning Time: 31.166 ms
 JIT:
   Functions: 59
   Options: Inlining false, Optimization false, Expressions true, Deforming true
   Timing: Generation 2.093 ms, Inlining 0.000 ms, Optimization 0.900 ms, Emission 22.871 ms, Total 25.863 ms
 Execution Time: 8856.213 ms
(81 rows)

