                                                                                               QUERY PLAN                                                                                                
---------------------------------------------------------------------------------------------------------------------------------------------------------------------------------------------------------
 Aggregate  (cost=7492.60..7492.61 rows=1 width=96) (actual time=2726.930..2726.937 rows=1 loops=1)
   Buffers: shared hit=1072908 read=21299
   ->  Nested Loop  (cost=8.92..7492.59 rows=1 width=42) (actual time=6.062..2721.043 rows=21489 loops=1)
         Join Filter: (mi_idx.info_type_id = it2.id)
         Rows Removed by Join Filter: 42593
         Buffers: shared hit=1072908 read=21299
         ->  Nested Loop  (cost=8.92..7490.16 rows=1 width=46) (actual time=5.381..2131.578 rows=64082 loops=1)
               Join Filter: (t.id = mi_idx.movie_id)
               Buffers: shared hit=1008826 read=21299
               ->  Nested Loop  (cost=8.50..7489.63 rows=1 width=52) (actual time=5.353..2062.485 rows=21827 loops=1)
                     Join Filter: (mi.info_type_id = it1.id)
                     Rows Removed by Join Filter: 3193
                     Buffers: shared hit=921594 read=20174
                     ->  Nested Loop  (cost=8.50..7487.21 rows=1 width=56) (actual time=5.345..1977.702 rows=25020 loops=1)
                           Join Filter: (t.id = mi.movie_id)
                           Buffers: shared hit=896574 read=20174
                           ->  Nested Loop  (cost=8.06..7485.39 rows=1 width=48) (actual time=5.203..438.574 rows=23902 loops=1)
                                 Join Filter: (mc.company_type_id = ct.id)
                                 Buffers: shared hit=337746 read=2958
                                 ->  Nested Loop  (cost=8.06..7459.41 rows=1 width=52) (actual time=5.194..416.280 rows=23902 loops=1)
                                       Buffers: shared hit=313844 read=2958
                                       ->  Nested Loop  (cost=7.64..7458.88 rows=1 width=37) (actual time=5.162..349.082 rows=25853 loops=1)
                                             Join Filter: (t.id = mc.movie_id)
                                             Buffers: shared hit=210670 read=2720
                                             ->  Nested Loop  (cost=7.21..7458.30 rows=1 width=25) (actual time=3.980..259.327 rows=8073 loops=1)
                                                   Join Filter: (t.kind_id = kt.id)
                                                   Rows Removed by Join Filter: 4332
                                                   Buffers: shared hit=175665
                                                   ->  Nested Loop  (cost=7.21..7427.27 rows=55 width=29) (actual time=3.905..255.795 rows=9739 loops=1)
                                                         Buffers: shared hit=175664
                                                         ->  Nested Loop  (cost=6.78..7361.15 rows=135 width=4) (actual time=3.879..101.755 rows=37091 loops=1)
                                                               Buffers: shared hit=27300
                                                               ->  Seq Scan on keyword k  (cost=0.00..2961.55 rows=4 width=4) (actual time=1.138..20.335 rows=3 loops=1)
                                                                     Filter: ((keyword)::text = ANY ('{murder,murder-in-title,blood,violence}'::text[]))
                                                                     Rows Removed by Filter: 134167
                                                                     Buffers: shared hit=949
                                                               ->  Bitmap Heap Scan on movie_keyword mk  (cost=6.78..1096.87 rows=303 width=8) (actual time=2.799..25.869 rows=12364 loops=3)
                                                                     Recheck Cond: (keyword_id = k.id)
                                                                     Heap Blocks: exact=26312
                                                                     Buffers: shared hit=26351
                                                                     ->  Bitmap Index Scan on keyword_id_movie_keyword  (cost=0.00..6.71 rows=303 width=0) (actual time=1.443..1.443 rows=12364 loops=3)
                                                                           Index Cond: (keyword_id = k.id)
                                                                           Buffers: shared hit=39
                                                         ->  Index Scan using title_pkey on title t  (cost=0.43..0.49 rows=1 width=25) (actual time=0.004..0.004 rows=0 loops=37091)
                                                               Index Cond: (id = mk.movie_id)
                                                               Filter: (production_year > 2005)
                                                               Rows Removed by Filter: 1
                                                               Buffers: shared hit=148364
                                                   ->  Materialize  (cost=0.00..22.80 rows=10 width=4) (actual time=0.000..0.000 rows=1 loops=9739)
                                                         Buffers: shared hit=1
                                                         ->  Seq Scan on kind_type kt  (cost=0.00..22.75 rows=10 width=4) (actual time=0.010..0.011 rows=2 loops=1)
                                                               Filter: ((kind)::text = ANY ('{movie,episode}'::text[]))
                                                               Rows Removed by Filter: 5
                                                               Buffers: shared hit=1
                                             ->  Index Scan using movie_id_movie_companies on movie_companies mc  (cost=0.43..0.56 rows=1 width=12) (actual time=0.007..0.010 rows=3 loops=8073)
                                                   Index Cond: (movie_id = mk.movie_id)
                                                   Filter: (((note)::text !~~ '%(USA)%'::text) AND ((note)::text ~~ '%(200%)%'::text))
                                                   Rows Removed by Filter: 7
                                                   Buffers: shared hit=35005 read=2720
                                       ->  Index Scan using company_name_pkey on company_name cn  (cost=0.42..0.54 rows=1 width=23) (actual time=0.002..0.002 rows=1 loops=25853)
                                             Index Cond: (id = mc.company_id)
                                             Filter: ((country_code)::text <> '[us]'::text)
                                             Rows Removed by Filter: 0
                                             Buffers: shared hit=103174 read=238
                                 ->  Seq Scan on company_type ct  (cost=0.00..17.10 rows=710 width=4) (actual time=0.000..0.000 rows=1 loops=23902)
                                       Buffers: shared hit=23902
                           ->  Index Scan using movie_id_movie_info on movie_info mi  (cost=0.43..1.79 rows=2 width=8) (actual time=0.053..0.064 rows=1 loops=23902)
                                 Index Cond: (movie_id = mk.movie_id)
                                 Filter: ((info)::text = ANY ('{Sweden,Norway,Germany,Denmark,Swedish,Danish,Norwegian,German,USA,American}'::text[]))
                                 Rows Removed by Filter: 184
                                 Buffers: shared hit=558828 read=17216
                     ->  Seq Scan on info_type it1  (cost=0.00..2.41 rows=1 width=4) (actual time=0.002..0.003 rows=1 loops=25020)
                           Filter: ((info)::text = 'countries'::text)
                           Rows Removed by Filter: 20
                           Buffers: shared hit=25020
               ->  Index Scan using movie_id_movie_info_idx on movie_info_idx mi_idx  (cost=0.43..0.50 rows=3 width=14) (actual time=0.002..0.002 rows=3 loops=21827)
                     Index Cond: (movie_id = mk.movie_id)
                     Filter: ((info)::text < '8.5'::text)
                     Rows Removed by Filter: 0
                     Buffers: shared hit=87232 read=1125
         ->  Seq Scan on info_type it2  (cost=0.00..2.41 rows=1 width=4) (actual time=0.008..0.009 rows=1 loops=64082)
               Filter: ((info)::text = 'rating'::text)
               Rows Removed by Filter: 108
               Buffers: shared hit=64082
 Planning:
   Buffers: shared hit=987
 Planning Time: 49.528 ms
 Execution Time: 2727.183 ms
(88 rows)

