                                                                                                  QUERY PLAN                                                                                                  
--------------------------------------------------------------------------------------------------------------------------------------------------------------------------------------------------------------
 Aggregate  (cost=6760.47..6760.48 rows=1 width=96) (actual time=296.303..296.309 rows=1 loops=1)
   Buffers: shared hit=161542 read=10539
   ->  Nested Loop  (cost=10.22..6760.47 rows=1 width=48) (actual time=59.232..296.221 rows=275 loops=1)
         Buffers: shared hit=161542 read=10539
         ->  Nested Loop  (cost=9.79..6758.72 rows=1 width=36) (actual time=58.766..295.703 rows=277 loops=1)
               Join Filter: (n.id = an.person_id)
               Buffers: shared hit=160443 read=10538
               ->  Nested Loop  (cost=9.37..6757.71 rows=1 width=44) (actual time=25.252..295.306 rows=143 loops=1)
                     Buffers: shared hit=160022 read=10529
                     ->  Nested Loop  (cost=8.95..6756.23 rows=1 width=48) (actual time=25.212..294.098 rows=303 loops=1)
                           Join Filter: (ci.role_id = rt.id)
                           Buffers: shared hit=158811 read=10528
                           ->  Nested Loop  (cost=8.95..6737.30 rows=1 width=52) (actual time=25.200..293.712 rows=303 loops=1)
                                 Join Filter: (t.id = mc.movie_id)
                                 Buffers: shared hit=158509 read=10527
                                 ->  Nested Loop  (cost=8.52..6733.93 rows=1 width=64) (actual time=25.166..293.252 rows=37 loops=1)
                                       Buffers: shared hit=158334 read=10513
                                       ->  Nested Loop  (cost=8.09..6732.07 rows=1 width=45) (actual time=2.064..270.718 rows=4439 loops=1)
                                             Join Filter: (t.id = ci.movie_id)
                                             Buffers: shared hit=142477 read=8614
                                             ->  Nested Loop  (cost=7.65..6702.84 rows=1 width=29) (actual time=1.123..136.379 rows=738 loops=1)
                                                   Join Filter: (it.id = mi.info_type_id)
                                                   Buffers: shared hit=52677 read=2423
                                                   ->  Seq Scan on info_type it  (cost=0.00..2.41 rows=1 width=4) (actual time=0.010..0.020 rows=1 loops=1)
                                                         Filter: ((info)::text = 'release dates'::text)
                                                         Rows Removed by Filter: 112
                                                         Buffers: shared hit=1
                                                   ->  Nested Loop  (cost=7.65..6700.41 rows=1 width=33) (actual time=1.111..136.193 rows=738 loops=1)
                                                         Join Filter: (t.id = mi.movie_id)
                                                         Buffers: shared hit=52676 read=2423
                                                         ->  Nested Loop  (cost=7.21..6276.51 rows=16 width=25) (actual time=1.086..106.722 rows=495 loops=1)
                                                               Buffers: shared hit=45811 read=1386
                                                               ->  Nested Loop  (cost=6.78..6114.56 rows=101 width=4) (actual time=0.873..48.859 rows=9696 loops=1)
                                                                     Buffers: shared hit=7625 read=788
                                                                     ->  Seq Scan on keyword k  (cost=0.00..2793.84 rows=3 width=4) (actual time=0.021..19.292 rows=3 loops=1)
                                                                           Filter: ((keyword)::text = ANY ('{hero,martial-arts,hand-to-hand-combat}'::text[]))
                                                                           Rows Removed by Filter: 134167
                                                                           Buffers: shared hit=949
                                                                     ->  Bitmap Heap Scan on movie_keyword mk  (cost=6.78..1103.88 rows=303 width=8) (actual time=0.777..9.476 rows=3232 loops=3)
                                                                           Recheck Cond: (keyword_id = k.id)
                                                                           Heap Blocks: exact=7446
                                                                           Buffers: shared hit=6676 read=788
                                                                           ->  Bitmap Index Scan on keyword_id_movie_keyword  (cost=0.00..6.71 rows=303 width=0) (actual time=0.430..0.431 rows=3232 loops=3)
                                                                                 Index Cond: (keyword_id = k.id)
                                                                                 Buffers: shared hit=4 read=14
                                                               ->  Index Scan using title_pkey on title t  (cost=0.43..1.60 rows=1 width=21) (actual time=0.006..0.006 rows=0 loops=9696)
                                                                     Index Cond: (id = mk.movie_id)
                                                                     Filter: (production_year > 2010)
                                                                     Rows Removed by Filter: 1
                                                                     Buffers: shared hit=38186 read=598
                                                         ->  Index Scan using movie_id_movie_info on movie_info mi  (cost=0.43..26.48 rows=1 width=8) (actual time=0.025..0.059 rows=1 loops=495)
                                                               Index Cond: (movie_id = mk.movie_id)
                                                               Filter: ((info IS NOT NULL) AND (((info)::text ~~ 'Japan:%201%'::text) OR ((info)::text ~~ 'USA:%201%'::text)))
                                                               Rows Removed by Filter: 70
                                                               Buffers: shared hit=6865 read=1037
                                             ->  Index Scan using movie_id_cast_info on cast_info ci  (cost=0.44..29.22 rows=1 width=16) (actual time=0.121..0.181 rows=6 loops=738)
                                                   Index Cond: (movie_id = mk.movie_id)
                                                   Filter: ((note)::text = ANY ('{(voice),"(voice: Japanese version)","(voice) (uncredited)","(voice: English version)"}'::text[]))
                                                   Rows Removed by Filter: 128
                                                   Buffers: shared hit=89800 read=6191
                                       ->  Index Scan using name_pkey on name n  (cost=0.43..1.86 rows=1 width=19) (actual time=0.005..0.005 rows=0 loops=4439)
                                             Index Cond: (id = ci.person_id)
                                             Filter: (((name)::text ~~ '%An%'::text) AND ((gender)::text = 'f'::text))
                                             Rows Removed by Filter: 1
                                             Buffers: shared hit=15857 read=1899
                                 ->  Index Scan using movie_id_movie_companies on movie_companies mc  (cost=0.43..3.31 rows=5 width=8) (actual time=0.007..0.010 rows=8 loops=37)
                                       Index Cond: (movie_id = mk.movie_id)
                                       Buffers: shared hit=175 read=14
                           ->  Seq Scan on role_type rt  (cost=0.00..18.88 rows=4 width=4) (actual time=0.001..0.001 rows=1 loops=303)
                                 Filter: ((role)::text = 'actress'::text)
                                 Rows Removed by Filter: 1
                                 Buffers: shared hit=302 read=1
                     ->  Index Scan using company_name_pkey on company_name cn  (cost=0.42..1.48 rows=1 width=4) (actual time=0.004..0.004 rows=0 loops=303)
                           Index Cond: (id = mc.company_id)
                           Filter: ((country_code)::text = '[us]'::text)
                           Rows Removed by Filter: 1
                           Buffers: shared hit=1211 read=1
               ->  Index Only Scan using person_id_aka_name on aka_name an  (cost=0.42..0.99 rows=2 width=4) (actual time=0.002..0.002 rows=2 loops=143)
                     Index Cond: (person_id = ci.person_id)
                     Heap Fetches: 0
                     Buffers: shared hit=421 read=9
         ->  Index Scan using char_name_pkey on char_name chn  (cost=0.43..1.75 rows=1 width=20) (actual time=0.002..0.002 rows=1 loops=277)
               Index Cond: (id = ci.person_role_id)
               Buffers: shared hit=1099 read=1
 Planning:
   Buffers: shared hit=1136 read=44
 Planning Time: 91.427 ms
 Execution Time: 296.513 ms
(88 rows)

