                                                                                                            QUERY PLAN                                                                                                            
----------------------------------------------------------------------------------------------------------------------------------------------------------------------------------------------------------------------------------
 Aggregate  (cost=6506.85..6506.86 rows=1 width=96) (actual time=33.451..40.569 rows=1 loops=1)
   Buffers: shared hit=4149 read=752
   ->  Nested Loop  (cost=1004.18..6506.84 rows=1 width=48) (actual time=14.439..40.545 rows=45 loops=1)
         Buffers: shared hit=4149 read=752
         ->  Nested Loop  (cost=1004.04..6506.66 rows=1 width=52) (actual time=14.431..40.489 rows=45 loops=1)
               Join Filter: (t.id = mi.movie_id)
               Buffers: shared hit=4059 read=752
               ->  Nested Loop  (cost=1003.61..6480.16 rows=1 width=64) (actual time=14.388..39.765 rows=25 loops=1)
                     Buffers: shared hit=3644 read=752
                     ->  Gather  (cost=1003.18..6478.42 rows=1 width=52) (actual time=14.362..39.695 rows=25 loops=1)
                           Workers Planned: 1
                           Workers Launched: 1
                           Buffers: shared hit=3544 read=752
                           ->  Nested Loop  (cost=3.18..5478.32 rows=1 width=52) (actual time=19.699..28.766 rows=12 loops=2)
                                 Buffers: shared hit=3544 read=752
                                 ->  Nested Loop  (cost=2.75..5476.83 rows=1 width=56) (actual time=19.543..28.406 rows=185 loops=2)
                                       Join Filter: (t.id = mk.movie_id)
                                       Buffers: shared hit=3324 read=752
                                       ->  Nested Loop  (cost=2.31..5473.87 rows=1 width=48) (actual time=19.527..28.310 rows=8 loops=2)
                                             Join Filter: (ci.person_id = n.id)
                                             Buffers: shared hit=3260 read=751
                                             ->  Nested Loop  (cost=1.89..5472.01 rows=1 width=41) (actual time=19.516..28.240 rows=16 loops=2)
                                                   Buffers: shared hit=3132 read=751
                                                   ->  Nested Loop  (cost=1.73..5471.42 rows=1 width=45) (actual time=19.275..28.195 rows=70 loops=2)
                                                         Buffers: shared hit=3129 read=750
                                                         ->  Nested Loop  (cost=1.30..5470.41 rows=1 width=41) (actual time=19.256..27.964 rows=28 loops=2)
                                                               Join Filter: (t.id = ci.movie_id)
                                                               Buffers: shared hit=2999 read=708
                                                               ->  Nested Loop  (cost=0.86..5441.07 rows=1 width=25) (actual time=18.877..27.342 rows=2 loops=2)
                                                                     Buffers: shared hit=2762 read=704
                                                                     ->  Nested Loop  (cost=0.43..5431.26 rows=6 width=4) (actual time=18.681..26.664 rows=50 loops=2)
                                                                           Buffers: shared hit=2371 read=699
                                                                           ->  Parallel Seq Scan on company_name cn  (cost=0.00..5068.50 rows=1 width=4) (actual time=18.661..26.382 rows=0 loops=2)
                                                                                 Filter: (((country_code)::text = '[us]'::text) AND ((name)::text = 'DreamWorks Animation'::text))
                                                                                 Rows Removed by Filter: 117498
                                                                                 Buffers: shared hit=2334 read=661
                                                                           ->  Index Scan using company_id_movie_companies on movie_companies mc  (cost=0.43..361.43 rows=133 width=8) (actual time=0.035..0.543 rows=99 loops=1)
                                                                                 Index Cond: (company_id = cn.id)
                                                                                 Buffers: shared hit=37 read=38
                                                                     ->  Index Scan using title_pkey on title t  (cost=0.43..1.62 rows=1 width=21) (actual time=0.013..0.013 rows=0 loops=99)
                                                                           Index Cond: (id = mc.movie_id)
                                                                           Filter: ((production_year > 2010) AND ((title)::text ~~ 'Kung Fu Panda%'::text))
                                                                           Rows Removed by Filter: 1
                                                                           Buffers: shared hit=391 read=5
                                                               ->  Index Scan using movie_id_cast_info on cast_info ci  (cost=0.44..29.33 rows=1 width=16) (actual time=0.045..0.306 rows=14 loops=4)
                                                                     Index Cond: (movie_id = mc.movie_id)
                                                                     Filter: ((note)::text = ANY ('{(voice),"(voice: Japanese version)","(voice) (uncredited)","(voice: English version)"}'::text[]))
                                                                     Rows Removed by Filter: 45
                                                                     Buffers: shared hit=237 read=4
                                                         ->  Index Only Scan using person_id_aka_name on aka_name an  (cost=0.42..0.99 rows=2 width=4) (actual time=0.007..0.007 rows=2 loops=57)
                                                               Index Cond: (person_id = ci.person_id)
                                                               Heap Fetches: 0
                                                               Buffers: shared hit=130 read=42
                                                   ->  Memoize  (cost=0.16..0.58 rows=1 width=4) (actual time=0.000..0.000 rows=0 loops=140)
                                                         Cache Key: ci.role_id
                                                         Cache Mode: logical
                                                         Hits: 138  Misses: 2  Evictions: 0  Overflows: 0  Memory Usage: 1kB
                                                         Buffers: shared hit=3 read=1
                                                         ->  Index Scan using role_type_pkey on role_type rt  (cost=0.15..0.57 rows=1 width=4) (actual time=0.013..0.013 rows=0 loops=2)
                                                               Index Cond: (id = ci.role_id)
                                                               Filter: ((role)::text = 'actress'::text)
                                                               Rows Removed by Filter: 0
                                                               Buffers: shared hit=3 read=1
                                             ->  Index Scan using name_pkey on name n  (cost=0.43..1.84 rows=1 width=19) (actual time=0.004..0.004 rows=0 loops=32)
                                                   Index Cond: (id = an.person_id)
                                                   Filter: (((name)::text ~~ '%An%'::text) AND ((gender)::text = 'f'::text))
                                                   Rows Removed by Filter: 1
                                                   Buffers: shared hit=128
                                       ->  Index Scan using movie_id_movie_keyword on movie_keyword mk  (cost=0.43..2.37 rows=47 width=8) (actual time=0.004..0.008 rows=25 loops=15)
                                             Index Cond: (movie_id = mc.movie_id)
                                             Buffers: shared hit=64 read=1
                                 ->  Memoize  (cost=0.43..1.48 rows=1 width=4) (actual time=0.002..0.002 rows=0 loops=370)
                                       Cache Key: mk.keyword_id
                                       Cache Mode: logical
                                       Hits: 315  Misses: 55  Evictions: 0  Overflows: 0  Memory Usage: 4kB
                                       Buffers: shared hit=220
                                       ->  Index Scan using keyword_pkey on keyword k  (cost=0.42..1.47 rows=1 width=4) (actual time=0.011..0.011 rows=0 loops=55)
                                             Index Cond: (id = mk.keyword_id)
                                             Filter: ((keyword)::text = ANY ('{hero,martial-arts,hand-to-hand-combat,computer-animated-movie}'::text[]))
                                             Rows Removed by Filter: 1
                                             Buffers: shared hit=220
                     ->  Index Scan using char_name_pkey on char_name chn  (cost=0.43..1.75 rows=1 width=20) (actual time=0.002..0.002 rows=1 loops=25)
                           Index Cond: (id = ci.person_role_id)
                           Buffers: shared hit=100
               ->  Index Scan using movie_id_movie_info on movie_info mi  (cost=0.43..26.48 rows=1 width=8) (actual time=0.005..0.028 rows=2 loops=25)
                     Index Cond: (movie_id = mk.movie_id)
                     Filter: ((info IS NOT NULL) AND (((info)::text ~~ 'Japan:%201%'::text) OR ((info)::text ~~ 'USA:%201%'::text)))
                     Rows Removed by Filter: 104
                     Buffers: shared hit=415
         ->  Index Scan using info_type_pkey on info_type it  (cost=0.14..0.16 rows=1 width=4) (actual time=0.001..0.001 rows=1 loops=45)
               Index Cond: (id = mi.info_type_id)
               Filter: ((info)::text = 'release dates'::text)
               Buffers: shared hit=90
 Planning:
   Buffers: shared hit=1185
 Planning Time: 84.973 ms
 Execution Time: 40.825 ms
(97 rows)

