                                                                                                QUERY PLAN                                                                                                
----------------------------------------------------------------------------------------------------------------------------------------------------------------------------------------------------------
 Aggregate  (cost=8008.03..8008.04 rows=1 width=128) (actual time=273.734..314.018 rows=1 loops=1)
   Buffers: shared hit=603207 read=12217
   ->  Nested Loop  (cost=1011.93..8008.02 rows=1 width=81) (actual time=213.132..313.998 rows=6 loops=1)
         Buffers: shared hit=603207 read=12217
         ->  Nested Loop  (cost=1011.50..8006.93 rows=1 width=70) (actual time=213.105..313.947 rows=6 loops=1)
               Buffers: shared hit=603183 read=12217
               ->  Nested Loop  (cost=1011.36..8006.75 rows=1 width=74) (actual time=213.096..313.926 rows=6 loops=1)
                     Join Filter: (t.id = mi.movie_id)
                     Buffers: shared hit=603171 read=12217
                     ->  Nested Loop  (cost=1010.92..7995.48 rows=1 width=43) (actual time=213.031..313.743 rows=6 loops=1)
                           Join Filter: (t.id = ci.movie_id)
                           Buffers: shared hit=603069 read=12217
                           ->  Gather  (cost=1010.48..7979.88 rows=1 width=35) (actual time=212.861..313.336 rows=9 loops=1)
                                 Workers Planned: 2
                                 Workers Launched: 2
                                 Buffers: shared hit=602865 read=12205
                                 ->  Nested Loop  (cost=10.48..6979.78 rows=1 width=35) (actual time=197.587..256.184 rows=3 loops=3)
                                       Join Filter: (mi_idx.movie_id = t.id)
                                       Buffers: shared hit=602865 read=12205
                                       ->  Hash Join  (cost=10.05..6978.07 rows=2 width=14) (actual time=5.065..169.464 rows=16920 loops=3)
                                             Hash Cond: (mi_idx.info_type_id = it2.id)
                                             Buffers: shared hit=404903 read=7125
                                             ->  Nested Loop  (cost=7.63..6975.07 rows=212 width=18) (actual time=4.735..162.298 rows=50907 loops=3)
                                                   Buffers: shared hit=404807 read=7124
                                                   ->  Nested Loop  (cost=7.20..6920.11 rows=70 width=4) (actual time=4.694..84.504 rows=20699 loops=3)
                                                         Buffers: shared hit=167785 read=6242
                                                         ->  Parallel Index Scan using keyword_pkey on keyword k  (cost=0.42..4734.33 rows=2 width=4) (actual time=0.796..22.451 rows=2 loops=3)
                                                               Filter: ((keyword)::text = ANY ('{murder,blood,gore,death,female-nudity}'::text[]))
                                                               Rows Removed by Filter: 44722
                                                               Buffers: shared hit=132403 read=225
                                                         ->  Bitmap Heap Scan on movie_keyword mk  (cost=6.78..1089.86 rows=303 width=8) (actual time=3.077..35.834 rows=12419 loops=5)
                                                               Recheck Cond: (keyword_id = k.id)
                                                               Heap Blocks: exact=12389
                                                               Buffers: shared hit=35382 read=6017
                                                               ->  Bitmap Index Scan on keyword_id_movie_keyword  (cost=0.00..6.71 rows=303 width=0) (actual time=1.798..1.798 rows=12419 loops=5)
                                                                     Index Cond: (keyword_id = k.id)
                                                                     Buffers: shared hit=12 read=56
                                                   ->  Index Scan using movie_id_movie_info_idx on movie_info_idx mi_idx  (cost=0.43..0.76 rows=3 width=14) (actual time=0.003..0.003 rows=2 loops=62096)
                                                         Index Cond: (movie_id = mk.movie_id)
                                                         Buffers: shared hit=237022 read=882
                                             ->  Hash  (cost=2.41..2.41 rows=1 width=4) (actual time=0.071..0.072 rows=1 loops=3)
                                                   Buckets: 1024  Batches: 1  Memory Usage: 9kB
                                                   Buffers: shared hit=3
                                                   ->  Seq Scan on info_type it2  (cost=0.00..2.41 rows=1 width=4) (actual time=0.055..0.058 rows=1 loops=3)
                                                         Filter: ((info)::text = 'votes'::text)
                                                         Rows Removed by Filter: 112
                                                         Buffers: shared hit=3
                                       ->  Index Scan using title_pkey on title t  (cost=0.43..0.84 rows=1 width=21) (actual time=0.005..0.005 rows=0 loops=50760)
                                             Index Cond: (id = mk.movie_id)
                                             Filter: ((production_year > 2010) AND ((title)::text ~~ 'Vampire%'::text))
                                             Rows Removed by Filter: 1
                                             Buffers: shared hit=197962 read=5080
                           ->  Index Scan using movie_id_cast_info on cast_info ci  (cost=0.44..15.59 rows=1 width=8) (actual time=0.037..0.044 rows=1 loops=9)
                                 Index Cond: (movie_id = mk.movie_id)
                                 Filter: ((note)::text = ANY ('{(writer),"(head writer)","(written by)",(story),"(story editor)"}'::text[]))
                                 Rows Removed by Filter: 21
                                 Buffers: shared hit=204 read=12
                     ->  Index Scan using movie_id_movie_info on movie_info mi  (cost=0.43..11.25 rows=1 width=51) (actual time=0.029..0.029 rows=1 loops=6)
                           Index Cond: (movie_id = mk.movie_id)
                           Filter: ((info)::text = 'Horror'::text)
                           Rows Removed by Filter: 20
                           Buffers: shared hit=102
               ->  Index Scan using info_type_pkey on info_type it1  (cost=0.14..0.16 rows=1 width=4) (actual time=0.002..0.002 rows=1 loops=6)
                     Index Cond: (id = mi.info_type_id)
                     Filter: ((info)::text = 'genres'::text)
                     Buffers: shared hit=12
         ->  Index Scan using name_pkey on name n  (cost=0.43..1.08 rows=1 width=19) (actual time=0.007..0.007 rows=1 loops=6)
               Index Cond: (id = ci.person_id)
               Filter: ((gender)::text = 'm'::text)
               Buffers: shared hit=24
 Planning:
   Buffers: shared hit=922 read=12
 Planning Time: 18.333 ms
 Execution Time: 314.403 ms
(74 rows)

