                                                                                                   QUERY PLAN                                                                                                    
-----------------------------------------------------------------------------------------------------------------------------------------------------------------------------------------------------------------
 Aggregate  (cost=2476.84..2476.85 rows=1 width=96) (actual time=1750.157..1750.163 rows=1 loops=1)
   Buffers: shared hit=2080079 read=23563
   ->  Nested Loop  (cost=22.37..2476.83 rows=1 width=39) (actual time=6.902..1748.524 rows=5400 loops=1)
         Buffers: shared hit=2080079 read=23563
         ->  Nested Loop  (cost=21.94..2476.38 rows=1 width=43) (actual time=6.872..1721.627 rows=5400 loops=1)
               Buffers: shared hit=2064967 read=21951
               ->  Nested Loop  (cost=21.51..2469.97 rows=14 width=31) (actual time=1.061..1361.806 rows=189738 loops=1)
                     Join Filter: (t.id = ci.movie_id)
                     Buffers: shared hit=1784189 read=6305
                     ->  Nested Loop  (cost=21.07..2468.14 rows=1 width=39) (actual time=1.012..1064.951 rows=1261 loops=1)
                           Buffers: shared hit=1602577 read=4
                           ->  Nested Loop  (cost=20.93..2467.95 rows=1 width=43) (actual time=1.002..1059.985 rows=3831 loops=1)
                                 Join Filter: (t.id = mi_idx.movie_id)
                                 Buffers: shared hit=1594915 read=4
                                 ->  Nested Loop  (cost=20.50..2467.43 rows=1 width=29) (actual time=0.968..1051.989 rows=1267 loops=1)
                                       Buffers: shared hit=1589796
                                       ->  Nested Loop  (cost=20.06..2466.49 rows=2 width=33) (actual time=0.198..473.929 rows=294672 loops=1)
                                             Buffers: shared hit=411108
                                             ->  Nested Loop  (cost=19.63..2464.68 rows=1 width=25) (actual time=0.181..353.784 rows=4696 loops=1)
                                                   Buffers: shared hit=391614
                                                   ->  Nested Loop  (cost=19.48..2464.50 rows=1 width=29) (actual time=0.172..331.198 rows=23557 loops=1)
                                                         Buffers: shared hit=344500
                                                         ->  Nested Loop  (cost=19.05..2462.72 rows=1 width=4) (actual time=0.068..92.215 rows=85941 loops=1)
                                                               Buffers: shared hit=736
                                                               ->  Hash Join  (cost=18.89..2457.46 rows=190 width=8) (actual time=0.050..44.844 rows=135086 loops=1)
                                                                     Hash Cond: (cc.status_id = cct2.id)
                                                                     Buffers: shared hit=732
                                                                     ->  Seq Scan on complete_cast cc  (cost=0.00..2081.86 rows=135086 width=12) (actual time=0.016..9.957 rows=135086 loops=1)
                                                                           Buffers: shared hit=731
                                                                     ->  Hash  (cost=18.88..18.88 rows=1 width=4) (actual time=0.021..0.022 rows=2 loops=1)
                                                                           Buckets: 1024  Batches: 1  Memory Usage: 9kB
                                                                           Buffers: shared hit=1
                                                                           ->  Seq Scan on comp_cast_type cct2  (cost=0.00..18.88 rows=1 width=4) (actual time=0.011..0.012 rows=2 loops=1)
                                                                                 Filter: ((kind)::text ~~ '%complete%'::text)
                                                                                 Rows Removed by Filter: 2
                                                                                 Buffers: shared hit=1
                                                               ->  Memoize  (cost=0.16..0.18 rows=1 width=4) (actual time=0.000..0.000 rows=1 loops=135086)
                                                                     Cache Key: cc.subject_id
                                                                     Cache Mode: logical
                                                                     Hits: 135084  Misses: 2  Evictions: 0  Overflows: 0  Memory Usage: 1kB
                                                                     Buffers: shared hit=4
                                                                     ->  Index Scan using comp_cast_type_pkey on comp_cast_type cct1  (cost=0.15..0.17 rows=1 width=4) (actual time=0.009..0.009 rows=0 loops=2)
                                                                           Index Cond: (id = cc.subject_id)
                                                                           Filter: ((kind)::text = 'cast'::text)
                                                                           Rows Removed by Filter: 0
                                                                           Buffers: shared hit=4
                                                         ->  Index Scan using title_pkey on title t  (cost=0.43..1.78 rows=1 width=25) (actual time=0.003..0.003 rows=0 loops=85941)
                                                               Index Cond: (id = cc.movie_id)
                                                               Filter: (production_year > 2000)
                                                               Rows Removed by Filter: 1
                                                               Buffers: shared hit=343764
                                                   ->  Index Scan using kind_type_pkey on kind_type kt  (cost=0.15..0.17 rows=1 width=4) (actual time=0.001..0.001 rows=0 loops=23557)
                                                         Index Cond: (id = t.kind_id)
                                                         Filter: ((kind)::text = 'movie'::text)
                                                         Rows Removed by Filter: 1
                                                         Buffers: shared hit=47114
                                             ->  Index Scan using movie_id_movie_keyword on movie_keyword mk  (cost=0.43..1.34 rows=47 width=8) (actual time=0.004..0.017 rows=63 loops=4696)
                                                   Index Cond: (movie_id = t.id)
                                                   Buffers: shared hit=19494
                                       ->  Index Scan using keyword_pkey on keyword k  (cost=0.45..0.47 rows=1 width=4) (actual time=0.002..0.002 rows=0 loops=294672)
                                             Index Cond: (id = mk.keyword_id)
                                             Filter: ((keyword)::text = ANY ('{superhero,marvel-comics,based-on-comic,tv-special,fight,violence,magnet,web,claw,laser}'::text[]))
                                             Rows Removed by Filter: 1
                                             Buffers: shared hit=1178688
                                 ->  Index Scan using movie_id_movie_info_idx on movie_info_idx mi_idx  (cost=0.43..0.49 rows=3 width=14) (actual time=0.005..0.005 rows=3 loops=1267)
                                       Index Cond: (movie_id = mk.movie_id)
                                       Buffers: shared hit=5119 read=4
                           ->  Index Scan using info_type_pkey on info_type it2  (cost=0.14..0.16 rows=1 width=4) (actual time=0.001..0.001 rows=0 loops=3831)
                                 Index Cond: (id = mi_idx.info_type_id)
                                 Filter: ((info)::text = 'rating'::text)
                                 Rows Removed by Filter: 1
                                 Buffers: shared hit=7662
                     ->  Index Scan using movie_id_cast_info on cast_info ci  (cost=0.44..1.36 rows=38 width=12) (actual time=0.007..0.208 rows=150 loops=1261)
                           Index Cond: (movie_id = mk.movie_id)
                           Buffers: shared hit=181612 read=6301
               ->  Index Scan using char_name_pkey on char_name chn  (cost=0.43..0.46 rows=1 width=20) (actual time=0.002..0.002 rows=0 loops=189738)
                     Index Cond: (id = ci.person_role_id)
                     Filter: ((name IS NOT NULL) AND (((name)::text ~~ '%man%'::text) OR ((name)::text ~~ '%Man%'::text)))
                     Rows Removed by Filter: 0
                     Buffers: shared hit=280778 read=15646
         ->  Index Only Scan using name_pkey on name n  (cost=0.43..0.45 rows=1 width=4) (actual time=0.005..0.005 rows=1 loops=5400)
               Index Cond: (id = ci.person_id)
               Heap Fetches: 0
               Buffers: shared hit=15112 read=1612
 Planning:
   Buffers: shared hit=994
 Planning Time: 74.151 ms
 Execution Time: 1750.376 ms
(88 rows)

