                                                                                                  QUERY PLAN                                                                                                   
---------------------------------------------------------------------------------------------------------------------------------------------------------------------------------------------------------------
 Aggregate  (cost=302.69..302.70 rows=1 width=96) (actual time=43.075..43.079 rows=1 loops=1)
   Buffers: shared hit=64370 read=1010
   ->  Nested Loop  (cost=26.28..302.68 rows=1 width=118) (actual time=6.407..42.910 rows=477 loops=1)
         Buffers: shared hit=64370 read=1010
         ->  Nested Loop  (cost=25.86..281.92 rows=47 width=122) (actual time=6.339..32.695 rows=6483 loops=1)
               Join Filter: (ml.movie_id = mk.movie_id)
               Buffers: shared hit=38438 read=1010
               ->  Nested Loop  (cost=25.42..279.99 rows=1 width=138) (actual time=6.314..29.620 rows=705 loops=1)
                     Join Filter: (ml.movie_id = t.id)
                     Buffers: shared hit=35623 read=1005
                     ->  Nested Loop  (cost=24.99..279.38 rows=1 width=117) (actual time=6.275..28.269 rows=705 loops=1)
                           Buffers: shared hit=32803 read=1005
                           ->  Nested Loop  (cost=24.84..279.20 rows=1 width=121) (actual time=6.267..27.368 rows=876 loops=1)
                                 Buffers: shared hit=31051 read=1005
                                 ->  Nested Loop  (cost=24.42..278.74 rows=1 width=106) (actual time=3.251..23.625 rows=2077 loops=1)
                                       Join Filter: (ml.movie_id = mi.movie_id)
                                       Buffers: shared hit=22770 read=978
                                       ->  Nested Loop  (cost=23.99..276.82 rows=1 width=102) (actual time=0.527..7.787 rows=934 loops=1)
                                             Buffers: shared hit=8367 read=281
                                             ->  Nested Loop  (cost=23.83..276.36 rows=3 width=106) (actual time=0.497..7.244 rows=1043 loops=1)
                                                   Join Filter: (ml.movie_id = mc.movie_id)
                                                   Buffers: shared hit=8365 read=279
                                                   ->  Nested Loop  (cost=23.40..275.09 rows=1 width=94) (actual time=0.459..5.055 rows=257 loops=1)
                                                         Buffers: shared hit=7278 read=124
                                                         ->  Nested Loop  (cost=23.24..272.89 rows=68 width=98) (actual time=0.430..4.896 rows=257 loops=1)
                                                               Buffers: shared hit=7274 read=124
                                                               ->  Nested Loop  (cost=22.82..246.88 rows=42 width=86) (actual time=0.104..1.671 rows=2315 loops=1)
                                                                     Buffers: shared hit=86 read=110
                                                                     ->  Seq Scan on link_type lt  (cost=0.00..18.88 rows=1 width=86) (actual time=0.020..0.025 rows=2 loops=1)
                                                                           Filter: ((link)::text ~~ '%follow%'::text)
                                                                           Rows Removed by Filter: 16
                                                                           Buffers: shared read=1
                                                                     ->  Bitmap Heap Scan on movie_link ml  (cost=22.82..209.26 rows=1875 width=8) (actual time=0.068..0.682 rows=1158 loops=2)
                                                                           Recheck Cond: (link_type_id = lt.id)
                                                                           Heap Blocks: exact=191
                                                                           Buffers: shared hit=86 read=109
                                                                           ->  Bitmap Index Scan on link_type_id_movie_link  (cost=0.00..22.35 rows=1875 width=0) (actual time=0.049..0.049 rows=1158 loops=2)
                                                                                 Index Cond: (link_type_id = lt.id)
                                                                                 Buffers: shared hit=1 read=3
                                                               ->  Index Scan using movie_id_complete_cast on complete_cast cc  (cost=0.42..0.60 rows=2 width=12) (actual time=0.001..0.001 rows=0 loops=2315)
                                                                     Index Cond: (movie_id = ml.movie_id)
                                                                     Buffers: shared hit=7188 read=14
                                                         ->  Memoize  (cost=0.16..0.18 rows=1 width=4) (actual time=0.000..0.000 rows=1 loops=257)
                                                               Cache Key: cc.subject_id
                                                               Cache Mode: logical
                                                               Hits: 255  Misses: 2  Evictions: 0  Overflows: 0  Memory Usage: 1kB
                                                               Buffers: shared hit=4
                                                               ->  Index Scan using comp_cast_type_pkey on comp_cast_type cct1  (cost=0.15..0.17 rows=1 width=4) (actual time=0.011..0.011 rows=1 loops=2)
                                                                     Index Cond: (id = cc.subject_id)
                                                                     Filter: ((kind)::text = ANY ('{cast,crew}'::text[]))
                                                                     Buffers: shared hit=4
                                                   ->  Index Scan using movie_id_movie_companies on movie_companies mc  (cost=0.43..1.23 rows=3 width=12) (actual time=0.006..0.008 rows=4 loops=257)
                                                         Index Cond: (movie_id = cc.movie_id)
                                                         Filter: (note IS NULL)
                                                         Rows Removed by Filter: 3
                                                         Buffers: shared hit=1087 read=155
                                             ->  Memoize  (cost=0.16..0.18 rows=1 width=4) (actual time=0.000..0.000 rows=1 loops=1043)
                                                   Cache Key: mc.company_type_id
                                                   Cache Mode: logical
                                                   Hits: 1041  Misses: 2  Evictions: 0  Overflows: 0  Memory Usage: 1kB
                                                   Buffers: shared hit=2 read=2
                                                   ->  Index Scan using company_type_pkey on company_type ct  (cost=0.15..0.17 rows=1 width=4) (actual time=0.016..0.016 rows=0 loops=2)
                                                         Index Cond: (id = mc.company_type_id)
                                                         Filter: ((kind)::text = 'production companies'::text)
                                                         Rows Removed by Filter: 0
                                                         Buffers: shared hit=2 read=2
                                       ->  Index Scan using movie_id_movie_info on movie_info mi  (cost=0.43..1.91 rows=1 width=4) (actual time=0.015..0.016 rows=2 loops=934)
                                             Index Cond: (movie_id = mc.movie_id)
                                             Filter: ((info)::text = ANY ('{Sweden,Germany,Swedish,German}'::text[]))
                                             Rows Removed by Filter: 29
                                             Buffers: shared hit=14403 read=697
                                 ->  Index Scan using company_name_pkey on company_name cn  (cost=0.42..0.46 rows=1 width=23) (actual time=0.002..0.002 rows=0 loops=2077)
                                       Index Cond: (id = mc.company_id)
                                       Filter: (((country_code)::text <> '[pl]'::text) AND (((name)::text ~~ '%Film%'::text) OR ((name)::text ~~ '%Warner%'::text)))
                                       Rows Removed by Filter: 1
                                       Buffers: shared hit=8281 read=27
                           ->  Index Scan using comp_cast_type_pkey on comp_cast_type cct2  (cost=0.15..0.17 rows=1 width=4) (actual time=0.001..0.001 rows=1 loops=876)
                                 Index Cond: (id = cc.status_id)
                                 Filter: ((kind)::text = 'complete'::text)
                                 Rows Removed by Filter: 0
                                 Buffers: shared hit=1752
                     ->  Index Scan using title_pkey on title t  (cost=0.43..0.60 rows=1 width=21) (actual time=0.001..0.001 rows=1 loops=705)
                           Index Cond: (id = mc.movie_id)
                           Filter: ((production_year >= 1950) AND (production_year <= 2000))
                           Buffers: shared hit=2820
               ->  Index Scan using movie_id_movie_keyword on movie_keyword mk  (cost=0.43..1.35 rows=47 width=8) (actual time=0.001..0.003 rows=9 loops=705)
                     Index Cond: (movie_id = mc.movie_id)
                     Buffers: shared hit=2815 read=5
         ->  Index Scan using keyword_pkey on keyword k  (cost=0.42..0.44 rows=1 width=4) (actual time=0.001..0.001 rows=0 loops=6483)
               Index Cond: (id = mk.keyword_id)
               Filter: ((keyword)::text = 'sequel'::text)
               Rows Removed by Filter: 1
               Buffers: shared hit=25932
 Planning:
   Buffers: shared hit=1046 read=49
 Planning Time: 69.144 ms
 Execution Time: 43.303 ms
(97 rows)

