                                                                                                  QUERY PLAN                                                                                                   
---------------------------------------------------------------------------------------------------------------------------------------------------------------------------------------------------------------
 Aggregate  (cost=302.27..302.28 rows=1 width=96) (actual time=14.606..14.610 rows=1 loops=1)
   Buffers: shared hit=22303 read=73
   ->  Nested Loop  (cost=26.28..302.26 rows=1 width=118) (actual time=3.572..14.539 rows=247 loops=1)
         Buffers: shared hit=22303 read=73
         ->  Nested Loop  (cost=25.86..301.80 rows=1 width=103) (actual time=3.555..13.578 rows=532 loops=1)
               Buffers: shared hit=20175 read=73
               ->  Nested Loop  (cost=25.70..301.33 rows=3 width=107) (actual time=3.533..13.351 rows=532 loops=1)
                     Join Filter: (ml.movie_id = mc.movie_id)
                     Buffers: shared hit=20173 read=73
                     ->  Nested Loop  (cost=25.27..300.76 rows=1 width=119) (actual time=3.518..12.970 rows=95 loops=1)
                           Join Filter: (ml.movie_id = t.id)
                           Buffers: shared hit=19698 read=73
                           ->  Nested Loop  (cost=24.84..300.26 rows=1 width=98) (actual time=3.402..12.626 rows=154 loops=1)
                                 Join Filter: (ml.movie_id = mi.movie_id)
                                 Buffers: shared hit=19082 read=73
                                 ->  Nested Loop  (cost=24.40..298.75 rows=1 width=94) (actual time=0.544..11.540 rows=77 loops=1)
                                       Buffers: shared hit=18012 read=71
                                       ->  Nested Loop  (cost=23.98..277.99 rows=47 width=98) (actual time=0.445..6.639 rows=2350 loops=1)
                                             Join Filter: (ml.movie_id = mk.movie_id)
                                             Buffers: shared hit=8612 read=71
                                             ->  Nested Loop  (cost=23.55..275.27 rows=1 width=90) (actual time=0.401..4.921 rows=189 loops=1)
                                                   Buffers: shared hit=7916
                                                   ->  Nested Loop  (cost=23.40..275.09 rows=1 width=94) (actual time=0.397..4.652 rows=257 loops=1)
                                                         Buffers: shared hit=7402
                                                         ->  Nested Loop  (cost=23.24..272.89 rows=68 width=98) (actual time=0.367..4.505 rows=257 loops=1)
                                                               Buffers: shared hit=7398
                                                               ->  Nested Loop  (cost=22.82..246.88 rows=42 width=86) (actual time=0.088..1.295 rows=2315 loops=1)
                                                                     Buffers: shared hit=196
                                                                     ->  Seq Scan on link_type lt  (cost=0.00..18.88 rows=1 width=86) (actual time=0.009..0.014 rows=2 loops=1)
                                                                           Filter: ((link)::text ~~ '%follow%'::text)
                                                                           Rows Removed by Filter: 16
                                                                           Buffers: shared hit=1
                                                                     ->  Bitmap Heap Scan on movie_link ml  (cost=22.82..209.26 rows=1875 width=8) (actual time=0.061..0.504 rows=1158 loops=2)
                                                                           Recheck Cond: (link_type_id = lt.id)
                                                                           Heap Blocks: exact=191
                                                                           Buffers: shared hit=195
                                                                           ->  Bitmap Index Scan on link_type_id_movie_link  (cost=0.00..22.35 rows=1875 width=0) (actual time=0.044..0.044 rows=1158 loops=2)
                                                                                 Index Cond: (link_type_id = lt.id)
                                                                                 Buffers: shared hit=4
                                                               ->  Index Scan using movie_id_complete_cast on complete_cast cc  (cost=0.42..0.60 rows=2 width=12) (actual time=0.001..0.001 rows=0 loops=2315)
                                                                     Index Cond: (movie_id = ml.movie_id)
                                                                     Buffers: shared hit=7202
                                                         ->  Memoize  (cost=0.16..0.18 rows=1 width=4) (actual time=0.000..0.000 rows=1 loops=257)
                                                               Cache Key: cc.subject_id
                                                               Cache Mode: logical
                                                               Hits: 255  Misses: 2  Evictions: 0  Overflows: 0  Memory Usage: 1kB
                                                               Buffers: shared hit=4
                                                               ->  Index Scan using comp_cast_type_pkey on comp_cast_type cct1  (cost=0.15..0.17 rows=1 width=4) (actual time=0.011..0.011 rows=1 loops=2)
                                                                     Index Cond: (id = cc.subject_id)
                                                                     Filter: ((kind)::text = ANY ('{cast,crew}'::text[]))
                                                                     Buffers: shared hit=4
                                                   ->  Index Scan using comp_cast_type_pkey on comp_cast_type cct2  (cost=0.15..0.17 rows=1 width=4) (actual time=0.001..0.001 rows=1 loops=257)
                                                         Index Cond: (id = cc.status_id)
                                                         Filter: ((kind)::text = 'complete'::text)
                                                         Rows Removed by Filter: 0
                                                         Buffers: shared hit=514
                                             ->  Index Scan using movie_id_movie_keyword on movie_keyword mk  (cost=0.43..2.13 rows=47 width=8) (actual time=0.005..0.007 rows=12 loops=189)
                                                   Index Cond: (movie_id = cc.movie_id)
                                                   Buffers: shared hit=696 read=71
                                       ->  Index Scan using keyword_pkey on keyword k  (cost=0.42..0.44 rows=1 width=4) (actual time=0.002..0.002 rows=0 loops=2350)
                                             Index Cond: (id = mk.keyword_id)
                                             Filter: ((keyword)::text = 'sequel'::text)
                                             Rows Removed by Filter: 1
                                             Buffers: shared hit=9400
                                 ->  Index Scan using movie_id_movie_info on movie_info mi  (cost=0.43..1.49 rows=1 width=4) (actual time=0.012..0.013 rows=2 loops=77)
                                       Index Cond: (movie_id = mk.movie_id)
                                       Filter: ((info)::text = ANY ('{Sweden,Germany,Swedish,German}'::text[]))
                                       Rows Removed by Filter: 17
                                       Buffers: shared hit=1070 read=2
                           ->  Index Scan using title_pkey on title t  (cost=0.43..0.49 rows=1 width=21) (actual time=0.002..0.002 rows=1 loops=154)
                                 Index Cond: (id = mk.movie_id)
                                 Filter: (production_year = 1998)
                                 Rows Removed by Filter: 0
                                 Buffers: shared hit=616
                     ->  Index Scan using movie_id_movie_companies on movie_companies mc  (cost=0.43..0.54 rows=3 width=12) (actual time=0.002..0.003 rows=6 loops=95)
                           Index Cond: (movie_id = mk.movie_id)
                           Filter: (note IS NULL)
                           Rows Removed by Filter: 1
                           Buffers: shared hit=475
               ->  Memoize  (cost=0.16..0.18 rows=1 width=4) (actual time=0.000..0.000 rows=1 loops=532)
                     Cache Key: mc.company_type_id
                     Cache Mode: logical
                     Hits: 531  Misses: 1  Evictions: 0  Overflows: 0  Memory Usage: 1kB
                     Buffers: shared hit=2
                     ->  Index Scan using company_type_pkey on company_type ct  (cost=0.15..0.17 rows=1 width=4) (actual time=0.019..0.019 rows=1 loops=1)
                           Index Cond: (id = mc.company_type_id)
                           Filter: ((kind)::text = 'production companies'::text)
                           Buffers: shared hit=2
         ->  Index Scan using company_name_pkey on company_name cn  (cost=0.42..0.46 rows=1 width=23) (actual time=0.002..0.002 rows=0 loops=532)
               Index Cond: (id = mc.company_id)
               Filter: (((country_code)::text <> '[pl]'::text) AND (((name)::text ~~ '%Film%'::text) OR ((name)::text ~~ '%Warner%'::text)))
               Rows Removed by Filter: 1
               Buffers: shared hit=2128
 Planning:
   Buffers: shared hit=1095
 Planning Time: 70.430 ms
 Execution Time: 14.847 ms
(97 rows)

