                                                                                                            QUERY PLAN                                                                                                            
----------------------------------------------------------------------------------------------------------------------------------------------------------------------------------------------------------------------------------
 Aggregate  (cost=3174.40..3174.41 rows=1 width=96) (actual time=2937.818..2937.825 rows=1 loops=1)
   Buffers: shared hit=3738338 read=97275
   ->  Nested Loop  (cost=22.37..3174.39 rows=1 width=42) (actual time=141.626..2936.512 rows=4803 loops=1)
         Buffers: shared hit=3738338 read=97275
         ->  Nested Loop  (cost=21.95..3173.50 rows=2 width=46) (actual time=20.489..1669.608 rows=738406 loops=1)
               Buffers: shared hit=784714 read=97275
               ->  Nested Loop  (cost=21.52..3171.69 rows=1 width=62) (actual time=19.982..1453.814 rows=8650 loops=1)
                     Buffers: shared hit=747963 read=96806
                     ->  Nested Loop  (cost=21.37..3171.52 rows=1 width=66) (actual time=19.951..1443.406 rows=8650 loops=1)
                           Buffers: shared hit=730663 read=96806
                           ->  Nested Loop  (cost=20.95..3170.99 rows=1 width=51) (actual time=19.928..1414.631 rows=8981 loops=1)
                                 Buffers: shared hit=695527 read=96018
                                 ->  Nested Loop  (cost=20.52..3170.36 rows=1 width=39) (actual time=16.988..1381.563 rows=3479 loops=1)
                                       Buffers: shared hit=681728 read=93325
                                       ->  Nested Loop  (cost=20.37..3170.19 rows=1 width=43) (actual time=16.973..1376.089 rows=3946 loops=1)
                                             Buffers: shared hit=673836 read=93325
                                             ->  Nested Loop  (cost=20.22..3170.02 rows=1 width=47) (actual time=16.962..1370.500 rows=4112 loops=1)
                                                   Join Filter: (mi.movie_id = t.id)
                                                   Buffers: shared hit=665612 read=93325
                                                   ->  Nested Loop  (cost=19.79..3169.42 rows=1 width=22) (actual time=16.598..1266.559 rows=22651 loops=1)
                                                         Join Filter: (it1.id = mi.info_type_id)
                                                         Rows Removed by Join Filter: 8386
                                                         Buffers: shared hit=575161 read=93172
                                                         ->  Seq Scan on info_type it1  (cost=0.00..2.41 rows=1 width=4) (actual time=0.010..0.019 rows=1 loops=1)
                                                               Filter: ((info)::text = 'countries'::text)
                                                               Rows Removed by Filter: 112
                                                               Buffers: shared hit=1
                                                         ->  Nested Loop  (cost=19.79..3166.64 rows=30 width=26) (actual time=16.586..1260.948 rows=31037 loops=1)
                                                               Buffers: shared hit=575160 read=93172
                                                               ->  Nested Loop  (cost=19.35..3122.75 rows=20 width=18) (actual time=16.193..199.296 rows=33339 loops=1)
                                                                     Join Filter: (it2.id = mi_idx.info_type_id)
                                                                     Rows Removed by Join Filter: 65069
                                                                     Buffers: shared hit=177830 read=4592
                                                                     ->  Seq Scan on info_type it2  (cost=0.00..2.41 rows=1 width=4) (actual time=0.009..0.012 rows=1 loops=1)
                                                                           Filter: ((info)::text = 'rating'::text)
                                                                           Rows Removed by Filter: 112
                                                                           Buffers: shared hit=1
                                                                     ->  Nested Loop  (cost=19.35..3092.47 rows=2229 width=22) (actual time=16.180..188.492 rows=98408 loops=1)
                                                                           Buffers: shared hit=177829 read=4592
                                                                           ->  Hash Join  (cost=18.93..2457.50 rows=761 width=8) (actual time=16.140..34.076 rows=49145 loops=1)
                                                                                 Hash Cond: (cc.subject_id = cct1.id)
                                                                                 Buffers: shared hit=732
                                                                                 ->  Seq Scan on complete_cast cc  (cost=0.00..2081.86 rows=135086 width=12) (actual time=0.010..12.642 rows=135086 loops=1)
                                                                                       Buffers: shared hit=731
                                                                                 ->  Hash  (cost=18.88..18.88 rows=4 width=4) (actual time=0.018..0.019 rows=1 loops=1)
                                                                                       Buckets: 1024  Batches: 1  Memory Usage: 9kB
                                                                                       Buffers: shared hit=1
                                                                                       ->  Seq Scan on comp_cast_type cct1  (cost=0.00..18.88 rows=4 width=4) (actual time=0.006..0.007 rows=1 loops=1)
                                                                                             Filter: ((kind)::text = 'crew'::text)
                                                                                             Rows Removed by Filter: 3
                                                                                             Buffers: shared hit=1
                                                                           ->  Index Scan using movie_id_movie_info_idx on movie_info_idx mi_idx  (cost=0.43..0.80 rows=3 width=14) (actual time=0.002..0.003 rows=2 loops=49145)
                                                                                 Index Cond: (movie_id = cc.movie_id)
                                                                                 Filter: ((info)::text < '8.5'::text)
                                                                                 Rows Removed by Filter: 0
                                                                                 Buffers: shared hit=177097 read=4592
                                                               ->  Index Scan using movie_id_movie_info on movie_info mi  (cost=0.43..2.17 rows=2 width=8) (actual time=0.026..0.031 rows=1 loops=33339)
                                                                     Index Cond: (movie_id = mi_idx.movie_id)
                                                                     Filter: ((info)::text = ANY ('{Sweden,Norway,Germany,Denmark,Swedish,Danish,Norwegian,German,USA,American}'::text[]))
                                                                     Rows Removed by Filter: 33
                                                                     Buffers: shared hit=397330 read=88580
                                                   ->  Index Scan using title_pkey on title t  (cost=0.43..0.58 rows=1 width=25) (actual time=0.004..0.004 rows=0 loops=22651)
                                                         Index Cond: (id = mi_idx.movie_id)
                                                         Filter: (production_year > 2000)
                                                         Rows Removed by Filter: 1
                                                         Buffers: shared hit=90451 read=153
                                             ->  Index Scan using comp_cast_type_pkey on comp_cast_type cct2  (cost=0.15..0.17 rows=1 width=4) (actual time=0.001..0.001 rows=1 loops=4112)
                                                   Index Cond: (id = cc.status_id)
                                                   Filter: ((kind)::text <> 'complete+verified'::text)
                                                   Rows Removed by Filter: 0
                                                   Buffers: shared hit=8224
                                       ->  Index Scan using kind_type_pkey on kind_type kt  (cost=0.15..0.17 rows=1 width=4) (actual time=0.001..0.001 rows=1 loops=3946)
                                             Index Cond: (id = t.kind_id)
                                             Filter: ((kind)::text = ANY ('{movie,episode}'::text[]))
                                             Rows Removed by Filter: 0
                                             Buffers: shared hit=7892
                                 ->  Index Scan using movie_id_movie_companies on movie_companies mc  (cost=0.43..0.61 rows=1 width=12) (actual time=0.006..0.009 rows=3 loops=3479)
                                       Index Cond: (movie_id = t.id)
                                       Filter: (((note)::text !~~ '%(USA)%'::text) AND ((note)::text ~~ '%(200%)%'::text))
                                       Rows Removed by Filter: 5
                                       Buffers: shared hit=13799 read=2693
                           ->  Index Scan using company_name_pkey on company_name cn  (cost=0.42..0.54 rows=1 width=23) (actual time=0.003..0.003 rows=1 loops=8981)
                                 Index Cond: (id = mc.company_id)
                                 Filter: ((country_code)::text <> '[us]'::text)
                                 Rows Removed by Filter: 0
                                 Buffers: shared hit=35136 read=788
                     ->  Index Only Scan using company_type_pkey on company_type ct  (cost=0.15..0.17 rows=1 width=4) (actual time=0.001..0.001 rows=1 loops=8650)
                           Index Cond: (id = mc.company_type_id)
                           Heap Fetches: 8650
                           Buffers: shared hit=17300
               ->  Index Scan using movie_id_movie_keyword on movie_keyword mk  (cost=0.43..1.34 rows=47 width=8) (actual time=0.002..0.014 rows=85 loops=8650)
                     Index Cond: (movie_id = t.id)
                     Buffers: shared hit=36751 read=469
         ->  Index Scan using keyword_pkey on keyword k  (cost=0.42..0.44 rows=1 width=4) (actual time=0.002..0.002 rows=0 loops=738406)
               Index Cond: (id = mk.keyword_id)
               Filter: ((keyword)::text = ANY ('{murder,murder-in-title,blood,violence}'::text[]))
               Rows Removed by Filter: 1
               Buffers: shared hit=2953624
 Planning:
   Buffers: shared hit=1180 read=1
 Planning Time: 93.893 ms
 Execution Time: 2938.070 ms
(102 rows)

