                                                                                                      QUERY PLAN                                                                                                      
----------------------------------------------------------------------------------------------------------------------------------------------------------------------------------------------------------------------
 Aggregate  (cost=9503.22..9503.23 rows=1 width=128) (actual time=1005.816..1058.903 rows=1 loops=1)
   Buffers: shared hit=3432987 read=49
   ->  Nested Loop  (cost=1012.78..9503.21 rows=1 width=81) (actual time=43.616..1057.763 rows=2825 loops=1)
         Join Filter: (mi.movie_id = t.id)
         Buffers: shared hit=3432987 read=49
         ->  Nested Loop  (cost=1012.35..9502.07 rows=1 width=84) (actual time=43.591..1050.271 rows=2825 loops=1)
               Buffers: shared hit=3421687 read=49
               ->  Nested Loop  (cost=1011.92..9500.72 rows=1 width=73) (actual time=43.543..1041.161 rows=2825 loops=1)
                     Buffers: shared hit=3410436
                     ->  Nested Loop  (cost=1011.78..9500.54 rows=1 width=77) (actual time=43.529..1037.149 rows=3007 loops=1)
                           Join Filter: (mi_idx.movie_id = mi.movie_id)
                           Buffers: shared hit=3404422
                           ->  Nested Loop  (cost=1011.34..9483.37 rows=1 width=26) (actual time=23.192..945.536 rows=1471 loops=1)
                                 Join Filter: (mi_idx.movie_id = ci.movie_id)
                                 Buffers: shared hit=3368303
                                 ->  Gather  (cost=1010.90..9462.62 rows=1 width=18) (actual time=22.967..749.189 rows=1547 loops=1)
                                       Workers Planned: 2
                                       Workers Launched: 2
                                       Buffers: shared hit=3184298
                                       ->  Nested Loop  (cost=10.90..8462.52 rows=1 width=18) (actual time=14.847..722.122 rows=516 loops=3)
                                             Buffers: shared hit=3184298
                                             ->  Nested Loop  (cost=10.48..8448.72 rows=14 width=22) (actual time=5.556..338.223 rows=199419 loops=3)
                                                   Join Filter: (mi_idx.movie_id = mc.movie_id)
                                                   Buffers: shared hit=791272
                                                   ->  Hash Join  (cost=10.05..8444.47 rows=2 width=14) (actual time=5.524..176.344 rows=21234 loops=3)
                                                         Hash Cond: (mi_idx.info_type_id = it2.id)
                                                         Buffers: shared hit=481006
                                                         ->  Nested Loop  (cost=7.63..8441.23 rows=297 width=18) (actual time=5.195..167.272 rows=63896 loops=3)
                                                               Buffers: shared hit=480909
                                                               ->  Nested Loop  (cost=7.20..8335.07 rows=98 width=4) (actual time=5.165..76.228 rows=25571 loops=3)
                                                                     Buffers: shared hit=185946
                                                                     ->  Parallel Index Scan using keyword_pkey on keyword k  (cost=0.42..5087.97 rows=3 width=4) (actual time=0.898..22.829 rows=2 loops=3)
                                                                           Filter: ((keyword)::text = ANY ('{murder,violence,blood,gore,death,female-nudity,hospital}'::text[]))
                                                                           Rows Removed by Filter: 44721
                                                                           Buffers: shared hit=132627
                                                                     ->  Bitmap Heap Scan on movie_keyword mk  (cost=6.78..1079.34 rows=303 width=8) (actual time=2.927..21.681 rows=10959 loops=7)
                                                                           Recheck Cond: (keyword_id = k.id)
                                                                           Heap Blocks: exact=12389
                                                                           Buffers: shared hit=53319
                                                                           ->  Bitmap Index Scan on keyword_id_movie_keyword  (cost=0.00..6.71 rows=303 width=0) (actual time=1.751..1.752 rows=10959 loops=7)
                                                                                 Index Cond: (keyword_id = k.id)
                                                                                 Buffers: shared hit=85
                                                               ->  Index Scan using movie_id_movie_info_idx on movie_info_idx mi_idx  (cost=0.43..1.05 rows=3 width=14) (actual time=0.003..0.003 rows=2 loops=76714)
                                                                     Index Cond: (movie_id = mk.movie_id)
                                                                     Buffers: shared hit=294963
                                                         ->  Hash  (cost=2.41..2.41 rows=1 width=4) (actual time=0.091..0.092 rows=1 loops=3)
                                                               Buckets: 1024  Batches: 1  Memory Usage: 9kB
                                                               Buffers: shared hit=3
                                                               ->  Seq Scan on info_type it2  (cost=0.00..2.41 rows=1 width=4) (actual time=0.073..0.076 rows=1 loops=3)
                                                                     Filter: ((info)::text = 'votes'::text)
                                                                     Rows Removed by Filter: 112
                                                                     Buffers: shared hit=3
                                                   ->  Index Scan using movie_id_movie_companies on movie_companies mc  (cost=0.43..2.06 rows=5 width=8) (actual time=0.003..0.006 rows=9 loops=63701)
                                                         Index Cond: (movie_id = mk.movie_id)
                                                         Buffers: shared hit=310266
                                             ->  Index Scan using company_name_pkey on company_name cn  (cost=0.42..0.98 rows=1 width=4) (actual time=0.002..0.002 rows=0 loops=598256)
                                                   Index Cond: (id = mc.company_id)
                                                   Filter: ((name)::text ~~ 'Lionsgate%'::text)
                                                   Rows Removed by Filter: 1
                                                   Buffers: shared hit=2393026
                                 ->  Index Scan using movie_id_cast_info on cast_info ci  (cost=0.44..20.74 rows=1 width=8) (actual time=0.091..0.126 rows=1 loops=1547)
                                       Index Cond: (movie_id = mk.movie_id)
                                       Filter: ((note)::text = ANY ('{(writer),"(head writer)","(written by)",(story),"(story editor)"}'::text[]))
                                       Rows Removed by Filter: 119
                                       Buffers: shared hit=184005
                           ->  Index Scan using movie_id_movie_info on movie_info mi  (cost=0.43..17.16 rows=1 width=51) (actual time=0.059..0.062 rows=2 loops=1471)
                                 Index Cond: (movie_id = mk.movie_id)
                                 Filter: ((info)::text = ANY ('{Horror,Action,Sci-Fi,Thriller,Crime,War}'::text[]))
                                 Rows Removed by Filter: 172
                                 Buffers: shared hit=36119
                     ->  Index Scan using info_type_pkey on info_type it1  (cost=0.14..0.16 rows=1 width=4) (actual time=0.001..0.001 rows=1 loops=3007)
                           Index Cond: (id = mi.info_type_id)
                           Filter: ((info)::text = 'genres'::text)
                           Rows Removed by Filter: 0
                           Buffers: shared hit=6014
               ->  Index Scan using name_pkey on name n  (cost=0.43..1.35 rows=1 width=19) (actual time=0.003..0.003 rows=1 loops=2825)
                     Index Cond: (id = ci.person_id)
                     Buffers: shared hit=11251 read=49
         ->  Index Scan using title_pkey on title t  (cost=0.43..1.13 rows=1 width=21) (actual time=0.002..0.002 rows=1 loops=2825)
               Index Cond: (id = mk.movie_id)
               Buffers: shared hit=11300
 Planning:
   Buffers: shared hit=1200
 Planning Time: 66.424 ms
 Execution Time: 1059.358 ms
(85 rows)

