                                                                                                           QUERY PLAN                                                                                                           
--------------------------------------------------------------------------------------------------------------------------------------------------------------------------------------------------------------------------------
 [                                                                                                                                                                                                                             +
   {                                                                                                                                                                                                                           +
     "Plan": {                                                                                                                                                                                                                 +
       "Node Type": "Aggregate",                                                                                                                                                                                               +
       "Strategy": "Plain",                                                                                                                                                                                                    +
       "Partial Mode": "Simple",                                                                                                                                                                                               +
       "Parallel Aware": false,                                                                                                                                                                                                +
       "Async Capable": false,                                                                                                                                                                                                 +
       "Startup Cost": 3812.85,                                                                                                                                                                                                +
       "Total Cost": 3812.86,                                                                                                                                                                                                  +
       "Plan Rows": 1,                                                                                                                                                                                                         +
       "Plan Width": 96,                                                                                                                                                                                                       +
       "Actual Startup Time": 172.486,                                                                                                                                                                                         +
       "Actual Total Time": 172.489,                                                                                                                                                                                           +
       "Actual Rows": 1,                                                                                                                                                                                                       +
       "Actual Loops": 1,                                                                                                                                                                                                      +
       "Output": ["min((lt.link)::text)", "min((t1.title)::text)", "min((t2.title)::text)"],                                                                                                                                   +
       "Plans": [                                                                                                                                                                                                              +
         {                                                                                                                                                                                                                     +
           "Node Type": "Nested Loop",                                                                                                                                                                                         +
           "Parent Relationship": "Outer",                                                                                                                                                                                     +
           "Parallel Aware": false,                                                                                                                                                                                            +
           "Async Capable": false,                                                                                                                                                                                             +
           "Join Type": "Inner",                                                                                                                                                                                               +
           "Startup Cost": 8.08,                                                                                                                                                                                               +
           "Total Cost": 3812.78,                                                                                                                                                                                              +
           "Plan Rows": 10,                                                                                                                                                                                                    +
           "Plan Width": 116,                                                                                                                                                                                                  +
           "Actual Startup Time": 5.610,                                                                                                                                                                                       +
           "Actual Total Time": 171.266,                                                                                                                                                                                       +
           "Actual Rows": 4388,                                                                                                                                                                                                +
           "Actual Loops": 1,                                                                                                                                                                                                  +
           "Output": ["lt.link", "t1.title", "t2.title"],                                                                                                                                                                      +
           "Inner Unique": true,                                                                                                                                                                                               +
           "Plans": [                                                                                                                                                                                                          +
             {                                                                                                                                                                                                                 +
               "Node Type": "Nested Loop",                                                                                                                                                                                     +
               "Parent Relationship": "Outer",                                                                                                                                                                                 +
               "Parallel Aware": false,                                                                                                                                                                                        +
               "Async Capable": false,                                                                                                                                                                                         +
               "Join Type": "Inner",                                                                                                                                                                                           +
               "Startup Cost": 7.65,                                                                                                                                                                                           +
               "Total Cost": 3768.06,                                                                                                                                                                                          +
               "Plan Rows": 10,                                                                                                                                                                                                +
               "Plan Width": 103,                                                                                                                                                                                              +
               "Actual Startup Time": 5.570,                                                                                                                                                                                   +
               "Actual Total Time": 129.949,                                                                                                                                                                                   +
               "Actual Rows": 4388,                                                                                                                                                                                            +
               "Actual Loops": 1,                                                                                                                                                                                              +
               "Output": ["ml.linked_movie_id", "lt.link", "t1.title"],                                                                                                                                                        +
               "Inner Unique": true,                                                                                                                                                                                           +
               "Plans": [                                                                                                                                                                                                      +
                 {                                                                                                                                                                                                             +
                   "Node Type": "Nested Loop",                                                                                                                                                                                 +
                   "Parent Relationship": "Outer",                                                                                                                                                                             +
                   "Parallel Aware": false,                                                                                                                                                                                    +
                   "Async Capable": false,                                                                                                                                                                                     +
                   "Join Type": "Inner",                                                                                                                                                                                       +
                   "Startup Cost": 7.22,                                                                                                                                                                                       +
                   "Total Cost": 3763.19,                                                                                                                                                                                      +
                   "Plan Rows": 10,                                                                                                                                                                                            +
                   "Plan Width": 94,                                                                                                                                                                                           +
                   "Actual Startup Time": 5.542,                                                                                                                                                                               +
                   "Actual Total Time": 119.088,                                                                                                                                                                               +
                   "Actual Rows": 4388,                                                                                                                                                                                        +
                   "Actual Loops": 1,                                                                                                                                                                                          +
                   "Output": ["mk.movie_id", "ml.movie_id", "ml.linked_movie_id", "lt.link"],                                                                                                                                  +
                   "Inner Unique": true,                                                                                                                                                                                       +
                   "Plans": [                                                                                                                                                                                                  +
                     {                                                                                                                                                                                                         +
                       "Node Type": "Nested Loop",                                                                                                                                                                             +
                       "Parent Relationship": "Outer",                                                                                                                                                                         +
                       "Parallel Aware": false,                                                                                                                                                                                +
                       "Async Capable": false,                                                                                                                                                                                 +
                       "Join Type": "Inner",                                                                                                                                                                                   +
                       "Startup Cost": 7.07,                                                                                                                                                                                   +
                       "Total Cost": 3761.50,                                                                                                                                                                                  +
                       "Plan Rows": 10,                                                                                                                                                                                        +
                       "Plan Width": 16,                                                                                                                                                                                       +
                       "Actual Startup Time": 5.516,                                                                                                                                                                           +
                       "Actual Total Time": 114.658,                                                                                                                                                                           +
                       "Actual Rows": 4388,                                                                                                                                                                                    +
                       "Actual Loops": 1,                                                                                                                                                                                      +
                       "Output": ["mk.movie_id", "ml.movie_id", "ml.linked_movie_id", "ml.link_type_id"],                                                                                                                      +
                       "Inner Unique": false,                                                                                                                                                                                  +
                       "Plans": [                                                                                                                                                                                              +
                         {                                                                                                                                                                                                     +
                           "Node Type": "Nested Loop",                                                                                                                                                                         +
                           "Parent Relationship": "Outer",                                                                                                                                                                     +
                           "Parallel Aware": false,                                                                                                                                                                            +
                           "Async Capable": false,                                                                                                                                                                             +
                           "Join Type": "Inner",                                                                                                                                                                               +
                           "Startup Cost": 6.78,                                                                                                                                                                               +
                           "Total Cost": 3747.04,                                                                                                                                                                              +
                           "Plan Rows": 34,                                                                                                                                                                                    +
                           "Plan Width": 4,                                                                                                                                                                                    +
                           "Actual Startup Time": 5.407,                                                                                                                                                                       +
                           "Actual Total Time": 78.357,                                                                                                                                                                        +
                           "Actual Rows": 41840,                                                                                                                                                                               +
                           "Actual Loops": 1,                                                                                                                                                                                  +
                           "Output": ["mk.movie_id"],                                                                                                                                                                          +
                           "Inner Unique": false,                                                                                                                                                                              +
                           "Plans": [                                                                                                                                                                                          +
                             {                                                                                                                                                                                                 +
                               "Node Type": "Seq Scan",                                                                                                                                                                        +
                               "Parent Relationship": "Outer",                                                                                                                                                                 +
                               "Parallel Aware": false,                                                                                                                                                                        +
                               "Async Capable": false,                                                                                                                                                                         +
                               "Relation Name": "keyword",                                                                                                                                                                     +
                               "Schema": "public",                                                                                                                                                                             +
                               "Alias": "k",                                                                                                                                                                                   +
                               "Startup Cost": 0.00,                                                                                                                                                                           +
                               "Total Cost": 2626.12,                                                                                                                                                                          +
                               "Plan Rows": 1,                                                                                                                                                                                 +
                               "Plan Width": 4,                                                                                                                                                                                +
                               "Actual Startup Time": 0.739,                                                                                                                                                                   +
                               "Actual Total Time": 14.114,                                                                                                                                                                    +
                               "Actual Rows": 1,                                                                                                                                                                               +
                               "Actual Loops": 1,                                                                                                                                                                              +
                               "Output": ["k.id", "k.keyword", "k.phonetic_code"],                                                                                                                                             +
                               "Filter": "((k.keyword)::text = 'character-name-in-title'::text)",                                                                                                                              +
                               "Rows Removed by Filter": 134169                                                                                                                                                                +
                             },                                                                                                                                                                                                +
                             {                                                                                                                                                                                                 +
                               "Node Type": "Bitmap Heap Scan",                                                                                                                                                                +
                               "Parent Relationship": "Inner",                                                                                                                                                                 +
                               "Parallel Aware": false,                                                                                                                                                                        +
                               "Async Capable": false,                                                                                                                                                                         +
                               "Relation Name": "movie_keyword",                                                                                                                                                               +
                               "Schema": "public",                                                                                                                                                                             +
                               "Alias": "mk",                                                                                                                                                                                  +
                               "Startup Cost": 6.78,                                                                                                                                                                           +
                               "Total Cost": 1117.89,                                                                                                                                                                          +
                               "Plan Rows": 303,                                                                                                                                                                               +
                               "Plan Width": 8,                                                                                                                                                                                +
                               "Actual Startup Time": 4.665,                                                                                                                                                                   +
                               "Actual Total Time": 60.546,                                                                                                                                                                    +
                               "Actual Rows": 41840,                                                                                                                                                                           +
                               "Actual Loops": 1,                                                                                                                                                                              +
                               "Output": ["mk.id", "mk.movie_id", "mk.keyword_id"],                                                                                                                                            +
                               "Recheck Cond": "(mk.keyword_id = k.id)",                                                                                                                                                       +
                               "Rows Removed by Index Recheck": 0,                                                                                                                                                             +
                               "Exact Heap Blocks": 11541,                                                                                                                                                                     +
                               "Lossy Heap Blocks": 0,                                                                                                                                                                         +
                               "Plans": [                                                                                                                                                                                      +
                                 {                                                                                                                                                                                             +
                                   "Node Type": "Bitmap Index Scan",                                                                                                                                                           +
                                   "Parent Relationship": "Outer",                                                                                                                                                             +
                                   "Parallel Aware": false,                                                                                                                                                                    +
                                   "Async Capable": false,                                                                                                                                                                     +
                                   "Index Name": "keyword_id_movie_keyword",                                                                                                                                                   +
                                   "Startup Cost": 0.00,                                                                                                                                                                       +
                                   "Total Cost": 6.71,                                                                                                                                                                         +
                                   "Plan Rows": 303,                                                                                                                                                                           +
                                   "Plan Width": 0,                                                                                                                                                                            +
                                   "Actual Startup Time": 2.846,                                                                                                                                                               +
                                   "Actual Total Time": 2.846,                                                                                                                                                                 +
                                   "Actual Rows": 41840,                                                                                                                                                                       +
                                   "Actual Loops": 1,                                                                                                                                                                          +
                                   "Index Cond": "(mk.keyword_id = k.id)"                                                                                                                                                      +
                                 }                                                                                                                                                                                             +
                               ]                                                                                                                                                                                               +
                             }                                                                                                                                                                                                 +
                           ]                                                                                                                                                                                                   +
                         },                                                                                                                                                                                                    +
                         {                                                                                                                                                                                                     +
                           "Node Type": "Index Scan",                                                                                                                                                                          +
                           "Parent Relationship": "Inner",                                                                                                                                                                     +
                           "Parallel Aware": false,                                                                                                                                                                            +
                           "Async Capable": false,                                                                                                                                                                             +
                           "Scan Direction": "Forward",                                                                                                                                                                        +
                           "Index Name": "movie_id_movie_link",                                                                                                                                                                +
                           "Relation Name": "movie_link",                                                                                                                                                                      +
                           "Schema": "public",                                                                                                                                                                                 +
                           "Alias": "ml",                                                                                                                                                                                      +
                           "Startup Cost": 0.29,                                                                                                                                                                               +
                           "Total Cost": 0.38,                                                                                                                                                                                 +
                           "Plan Rows": 5,                                                                                                                                                                                     +
                           "Plan Width": 12,                                                                                                                                                                                   +
                           "Actual Startup Time": 0.001,                                                                                                                                                                       +
                           "Actual Total Time": 0.001,                                                                                                                                                                         +
                           "Actual Rows": 0,                                                                                                                                                                                   +
                           "Actual Loops": 41840,                                                                                                                                                                              +
                           "Output": ["ml.id", "ml.movie_id", "ml.linked_movie_id", "ml.link_type_id"],                                                                                                                        +
                           "Index Cond": "(ml.movie_id = mk.movie_id)",                                                                                                                                                        +
                           "Rows Removed by Index Recheck": 0                                                                                                                                                                  +
                         }                                                                                                                                                                                                     +
                       ]                                                                                                                                                                                                       +
                     },                                                                                                                                                                                                        +
                     {                                                                                                                                                                                                         +
                       "Node Type": "Index Scan",                                                                                                                                                                              +
                       "Parent Relationship": "Inner",                                                                                                                                                                         +
                       "Parallel Aware": false,                                                                                                                                                                                +
                       "Async Capable": false,                                                                                                                                                                                 +
                       "Scan Direction": "Forward",                                                                                                                                                                            +
                       "Index Name": "link_type_pkey",                                                                                                                                                                         +
                       "Relation Name": "link_type",                                                                                                                                                                           +
                       "Schema": "public",                                                                                                                                                                                     +
                       "Alias": "lt",                                                                                                                                                                                          +
                       "Startup Cost": 0.15,                                                                                                                                                                                   +
                       "Total Cost": 0.17,                                                                                                                                                                                     +
                       "Plan Rows": 1,                                                                                                                                                                                         +
                       "Plan Width": 86,                                                                                                                                                                                       +
                       "Actual Startup Time": 0.001,                                                                                                                                                                           +
                       "Actual Total Time": 0.001,                                                                                                                                                                             +
                       "Actual Rows": 1,                                                                                                                                                                                       +
                       "Actual Loops": 4388,                                                                                                                                                                                   +
                       "Output": ["lt.id", "lt.link"],                                                                                                                                                                         +
                       "Index Cond": "(lt.id = ml.link_type_id)",                                                                                                                                                              +
                       "Rows Removed by Index Recheck": 0                                                                                                                                                                      +
                     }                                                                                                                                                                                                         +
                   ]                                                                                                                                                                                                           +
                 },                                                                                                                                                                                                            +
                 {                                                                                                                                                                                                             +
                   "Node Type": "Index Scan",                                                                                                                                                                                  +
                   "Parent Relationship": "Inner",                                                                                                                                                                             +
                   "Parallel Aware": false,                                                                                                                                                                                    +
                   "Async Capable": false,                                                                                                                                                                                     +
                   "Scan Direction": "Forward",                                                                                                                                                                                +
                   "Index Name": "title_pkey",                                                                                                                                                                                 +
                   "Relation Name": "title",                                                                                                                                                                                   +
                   "Schema": "public",                                                                                                                                                                                         +
                   "Alias": "t1",                                                                                                                                                                                              +
                   "Startup Cost": 0.43,                                                                                                                                                                                       +
                   "Total Cost": 0.49,                                                                                                                                                                                         +
                   "Plan Rows": 1,                                                                                                                                                                                             +
                   "Plan Width": 21,                                                                                                                                                                                           +
                   "Actual Startup Time": 0.002,                                                                                                                                                                               +
                   "Actual Total Time": 0.002,                                                                                                                                                                                 +
                   "Actual Rows": 1,                                                                                                                                                                                           +
                   "Actual Loops": 4388,                                                                                                                                                                                       +
                   "Output": ["t1.id", "t1.title", "t1.imdb_index", "t1.kind_id", "t1.production_year", "t1.imdb_id", "t1.phonetic_code", "t1.episode_of_id", "t1.season_nr", "t1.episode_nr", "t1.series_years", "t1.md5sum"],+
                   "Index Cond": "(t1.id = mk.movie_id)",                                                                                                                                                                      +
                   "Rows Removed by Index Recheck": 0                                                                                                                                                                          +
                 }                                                                                                                                                                                                             +
               ]                                                                                                                                                                                                               +
             },                                                                                                                                                                                                                +
             {                                                                                                                                                                                                                 +
               "Node Type": "Index Scan",                                                                                                                                                                                      +
               "Parent Relationship": "Inner",                                                                                                                                                                                 +
               "Parallel Aware": false,                                                                                                                                                                                        +
               "Async Capable": false,                                                                                                                                                                                         +
               "Scan Direction": "Forward",                                                                                                                                                                                    +
               "Index Name": "title_pkey",                                                                                                                                                                                     +
               "Relation Name": "title",                                                                                                                                                                                       +
               "Schema": "public",                                                                                                                                                                                             +
               "Alias": "t2",                                                                                                                                                                                                  +
               "Startup Cost": 0.43,                                                                                                                                                                                           +
               "Total Cost": 4.47,                                                                                                                                                                                             +
               "Plan Rows": 1,                                                                                                                                                                                                 +
               "Plan Width": 21,                                                                                                                                                                                               +
               "Actual Startup Time": 0.009,                                                                                                                                                                                   +
               "Actual Total Time": 0.009,                                                                                                                                                                                     +
               "Actual Rows": 1,                                                                                                                                                                                               +
               "Actual Loops": 4388,                                                                                                                                                                                           +
               "Output": ["t2.id", "t2.title", "t2.imdb_index", "t2.kind_id", "t2.production_year", "t2.imdb_id", "t2.phonetic_code", "t2.episode_of_id", "t2.season_nr", "t2.episode_nr", "t2.series_years", "t2.md5sum"],    +
               "Index Cond": "(t2.id = ml.linked_movie_id)",                                                                                                                                                                   +
               "Rows Removed by Index Recheck": 0                                                                                                                                                                              +
             }                                                                                                                                                                                                                 +
           ]                                                                                                                                                                                                                   +
         }                                                                                                                                                                                                                     +
       ]                                                                                                                                                                                                                       +
     },                                                                                                                                                                                                                        +
     "Planning Time": 6.565,                                                                                                                                                                                                   +
     "Triggers": [                                                                                                                                                                                                             +
     ],                                                                                                                                                                                                                        +
     "Execution Time": 172.685                                                                                                                                                                                                 +
   }                                                                                                                                                                                                                           +
 ]
(1 row)

