                                                                                                      QUERY PLAN                                                                                                       
-----------------------------------------------------------------------------------------------------------------------------------------------------------------------------------------------------------------------
 Aggregate  (cost=44798.80..44798.81 rows=1 width=64) (actual time=183.792..203.341 rows=1 loops=1)
   Buffers: shared hit=69418 read=10379
   ->  Nested Loop  (cost=1002.30..44798.80 rows=1 width=33) (actual time=182.301..203.325 rows=6 loops=1)
         Buffers: shared hit=69418 read=10379
         ->  Nested Loop  (cost=1002.15..44798.62 rows=1 width=37) (actual time=182.279..203.294 rows=6 loops=1)
               Buffers: shared hit=69406 read=10379
               ->  Nested Loop  (cost=1001.73..44797.85 rows=1 width=45) (actual time=181.680..202.547 rows=171 loops=1)
                     Buffers: shared hit=68724 read=10377
                     ->  Nested Loop  (cost=1001.30..44796.68 rows=1 width=25) (actual time=181.654..201.734 rows=104 loops=1)
                           Join Filter: (t.id = ci.movie_id)
                           Buffers: shared hit=68364 read=10320
                           ->  Gather  (cost=1000.86..44651.75 rows=1 width=25) (actual time=181.608..201.156 rows=4 loops=1)
                                 Workers Planned: 2
                                 Workers Launched: 2
                                 Buffers: shared hit=68218 read=10320
                                 ->  Nested Loop  (cost=0.86..43651.65 rows=1 width=25) (actual time=112.139..175.415 rows=1 loops=3)
                                       Buffers: shared hit=68218 read=10320
                                       ->  Nested Loop  (cost=0.42..43537.15 rows=14 width=4) (actual time=0.331..151.952 rows=2832 loops=3)
                                             Buffers: shared hit=45573 read=7495
                                             ->  Parallel Seq Scan on movie_companies mc  (cost=0.00..40532.74 rows=484 width=8) (actual time=0.247..143.843 rows=2856 loops=3)
                                                   Filter: (((note)::text ~~ '%(Japan)%'::text) AND ((note)::text !~~ '%(USA)%'::text) AND (((note)::text ~~ '%(2006)%'::text) OR ((note)::text ~~ '%(2007)%'::text)))
                                                   Rows Removed by Filter: 866853
                                                   Buffers: shared hit=11967 read=6823
                                             ->  Index Scan using company_name_pkey on company_name cn  (cost=0.42..6.21 rows=1 width=4) (actual time=0.003..0.003 rows=1 loops=8569)
                                                   Index Cond: (id = mc.company_id)
                                                   Filter: ((country_code)::text = '[jp]'::text)
                                                   Rows Removed by Filter: 0
                                                   Buffers: shared hit=33606 read=672
                                       ->  Memoize  (cost=0.44..8.16 rows=1 width=21) (actual time=0.008..0.008 rows=0 loops=8495)
                                             Cache Key: mc.movie_id
                                             Cache Mode: logical
                                             Hits: 846  Misses: 2559  Evictions: 0  Overflows: 0  Memory Usage: 170kB
                                             Buffers: shared hit=22645 read=2825
                                             Worker 0:  Hits: 466  Misses: 1777  Evictions: 0  Overflows: 0  Memory Usage: 119kB
                                             Worker 1:  Hits: 816  Misses: 2031  Evictions: 0  Overflows: 0  Memory Usage: 136kB
                                             ->  Index Scan using title_pkey on title t  (cost=0.43..8.15 rows=1 width=21) (actual time=0.010..0.010 rows=0 loops=6367)
                                                   Index Cond: (id = mc.movie_id)
                                                   Filter: ((production_year >= 2006) AND (production_year <= 2007) AND (((title)::text ~~ 'One Piece%'::text) OR ((title)::text ~~ 'Dragon Ball Z%'::text)))
                                                   Rows Removed by Filter: 1
                                                   Buffers: shared hit=22645 read=2825
                           ->  Index Scan using movie_id_cast_info on cast_info ci  (cost=0.44..144.92 rows=1 width=12) (actual time=0.042..0.138 rows=26 loops=4)
                                 Index Cond: (movie_id = mc.movie_id)
                                 Filter: ((note)::text = '(voice: English version)'::text)
                                 Rows Removed by Filter: 17
                                 Buffers: shared hit=146
                     ->  Index Scan using person_id_aka_name on aka_name an  (cost=0.42..1.15 rows=2 width=20) (actual time=0.006..0.007 rows=2 loops=104)
                           Index Cond: (person_id = ci.person_id)
                           Buffers: shared hit=360 read=57
               ->  Index Scan using name_pkey on name n  (cost=0.43..0.77 rows=1 width=4) (actual time=0.004..0.004 rows=0 loops=171)
                     Index Cond: (id = an.person_id)
                     Filter: (((name)::text ~~ '%Yo%'::text) AND ((name)::text !~~ '%Yu%'::text))
                     Rows Removed by Filter: 1
                     Buffers: shared hit=682 read=2
         ->  Index Scan using role_type_pkey on role_type rt  (cost=0.15..0.17 rows=1 width=4) (actual time=0.004..0.004 rows=1 loops=6)
               Index Cond: (id = ci.role_id)
               Filter: ((role)::text = 'actress'::text)
               Buffers: shared hit=12
 Planning:
   Buffers: shared hit=578 read=52
 Planning Time: 7.614 ms
 Execution Time: 203.612 ms
(61 rows)

