                                                                                                       QUERY PLAN                                                                                                       
------------------------------------------------------------------------------------------------------------------------------------------------------------------------------------------------------------------------
 [                                                                                                                                                                                                                     +
   {                                                                                                                                                                                                                   +
     "Plan": {                                                                                                                                                                                                         +
       "Node Type": "Aggregate",                                                                                                                                                                                       +
       "Strategy": "Plain",                                                                                                                                                                                            +
       "Partial Mode": "Simple",                                                                                                                                                                                       +
       "Parallel Aware": false,                                                                                                                                                                                        +
       "Async Capable": false,                                                                                                                                                                                         +
       "Startup Cost": 407.95,                                                                                                                                                                                         +
       "Total Cost": 407.96,                                                                                                                                                                                           +
       "Plan Rows": 1,                                                                                                                                                                                                 +
       "Plan Width": 96,                                                                                                                                                                                               +
       "Actual Startup Time": 12.523,                                                                                                                                                                                  +
       "Actual Total Time": 12.527,                                                                                                                                                                                    +
       "Actual Rows": 1,                                                                                                                                                                                               +
       "Actual Loops": 1,                                                                                                                                                                                              +
       "Output": ["min((cn.name)::text)", "min((lt.link)::text)", "min((t.title)::text)"],                                                                                                                             +
       "Plans": [                                                                                                                                                                                                      +
         {                                                                                                                                                                                                             +
           "Node Type": "Nested Loop",                                                                                                                                                                                 +
           "Parent Relationship": "Outer",                                                                                                                                                                             +
           "Parallel Aware": false,                                                                                                                                                                                    +
           "Async Capable": false,                                                                                                                                                                                     +
           "Join Type": "Inner",                                                                                                                                                                                       +
           "Startup Cost": 25.11,                                                                                                                                                                                      +
           "Total Cost": 407.94,                                                                                                                                                                                       +
           "Plan Rows": 1,                                                                                                                                                                                             +
           "Plan Width": 118,                                                                                                                                                                                          +
           "Actual Startup Time": 9.522,                                                                                                                                                                               +
           "Actual Total Time": 12.511,                                                                                                                                                                                +
           "Actual Rows": 14,                                                                                                                                                                                          +
           "Actual Loops": 1,                                                                                                                                                                                          +
           "Output": ["cn.name", "lt.link", "t.title"],                                                                                                                                                                +
           "Inner Unique": true,                                                                                                                                                                                       +
           "Plans": [                                                                                                                                                                                                  +
             {                                                                                                                                                                                                         +
               "Node Type": "Nested Loop",                                                                                                                                                                             +
               "Parent Relationship": "Outer",                                                                                                                                                                         +
               "Parallel Aware": false,                                                                                                                                                                                +
               "Async Capable": false,                                                                                                                                                                                 +
               "Join Type": "Inner",                                                                                                                                                                                   +
               "Startup Cost": 24.69,                                                                                                                                                                                  +
               "Total Cost": 407.48,                                                                                                                                                                                   +
               "Plan Rows": 1,                                                                                                                                                                                         +
               "Plan Width": 122,                                                                                                                                                                                      +
               "Actual Startup Time": 9.477,                                                                                                                                                                           +
               "Actual Total Time": 12.390,                                                                                                                                                                            +
               "Actual Rows": 56,                                                                                                                                                                                      +
               "Actual Loops": 1,                                                                                                                                                                                      +
               "Output": ["cn.name", "mk.keyword_id", "lt.link", "t.title"],                                                                                                                                           +
               "Inner Unique": false,                                                                                                                                                                                  +
               "Join Filter": "(ml.movie_id = mk.movie_id)",                                                                                                                                                           +
               "Rows Removed by Join Filter": 0,                                                                                                                                                                       +
               "Plans": [                                                                                                                                                                                              +
                 {                                                                                                                                                                                                     +
                   "Node Type": "Nested Loop",                                                                                                                                                                         +
                   "Parent Relationship": "Outer",                                                                                                                                                                     +
                   "Parallel Aware": false,                                                                                                                                                                            +
                   "Async Capable": false,                                                                                                                                                                             +
                   "Join Type": "Inner",                                                                                                                                                                               +
                   "Startup Cost": 24.26,                                                                                                                                                                              +
                   "Total Cost": 405.54,                                                                                                                                                                               +
                   "Plan Rows": 1,                                                                                                                                                                                     +
                   "Plan Width": 130,                                                                                                                                                                                  +
                   "Actual Startup Time": 9.447,                                                                                                                                                                       +
                   "Actual Total Time": 12.322,                                                                                                                                                                        +
                   "Actual Rows": 14,                                                                                                                                                                                  +
                   "Actual Loops": 1,                                                                                                                                                                                  +
                   "Output": ["cn.name", "mc.movie_id", "ml.movie_id", "lt.link", "t.title", "t.id"],                                                                                                                  +
                   "Inner Unique": true,                                                                                                                                                                               +
                   "Join Filter": "(ml.movie_id = t.id)",                                                                                                                                                              +
                   "Rows Removed by Join Filter": 0,                                                                                                                                                                   +
                   "Plans": [                                                                                                                                                                                          +
                     {                                                                                                                                                                                                 +
                       "Node Type": "Nested Loop",                                                                                                                                                                     +
                       "Parent Relationship": "Outer",                                                                                                                                                                 +
                       "Parallel Aware": false,                                                                                                                                                                        +
                       "Async Capable": false,                                                                                                                                                                         +
                       "Join Type": "Inner",                                                                                                                                                                           +
                       "Startup Cost": 23.83,                                                                                                                                                                          +
                       "Total Cost": 404.93,                                                                                                                                                                           +
                       "Plan Rows": 1,                                                                                                                                                                                 +
                       "Plan Width": 109,                                                                                                                                                                              +
                       "Actual Startup Time": 0.633,                                                                                                                                                                   +
                       "Actual Total Time": 10.807,                                                                                                                                                                    +
                       "Actual Rows": 450,                                                                                                                                                                             +
                       "Actual Loops": 1,                                                                                                                                                                              +
                       "Output": ["cn.name", "mc.movie_id", "ml.movie_id", "lt.link"],                                                                                                                                 +
                       "Inner Unique": true,                                                                                                                                                                           +
                       "Plans": [                                                                                                                                                                                      +
                         {                                                                                                                                                                                             +
                           "Node Type": "Nested Loop",                                                                                                                                                                 +
                           "Parent Relationship": "Outer",                                                                                                                                                             +
                           "Parallel Aware": false,                                                                                                                                                                    +
                           "Async Capable": false,                                                                                                                                                                     +
                           "Join Type": "Inner",                                                                                                                                                                       +
                           "Startup Cost": 23.41,                                                                                                                                                                      +
                           "Total Cost": 404.48,                                                                                                                                                                       +
                           "Plan Rows": 1,                                                                                                                                                                             +
                           "Plan Width": 94,                                                                                                                                                                           +
                           "Actual Startup Time": 0.218,                                                                                                                                                               +
                           "Actual Total Time": 6.463,                                                                                                                                                                 +
                           "Actual Rows": 1793,                                                                                                                                                                        +
                           "Actual Loops": 1,                                                                                                                                                                          +
                           "Output": ["mc.movie_id", "mc.company_id", "ml.movie_id", "lt.link"],                                                                                                                       +
                           "Inner Unique": true,                                                                                                                                                                       +
                           "Plans": [                                                                                                                                                                                  +
                             {                                                                                                                                                                                         +
                               "Node Type": "Nested Loop",                                                                                                                                                             +
                               "Parent Relationship": "Outer",                                                                                                                                                         +
                               "Parallel Aware": false,                                                                                                                                                                +
                               "Async Capable": false,                                                                                                                                                                 +
                               "Join Type": "Inner",                                                                                                                                                                   +
                               "Startup Cost": 23.25,                                                                                                                                                                  +
                               "Total Cost": 401.32,                                                                                                                                                                   +
                               "Plan Rows": 106,                                                                                                                                                                       +
                               "Plan Width": 98,                                                                                                                                                                       +
                               "Actual Startup Time": 0.189,                                                                                                                                                           +
                               "Actual Total Time": 5.689,                                                                                                                                                             +
                               "Actual Rows": 2077,                                                                                                                                                                    +
                               "Actual Loops": 1,                                                                                                                                                                      +
                               "Output": ["lt.link", "ml.movie_id", "mc.movie_id", "mc.company_type_id", "mc.company_id"],                                                                                             +
                               "Inner Unique": false,                                                                                                                                                                  +
                               "Plans": [                                                                                                                                                                              +
                                 {                                                                                                                                                                                     +
                                   "Node Type": "Nested Loop",                                                                                                                                                         +
                                   "Parent Relationship": "Outer",                                                                                                                                                     +
                                   "Parallel Aware": false,                                                                                                                                                            +
                                   "Async Capable": false,                                                                                                                                                             +
                                   "Join Type": "Inner",                                                                                                                                                               +
                                   "Startup Cost": 22.82,                                                                                                                                                              +
                                   "Total Cost": 246.88,                                                                                                                                                               +
                                   "Plan Rows": 42,                                                                                                                                                                    +
                                   "Plan Width": 86,                                                                                                                                                                   +
                                   "Actual Startup Time": 0.140,                                                                                                                                                       +
                                   "Actual Total Time": 0.694,                                                                                                                                                         +
                                   "Actual Rows": 1158,                                                                                                                                                                +
                                   "Actual Loops": 1,                                                                                                                                                                  +
                                   "Output": ["lt.link", "ml.movie_id"],                                                                                                                                               +
                                   "Inner Unique": false,                                                                                                                                                              +
                                   "Plans": [                                                                                                                                                                          +
                                     {                                                                                                                                                                                 +
                                       "Node Type": "Seq Scan",                                                                                                                                                        +
                                       "Parent Relationship": "Outer",                                                                                                                                                 +
                                       "Parallel Aware": false,                                                                                                                                                        +
                                       "Async Capable": false,                                                                                                                                                         +
                                       "Relation Name": "link_type",                                                                                                                                                   +
                                       "Schema": "public",                                                                                                                                                             +
                                       "Alias": "lt",                                                                                                                                                                  +
                                       "Startup Cost": 0.00,                                                                                                                                                           +
                                       "Total Cost": 18.88,                                                                                                                                                            +
                                       "Plan Rows": 1,                                                                                                                                                                 +
                                       "Plan Width": 86,                                                                                                                                                               +
                                       "Actual Startup Time": 0.009,                                                                                                                                                   +
                                       "Actual Total Time": 0.014,                                                                                                                                                     +
                                       "Actual Rows": 1,                                                                                                                                                               +
                                       "Actual Loops": 1,                                                                                                                                                              +
                                       "Output": ["lt.id", "lt.link"],                                                                                                                                                 +
                                       "Filter": "((lt.link)::text ~~ '%follows%'::text)",                                                                                                                             +
                                       "Rows Removed by Filter": 17                                                                                                                                                    +
                                     },                                                                                                                                                                                +
                                     {                                                                                                                                                                                 +
                                       "Node Type": "Bitmap Heap Scan",                                                                                                                                                +
                                       "Parent Relationship": "Inner",                                                                                                                                                 +
                                       "Parallel Aware": false,                                                                                                                                                        +
                                       "Async Capable": false,                                                                                                                                                         +
                                       "Relation Name": "movie_link",                                                                                                                                                  +
                                       "Schema": "public",                                                                                                                                                             +
                                       "Alias": "ml",                                                                                                                                                                  +
                                       "Startup Cost": 22.82,                                                                                                                                                          +
                                       "Total Cost": 209.26,                                                                                                                                                           +
                                       "Plan Rows": 1875,                                                                                                                                                              +
                                       "Plan Width": 8,                                                                                                                                                                +
                                       "Actual Startup Time": 0.127,                                                                                                                                                   +
                                       "Actual Total Time": 0.546,                                                                                                                                                     +
                                       "Actual Rows": 1158,                                                                                                                                                            +
                                       "Actual Loops": 1,                                                                                                                                                              +
                                       "Output": ["ml.id", "ml.movie_id", "ml.linked_movie_id", "ml.link_type_id"],                                                                                                    +
                                       "Recheck Cond": "(ml.link_type_id = lt.id)",                                                                                                                                    +
                                       "Rows Removed by Index Recheck": 0,                                                                                                                                             +
                                       "Exact Heap Blocks": 95,                                                                                                                                                        +
                                       "Lossy Heap Blocks": 0,                                                                                                                                                         +
                                       "Plans": [                                                                                                                                                                      +
                                         {                                                                                                                                                                             +
                                           "Node Type": "Bitmap Index Scan",                                                                                                                                           +
                                           "Parent Relationship": "Outer",                                                                                                                                             +
                                           "Parallel Aware": false,                                                                                                                                                    +
                                           "Async Capable": false,                                                                                                                                                     +
                                           "Index Name": "link_type_id_movie_link",                                                                                                                                    +
                                           "Startup Cost": 0.00,                                                                                                                                                       +
                                           "Total Cost": 22.35,                                                                                                                                                        +
                                           "Plan Rows": 1875,                                                                                                                                                          +
                                           "Plan Width": 0,                                                                                                                                                            +
                                           "Actual Startup Time": 0.096,                                                                                                                                               +
                                           "Actual Total Time": 0.097,                                                                                                                                                 +
                                           "Actual Rows": 1158,                                                                                                                                                        +
                                           "Actual Loops": 1,                                                                                                                                                          +
                                           "Index Cond": "(ml.link_type_id = lt.id)"                                                                                                                                   +
                                         }                                                                                                                                                                             +
                                       ]                                                                                                                                                                               +
                                     }                                                                                                                                                                                 +
                                   ]                                                                                                                                                                                   +
                                 },                                                                                                                                                                                    +
                                 {                                                                                                                                                                                     +
                                   "Node Type": "Index Scan",                                                                                                                                                          +
                                   "Parent Relationship": "Inner",                                                                                                                                                     +
                                   "Parallel Aware": false,                                                                                                                                                            +
                                   "Async Capable": false,                                                                                                                                                             +
                                   "Scan Direction": "Forward",                                                                                                                                                        +
                                   "Index Name": "movie_id_movie_companies",                                                                                                                                           +
                                   "Relation Name": "movie_companies",                                                                                                                                                 +
                                   "Schema": "public",                                                                                                                                                                 +
                                   "Alias": "mc",                                                                                                                                                                      +
                                   "Startup Cost": 0.43,                                                                                                                                                               +
                                   "Total Cost": 3.65,                                                                                                                                                                 +
                                   "Plan Rows": 3,                                                                                                                                                                     +
                                   "Plan Width": 12,                                                                                                                                                                   +
                                   "Actual Startup Time": 0.003,                                                                                                                                                       +
                                   "Actual Total Time": 0.004,                                                                                                                                                         +
                                   "Actual Rows": 2,                                                                                                                                                                   +
                                   "Actual Loops": 1158,                                                                                                                                                               +
                                   "Output": ["mc.id", "mc.movie_id", "mc.company_id", "mc.company_type_id", "mc.note"],                                                                                               +
                                   "Index Cond": "(mc.movie_id = ml.movie_id)",                                                                                                                                        +
                                   "Rows Removed by Index Recheck": 0,                                                                                                                                                 +
                                   "Filter": "(mc.note IS NULL)",                                                                                                                                                      +
                                   "Rows Removed by Filter": 2                                                                                                                                                         +
                                 }                                                                                                                                                                                     +
                               ]                                                                                                                                                                                       +
                             },                                                                                                                                                                                        +
                             {                                                                                                                                                                                         +
                               "Node Type": "Memoize",                                                                                                                                                                 +
                               "Parent Relationship": "Inner",                                                                                                                                                         +
                               "Parallel Aware": false,                                                                                                                                                                +
                               "Async Capable": false,                                                                                                                                                                 +
                               "Startup Cost": 0.16,                                                                                                                                                                   +
                               "Total Cost": 0.18,                                                                                                                                                                     +
                               "Plan Rows": 1,                                                                                                                                                                         +
                               "Plan Width": 4,                                                                                                                                                                        +
                               "Actual Startup Time": 0.000,                                                                                                                                                           +
                               "Actual Total Time": 0.000,                                                                                                                                                             +
                               "Actual Rows": 1,                                                                                                                                                                       +
                               "Actual Loops": 2077,                                                                                                                                                                   +
                               "Output": ["ct.id"],                                                                                                                                                                    +
                               "Cache Key": "mc.company_type_id",                                                                                                                                                      +
                               "Cache Mode": "logical",                                                                                                                                                                +
                               "Cache Hits": 2075,                                                                                                                                                                     +
                               "Cache Misses": 2,                                                                                                                                                                      +
                               "Cache Evictions": 0,                                                                                                                                                                   +
                               "Cache Overflows": 0,                                                                                                                                                                   +
                               "Peak Memory Usage": 1,                                                                                                                                                                 +
                               "Plans": [                                                                                                                                                                              +
                                 {                                                                                                                                                                                     +
                                   "Node Type": "Index Scan",                                                                                                                                                          +
                                   "Parent Relationship": "Outer",                                                                                                                                                     +
                                   "Parallel Aware": false,                                                                                                                                                            +
                                   "Async Capable": false,                                                                                                                                                             +
                                   "Scan Direction": "Forward",                                                                                                                                                        +
                                   "Index Name": "company_type_pkey",                                                                                                                                                  +
                                   "Relation Name": "company_type",                                                                                                                                                    +
                                   "Schema": "public",                                                                                                                                                                 +
                                   "Alias": "ct",                                                                                                                                                                      +
                                   "Startup Cost": 0.15,                                                                                                                                                               +
                                   "Total Cost": 0.17,                                                                                                                                                                 +
                                   "Plan Rows": 1,                                                                                                                                                                     +
                                   "Plan Width": 4,                                                                                                                                                                    +
                                   "Actual Startup Time": 0.013,                                                                                                                                                       +
                                   "Actual Total Time": 0.013,                                                                                                                                                         +
                                   "Actual Rows": 0,                                                                                                                                                                   +
                                   "Actual Loops": 2,                                                                                                                                                                  +
                                   "Output": ["ct.id"],                                                                                                                                                                +
                                   "Index Cond": "(ct.id = mc.company_type_id)",                                                                                                                                       +
                                   "Rows Removed by Index Recheck": 0,                                                                                                                                                 +
                                   "Filter": "((ct.kind)::text = 'production companies'::text)",                                                                                                                       +
                                   "Rows Removed by Filter": 0                                                                                                                                                         +
                                 }                                                                                                                                                                                     +
                               ]                                                                                                                                                                                       +
                             }                                                                                                                                                                                         +
                           ]                                                                                                                                                                                           +
                         },                                                                                                                                                                                            +
                         {                                                                                                                                                                                             +
                           "Node Type": "Index Scan",                                                                                                                                                                  +
                           "Parent Relationship": "Inner",                                                                                                                                                             +
                           "Parallel Aware": false,                                                                                                                                                                    +
                           "Async Capable": false,                                                                                                                                                                     +
                           "Scan Direction": "Forward",                                                                                                                                                                +
                           "Index Name": "company_name_pkey",                                                                                                                                                          +
                           "Relation Name": "company_name",                                                                                                                                                            +
                           "Schema": "public",                                                                                                                                                                         +
                           "Alias": "cn",                                                                                                                                                                              +
                           "Startup Cost": 0.42,                                                                                                                                                                       +
                           "Total Cost": 0.46,                                                                                                                                                                         +
                           "Plan Rows": 1,                                                                                                                                                                             +
                           "Plan Width": 23,                                                                                                                                                                           +
                           "Actual Startup Time": 0.002,                                                                                                                                                               +
                           "Actual Total Time": 0.002,                                                                                                                                                                 +
                           "Actual Rows": 0,                                                                                                                                                                           +
                           "Actual Loops": 1793,                                                                                                                                                                       +
                           "Output": ["cn.id", "cn.name", "cn.country_code", "cn.imdb_id", "cn.name_pcode_nf", "cn.name_pcode_sf", "cn.md5sum"],                                                                       +
                           "Index Cond": "(cn.id = mc.company_id)",                                                                                                                                                    +
                           "Rows Removed by Index Recheck": 0,                                                                                                                                                         +
                           "Filter": "(((cn.country_code)::text <> '[pl]'::text) AND (((cn.name)::text ~~ '%Film%'::text) OR ((cn.name)::text ~~ '%Warner%'::text)))",                                                 +
                           "Rows Removed by Filter": 1                                                                                                                                                                 +
                         }                                                                                                                                                                                             +
                       ]                                                                                                                                                                                               +
                     },                                                                                                                                                                                                +
                     {                                                                                                                                                                                                 +
                       "Node Type": "Index Scan",                                                                                                                                                                      +
                       "Parent Relationship": "Inner",                                                                                                                                                                 +
                       "Parallel Aware": false,                                                                                                                                                                        +
                       "Async Capable": false,                                                                                                                                                                         +
                       "Scan Direction": "Forward",                                                                                                                                                                    +
                       "Index Name": "title_pkey",                                                                                                                                                                     +
                       "Relation Name": "title",                                                                                                                                                                       +
                       "Schema": "public",                                                                                                                                                                             +
                       "Alias": "t",                                                                                                                                                                                   +
                       "Startup Cost": 0.43,                                                                                                                                                                           +
                       "Total Cost": 0.60,                                                                                                                                                                             +
                       "Plan Rows": 1,                                                                                                                                                                                 +
                       "Plan Width": 21,                                                                                                                                                                               +
                       "Actual Startup Time": 0.003,                                                                                                                                                                   +
                       "Actual Total Time": 0.003,                                                                                                                                                                     +
                       "Actual Rows": 0,                                                                                                                                                                               +
                       "Actual Loops": 450,                                                                                                                                                                            +
                       "Output": ["t.id", "t.title", "t.imdb_index", "t.kind_id", "t.production_year", "t.imdb_id", "t.phonetic_code", "t.episode_of_id", "t.season_nr", "t.episode_nr", "t.series_years", "t.md5sum"],+
                       "Index Cond": "(t.id = mc.movie_id)",                                                                                                                                                           +
                       "Rows Removed by Index Recheck": 0,                                                                                                                                                             +
                       "Filter": "(((t.title)::text ~~ '%Money%'::text) AND (t.production_year = 1998))",                                                                                                              +
                       "Rows Removed by Filter": 1                                                                                                                                                                     +
                     }                                                                                                                                                                                                 +
                   ]                                                                                                                                                                                                   +
                 },                                                                                                                                                                                                    +
                 {                                                                                                                                                                                                     +
                   "Node Type": "Index Scan",                                                                                                                                                                          +
                   "Parent Relationship": "Inner",                                                                                                                                                                     +
                   "Parallel Aware": false,                                                                                                                                                                            +
                   "Async Capable": false,                                                                                                                                                                             +
                   "Scan Direction": "Forward",                                                                                                                                                                        +
                   "Index Name": "movie_id_movie_keyword",                                                                                                                                                             +
                   "Relation Name": "movie_keyword",                                                                                                                                                                   +
                   "Schema": "public",                                                                                                                                                                                 +
                   "Alias": "mk",                                                                                                                                                                                      +
                   "Startup Cost": 0.43,                                                                                                                                                                               +
                   "Total Cost": 1.35,                                                                                                                                                                                 +
                   "Plan Rows": 47,                                                                                                                                                                                    +
                   "Plan Width": 8,                                                                                                                                                                                    +
                   "Actual Startup Time": 0.003,                                                                                                                                                                       +
                   "Actual Total Time": 0.004,                                                                                                                                                                         +
                   "Actual Rows": 4,                                                                                                                                                                                   +
                   "Actual Loops": 14,                                                                                                                                                                                 +
                   "Output": ["mk.id", "mk.movie_id", "mk.keyword_id"],                                                                                                                                                +
                   "Index Cond": "(mk.movie_id = mc.movie_id)",                                                                                                                                                        +
                   "Rows Removed by Index Recheck": 0                                                                                                                                                                  +
                 }                                                                                                                                                                                                     +
               ]                                                                                                                                                                                                       +
             },                                                                                                                                                                                                        +
             {                                                                                                                                                                                                         +
               "Node Type": "Index Scan",                                                                                                                                                                              +
               "Parent Relationship": "Inner",                                                                                                                                                                         +
               "Parallel Aware": false,                                                                                                                                                                                +
               "Async Capable": false,                                                                                                                                                                                 +
               "Scan Direction": "Forward",                                                                                                                                                                            +
               "Index Name": "keyword_pkey",                                                                                                                                                                           +
               "Relation Name": "keyword",                                                                                                                                                                             +
               "Schema": "public",                                                                                                                                                                                     +
               "Alias": "k",                                                                                                                                                                                           +
               "Startup Cost": 0.42,                                                                                                                                                                                   +
               "Total Cost": 0.44,                                                                                                                                                                                     +
               "Plan Rows": 1,                                                                                                                                                                                         +
               "Plan Width": 4,                                                                                                                                                                                        +
               "Actual Startup Time": 0.002,                                                                                                                                                                           +
               "Actual Total Time": 0.002,                                                                                                                                                                             +
               "Actual Rows": 0,                                                                                                                                                                                       +
               "Actual Loops": 56,                                                                                                                                                                                     +
               "Output": ["k.id", "k.keyword", "k.phonetic_code"],                                                                                                                                                     +
               "Index Cond": "(k.id = mk.keyword_id)",                                                                                                                                                                 +
               "Rows Removed by Index Recheck": 0,                                                                                                                                                                     +
               "Filter": "((k.keyword)::text = 'sequel'::text)",                                                                                                                                                       +
               "Rows Removed by Filter": 1                                                                                                                                                                             +
             }                                                                                                                                                                                                         +
           ]                                                                                                                                                                                                           +
         }                                                                                                                                                                                                             +
       ]                                                                                                                                                                                                               +
     },                                                                                                                                                                                                                +
     "Planning Time": 10.973,                                                                                                                                                                                          +
     "Triggers": [                                                                                                                                                                                                     +
     ],                                                                                                                                                                                                                +
     "Execution Time": 12.850                                                                                                                                                                                          +
   }                                                                                                                                                                                                                   +
 ]
(1 row)

