                                                                                                             QUERY PLAN                                                                                                             
------------------------------------------------------------------------------------------------------------------------------------------------------------------------------------------------------------------------------------
 [                                                                                                                                                                                                                                 +
   {                                                                                                                                                                                                                               +
     "Plan": {                                                                                                                                                                                                                     +
       "Node Type": "Aggregate",                                                                                                                                                                                                   +
       "Strategy": "Plain",                                                                                                                                                                                                        +
       "Partial Mode": "Simple",                                                                                                                                                                                                   +
       "Parallel Aware": false,                                                                                                                                                                                                    +
       "Async Capable": false,                                                                                                                                                                                                     +
       "Startup Cost": 7458.82,                                                                                                                                                                                                    +
       "Total Cost": 7458.83,                                                                                                                                                                                                      +
       "Plan Rows": 1,                                                                                                                                                                                                             +
       "Plan Width": 64,                                                                                                                                                                                                           +
       "Actual Startup Time": 481.577,                                                                                                                                                                                             +
       "Actual Total Time": 481.584,                                                                                                                                                                                               +
       "Actual Rows": 1,                                                                                                                                                                                                           +
       "Actual Loops": 1,                                                                                                                                                                                                          +
       "Output": ["min((mi_idx.info)::text)", "min((t.title)::text)"],                                                                                                                                                             +
       "Plans": [                                                                                                                                                                                                                  +
         {                                                                                                                                                                                                                         +
           "Node Type": "Nested Loop",                                                                                                                                                                                             +
           "Parent Relationship": "Outer",                                                                                                                                                                                         +
           "Parallel Aware": false,                                                                                                                                                                                                +
           "Async Capable": false,                                                                                                                                                                                                 +
           "Join Type": "Inner",                                                                                                                                                                                                   +
           "Startup Cost": 8.07,                                                                                                                                                                                                   +
           "Total Cost": 7458.82,                                                                                                                                                                                                  +
           "Plan Rows": 1,                                                                                                                                                                                                         +
           "Plan Width": 23,                                                                                                                                                                                                       +
           "Actual Startup Time": 17.643,                                                                                                                                                                                          +
           "Actual Total Time": 481.338,                                                                                                                                                                                           +
           "Actual Rows": 761,                                                                                                                                                                                                     +
           "Actual Loops": 1,                                                                                                                                                                                                      +
           "Output": ["mi_idx.info", "t.title"],                                                                                                                                                                                   +
           "Inner Unique": true,                                                                                                                                                                                                   +
           "Join Filter": "(mi_idx.info_type_id = it2.id)",                                                                                                                                                                        +
           "Rows Removed by Join Filter": 1494,                                                                                                                                                                                    +
           "Plans": [                                                                                                                                                                                                              +
             {                                                                                                                                                                                                                     +
               "Node Type": "Nested Loop",                                                                                                                                                                                         +
               "Parent Relationship": "Outer",                                                                                                                                                                                     +
               "Parallel Aware": false,                                                                                                                                                                                            +
               "Async Capable": false,                                                                                                                                                                                             +
               "Join Type": "Inner",                                                                                                                                                                                               +
               "Startup Cost": 8.07,                                                                                                                                                                                               +
               "Total Cost": 7456.39,                                                                                                                                                                                              +
               "Plan Rows": 1,                                                                                                                                                                                                     +
               "Plan Width": 27,                                                                                                                                                                                                   +
               "Actual Startup Time": 16.589,                                                                                                                                                                                      +
               "Actual Total Time": 459.602,                                                                                                                                                                                       +
               "Actual Rows": 2255,                                                                                                                                                                                                +
               "Actual Loops": 1,                                                                                                                                                                                                  +
               "Output": ["mi_idx.info", "mi_idx.info_type_id", "t.title"],                                                                                                                                                        +
               "Inner Unique": false,                                                                                                                                                                                              +
               "Join Filter": "(t.id = mi_idx.movie_id)",                                                                                                                                                                          +
               "Rows Removed by Join Filter": 0,                                                                                                                                                                                   +
               "Plans": [                                                                                                                                                                                                          +
                 {                                                                                                                                                                                                                 +
                   "Node Type": "Nested Loop",                                                                                                                                                                                     +
                   "Parent Relationship": "Outer",                                                                                                                                                                                 +
                   "Parallel Aware": false,                                                                                                                                                                                        +
                   "Async Capable": false,                                                                                                                                                                                         +
                   "Join Type": "Inner",                                                                                                                                                                                           +
                   "Startup Cost": 7.65,                                                                                                                                                                                           +
                   "Total Cost": 7455.86,                                                                                                                                                                                          +
                   "Plan Rows": 1,                                                                                                                                                                                                 +
                   "Plan Width": 29,                                                                                                                                                                                               +
                   "Actual Startup Time": 16.543,                                                                                                                                                                                  +
                   "Actual Total Time": 448.605,                                                                                                                                                                                   +
                   "Actual Rows": 1281,                                                                                                                                                                                            +
                   "Actual Loops": 1,                                                                                                                                                                                              +
                   "Output": ["mi.movie_id", "mk.movie_id", "t.title", "t.id"],                                                                                                                                                    +
                   "Inner Unique": true,                                                                                                                                                                                           +
                   "Join Filter": "(mi.info_type_id = it1.id)",                                                                                                                                                                    +
                   "Rows Removed by Join Filter": 164,                                                                                                                                                                             +
                   "Plans": [                                                                                                                                                                                                      +
                     {                                                                                                                                                                                                             +
                       "Node Type": "Nested Loop",                                                                                                                                                                                 +
                       "Parent Relationship": "Outer",                                                                                                                                                                             +
                       "Parallel Aware": false,                                                                                                                                                                                    +
                       "Async Capable": false,                                                                                                                                                                                     +
                       "Join Type": "Inner",                                                                                                                                                                                       +
                       "Startup Cost": 7.65,                                                                                                                                                                                       +
                       "Total Cost": 7453.43,                                                                                                                                                                                      +
                       "Plan Rows": 1,                                                                                                                                                                                             +
                       "Plan Width": 33,                                                                                                                                                                                           +
                       "Actual Startup Time": 16.533,                                                                                                                                                                              +
                       "Actual Total Time": 443.625,                                                                                                                                                                               +
                       "Actual Rows": 1445,                                                                                                                                                                                        +
                       "Actual Loops": 1,                                                                                                                                                                                          +
                       "Output": ["mk.movie_id", "mi.movie_id", "mi.info_type_id", "t.title", "t.id"],                                                                                                                             +
                       "Inner Unique": false,                                                                                                                                                                                      +
                       "Join Filter": "(t.id = mi.movie_id)",                                                                                                                                                                      +
                       "Rows Removed by Join Filter": 0,                                                                                                                                                                           +
                       "Plans": [                                                                                                                                                                                                  +
                         {                                                                                                                                                                                                         +
                           "Node Type": "Nested Loop",                                                                                                                                                                             +
                           "Parent Relationship": "Outer",                                                                                                                                                                         +
                           "Parallel Aware": false,                                                                                                                                                                                +
                           "Async Capable": false,                                                                                                                                                                                 +
                           "Join Type": "Inner",                                                                                                                                                                                   +
                           "Startup Cost": 7.21,                                                                                                                                                                                   +
                           "Total Cost": 7451.61,                                                                                                                                                                                  +
                           "Plan Rows": 1,                                                                                                                                                                                         +
                           "Plan Width": 25,                                                                                                                                                                                       +
                           "Actual Startup Time": 16.437,                                                                                                                                                                          +
                           "Actual Total Time": 343.146,                                                                                                                                                                           +
                           "Actual Rows": 1966,                                                                                                                                                                                    +
                           "Actual Loops": 1,                                                                                                                                                                                      +
                           "Output": ["mk.movie_id", "t.title", "t.id"],                                                                                                                                                           +
                           "Inner Unique": true,                                                                                                                                                                                   +
                           "Join Filter": "(t.kind_id = kt.id)",                                                                                                                                                                   +
                           "Rows Removed by Join Filter": 616,                                                                                                                                                                     +
                           "Plans": [                                                                                                                                                                                              +
                             {                                                                                                                                                                                                     +
                               "Node Type": "Nested Loop",                                                                                                                                                                         +
                               "Parent Relationship": "Outer",                                                                                                                                                                     +
                               "Parallel Aware": false,                                                                                                                                                                            +
                               "Async Capable": false,                                                                                                                                                                             +
                               "Join Type": "Inner",                                                                                                                                                                               +
                               "Startup Cost": 7.21,                                                                                                                                                                               +
                               "Total Cost": 7427.27,                                                                                                                                                                              +
                               "Plan Rows": 21,                                                                                                                                                                                    +
                               "Plan Width": 29,                                                                                                                                                                                   +
                               "Actual Startup Time": 5.260,                                                                                                                                                                       +
                               "Actual Total Time": 342.291,                                                                                                                                                                       +
                               "Actual Rows": 2582,                                                                                                                                                                                +
                               "Actual Loops": 1,                                                                                                                                                                                  +
                               "Output": ["mk.movie_id", "t.title", "t.kind_id", "t.id"],                                                                                                                                          +
                               "Inner Unique": true,                                                                                                                                                                               +
                               "Plans": [                                                                                                                                                                                          +
                                 {                                                                                                                                                                                                 +
                                   "Node Type": "Nested Loop",                                                                                                                                                                     +
                                   "Parent Relationship": "Outer",                                                                                                                                                                 +
                                   "Parallel Aware": false,                                                                                                                                                                        +
                                   "Async Capable": false,                                                                                                                                                                         +
                                   "Join Type": "Inner",                                                                                                                                                                           +
                                   "Startup Cost": 6.78,                                                                                                                                                                           +
                                   "Total Cost": 7361.15,                                                                                                                                                                          +
                                   "Plan Rows": 135,                                                                                                                                                                               +
                                   "Plan Width": 4,                                                                                                                                                                                +
                                   "Actual Startup Time": 4.892,                                                                                                                                                                   +
                                   "Actual Total Time": 184.037,                                                                                                                                                                   +
                                   "Actual Rows": 37091,                                                                                                                                                                           +
                                   "Actual Loops": 1,                                                                                                                                                                              +
                                   "Output": ["mk.movie_id"],                                                                                                                                                                      +
                                   "Inner Unique": false,                                                                                                                                                                          +
                                   "Plans": [                                                                                                                                                                                      +
                                     {                                                                                                                                                                                             +
                                       "Node Type": "Seq Scan",                                                                                                                                                                    +
                                       "Parent Relationship": "Outer",                                                                                                                                                             +
                                       "Parallel Aware": false,                                                                                                                                                                    +
                                       "Async Capable": false,                                                                                                                                                                     +
                                       "Relation Name": "keyword",                                                                                                                                                                 +
                                       "Schema": "public",                                                                                                                                                                         +
                                       "Alias": "k",                                                                                                                                                                               +
                                       "Startup Cost": 0.00,                                                                                                                                                                       +
                                       "Total Cost": 2961.55,                                                                                                                                                                      +
                                       "Plan Rows": 4,                                                                                                                                                                             +
                                       "Plan Width": 4,                                                                                                                                                                            +
                                       "Actual Startup Time": 1.340,                                                                                                                                                               +
                                       "Actual Total Time": 22.186,                                                                                                                                                                +
                                       "Actual Rows": 3,                                                                                                                                                                           +
                                       "Actual Loops": 1,                                                                                                                                                                          +
                                       "Output": ["k.id", "k.keyword", "k.phonetic_code"],                                                                                                                                         +
                                       "Filter": "((k.keyword)::text = ANY ('{murder,murder-in-title,blood,violence}'::text[]))",                                                                                                  +
                                       "Rows Removed by Filter": 134167                                                                                                                                                            +
                                     },                                                                                                                                                                                            +
                                     {                                                                                                                                                                                             +
                                       "Node Type": "Bitmap Heap Scan",                                                                                                                                                            +
                                       "Parent Relationship": "Inner",                                                                                                                                                             +
                                       "Parallel Aware": false,                                                                                                                                                                    +
                                       "Async Capable": false,                                                                                                                                                                     +
                                       "Relation Name": "movie_keyword",                                                                                                                                                           +
                                       "Schema": "public",                                                                                                                                                                         +
                                       "Alias": "mk",                                                                                                                                                                              +
                                       "Startup Cost": 6.78,                                                                                                                                                                       +
                                       "Total Cost": 1096.87,                                                                                                                                                                      +
                                       "Plan Rows": 303,                                                                                                                                                                           +
                                       "Plan Width": 8,                                                                                                                                                                            +
                                       "Actual Startup Time": 3.118,                                                                                                                                                               +
                                       "Actual Total Time": 52.530,                                                                                                                                                                +
                                       "Actual Rows": 12364,                                                                                                                                                                       +
                                       "Actual Loops": 3,                                                                                                                                                                          +
                                       "Output": ["mk.id", "mk.movie_id", "mk.keyword_id"],                                                                                                                                        +
                                       "Recheck Cond": "(mk.keyword_id = k.id)",                                                                                                                                                   +
                                       "Rows Removed by Index Recheck": 0,                                                                                                                                                         +
                                       "Exact Heap Blocks": 26312,                                                                                                                                                                 +
                                       "Lossy Heap Blocks": 0,                                                                                                                                                                     +
                                       "Plans": [                                                                                                                                                                                  +
                                         {                                                                                                                                                                                         +
                                           "Node Type": "Bitmap Index Scan",                                                                                                                                                       +
                                           "Parent Relationship": "Outer",                                                                                                                                                         +
                                           "Parallel Aware": false,                                                                                                                                                                +
                                           "Async Capable": false,                                                                                                                                                                 +
                                           "Index Name": "keyword_id_movie_keyword",                                                                                                                                               +
                                           "Startup Cost": 0.00,                                                                                                                                                                   +
                                           "Total Cost": 6.71,                                                                                                                                                                     +
                                           "Plan Rows": 303,                                                                                                                                                                       +
                                           "Plan Width": 0,                                                                                                                                                                        +
                                           "Actual Startup Time": 1.642,                                                                                                                                                           +
                                           "Actual Total Time": 1.642,                                                                                                                                                             +
                                           "Actual Rows": 12364,                                                                                                                                                                   +
                                           "Actual Loops": 3,                                                                                                                                                                      +
                                           "Index Cond": "(mk.keyword_id = k.id)"                                                                                                                                                  +
                                         }                                                                                                                                                                                         +
                                       ]                                                                                                                                                                                           +
                                     }                                                                                                                                                                                             +
                                   ]                                                                                                                                                                                               +
                                 },                                                                                                                                                                                                +
                                 {                                                                                                                                                                                                 +
                                   "Node Type": "Index Scan",                                                                                                                                                                      +
                                   "Parent Relationship": "Inner",                                                                                                                                                                 +
                                   "Parallel Aware": false,                                                                                                                                                                        +
                                   "Async Capable": false,                                                                                                                                                                         +
                                   "Scan Direction": "Forward",                                                                                                                                                                    +
                                   "Index Name": "title_pkey",                                                                                                                                                                     +
                                   "Relation Name": "title",                                                                                                                                                                       +
                                   "Schema": "public",                                                                                                                                                                             +
                                   "Alias": "t",                                                                                                                                                                                   +
                                   "Startup Cost": 0.43,                                                                                                                                                                           +
                                   "Total Cost": 0.49,                                                                                                                                                                             +
                                   "Plan Rows": 1,                                                                                                                                                                                 +
                                   "Plan Width": 25,                                                                                                                                                                               +
                                   "Actual Startup Time": 0.004,                                                                                                                                                                   +
                                   "Actual Total Time": 0.004,                                                                                                                                                                     +
                                   "Actual Rows": 0,                                                                                                                                                                               +
                                   "Actual Loops": 37091,                                                                                                                                                                          +
                                   "Output": ["t.id", "t.title", "t.imdb_index", "t.kind_id", "t.production_year", "t.imdb_id", "t.phonetic_code", "t.episode_of_id", "t.season_nr", "t.episode_nr", "t.series_years", "t.md5sum"],+
                                   "Index Cond": "(t.id = mk.movie_id)",                                                                                                                                                           +
                                   "Rows Removed by Index Recheck": 0,                                                                                                                                                             +
                                   "Filter": "(t.production_year > 2010)",                                                                                                                                                         +
                                   "Rows Removed by Filter": 1                                                                                                                                                                     +
                                 }                                                                                                                                                                                                 +
                               ]                                                                                                                                                                                                   +
                             },                                                                                                                                                                                                    +
                             {                                                                                                                                                                                                     +
                               "Node Type": "Materialize",                                                                                                                                                                         +
                               "Parent Relationship": "Inner",                                                                                                                                                                     +
                               "Parallel Aware": false,                                                                                                                                                                            +
                               "Async Capable": false,                                                                                                                                                                             +
                               "Startup Cost": 0.00,                                                                                                                                                                               +
                               "Total Cost": 22.77,                                                                                                                                                                                +
                               "Plan Rows": 5,                                                                                                                                                                                     +
                               "Plan Width": 4,                                                                                                                                                                                    +
                               "Actual Startup Time": 0.000,                                                                                                                                                                       +
                               "Actual Total Time": 0.000,                                                                                                                                                                         +
                               "Actual Rows": 1,                                                                                                                                                                                   +
                               "Actual Loops": 2582,                                                                                                                                                                               +
                               "Output": ["kt.id"],                                                                                                                                                                                +
                               "Plans": [                                                                                                                                                                                          +
                                 {                                                                                                                                                                                                 +
                                   "Node Type": "Seq Scan",                                                                                                                                                                        +
                                   "Parent Relationship": "Outer",                                                                                                                                                                 +
                                   "Parallel Aware": false,                                                                                                                                                                        +
                                   "Async Capable": false,                                                                                                                                                                         +
                                   "Relation Name": "kind_type",                                                                                                                                                                   +
                                   "Schema": "public",                                                                                                                                                                             +
                                   "Alias": "kt",                                                                                                                                                                                  +
                                   "Startup Cost": 0.00,                                                                                                                                                                           +
                                   "Total Cost": 22.75,                                                                                                                                                                            +
                                   "Plan Rows": 5,                                                                                                                                                                                 +
                                   "Plan Width": 4,                                                                                                                                                                                +
                                   "Actual Startup Time": 0.007,                                                                                                                                                                   +
                                   "Actual Total Time": 0.009,                                                                                                                                                                     +
                                   "Actual Rows": 1,                                                                                                                                                                               +
                                   "Actual Loops": 1,                                                                                                                                                                              +
                                   "Output": ["kt.id"],                                                                                                                                                                            +
                                   "Filter": "((kt.kind)::text = 'movie'::text)",                                                                                                                                                  +
                                   "Rows Removed by Filter": 6                                                                                                                                                                     +
                                 }                                                                                                                                                                                                 +
                               ]                                                                                                                                                                                                   +
                             }                                                                                                                                                                                                     +
                           ]                                                                                                                                                                                                       +
                         },                                                                                                                                                                                                        +
                         {                                                                                                                                                                                                         +
                           "Node Type": "Index Scan",                                                                                                                                                                              +
                           "Parent Relationship": "Inner",                                                                                                                                                                         +
                           "Parallel Aware": false,                                                                                                                                                                                +
                           "Async Capable": false,                                                                                                                                                                                 +
                           "Scan Direction": "Forward",                                                                                                                                                                            +
                           "Index Name": "movie_id_movie_info",                                                                                                                                                                    +
                           "Relation Name": "movie_info",                                                                                                                                                                          +
                           "Schema": "public",                                                                                                                                                                                     +
                           "Alias": "mi",                                                                                                                                                                                          +
                           "Startup Cost": 0.43,                                                                                                                                                                                   +
                           "Total Cost": 1.79,                                                                                                                                                                                     +
                           "Plan Rows": 2,                                                                                                                                                                                         +
                           "Plan Width": 8,                                                                                                                                                                                        +
                           "Actual Startup Time": 0.044,                                                                                                                                                                           +
                           "Actual Total Time": 0.051,                                                                                                                                                                             +
                           "Actual Rows": 1,                                                                                                                                                                                       +
                           "Actual Loops": 1966,                                                                                                                                                                                   +
                           "Output": ["mi.id", "mi.movie_id", "mi.info_type_id", "mi.info", "mi.note"],                                                                                                                            +
                           "Index Cond": "(mi.movie_id = mk.movie_id)",                                                                                                                                                            +
                           "Rows Removed by Index Recheck": 0,                                                                                                                                                                     +
                           "Filter": "((mi.info)::text = ANY ('{Sweden,Norway,Germany,Denmark,Swedish,Denish,Norwegian,German,USA,American}'::text[]))",                                                                           +
                           "Rows Removed by Filter": 47                                                                                                                                                                            +
                         }                                                                                                                                                                                                         +
                       ]                                                                                                                                                                                                           +
                     },                                                                                                                                                                                                            +
                     {                                                                                                                                                                                                             +
                       "Node Type": "Seq Scan",                                                                                                                                                                                    +
                       "Parent Relationship": "Inner",                                                                                                                                                                             +
                       "Parallel Aware": false,                                                                                                                                                                                    +
                       "Async Capable": false,                                                                                                                                                                                     +
                       "Relation Name": "info_type",                                                                                                                                                                               +
                       "Schema": "public",                                                                                                                                                                                         +
                       "Alias": "it1",                                                                                                                                                                                             +
                       "Startup Cost": 0.00,                                                                                                                                                                                       +
                       "Total Cost": 2.41,                                                                                                                                                                                         +
                       "Plan Rows": 1,                                                                                                                                                                                             +
                       "Plan Width": 4,                                                                                                                                                                                            +
                       "Actual Startup Time": 0.002,                                                                                                                                                                               +
                       "Actual Total Time": 0.003,                                                                                                                                                                                 +
                       "Actual Rows": 1,                                                                                                                                                                                           +
                       "Actual Loops": 1445,                                                                                                                                                                                       +
                       "Output": ["it1.id", "it1.info"],                                                                                                                                                                           +
                       "Filter": "((it1.info)::text = 'countries'::text)",                                                                                                                                                         +
                       "Rows Removed by Filter": 19                                                                                                                                                                                +
                     }                                                                                                                                                                                                             +
                   ]                                                                                                                                                                                                               +
                 },                                                                                                                                                                                                                +
                 {                                                                                                                                                                                                                 +
                   "Node Type": "Index Scan",                                                                                                                                                                                      +
                   "Parent Relationship": "Inner",                                                                                                                                                                                 +
                   "Parallel Aware": false,                                                                                                                                                                                        +
                   "Async Capable": false,                                                                                                                                                                                         +
                   "Scan Direction": "Forward",                                                                                                                                                                                    +
                   "Index Name": "movie_id_movie_info_idx",                                                                                                                                                                        +
                   "Relation Name": "movie_info_idx",                                                                                                                                                                              +
                   "Schema": "public",                                                                                                                                                                                             +
                   "Alias": "mi_idx",                                                                                                                                                                                              +
                   "Startup Cost": 0.43,                                                                                                                                                                                           +
                   "Total Cost": 0.50,                                                                                                                                                                                             +
                   "Plan Rows": 3,                                                                                                                                                                                                 +
                   "Plan Width": 14,                                                                                                                                                                                               +
                   "Actual Startup Time": 0.008,                                                                                                                                                                                   +
                   "Actual Total Time": 0.008,                                                                                                                                                                                     +
                   "Actual Rows": 2,                                                                                                                                                                                               +
                   "Actual Loops": 1281,                                                                                                                                                                                           +
                   "Output": ["mi_idx.id", "mi_idx.movie_id", "mi_idx.info_type_id", "mi_idx.info", "mi_idx.note"],                                                                                                                +
                   "Index Cond": "(mi_idx.movie_id = mk.movie_id)",                                                                                                                                                                +
                   "Rows Removed by Index Recheck": 0,                                                                                                                                                                             +
                   "Filter": "((mi_idx.info)::text < '8.5'::text)",                                                                                                                                                                +
                   "Rows Removed by Filter": 0                                                                                                                                                                                     +
                 }                                                                                                                                                                                                                 +
               ]                                                                                                                                                                                                                   +
             },                                                                                                                                                                                                                    +
             {                                                                                                                                                                                                                     +
               "Node Type": "Seq Scan",                                                                                                                                                                                            +
               "Parent Relationship": "Inner",                                                                                                                                                                                     +
               "Parallel Aware": false,                                                                                                                                                                                            +
               "Async Capable": false,                                                                                                                                                                                             +
               "Relation Name": "info_type",                                                                                                                                                                                       +
               "Schema": "public",                                                                                                                                                                                                 +
               "Alias": "it2",                                                                                                                                                                                                     +
               "Startup Cost": 0.00,                                                                                                                                                                                               +
               "Total Cost": 2.41,                                                                                                                                                                                                 +
               "Plan Rows": 1,                                                                                                                                                                                                     +
               "Plan Width": 4,                                                                                                                                                                                                    +
               "Actual Startup Time": 0.008,                                                                                                                                                                                       +
               "Actual Total Time": 0.009,                                                                                                                                                                                         +
               "Actual Rows": 1,                                                                                                                                                                                                   +
               "Actual Loops": 2255,                                                                                                                                                                                               +
               "Output": ["it2.id", "it2.info"],                                                                                                                                                                                   +
               "Filter": "((it2.info)::text = 'rating'::text)",                                                                                                                                                                    +
               "Rows Removed by Filter": 108                                                                                                                                                                                       +
             }                                                                                                                                                                                                                     +
           ]                                                                                                                                                                                                                       +
         }                                                                                                                                                                                                                         +
       ]                                                                                                                                                                                                                           +
     },                                                                                                                                                                                                                            +
     "Planning Time": 9.593,                                                                                                                                                                                                       +
     "Triggers": [                                                                                                                                                                                                                 +
     ],                                                                                                                                                                                                                            +
     "Execution Time": 481.780                                                                                                                                                                                                     +
   }                                                                                                                                                                                                                               +
 ]
(1 row)

