                                                                                                             QUERY PLAN                                                                                                             
------------------------------------------------------------------------------------------------------------------------------------------------------------------------------------------------------------------------------------
 [                                                                                                                                                                                                                                 +
   {                                                                                                                                                                                                                               +
     "Plan": {                                                                                                                                                                                                                     +
       "Node Type": "Aggregate",                                                                                                                                                                                                   +
       "Strategy": "Plain",                                                                                                                                                                                                        +
       "Partial Mode": "Simple",                                                                                                                                                                                                   +
       "Parallel Aware": false,                                                                                                                                                                                                    +
       "Async Capable": false,                                                                                                                                                                                                     +
       "Startup Cost": 4917.27,                                                                                                                                                                                                    +
       "Total Cost": 4917.28,                                                                                                                                                                                                      +
       "Plan Rows": 1,                                                                                                                                                                                                             +
       "Plan Width": 64,                                                                                                                                                                                                           +
       "Actual Startup Time": 162.764,                                                                                                                                                                                             +
       "Actual Total Time": 162.769,                                                                                                                                                                                               +
       "Actual Rows": 1,                                                                                                                                                                                                           +
       "Actual Loops": 1,                                                                                                                                                                                                          +
       "Output": ["min((mi_idx.info)::text)", "min((t.title)::text)"],                                                                                                                                                             +
       "Plans": [                                                                                                                                                                                                                  +
         {                                                                                                                                                                                                                         +
           "Node Type": "Nested Loop",                                                                                                                                                                                             +
           "Parent Relationship": "Outer",                                                                                                                                                                                         +
           "Parallel Aware": false,                                                                                                                                                                                                +
           "Async Capable": false,                                                                                                                                                                                                 +
           "Join Type": "Inner",                                                                                                                                                                                                   +
           "Startup Cost": 8.07,                                                                                                                                                                                                   +
           "Total Cost": 4917.26,                                                                                                                                                                                                  +
           "Plan Rows": 1,                                                                                                                                                                                                         +
           "Plan Width": 23,                                                                                                                                                                                                       +
           "Actual Startup Time": 98.984,                                                                                                                                                                                          +
           "Actual Total Time": 162.755,                                                                                                                                                                                           +
           "Actual Rows": 1,                                                                                                                                                                                                       +
           "Actual Loops": 1,                                                                                                                                                                                                      +
           "Output": ["mi_idx.info", "t.title"],                                                                                                                                                                                   +
           "Inner Unique": true,                                                                                                                                                                                                   +
           "Join Filter": "(t.kind_id = kt.id)",                                                                                                                                                                                   +
           "Rows Removed by Join Filter": 1,                                                                                                                                                                                       +
           "Plans": [                                                                                                                                                                                                              +
             {                                                                                                                                                                                                                     +
               "Node Type": "Nested Loop",                                                                                                                                                                                         +
               "Parent Relationship": "Outer",                                                                                                                                                                                     +
               "Parallel Aware": false,                                                                                                                                                                                            +
               "Async Capable": false,                                                                                                                                                                                             +
               "Join Type": "Inner",                                                                                                                                                                                               +
               "Startup Cost": 8.07,                                                                                                                                                                                               +
               "Total Cost": 4894.45,                                                                                                                                                                                              +
               "Plan Rows": 1,                                                                                                                                                                                                     +
               "Plan Width": 27,                                                                                                                                                                                                   +
               "Actual Startup Time": 7.420,                                                                                                                                                                                       +
               "Actual Total Time": 162.744,                                                                                                                                                                                       +
               "Actual Rows": 2,                                                                                                                                                                                                   +
               "Actual Loops": 1,                                                                                                                                                                                                  +
               "Output": ["mi_idx.info", "t.title", "t.kind_id"],                                                                                                                                                                  +
               "Inner Unique": true,                                                                                                                                                                                               +
               "Join Filter": "(mi_idx.info_type_id = it2.id)",                                                                                                                                                                    +
               "Rows Removed by Join Filter": 1,                                                                                                                                                                                   +
               "Plans": [                                                                                                                                                                                                          +
                 {                                                                                                                                                                                                                 +
                   "Node Type": "Nested Loop",                                                                                                                                                                                     +
                   "Parent Relationship": "Outer",                                                                                                                                                                                 +
                   "Parallel Aware": false,                                                                                                                                                                                        +
                   "Async Capable": false,                                                                                                                                                                                         +
                   "Join Type": "Inner",                                                                                                                                                                                           +
                   "Startup Cost": 8.07,                                                                                                                                                                                           +
                   "Total Cost": 4892.03,                                                                                                                                                                                          +
                   "Plan Rows": 1,                                                                                                                                                                                                 +
                   "Plan Width": 31,                                                                                                                                                                                               +
                   "Actual Startup Time": 7.398,                                                                                                                                                                                   +
                   "Actual Total Time": 162.712,                                                                                                                                                                                   +
                   "Actual Rows": 3,                                                                                                                                                                                               +
                   "Actual Loops": 1,                                                                                                                                                                                              +
                   "Output": ["mi_idx.info", "mi_idx.info_type_id", "t.title", "t.kind_id"],                                                                                                                                       +
                   "Inner Unique": false,                                                                                                                                                                                          +
                   "Join Filter": "(t.id = mi_idx.movie_id)",                                                                                                                                                                      +
                   "Rows Removed by Join Filter": 0,                                                                                                                                                                               +
                   "Plans": [                                                                                                                                                                                                      +
                     {                                                                                                                                                                                                             +
                       "Node Type": "Nested Loop",                                                                                                                                                                                 +
                       "Parent Relationship": "Outer",                                                                                                                                                                             +
                       "Parallel Aware": false,                                                                                                                                                                                    +
                       "Async Capable": false,                                                                                                                                                                                     +
                       "Join Type": "Inner",                                                                                                                                                                                       +
                       "Startup Cost": 7.65,                                                                                                                                                                                       +
                       "Total Cost": 4891.52,                                                                                                                                                                                      +
                       "Plan Rows": 1,                                                                                                                                                                                             +
                       "Plan Width": 33,                                                                                                                                                                                           +
                       "Actual Startup Time": 7.372,                                                                                                                                                                               +
                       "Actual Total Time": 162.595,                                                                                                                                                                               +
                       "Actual Rows": 8,                                                                                                                                                                                           +
                       "Actual Loops": 1,                                                                                                                                                                                          +
                       "Output": ["mi.movie_id", "mk.movie_id", "t.title", "t.kind_id", "t.id"],                                                                                                                                   +
                       "Inner Unique": true,                                                                                                                                                                                       +
                       "Join Filter": "(mi.info_type_id = it1.id)",                                                                                                                                                                +
                       "Rows Removed by Join Filter": 0,                                                                                                                                                                           +
                       "Plans": [                                                                                                                                                                                                  +
                         {                                                                                                                                                                                                         +
                           "Node Type": "Nested Loop",                                                                                                                                                                             +
                           "Parent Relationship": "Outer",                                                                                                                                                                         +
                           "Parallel Aware": false,                                                                                                                                                                                +
                           "Async Capable": false,                                                                                                                                                                                 +
                           "Join Type": "Inner",                                                                                                                                                                                   +
                           "Startup Cost": 7.65,                                                                                                                                                                                   +
                           "Total Cost": 4889.09,                                                                                                                                                                                  +
                           "Plan Rows": 1,                                                                                                                                                                                         +
                           "Plan Width": 37,                                                                                                                                                                                       +
                           "Actual Startup Time": 7.365,                                                                                                                                                                           +
                           "Actual Total Time": 162.547,                                                                                                                                                                           +
                           "Actual Rows": 8,                                                                                                                                                                                       +
                           "Actual Loops": 1,                                                                                                                                                                                      +
                           "Output": ["mk.movie_id", "mi.movie_id", "mi.info_type_id", "t.title", "t.kind_id", "t.id"],                                                                                                            +
                           "Inner Unique": false,                                                                                                                                                                                  +
                           "Join Filter": "(t.id = mi.movie_id)",                                                                                                                                                                  +
                           "Rows Removed by Join Filter": 0,                                                                                                                                                                       +
                           "Plans": [                                                                                                                                                                                              +
                             {                                                                                                                                                                                                     +
                               "Node Type": "Nested Loop",                                                                                                                                                                         +
                               "Parent Relationship": "Outer",                                                                                                                                                                     +
                               "Parallel Aware": false,                                                                                                                                                                            +
                               "Async Capable": false,                                                                                                                                                                             +
                               "Join Type": "Inner",                                                                                                                                                                               +
                               "Startup Cost": 7.21,                                                                                                                                                                               +
                               "Total Cost": 4887.27,                                                                                                                                                                              +
                               "Plan Rows": 1,                                                                                                                                                                                     +
                               "Plan Width": 29,                                                                                                                                                                                   +
                               "Actual Startup Time": 7.174,                                                                                                                                                                       +
                               "Actual Total Time": 161.789,                                                                                                                                                                       +
                               "Actual Rows": 15,                                                                                                                                                                                  +
                               "Actual Loops": 1,                                                                                                                                                                                  +
                               "Output": ["mk.movie_id", "t.title", "t.kind_id", "t.id"],                                                                                                                                          +
                               "Inner Unique": true,                                                                                                                                                                               +
                               "Plans": [                                                                                                                                                                                          +
                                 {                                                                                                                                                                                                 +
                                   "Node Type": "Nested Loop",                                                                                                                                                                     +
                                   "Parent Relationship": "Outer",                                                                                                                                                                 +
                                   "Parallel Aware": false,                                                                                                                                                                        +
                                   "Async Capable": false,                                                                                                                                                                         +
                                   "Join Type": "Inner",                                                                                                                                                                           +
                                   "Startup Cost": 6.78,                                                                                                                                                                           +
                                   "Total Cost": 4853.95,                                                                                                                                                                          +
                                   "Plan Rows": 67,                                                                                                                                                                                +
                                   "Plan Width": 4,                                                                                                                                                                                +
                                   "Actual Startup Time": 5.317,                                                                                                                                                                   +
                                   "Actual Total Time": 72.253,                                                                                                                                                                    +
                                   "Actual Rows": 19528,                                                                                                                                                                           +
                                   "Actual Loops": 1,                                                                                                                                                                              +
                                   "Output": ["mk.movie_id"],                                                                                                                                                                      +
                                   "Inner Unique": false,                                                                                                                                                                          +
                                   "Plans": [                                                                                                                                                                                      +
                                     {                                                                                                                                                                                             +
                                       "Node Type": "Seq Scan",                                                                                                                                                                    +
                                       "Parent Relationship": "Outer",                                                                                                                                                             +
                                       "Parallel Aware": false,                                                                                                                                                                    +
                                       "Async Capable": false,                                                                                                                                                                     +
                                       "Relation Name": "keyword",                                                                                                                                                                 +
                                       "Schema": "public",                                                                                                                                                                         +
                                       "Alias": "k",                                                                                                                                                                               +
                                       "Startup Cost": 0.00,                                                                                                                                                                       +
                                       "Total Cost": 2626.12,                                                                                                                                                                      +
                                       "Plan Rows": 2,                                                                                                                                                                             +
                                       "Plan Width": 4,                                                                                                                                                                            +
                                       "Actual Startup Time": 1.177,                                                                                                                                                               +
                                       "Actual Total Time": 17.709,                                                                                                                                                                +
                                       "Actual Rows": 1,                                                                                                                                                                           +
                                       "Actual Loops": 1,                                                                                                                                                                          +
                                       "Output": ["k.id", "k.keyword", "k.phonetic_code"],                                                                                                                                         +
                                       "Filter": "((k.keyword)::text = ANY ('{murder,murder-in-title}'::text[]))",                                                                                                                 +
                                       "Rows Removed by Filter": 134169                                                                                                                                                            +
                                     },                                                                                                                                                                                            +
                                     {                                                                                                                                                                                             +
                                       "Node Type": "Bitmap Heap Scan",                                                                                                                                                            +
                                       "Parent Relationship": "Inner",                                                                                                                                                             +
                                       "Parallel Aware": false,                                                                                                                                                                    +
                                       "Async Capable": false,                                                                                                                                                                     +
                                       "Relation Name": "movie_keyword",                                                                                                                                                           +
                                       "Schema": "public",                                                                                                                                                                         +
                                       "Alias": "mk",                                                                                                                                                                              +
                                       "Startup Cost": 6.78,                                                                                                                                                                       +
                                       "Total Cost": 1110.88,                                                                                                                                                                      +
                                       "Plan Rows": 303,                                                                                                                                                                           +
                                       "Plan Width": 8,                                                                                                                                                                            +
                                       "Actual Startup Time": 4.136,                                                                                                                                                               +
                                       "Actual Total Time": 52.734,                                                                                                                                                                +
                                       "Actual Rows": 19528,                                                                                                                                                                       +
                                       "Actual Loops": 1,                                                                                                                                                                          +
                                       "Output": ["mk.id", "mk.movie_id", "mk.keyword_id"],                                                                                                                                        +
                                       "Recheck Cond": "(mk.keyword_id = k.id)",                                                                                                                                                   +
                                       "Rows Removed by Index Recheck": 0,                                                                                                                                                         +
                                       "Exact Heap Blocks": 12389,                                                                                                                                                                 +
                                       "Lossy Heap Blocks": 0,                                                                                                                                                                     +
                                       "Plans": [                                                                                                                                                                                  +
                                         {                                                                                                                                                                                         +
                                           "Node Type": "Bitmap Index Scan",                                                                                                                                                       +
                                           "Parent Relationship": "Outer",                                                                                                                                                         +
                                           "Parallel Aware": false,                                                                                                                                                                +
                                           "Async Capable": false,                                                                                                                                                                 +
                                           "Index Name": "keyword_id_movie_keyword",                                                                                                                                               +
                                           "Startup Cost": 0.00,                                                                                                                                                                   +
                                           "Total Cost": 6.71,                                                                                                                                                                     +
                                           "Plan Rows": 303,                                                                                                                                                                       +
                                           "Plan Width": 0,                                                                                                                                                                        +
                                           "Actual Startup Time": 2.205,                                                                                                                                                           +
                                           "Actual Total Time": 2.205,                                                                                                                                                             +
                                           "Actual Rows": 19528,                                                                                                                                                                   +
                                           "Actual Loops": 1,                                                                                                                                                                      +
                                           "Index Cond": "(mk.keyword_id = k.id)"                                                                                                                                                  +
                                         }                                                                                                                                                                                         +
                                       ]                                                                                                                                                                                           +
                                     }                                                                                                                                                                                             +
                                   ]                                                                                                                                                                                               +
                                 },                                                                                                                                                                                                +
                                 {                                                                                                                                                                                                 +
                                   "Node Type": "Index Scan",                                                                                                                                                                      +
                                   "Parent Relationship": "Inner",                                                                                                                                                                 +
                                   "Parallel Aware": false,                                                                                                                                                                        +
                                   "Async Capable": false,                                                                                                                                                                         +
                                   "Scan Direction": "Forward",                                                                                                                                                                    +
                                   "Index Name": "title_pkey",                                                                                                                                                                     +
                                   "Relation Name": "title",                                                                                                                                                                       +
                                   "Schema": "public",                                                                                                                                                                             +
                                   "Alias": "t",                                                                                                                                                                                   +
                                   "Startup Cost": 0.43,                                                                                                                                                                           +
                                   "Total Cost": 0.50,                                                                                                                                                                             +
                                   "Plan Rows": 1,                                                                                                                                                                                 +
                                   "Plan Width": 25,                                                                                                                                                                               +
                                   "Actual Startup Time": 0.004,                                                                                                                                                                   +
                                   "Actual Total Time": 0.004,                                                                                                                                                                     +
                                   "Actual Rows": 0,                                                                                                                                                                               +
                                   "Actual Loops": 19528,                                                                                                                                                                          +
                                   "Output": ["t.id", "t.title", "t.imdb_index", "t.kind_id", "t.production_year", "t.imdb_id", "t.phonetic_code", "t.episode_of_id", "t.season_nr", "t.episode_nr", "t.series_years", "t.md5sum"],+
                                   "Index Cond": "(t.id = mk.movie_id)",                                                                                                                                                           +
                                   "Rows Removed by Index Recheck": 0,                                                                                                                                                             +
                                   "Filter": "((t.production_year > 2010) AND (((t.title)::text ~~ '%murder%'::text) OR ((t.title)::text ~~ '%Murder%'::text) OR ((t.title)::text ~~ '%Mord%'::text)))",                           +
                                   "Rows Removed by Filter": 1                                                                                                                                                                     +
                                 }                                                                                                                                                                                                 +
                               ]                                                                                                                                                                                                   +
                             },                                                                                                                                                                                                    +
                             {                                                                                                                                                                                                     +
                               "Node Type": "Index Scan",                                                                                                                                                                          +
                               "Parent Relationship": "Inner",                                                                                                                                                                     +
                               "Parallel Aware": false,                                                                                                                                                                            +
                               "Async Capable": false,                                                                                                                                                                             +
                               "Scan Direction": "Forward",                                                                                                                                                                        +
                               "Index Name": "movie_id_movie_info",                                                                                                                                                                +
                               "Relation Name": "movie_info",                                                                                                                                                                      +
                               "Schema": "public",                                                                                                                                                                                 +
                               "Alias": "mi",                                                                                                                                                                                      +
                               "Startup Cost": 0.43,                                                                                                                                                                               +
                               "Total Cost": 1.79,                                                                                                                                                                                 +
                               "Plan Rows": 2,                                                                                                                                                                                     +
                               "Plan Width": 8,                                                                                                                                                                                    +
                               "Actual Startup Time": 0.047,                                                                                                                                                                       +
                               "Actual Total Time": 0.049,                                                                                                                                                                         +
                               "Actual Rows": 1,                                                                                                                                                                                   +
                               "Actual Loops": 15,                                                                                                                                                                                 +
                               "Output": ["mi.id", "mi.movie_id", "mi.info_type_id", "mi.info", "mi.note"],                                                                                                                        +
                               "Index Cond": "(mi.movie_id = mk.movie_id)",                                                                                                                                                        +
                               "Rows Removed by Index Recheck": 0,                                                                                                                                                                 +
                               "Filter": "((mi.info)::text = ANY ('{Sweden,Norway,Germany,Denmark,Swedish,Denish,Norwegian,German,USA,American}'::text[]))",                                                                       +
                               "Rows Removed by Filter": 12                                                                                                                                                                        +
                             }                                                                                                                                                                                                     +
                           ]                                                                                                                                                                                                       +
                         },                                                                                                                                                                                                        +
                         {                                                                                                                                                                                                         +
                           "Node Type": "Seq Scan",                                                                                                                                                                                +
                           "Parent Relationship": "Inner",                                                                                                                                                                         +
                           "Parallel Aware": false,                                                                                                                                                                                +
                           "Async Capable": false,                                                                                                                                                                                 +
                           "Relation Name": "info_type",                                                                                                                                                                           +
                           "Schema": "public",                                                                                                                                                                                     +
                           "Alias": "it1",                                                                                                                                                                                         +
                           "Startup Cost": 0.00,                                                                                                                                                                                   +
                           "Total Cost": 2.41,                                                                                                                                                                                     +
                           "Plan Rows": 1,                                                                                                                                                                                         +
                           "Plan Width": 4,                                                                                                                                                                                        +
                           "Actual Startup Time": 0.004,                                                                                                                                                                           +
                           "Actual Total Time": 0.004,                                                                                                                                                                             +
                           "Actual Rows": 1,                                                                                                                                                                                       +
                           "Actual Loops": 8,                                                                                                                                                                                      +
                           "Output": ["it1.id", "it1.info"],                                                                                                                                                                       +
                           "Filter": "((it1.info)::text = 'countries'::text)",                                                                                                                                                     +
                           "Rows Removed by Filter": 7                                                                                                                                                                             +
                         }                                                                                                                                                                                                         +
                       ]                                                                                                                                                                                                           +
                     },                                                                                                                                                                                                            +
                     {                                                                                                                                                                                                             +
                       "Node Type": "Index Scan",                                                                                                                                                                                  +
                       "Parent Relationship": "Inner",                                                                                                                                                                             +
                       "Parallel Aware": false,                                                                                                                                                                                    +
                       "Async Capable": false,                                                                                                                                                                                     +
                       "Scan Direction": "Forward",                                                                                                                                                                                +
                       "Index Name": "movie_id_movie_info_idx",                                                                                                                                                                    +
                       "Relation Name": "movie_info_idx",                                                                                                                                                                          +
                       "Schema": "public",                                                                                                                                                                                         +
                       "Alias": "mi_idx",                                                                                                                                                                                          +
                       "Startup Cost": 0.43,                                                                                                                                                                                       +
                       "Total Cost": 0.50,                                                                                                                                                                                         +
                       "Plan Rows": 1,                                                                                                                                                                                             +
                       "Plan Width": 14,                                                                                                                                                                                           +
                       "Actual Startup Time": 0.013,                                                                                                                                                                               +
                       "Actual Total Time": 0.013,                                                                                                                                                                                 +
                       "Actual Rows": 0,                                                                                                                                                                                           +
                       "Actual Loops": 8,                                                                                                                                                                                          +
                       "Output": ["mi_idx.id", "mi_idx.movie_id", "mi_idx.info_type_id", "mi_idx.info", "mi_idx.note"],                                                                                                            +
                       "Index Cond": "(mi_idx.movie_id = mk.movie_id)",                                                                                                                                                            +
                       "Rows Removed by Index Recheck": 0,                                                                                                                                                                         +
                       "Filter": "((mi_idx.info)::text > '6.0'::text)",                                                                                                                                                            +
                       "Rows Removed by Filter": 1                                                                                                                                                                                 +
                     }                                                                                                                                                                                                             +
                   ]                                                                                                                                                                                                               +
                 },                                                                                                                                                                                                                +
                 {                                                                                                                                                                                                                 +
                   "Node Type": "Seq Scan",                                                                                                                                                                                        +
                   "Parent Relationship": "Inner",                                                                                                                                                                                 +
                   "Parallel Aware": false,                                                                                                                                                                                        +
                   "Async Capable": false,                                                                                                                                                                                         +
                   "Relation Name": "info_type",                                                                                                                                                                                   +
                   "Schema": "public",                                                                                                                                                                                             +
                   "Alias": "it2",                                                                                                                                                                                                 +
                   "Startup Cost": 0.00,                                                                                                                                                                                           +
                   "Total Cost": 2.41,                                                                                                                                                                                             +
                   "Plan Rows": 1,                                                                                                                                                                                                 +
                   "Plan Width": 4,                                                                                                                                                                                                +
                   "Actual Startup Time": 0.009,                                                                                                                                                                                   +
                   "Actual Total Time": 0.009,                                                                                                                                                                                     +
                   "Actual Rows": 1,                                                                                                                                                                                               +
                   "Actual Loops": 3,                                                                                                                                                                                              +
                   "Output": ["it2.id", "it2.info"],                                                                                                                                                                               +
                   "Filter": "((it2.info)::text = 'rating'::text)",                                                                                                                                                                +
                   "Rows Removed by Filter": 104                                                                                                                                                                                   +
                 }                                                                                                                                                                                                                 +
               ]                                                                                                                                                                                                                   +
             },                                                                                                                                                                                                                    +
             {                                                                                                                                                                                                                     +
               "Node Type": "Seq Scan",                                                                                                                                                                                            +
               "Parent Relationship": "Inner",                                                                                                                                                                                     +
               "Parallel Aware": false,                                                                                                                                                                                            +
               "Async Capable": false,                                                                                                                                                                                             +
               "Relation Name": "kind_type",                                                                                                                                                                                       +
               "Schema": "public",                                                                                                                                                                                                 +
               "Alias": "kt",                                                                                                                                                                                                      +
               "Startup Cost": 0.00,                                                                                                                                                                                               +
               "Total Cost": 22.75,                                                                                                                                                                                                +
               "Plan Rows": 5,                                                                                                                                                                                                     +
               "Plan Width": 4,                                                                                                                                                                                                    +
               "Actual Startup Time": 0.003,                                                                                                                                                                                       +
               "Actual Total Time": 0.003,                                                                                                                                                                                         +
               "Actual Rows": 1,                                                                                                                                                                                                   +
               "Actual Loops": 2,                                                                                                                                                                                                  +
               "Output": ["kt.id", "kt.kind"],                                                                                                                                                                                     +
               "Filter": "((kt.kind)::text = 'movie'::text)",                                                                                                                                                                      +
               "Rows Removed by Filter": 3                                                                                                                                                                                         +
             }                                                                                                                                                                                                                     +
           ]                                                                                                                                                                                                                       +
         }                                                                                                                                                                                                                         +
       ]                                                                                                                                                                                                                           +
     },                                                                                                                                                                                                                            +
     "Planning Time": 10.882,                                                                                                                                                                                                      +
     "Triggers": [                                                                                                                                                                                                                 +
     ],                                                                                                                                                                                                                            +
     "Execution Time": 163.000                                                                                                                                                                                                     +
   }                                                                                                                                                                                                                               +
 ]
(1 row)

