                                                                                                   QUERY PLAN                                                                                                   
----------------------------------------------------------------------------------------------------------------------------------------------------------------------------------------------------------------
 Aggregate  (cost=55702.36..55702.37 rows=1 width=64) (actual time=201.650..209.361 rows=1 loops=1)
   Buffers: shared hit=43253 read=4738
   ->  Nested Loop  (cost=1003.30..55702.35 rows=1 width=32) (actual time=186.721..209.344 rows=15 loops=1)
         Buffers: shared hit=43253 read=4738
         ->  Nested Loop  (cost=1003.15..55702.18 rows=1 width=36) (actual time=186.691..209.296 rows=15 loops=1)
               Join Filter: (ci.person_id = n.id)
               Buffers: shared hit=43224 read=4737
               ->  Nested Loop  (cost=1002.72..55700.59 rows=1 width=29) (actual time=180.705..208.381 rows=275 loops=1)
                     Buffers: shared hit=42170 read=4691
                     ->  Nested Loop  (cost=1002.58..55700.40 rows=1 width=33) (actual time=180.694..208.062 rows=275 loops=1)
                           Join Filter: (t.id = mi.movie_id)
                           Buffers: shared hit=41620 read=4691
                           ->  Nested Loop  (cost=1002.14..55679.18 rows=1 width=41) (actual time=180.608..191.198 rows=275 loops=1)
                                 Buffers: shared hit=34210 read=4657
                                 ->  Nested Loop  (cost=1001.72..55677.88 rows=1 width=45) (actual time=180.589..190.712 rows=275 loops=1)
                                       Buffers: shared hit=33110 read=4657
                                       ->  Nested Loop  (cost=1001.29..55676.96 rows=1 width=49) (actual time=180.561..190.008 rows=275 loops=1)
                                             Buffers: shared hit=32295 read=4645
                                             ->  Nested Loop  (cost=1000.87..55676.10 rows=1 width=45) (actual time=180.524..189.441 rows=100 loops=1)
                                                   Join Filter: (t.id = ci.movie_id)
                                                   Buffers: shared hit=32021 read=4618
                                                   ->  Gather  (cost=1000.43..55644.48 rows=1 width=29) (actual time=180.492..188.199 rows=4 loops=1)
                                                         Workers Planned: 2
                                                         Workers Launched: 2
                                                         Buffers: shared hit=31411 read=4617
                                                         ->  Nested Loop  (cost=0.43..54644.38 rows=1 width=29) (actual time=154.215..174.918 rows=1 loops=3)
                                                               Buffers: shared hit=31411 read=4617
                                                               ->  Parallel Seq Scan on title t  (cost=0.00..54433.61 rows=10 width=21) (actual time=32.599..174.811 rows=2 loops=3)
                                                                     Filter: ((production_year >= 2007) AND (production_year <= 2008) AND ((title)::text ~~ '%Kung%Fu%Panda%'::text))
                                                                     Rows Removed by Filter: 842768
                                                                     Buffers: shared hit=31383 read=4615
                                                               ->  Index Scan using movie_id_movie_companies on movie_companies mc  (cost=0.43..21.07 rows=1 width=8) (actual time=0.038..0.041 rows=1 loops=7)
                                                                     Index Cond: (movie_id = t.id)
                                                                     Filter: (((note)::text ~~ '%(200%)%'::text) AND (((note)::text ~~ '%(USA)%'::text) OR ((note)::text ~~ '%(worldwide)%'::text)))
                                                                     Rows Removed by Filter: 6
                                                                     Buffers: shared hit=28 read=2
                                                   ->  Index Scan using movie_id_cast_info on cast_info ci  (cost=0.44..31.61 rows=1 width=16) (actual time=0.010..0.303 rows=25 loops=4)
                                                         Index Cond: (movie_id = mc.movie_id)
                                                         Filter: ((note)::text = '(voice)'::text)
                                                         Rows Removed by Filter: 127
                                                         Buffers: shared hit=610 read=1
                                             ->  Index Only Scan using person_id_aka_name on aka_name an  (cost=0.42..0.84 rows=2 width=4) (actual time=0.005..0.005 rows=3 loops=100)
                                                   Index Cond: (person_id = ci.person_id)
                                                   Heap Fetches: 0
                                                   Buffers: shared hit=274 read=27
                                       ->  Index Only Scan using char_name_pkey on char_name chn  (cost=0.43..0.92 rows=1 width=4) (actual time=0.002..0.002 rows=1 loops=275)
                                             Index Cond: (id = ci.person_role_id)
                                             Heap Fetches: 0
                                             Buffers: shared hit=815 read=12
                                 ->  Index Scan using company_name_pkey on company_name cn  (cost=0.42..1.29 rows=1 width=4) (actual time=0.001..0.001 rows=1 loops=275)
                                       Index Cond: (id = mc.company_id)
                                       Filter: ((country_code)::text = '[us]'::text)
                                       Buffers: shared hit=1100
                           ->  Index Scan using movie_id_movie_info on movie_info mi  (cost=0.43..21.22 rows=1 width=8) (actual time=0.008..0.061 rows=1 loops=275)
                                 Index Cond: (movie_id = ci.movie_id)
                                 Filter: ((info IS NOT NULL) AND (((info)::text ~~ 'Japan:%2007%'::text) OR ((info)::text ~~ 'USA:%2008%'::text)))
                                 Rows Removed by Filter: 295
                                 Buffers: shared hit=7410 read=34
                     ->  Index Scan using info_type_pkey on info_type it  (cost=0.14..0.16 rows=1 width=4) (actual time=0.001..0.001 rows=1 loops=275)
                           Index Cond: (id = mi.info_type_id)
                           Filter: ((info)::text = 'release dates'::text)
                           Buffers: shared hit=550
               ->  Index Scan using name_pkey on name n  (cost=0.43..1.58 rows=1 width=19) (actual time=0.003..0.003 rows=0 loops=275)
                     Index Cond: (id = an.person_id)
                     Filter: (((name)::text ~~ '%Angel%'::text) AND ((gender)::text = 'f'::text))
                     Rows Removed by Filter: 1
                     Buffers: shared hit=1054 read=46
         ->  Index Scan using role_type_pkey on role_type rt  (cost=0.15..0.17 rows=1 width=4) (actual time=0.003..0.003 rows=1 loops=15)
               Index Cond: (id = ci.role_id)
               Filter: ((role)::text = 'actress'::text)
               Buffers: shared hit=29 read=1
 Planning:
   Buffers: shared hit=763 read=129
 Planning Time: 29.128 ms
 Execution Time: 209.616 ms
(75 rows)

