                                                                                                 QUERY PLAN                                                                                                 
------------------------------------------------------------------------------------------------------------------------------------------------------------------------------------------------------------
 Finalize Aggregate  (cost=487527.26..487527.27 rows=1 width=64) (actual time=5581.507..5681.581 rows=1 loops=1)
   Buffers: shared hit=20723025 read=243935
   ->  Gather  (cost=487527.04..487527.25 rows=2 width=64) (actual time=5581.337..5681.564 rows=3 loops=1)
         Workers Planned: 2
         Workers Launched: 2
         Buffers: shared hit=20723025 read=243935
         ->  Partial Aggregate  (cost=486527.04..486527.05 rows=1 width=64) (actual time=5560.799..5560.807 rows=1 loops=3)
               Buffers: shared hit=20723025 read=243935
               ->  Nested Loop  (cost=24.35..486526.68 rows=72 width=32) (actual time=502.336..5484.561 rows=586882 loops=3)
                     Buffers: shared hit=20723025 read=243935
                     ->  Nested Loop  (cost=23.93..486500.08 rows=31 width=40) (actual time=500.986..5050.442 rows=262348 loops=3)
                           Buffers: shared hit=18362279 read=243547
                           ->  Nested Loop  (cost=23.50..486398.27 rows=87 width=44) (actual time=500.839..3156.248 rows=1076352 loops=3)
                                 Join Filter: (t.id = mc.movie_id)
                                 Buffers: shared hit=5449030 read=240570
                                 ->  Hash Join  (cost=23.07..486354.26 rows=17 width=52) (actual time=500.756..2609.305 rows=113945 loops=3)
                                       Hash Cond: (mi.info_type_id = it.id)
                                       Buffers: shared hit=3970636 read=227140
                                       ->  Nested Loop  (cost=20.65..486346.71 rows=1880 width=56) (actual time=473.793..2525.679 rows=540998 loops=3)
                                             Buffers: shared hit=3970575 read=227140
                                             ->  Nested Loop  (cost=20.21..483795.91 rows=121 width=48) (actual time=473.757..2013.098 rows=53102 loops=3)
                                                   Buffers: shared hit=2936039 read=150023
                                                   ->  Nested Loop  (cost=19.79..483480.25 rows=220 width=27) (actual time=473.626..1704.860 rows=85164 loops=3)
                                                         Buffers: shared hit=1945880 read=118208
                                                         ->  Nested Loop  (cost=19.36..481966.98 rows=952 width=8) (actual time=473.590..1533.172 rows=85217 loops=3)
                                                               Buffers: shared hit=934846 read=106636
                                                               ->  Hash Join  (cost=18.93..480159.59 rows=1977 width=12) (actual time=473.528..1358.210 rows=92055 loops=3)
                                                                     Hash Cond: (ci.role_id = rt.id)
                                                                     Buffers: shared hit=154500 read=98190
                                                                     ->  Parallel Seq Scan on cast_info ci  (cost=0.00..479214.15 rows=350865 width=16) (actual time=0.065..1320.092 rows=289159 loops=3)
                                                                           Filter: ((note)::text = ANY ('{(voice),"(voice: Japanese version)","(voice) (uncredited)","(voice: English version)"}'::text[]))
                                                                           Rows Removed by Filter: 11792289
                                                                           Buffers: shared hit=154498 read=98189
                                                                     ->  Hash  (cost=18.88..18.88 rows=4 width=4) (actual time=0.024..0.025 rows=1 loops=3)
                                                                           Buckets: 1024  Batches: 1  Memory Usage: 9kB
                                                                           Buffers: shared hit=2 read=1
                                                                           ->  Seq Scan on role_type rt  (cost=0.00..18.88 rows=4 width=4) (actual time=0.021..0.022 rows=1 loops=3)
                                                                                 Filter: ((role)::text = 'actress'::text)
                                                                                 Rows Removed by Filter: 11
                                                                                 Buffers: shared hit=2 read=1
                                                               ->  Index Only Scan using char_name_pkey on char_name chn  (cost=0.43..0.91 rows=1 width=4) (actual time=0.002..0.002 rows=1 loops=276166)
                                                                     Index Cond: (id = ci.person_role_id)
                                                                     Heap Fetches: 0
                                                                     Buffers: shared hit=780346 read=8446
                                                         ->  Index Scan using name_pkey on name n  (cost=0.43..1.59 rows=1 width=19) (actual time=0.002..0.002 rows=1 loops=255651)
                                                               Index Cond: (id = ci.person_id)
                                                               Filter: ((gender)::text = 'f'::text)
                                                               Rows Removed by Filter: 0
                                                               Buffers: shared hit=1011034 read=11572
                                                   ->  Index Scan using title_pkey on title t  (cost=0.43..1.43 rows=1 width=21) (actual time=0.003..0.003 rows=1 loops=255493)
                                                         Index Cond: (id = ci.movie_id)
                                                         Filter: (production_year > 2000)
                                                         Rows Removed by Filter: 0
                                                         Buffers: shared hit=990159 read=31815
                                             ->  Index Scan using movie_id_movie_info on movie_info mi  (cost=0.43..20.68 rows=40 width=8) (actual time=0.003..0.008 rows=10 loops=159307)
                                                   Index Cond: (movie_id = t.id)
                                                   Buffers: shared hit=1034536 read=77117
                                       ->  Hash  (cost=2.41..2.41 rows=1 width=4) (actual time=26.853..26.853 rows=1 loops=3)
                                             Buckets: 1024  Batches: 1  Memory Usage: 9kB
                                             Buffers: shared hit=3
                                             ->  Seq Scan on info_type it  (cost=0.00..2.41 rows=1 width=4) (actual time=26.833..26.839 rows=1 loops=3)
                                                   Filter: ((info)::text = 'release dates'::text)
                                                   Rows Removed by Filter: 112
                                                   Buffers: shared hit=3
                                 ->  Index Scan using movie_id_movie_companies on movie_companies mc  (cost=0.43..2.53 rows=5 width=8) (actual time=0.002..0.003 rows=9 loops=341836)
                                       Index Cond: (movie_id = mi.movie_id)
                                       Buffers: shared hit=1478394 read=13430
                           ->  Index Scan using company_name_pkey on company_name cn  (cost=0.42..1.17 rows=1 width=4) (actual time=0.002..0.002 rows=0 loops=3229056)
                                 Index Cond: (id = mc.company_id)
                                 Filter: ((country_code)::text = '[us]'::text)
                                 Rows Removed by Filter: 1
                                 Buffers: shared hit=12913249 read=2977
                     ->  Index Only Scan using person_id_aka_name on aka_name an  (cost=0.42..0.84 rows=2 width=4) (actual time=0.001..0.001 rows=2 loops=787043)
                           Index Cond: (person_id = n.id)
                           Heap Fetches: 0
                           Buffers: shared hit=2360746 read=388
 Planning:
   Buffers: shared hit=810 read=128
 Planning Time: 34.164 ms
 JIT:
   Functions: 191
   Options: Inlining false, Optimization false, Expressions true, Deforming true
   Timing: Generation 7.024 ms, Inlining 0.000 ms, Optimization 3.073 ms, Emission 77.567 ms, Total 87.664 ms
 Execution Time: 5701.387 ms
(84 rows)

