                                                                                                QUERY PLAN                                                                                                
----------------------------------------------------------------------------------------------------------------------------------------------------------------------------------------------------------
 Aggregate  (cost=8018.43..8018.44 rows=1 width=128) (actual time=1793.212..1793.301 rows=1 loops=1)
   Buffers: shared hit=1724355 read=191327
   ->  Nested Loop  (cost=1011.93..8018.42 rows=1 width=81) (actual time=31.143..1791.274 rows=4407 loops=1)
         Join Filter: (mi.movie_id = t.id)
         Buffers: shared hit=1724355 read=191327
         ->  Nested Loop  (cost=1011.50..8017.57 rows=1 width=80) (actual time=31.111..1768.984 rows=4407 loops=1)
               Buffers: shared hit=1706755 read=191299
               ->  Nested Loop  (cost=1011.07..8016.49 rows=1 width=69) (actual time=17.782..1710.335 rows=7112 loops=1)
                     Buffers: shared hit=1683721 read=185885
                     ->  Nested Loop  (cost=1010.93..8016.30 rows=1 width=73) (actual time=17.770..1700.269 rows=7740 loops=1)
                           Join Filter: (mi.movie_id = ci.movie_id)
                           Buffers: shared hit=1668241 read=185885
                           ->  Gather  (cost=1010.49..8000.70 rows=1 width=65) (actual time=5.265..547.622 rows=12260 loops=1)
                                 Workers Planned: 2
                                 Workers Launched: 2
                                 Buffers: shared hit=1168198 read=80830
                                 ->  Nested Loop  (cost=10.49..7000.60 rows=1 width=65) (actual time=6.277..685.592 rows=4087 loops=3)
                                       Join Filter: (mi_idx.movie_id = mi.movie_id)
                                       Buffers: shared hit=1168198 read=80830
                                       ->  Hash Join  (cost=10.05..6978.07 rows=2 width=14) (actual time=5.183..165.783 rows=16920 loops=3)
                                             Hash Cond: (mi_idx.info_type_id = it2.id)
                                             Buffers: shared hit=395218 read=16809
                                             ->  Nested Loop  (cost=7.63..6975.07 rows=212 width=18) (actual time=4.795..157.863 rows=50907 loops=3)
                                                   Buffers: shared hit=395123 read=16807
                                                   ->  Nested Loop  (cost=7.20..6920.11 rows=70 width=4) (actual time=4.753..77.660 rows=20699 loops=3)
                                                         Buffers: shared hit=163976 read=10050
                                                         ->  Parallel Index Scan using keyword_pkey on keyword k  (cost=0.42..4734.33 rows=2 width=4) (actual time=0.647..20.600 rows=2 loops=3)
                                                               Filter: ((keyword)::text = ANY ('{murder,blood,gore,death,female-nudity}'::text[]))
                                                               Rows Removed by Filter: 44722
                                                               Buffers: shared hit=132232 read=395
                                                         ->  Bitmap Heap Scan on movie_keyword mk  (cost=6.78..1089.86 rows=303 width=8) (actual time=3.217..32.707 rows=12419 loops=5)
                                                               Recheck Cond: (keyword_id = k.id)
                                                               Heap Blocks: exact=12389
                                                               Buffers: shared hit=31744 read=9655
                                                               ->  Bitmap Index Scan on keyword_id_movie_keyword  (cost=0.00..6.71 rows=303 width=0) (actual time=1.939..1.939 rows=12419 loops=5)
                                                                     Index Cond: (keyword_id = k.id)
                                                                     Buffers: shared hit=37 read=31
                                                   ->  Index Scan using movie_id_movie_info_idx on movie_info_idx mi_idx  (cost=0.43..0.76 rows=3 width=14) (actual time=0.003..0.003 rows=2 loops=62096)
                                                         Index Cond: (movie_id = mk.movie_id)
                                                         Buffers: shared hit=231147 read=6757
                                             ->  Hash  (cost=2.41..2.41 rows=1 width=4) (actual time=0.090..0.091 rows=1 loops=3)
                                                   Buckets: 1024  Batches: 1  Memory Usage: 9kB
                                                   Buffers: shared hit=3
                                                   ->  Seq Scan on info_type it2  (cost=0.00..2.41 rows=1 width=4) (actual time=0.069..0.073 rows=1 loops=3)
                                                         Filter: ((info)::text = 'votes'::text)
                                                         Rows Removed by Filter: 112
                                                         Buffers: shared hit=3
                                       ->  Index Scan using movie_id_movie_info on movie_info mi  (cost=0.43..11.25 rows=1 width=51) (actual time=0.030..0.030 rows=0 loops=50760)
                                             Index Cond: (movie_id = mk.movie_id)
                                             Filter: ((info)::text = 'Horror'::text)
                                             Rows Removed by Filter: 56
                                             Buffers: shared hit=772980 read=64021
                           ->  Index Scan using movie_id_cast_info on cast_info ci  (cost=0.44..15.59 rows=1 width=8) (actual time=0.078..0.094 rows=1 loops=12260)
                                 Index Cond: (movie_id = mk.movie_id)
                                 Filter: ((note)::text = ANY ('{(writer),"(head writer)","(written by)",(story),"(story editor)"}'::text[]))
                                 Rows Removed by Filter: 47
                                 Buffers: shared hit=500043 read=105055
                     ->  Index Scan using info_type_pkey on info_type it1  (cost=0.14..0.16 rows=1 width=4) (actual time=0.001..0.001 rows=1 loops=7740)
                           Index Cond: (id = mi.info_type_id)
                           Filter: ((info)::text = 'genres'::text)
                           Rows Removed by Filter: 0
                           Buffers: shared hit=15480
               ->  Index Scan using name_pkey on name n  (cost=0.43..1.08 rows=1 width=19) (actual time=0.008..0.008 rows=1 loops=7112)
                     Index Cond: (id = ci.person_id)
                     Filter: ((gender)::text = 'm'::text)
                     Rows Removed by Filter: 0
                     Buffers: shared hit=23034 read=5414
         ->  Index Scan using title_pkey on title t  (cost=0.43..0.84 rows=1 width=21) (actual time=0.004..0.004 rows=1 loops=4407)
               Index Cond: (id = mk.movie_id)
               Buffers: shared hit=17600 read=28
 Planning:
   Buffers: shared hit=924 read=4
 Planning Time: 18.656 ms
 Execution Time: 1793.563 ms
(74 rows)

