                                                                                                       QUERY PLAN                                                                                                       
------------------------------------------------------------------------------------------------------------------------------------------------------------------------------------------------------------------------
 [                                                                                                                                                                                                                     +
   {                                                                                                                                                                                                                   +
     "Plan": {                                                                                                                                                                                                         +
       "Node Type": "Aggregate",                                                                                                                                                                                       +
       "Strategy": "Plain",                                                                                                                                                                                            +
       "Partial Mode": "Simple",                                                                                                                                                                                       +
       "Parallel Aware": false,                                                                                                                                                                                        +
       "Async Capable": false,                                                                                                                                                                                         +
       "Startup Cost": 302.69,                                                                                                                                                                                         +
       "Total Cost": 302.70,                                                                                                                                                                                           +
       "Plan Rows": 1,                                                                                                                                                                                                 +
       "Plan Width": 96,                                                                                                                                                                                               +
       "Actual Startup Time": 42.163,                                                                                                                                                                                  +
       "Actual Total Time": 42.168,                                                                                                                                                                                    +
       "Actual Rows": 1,                                                                                                                                                                                               +
       "Actual Loops": 1,                                                                                                                                                                                              +
       "Output": ["min((cn.name)::text)", "min((lt.link)::text)", "min((t.title)::text)"],                                                                                                                             +
       "Plans": [                                                                                                                                                                                                      +
         {                                                                                                                                                                                                             +
           "Node Type": "Nested Loop",                                                                                                                                                                                 +
           "Parent Relationship": "Outer",                                                                                                                                                                             +
           "Parallel Aware": false,                                                                                                                                                                                    +
           "Async Capable": false,                                                                                                                                                                                     +
           "Join Type": "Inner",                                                                                                                                                                                       +
           "Startup Cost": 26.28,                                                                                                                                                                                      +
           "Total Cost": 302.68,                                                                                                                                                                                       +
           "Plan Rows": 1,                                                                                                                                                                                             +
           "Plan Width": 118,                                                                                                                                                                                          +
           "Actual Startup Time": 6.378,                                                                                                                                                                               +
           "Actual Total Time": 42.007,                                                                                                                                                                                +
           "Actual Rows": 477,                                                                                                                                                                                         +
           "Actual Loops": 1,                                                                                                                                                                                          +
           "Output": ["cn.name", "lt.link", "t.title"],                                                                                                                                                                +
           "Inner Unique": true,                                                                                                                                                                                       +
           "Plans": [                                                                                                                                                                                                  +
             {                                                                                                                                                                                                         +
               "Node Type": "Nested Loop",                                                                                                                                                                             +
               "Parent Relationship": "Outer",                                                                                                                                                                         +
               "Parallel Aware": false,                                                                                                                                                                                +
               "Async Capable": false,                                                                                                                                                                                 +
               "Join Type": "Inner",                                                                                                                                                                                   +
               "Startup Cost": 25.86,                                                                                                                                                                                  +
               "Total Cost": 281.92,                                                                                                                                                                                   +
               "Plan Rows": 47,                                                                                                                                                                                        +
               "Plan Width": 122,                                                                                                                                                                                      +
               "Actual Startup Time": 6.316,                                                                                                                                                                           +
               "Actual Total Time": 31.854,                                                                                                                                                                            +
               "Actual Rows": 6483,                                                                                                                                                                                    +
               "Actual Loops": 1,                                                                                                                                                                                      +
               "Output": ["lt.link", "cn.name", "t.title", "mk.keyword_id"],                                                                                                                                           +
               "Inner Unique": false,                                                                                                                                                                                  +
               "Join Filter": "(ml.movie_id = mk.movie_id)",                                                                                                                                                           +
               "Rows Removed by Join Filter": 0,                                                                                                                                                                       +
               "Plans": [                                                                                                                                                                                              +
                 {                                                                                                                                                                                                     +
                   "Node Type": "Nested Loop",                                                                                                                                                                         +
                   "Parent Relationship": "Outer",                                                                                                                                                                     +
                   "Parallel Aware": false,                                                                                                                                                                            +
                   "Async Capable": false,                                                                                                                                                                             +
                   "Join Type": "Inner",                                                                                                                                                                               +
                   "Startup Cost": 25.42,                                                                                                                                                                              +
                   "Total Cost": 279.99,                                                                                                                                                                               +
                   "Plan Rows": 1,                                                                                                                                                                                     +
                   "Plan Width": 138,                                                                                                                                                                                  +
                   "Actual Startup Time": 6.286,                                                                                                                                                                       +
                   "Actual Total Time": 28.888,                                                                                                                                                                        +
                   "Actual Rows": 705,                                                                                                                                                                                 +
                   "Actual Loops": 1,                                                                                                                                                                                  +
                   "Output": ["lt.link", "ml.movie_id", "cc.movie_id", "mc.movie_id", "mi.movie_id", "cn.name", "t.title", "t.id"],                                                                                    +
                   "Inner Unique": true,                                                                                                                                                                               +
                   "Join Filter": "(ml.movie_id = t.id)",                                                                                                                                                              +
                   "Rows Removed by Join Filter": 0,                                                                                                                                                                   +
                   "Plans": [                                                                                                                                                                                          +
                     {                                                                                                                                                                                                 +
                       "Node Type": "Nested Loop",                                                                                                                                                                     +
                       "Parent Relationship": "Outer",                                                                                                                                                                 +
                       "Parallel Aware": false,                                                                                                                                                                        +
                       "Async Capable": false,                                                                                                                                                                         +
                       "Join Type": "Inner",                                                                                                                                                                           +
                       "Startup Cost": 24.99,                                                                                                                                                                          +
                       "Total Cost": 279.38,                                                                                                                                                                           +
                       "Plan Rows": 1,                                                                                                                                                                                 +
                       "Plan Width": 117,                                                                                                                                                                              +
                       "Actual Startup Time": 6.245,                                                                                                                                                                   +
                       "Actual Total Time": 27.532,                                                                                                                                                                    +
                       "Actual Rows": 705,                                                                                                                                                                             +
                       "Actual Loops": 1,                                                                                                                                                                              +
                       "Output": ["lt.link", "ml.movie_id", "cc.movie_id", "mc.movie_id", "mi.movie_id", "cn.name"],                                                                                                   +
                       "Inner Unique": true,                                                                                                                                                                           +
                       "Plans": [                                                                                                                                                                                      +
                         {                                                                                                                                                                                             +
                           "Node Type": "Nested Loop",                                                                                                                                                                 +
                           "Parent Relationship": "Outer",                                                                                                                                                             +
                           "Parallel Aware": false,                                                                                                                                                                    +
                           "Async Capable": false,                                                                                                                                                                     +
                           "Join Type": "Inner",                                                                                                                                                                       +
                           "Startup Cost": 24.84,                                                                                                                                                                      +
                           "Total Cost": 279.20,                                                                                                                                                                       +
                           "Plan Rows": 1,                                                                                                                                                                             +
                           "Plan Width": 121,                                                                                                                                                                          +
                           "Actual Startup Time": 6.234,                                                                                                                                                               +
                           "Actual Total Time": 26.661,                                                                                                                                                                +
                           "Actual Rows": 876,                                                                                                                                                                         +
                           "Actual Loops": 1,                                                                                                                                                                          +
                           "Output": ["lt.link", "ml.movie_id", "cc.movie_id", "cc.status_id", "mc.movie_id", "mi.movie_id", "cn.name"],                                                                               +
                           "Inner Unique": true,                                                                                                                                                                       +
                           "Plans": [                                                                                                                                                                                  +
                             {                                                                                                                                                                                         +
                               "Node Type": "Nested Loop",                                                                                                                                                             +
                               "Parent Relationship": "Outer",                                                                                                                                                         +
                               "Parallel Aware": false,                                                                                                                                                                +
                               "Async Capable": false,                                                                                                                                                                 +
                               "Join Type": "Inner",                                                                                                                                                                   +
                               "Startup Cost": 24.42,                                                                                                                                                                  +
                               "Total Cost": 278.74,                                                                                                                                                                   +
                               "Plan Rows": 1,                                                                                                                                                                         +
                               "Plan Width": 106,                                                                                                                                                                      +
                               "Actual Startup Time": 3.336,                                                                                                                                                           +
                               "Actual Total Time": 22.967,                                                                                                                                                            +
                               "Actual Rows": 2077,                                                                                                                                                                    +
                               "Actual Loops": 1,                                                                                                                                                                      +
                               "Output": ["lt.link", "ml.movie_id", "cc.movie_id", "cc.status_id", "mc.movie_id", "mc.company_id", "mi.movie_id"],                                                                     +
                               "Inner Unique": false,                                                                                                                                                                  +
                               "Join Filter": "(ml.movie_id = mi.movie_id)",                                                                                                                                           +
                               "Rows Removed by Join Filter": 0,                                                                                                                                                       +
                               "Plans": [                                                                                                                                                                              +
                                 {                                                                                                                                                                                     +
                                   "Node Type": "Nested Loop",                                                                                                                                                         +
                                   "Parent Relationship": "Outer",                                                                                                                                                     +
                                   "Parallel Aware": false,                                                                                                                                                            +
                                   "Async Capable": false,                                                                                                                                                             +
                                   "Join Type": "Inner",                                                                                                                                                               +
                                   "Startup Cost": 23.99,                                                                                                                                                              +
                                   "Total Cost": 276.82,                                                                                                                                                               +
                                   "Plan Rows": 1,                                                                                                                                                                     +
                                   "Plan Width": 102,                                                                                                                                                                  +
                                   "Actual Startup Time": 0.614,                                                                                                                                                       +
                                   "Actual Total Time": 7.733,                                                                                                                                                         +
                                   "Actual Rows": 934,                                                                                                                                                                 +
                                   "Actual Loops": 1,                                                                                                                                                                  +
                                   "Output": ["lt.link", "ml.movie_id", "cc.movie_id", "cc.status_id", "mc.movie_id", "mc.company_id"],                                                                                +
                                   "Inner Unique": true,                                                                                                                                                               +
                                   "Plans": [                                                                                                                                                                          +
                                     {                                                                                                                                                                                 +
                                       "Node Type": "Nested Loop",                                                                                                                                                     +
                                       "Parent Relationship": "Outer",                                                                                                                                                 +
                                       "Parallel Aware": false,                                                                                                                                                        +
                                       "Async Capable": false,                                                                                                                                                         +
                                       "Join Type": "Inner",                                                                                                                                                           +
                                       "Startup Cost": 23.83,                                                                                                                                                          +
                                       "Total Cost": 276.36,                                                                                                                                                           +
                                       "Plan Rows": 3,                                                                                                                                                                 +
                                       "Plan Width": 106,                                                                                                                                                              +
                                       "Actual Startup Time": 0.584,                                                                                                                                                   +
                                       "Actual Total Time": 7.272,                                                                                                                                                     +
                                       "Actual Rows": 1043,                                                                                                                                                            +
                                       "Actual Loops": 1,                                                                                                                                                              +
                                       "Output": ["lt.link", "ml.movie_id", "cc.movie_id", "cc.status_id", "mc.movie_id", "mc.company_type_id", "mc.company_id"],                                                      +
                                       "Inner Unique": false,                                                                                                                                                          +
                                       "Join Filter": "(ml.movie_id = mc.movie_id)",                                                                                                                                   +
                                       "Rows Removed by Join Filter": 0,                                                                                                                                               +
                                       "Plans": [                                                                                                                                                                      +
                                         {                                                                                                                                                                             +
                                           "Node Type": "Nested Loop",                                                                                                                                                 +
                                           "Parent Relationship": "Outer",                                                                                                                                             +
                                           "Parallel Aware": false,                                                                                                                                                    +
                                           "Async Capable": false,                                                                                                                                                     +
                                           "Join Type": "Inner",                                                                                                                                                       +
                                           "Startup Cost": 23.40,                                                                                                                                                      +
                                           "Total Cost": 275.09,                                                                                                                                                       +
                                           "Plan Rows": 1,                                                                                                                                                             +
                                           "Plan Width": 94,                                                                                                                                                           +
                                           "Actual Startup Time": 0.536,                                                                                                                                               +
                                           "Actual Total Time": 5.112,                                                                                                                                                 +
                                           "Actual Rows": 257,                                                                                                                                                         +
                                           "Actual Loops": 1,                                                                                                                                                          +
                                           "Output": ["lt.link", "ml.movie_id", "cc.movie_id", "cc.status_id"],                                                                                                        +
                                           "Inner Unique": true,                                                                                                                                                       +
                                           "Plans": [                                                                                                                                                                  +
                                             {                                                                                                                                                                         +
                                               "Node Type": "Nested Loop",                                                                                                                                             +
                                               "Parent Relationship": "Outer",                                                                                                                                         +
                                               "Parallel Aware": false,                                                                                                                                                +
                                               "Async Capable": false,                                                                                                                                                 +
                                               "Join Type": "Inner",                                                                                                                                                   +
                                               "Startup Cost": 23.24,                                                                                                                                                  +
                                               "Total Cost": 272.89,                                                                                                                                                   +
                                               "Plan Rows": 68,                                                                                                                                                        +
                                               "Plan Width": 98,                                                                                                                                                       +
                                               "Actual Startup Time": 0.513,                                                                                                                                           +
                                               "Actual Total Time": 4.968,                                                                                                                                             +
                                               "Actual Rows": 257,                                                                                                                                                     +
                                               "Actual Loops": 1,                                                                                                                                                      +
                                               "Output": ["lt.link", "ml.movie_id", "cc.movie_id", "cc.subject_id", "cc.status_id"],                                                                                   +
                                               "Inner Unique": false,                                                                                                                                                  +
                                               "Plans": [                                                                                                                                                              +
                                                 {                                                                                                                                                                     +
                                                   "Node Type": "Nested Loop",                                                                                                                                         +
                                                   "Parent Relationship": "Outer",                                                                                                                                     +
                                                   "Parallel Aware": false,                                                                                                                                            +
                                                   "Async Capable": false,                                                                                                                                             +
                                                   "Join Type": "Inner",                                                                                                                                               +
                                                   "Startup Cost": 22.82,                                                                                                                                              +
                                                   "Total Cost": 246.88,                                                                                                                                               +
                                                   "Plan Rows": 42,                                                                                                                                                    +
                                                   "Plan Width": 86,                                                                                                                                                   +
                                                   "Actual Startup Time": 0.112,                                                                                                                                       +
                                                   "Actual Total Time": 1.617,                                                                                                                                         +
                                                   "Actual Rows": 2315,                                                                                                                                                +
                                                   "Actual Loops": 1,                                                                                                                                                  +
                                                   "Output": ["lt.link", "ml.movie_id"],                                                                                                                               +
                                                   "Inner Unique": false,                                                                                                                                              +
                                                   "Plans": [                                                                                                                                                          +
                                                     {                                                                                                                                                                 +
                                                       "Node Type": "Seq Scan",                                                                                                                                        +
                                                       "Parent Relationship": "Outer",                                                                                                                                 +
                                                       "Parallel Aware": false,                                                                                                                                        +
                                                       "Async Capable": false,                                                                                                                                         +
                                                       "Relation Name": "link_type",                                                                                                                                   +
                                                       "Schema": "public",                                                                                                                                             +
                                                       "Alias": "lt",                                                                                                                                                  +
                                                       "Startup Cost": 0.00,                                                                                                                                           +
                                                       "Total Cost": 18.88,                                                                                                                                            +
                                                       "Plan Rows": 1,                                                                                                                                                 +
                                                       "Plan Width": 86,                                                                                                                                               +
                                                       "Actual Startup Time": 0.027,                                                                                                                                   +
                                                       "Actual Total Time": 0.032,                                                                                                                                     +
                                                       "Actual Rows": 2,                                                                                                                                               +
                                                       "Actual Loops": 1,                                                                                                                                              +
                                                       "Output": ["lt.id", "lt.link"],                                                                                                                                 +
                                                       "Filter": "((lt.link)::text ~~ '%follow%'::text)",                                                                                                              +
                                                       "Rows Removed by Filter": 16                                                                                                                                    +
                                                     },                                                                                                                                                                +
                                                     {                                                                                                                                                                 +
                                                       "Node Type": "Bitmap Heap Scan",                                                                                                                                +
                                                       "Parent Relationship": "Inner",                                                                                                                                 +
                                                       "Parallel Aware": false,                                                                                                                                        +
                                                       "Async Capable": false,                                                                                                                                         +
                                                       "Relation Name": "movie_link",                                                                                                                                  +
                                                       "Schema": "public",                                                                                                                                             +
                                                       "Alias": "ml",                                                                                                                                                  +
                                                       "Startup Cost": 22.82,                                                                                                                                          +
                                                       "Total Cost": 209.26,                                                                                                                                           +
                                                       "Plan Rows": 1875,                                                                                                                                              +
                                                       "Plan Width": 8,                                                                                                                                                +
                                                       "Actual Startup Time": 0.068,                                                                                                                                   +
                                                       "Actual Total Time": 0.668,                                                                                                                                     +
                                                       "Actual Rows": 1158,                                                                                                                                            +
                                                       "Actual Loops": 2,                                                                                                                                              +
                                                       "Output": ["ml.id", "ml.movie_id", "ml.linked_movie_id", "ml.link_type_id"],                                                                                    +
                                                       "Recheck Cond": "(ml.link_type_id = lt.id)",                                                                                                                    +
                                                       "Rows Removed by Index Recheck": 0,                                                                                                                             +
                                                       "Exact Heap Blocks": 191,                                                                                                                                       +
                                                       "Lossy Heap Blocks": 0,                                                                                                                                         +
                                                       "Plans": [                                                                                                                                                      +
                                                         {                                                                                                                                                             +
                                                           "Node Type": "Bitmap Index Scan",                                                                                                                           +
                                                           "Parent Relationship": "Outer",                                                                                                                             +
                                                           "Parallel Aware": false,                                                                                                                                    +
                                                           "Async Capable": false,                                                                                                                                     +
                                                           "Index Name": "link_type_id_movie_link",                                                                                                                    +
                                                           "Startup Cost": 0.00,                                                                                                                                       +
                                                           "Total Cost": 22.35,                                                                                                                                        +
                                                           "Plan Rows": 1875,                                                                                                                                          +
                                                           "Plan Width": 0,                                                                                                                                            +
                                                           "Actual Startup Time": 0.050,                                                                                                                               +
                                                           "Actual Total Time": 0.050,                                                                                                                                 +
                                                           "Actual Rows": 1158,                                                                                                                                        +
                                                           "Actual Loops": 2,                                                                                                                                          +
                                                           "Index Cond": "(ml.link_type_id = lt.id)"                                                                                                                   +
                                                         }                                                                                                                                                             +
                                                       ]                                                                                                                                                               +
                                                     }                                                                                                                                                                 +
                                                   ]                                                                                                                                                                   +
                                                 },                                                                                                                                                                    +
                                                 {                                                                                                                                                                     +
                                                   "Node Type": "Index Scan",                                                                                                                                          +
                                                   "Parent Relationship": "Inner",                                                                                                                                     +
                                                   "Parallel Aware": false,                                                                                                                                            +
                                                   "Async Capable": false,                                                                                                                                             +
                                                   "Scan Direction": "Forward",                                                                                                                                        +
                                                   "Index Name": "movie_id_complete_cast",                                                                                                                             +
                                                   "Relation Name": "complete_cast",                                                                                                                                   +
                                                   "Schema": "public",                                                                                                                                                 +
                                                   "Alias": "cc",                                                                                                                                                      +
                                                   "Startup Cost": 0.42,                                                                                                                                               +
                                                   "Total Cost": 0.60,                                                                                                                                                 +
                                                   "Plan Rows": 2,                                                                                                                                                     +
                                                   "Plan Width": 12,                                                                                                                                                   +
                                                   "Actual Startup Time": 0.001,                                                                                                                                       +
                                                   "Actual Total Time": 0.001,                                                                                                                                         +
                                                   "Actual Rows": 0,                                                                                                                                                   +
                                                   "Actual Loops": 2315,                                                                                                                                               +
                                                   "Output": ["cc.id", "cc.movie_id", "cc.subject_id", "cc.status_id"],                                                                                                +
                                                   "Index Cond": "(cc.movie_id = ml.movie_id)",                                                                                                                        +
                                                   "Rows Removed by Index Recheck": 0                                                                                                                                  +
                                                 }                                                                                                                                                                     +
                                               ]                                                                                                                                                                       +
                                             },                                                                                                                                                                        +
                                             {                                                                                                                                                                         +
                                               "Node Type": "Memoize",                                                                                                                                                 +
                                               "Parent Relationship": "Inner",                                                                                                                                         +
                                               "Parallel Aware": false,                                                                                                                                                +
                                               "Async Capable": false,                                                                                                                                                 +
                                               "Startup Cost": 0.16,                                                                                                                                                   +
                                               "Total Cost": 0.18,                                                                                                                                                     +
                                               "Plan Rows": 1,                                                                                                                                                         +
                                               "Plan Width": 4,                                                                                                                                                        +
                                               "Actual Startup Time": 0.000,                                                                                                                                           +
                                               "Actual Total Time": 0.000,                                                                                                                                             +
                                               "Actual Rows": 1,                                                                                                                                                       +
                                               "Actual Loops": 257,                                                                                                                                                    +
                                               "Output": ["cct1.id"],                                                                                                                                                  +
                                               "Cache Key": "cc.subject_id",                                                                                                                                           +
                                               "Cache Mode": "logical",                                                                                                                                                +
                                               "Cache Hits": 255,                                                                                                                                                      +
                                               "Cache Misses": 2,                                                                                                                                                      +
                                               "Cache Evictions": 0,                                                                                                                                                   +
                                               "Cache Overflows": 0,                                                                                                                                                   +
                                               "Peak Memory Usage": 1,                                                                                                                                                 +
                                               "Plans": [                                                                                                                                                              +
                                                 {                                                                                                                                                                     +
                                                   "Node Type": "Index Scan",                                                                                                                                          +
                                                   "Parent Relationship": "Outer",                                                                                                                                     +
                                                   "Parallel Aware": false,                                                                                                                                            +
                                                   "Async Capable": false,                                                                                                                                             +
                                                   "Scan Direction": "Forward",                                                                                                                                        +
                                                   "Index Name": "comp_cast_type_pkey",                                                                                                                                +
                                                   "Relation Name": "comp_cast_type",                                                                                                                                  +
                                                   "Schema": "public",                                                                                                                                                 +
                                                   "Alias": "cct1",                                                                                                                                                    +
                                                   "Startup Cost": 0.15,                                                                                                                                               +
                                                   "Total Cost": 0.17,                                                                                                                                                 +
                                                   "Plan Rows": 1,                                                                                                                                                     +
                                                   "Plan Width": 4,                                                                                                                                                    +
                                                   "Actual Startup Time": 0.011,                                                                                                                                       +
                                                   "Actual Total Time": 0.011,                                                                                                                                         +
                                                   "Actual Rows": 1,                                                                                                                                                   +
                                                   "Actual Loops": 2,                                                                                                                                                  +
                                                   "Output": ["cct1.id"],                                                                                                                                              +
                                                   "Index Cond": "(cct1.id = cc.subject_id)",                                                                                                                          +
                                                   "Rows Removed by Index Recheck": 0,                                                                                                                                 +
                                                   "Filter": "((cct1.kind)::text = ANY ('{cast,crew}'::text[]))",                                                                                                      +
                                                   "Rows Removed by Filter": 0                                                                                                                                         +
                                                 }                                                                                                                                                                     +
                                               ]                                                                                                                                                                       +
                                             }                                                                                                                                                                         +
                                           ]                                                                                                                                                                           +
                                         },                                                                                                                                                                            +
                                         {                                                                                                                                                                             +
                                           "Node Type": "Index Scan",                                                                                                                                                  +
                                           "Parent Relationship": "Inner",                                                                                                                                             +
                                           "Parallel Aware": false,                                                                                                                                                    +
                                           "Async Capable": false,                                                                                                                                                     +
                                           "Scan Direction": "Forward",                                                                                                                                                +
                                           "Index Name": "movie_id_movie_companies",                                                                                                                                   +
                                           "Relation Name": "movie_companies",                                                                                                                                         +
                                           "Schema": "public",                                                                                                                                                         +
                                           "Alias": "mc",                                                                                                                                                              +
                                           "Startup Cost": 0.43,                                                                                                                                                       +
                                           "Total Cost": 1.23,                                                                                                                                                         +
                                           "Plan Rows": 3,                                                                                                                                                             +
                                           "Plan Width": 12,                                                                                                                                                           +
                                           "Actual Startup Time": 0.006,                                                                                                                                               +
                                           "Actual Total Time": 0.007,                                                                                                                                                 +
                                           "Actual Rows": 4,                                                                                                                                                           +
                                           "Actual Loops": 257,                                                                                                                                                        +
                                           "Output": ["mc.id", "mc.movie_id", "mc.company_id", "mc.company_type_id", "mc.note"],                                                                                       +
                                           "Index Cond": "(mc.movie_id = cc.movie_id)",                                                                                                                                +
                                           "Rows Removed by Index Recheck": 0,                                                                                                                                         +
                                           "Filter": "(mc.note IS NULL)",                                                                                                                                              +
                                           "Rows Removed by Filter": 3                                                                                                                                                 +
                                         }                                                                                                                                                                             +
                                       ]                                                                                                                                                                               +
                                     },                                                                                                                                                                                +
                                     {                                                                                                                                                                                 +
                                       "Node Type": "Memoize",                                                                                                                                                         +
                                       "Parent Relationship": "Inner",                                                                                                                                                 +
                                       "Parallel Aware": false,                                                                                                                                                        +
                                       "Async Capable": false,                                                                                                                                                         +
                                       "Startup Cost": 0.16,                                                                                                                                                           +
                                       "Total Cost": 0.18,                                                                                                                                                             +
                                       "Plan Rows": 1,                                                                                                                                                                 +
                                       "Plan Width": 4,                                                                                                                                                                +
                                       "Actual Startup Time": 0.000,                                                                                                                                                   +
                                       "Actual Total Time": 0.000,                                                                                                                                                     +
                                       "Actual Rows": 1,                                                                                                                                                               +
                                       "Actual Loops": 1043,                                                                                                                                                           +
                                       "Output": ["ct.id"],                                                                                                                                                            +
                                       "Cache Key": "mc.company_type_id",                                                                                                                                              +
                                       "Cache Mode": "logical",                                                                                                                                                        +
                                       "Cache Hits": 1041,                                                                                                                                                             +
                                       "Cache Misses": 2,                                                                                                                                                              +
                                       "Cache Evictions": 0,                                                                                                                                                           +
                                       "Cache Overflows": 0,                                                                                                                                                           +
                                       "Peak Memory Usage": 1,                                                                                                                                                         +
                                       "Plans": [                                                                                                                                                                      +
                                         {                                                                                                                                                                             +
                                           "Node Type": "Index Scan",                                                                                                                                                  +
                                           "Parent Relationship": "Outer",                                                                                                                                             +
                                           "Parallel Aware": false,                                                                                                                                                    +
                                           "Async Capable": false,                                                                                                                                                     +
                                           "Scan Direction": "Forward",                                                                                                                                                +
                                           "Index Name": "company_type_pkey",                                                                                                                                          +
                                           "Relation Name": "company_type",                                                                                                                                            +
                                           "Schema": "public",                                                                                                                                                         +
                                           "Alias": "ct",                                                                                                                                                              +
                                           "Startup Cost": 0.15,                                                                                                                                                       +
                                           "Total Cost": 0.17,                                                                                                                                                         +
                                           "Plan Rows": 1,                                                                                                                                                             +
                                           "Plan Width": 4,                                                                                                                                                            +
                                           "Actual Startup Time": 0.015,                                                                                                                                               +
                                           "Actual Total Time": 0.015,                                                                                                                                                 +
                                           "Actual Rows": 0,                                                                                                                                                           +
                                           "Actual Loops": 2,                                                                                                                                                          +
                                           "Output": ["ct.id"],                                                                                                                                                        +
                                           "Index Cond": "(ct.id = mc.company_type_id)",                                                                                                                               +
                                           "Rows Removed by Index Recheck": 0,                                                                                                                                         +
                                           "Filter": "((ct.kind)::text = 'production companies'::text)",                                                                                                               +
                                           "Rows Removed by Filter": 0                                                                                                                                                 +
                                         }                                                                                                                                                                             +
                                       ]                                                                                                                                                                               +
                                     }                                                                                                                                                                                 +
                                   ]                                                                                                                                                                                   +
                                 },                                                                                                                                                                                    +
                                 {                                                                                                                                                                                     +
                                   "Node Type": "Index Scan",                                                                                                                                                          +
                                   "Parent Relationship": "Inner",                                                                                                                                                     +
                                   "Parallel Aware": false,                                                                                                                                                            +
                                   "Async Capable": false,                                                                                                                                                             +
                                   "Scan Direction": "Forward",                                                                                                                                                        +
                                   "Index Name": "movie_id_movie_info",                                                                                                                                                +
                                   "Relation Name": "movie_info",                                                                                                                                                      +
                                   "Schema": "public",                                                                                                                                                                 +
                                   "Alias": "mi",                                                                                                                                                                      +
                                   "Startup Cost": 0.43,                                                                                                                                                               +
                                   "Total Cost": 1.91,                                                                                                                                                                 +
                                   "Plan Rows": 1,                                                                                                                                                                     +
                                   "Plan Width": 4,                                                                                                                                                                    +
                                   "Actual Startup Time": 0.014,                                                                                                                                                       +
                                   "Actual Total Time": 0.016,                                                                                                                                                         +
                                   "Actual Rows": 2,                                                                                                                                                                   +
                                   "Actual Loops": 934,                                                                                                                                                                +
                                   "Output": ["mi.id", "mi.movie_id", "mi.info_type_id", "mi.info", "mi.note"],                                                                                                        +
                                   "Index Cond": "(mi.movie_id = mc.movie_id)",                                                                                                                                        +
                                   "Rows Removed by Index Recheck": 0,                                                                                                                                                 +
                                   "Filter": "((mi.info)::text = ANY ('{Sweden,Germany,Swedish,German}'::text[]))",                                                                                                    +
                                   "Rows Removed by Filter": 29                                                                                                                                                        +
                                 }                                                                                                                                                                                     +
                               ]                                                                                                                                                                                       +
                             },                                                                                                                                                                                        +
                             {                                                                                                                                                                                         +
                               "Node Type": "Index Scan",                                                                                                                                                              +
                               "Parent Relationship": "Inner",                                                                                                                                                         +
                               "Parallel Aware": false,                                                                                                                                                                +
                               "Async Capable": false,                                                                                                                                                                 +
                               "Scan Direction": "Forward",                                                                                                                                                            +
                               "Index Name": "company_name_pkey",                                                                                                                                                      +
                               "Relation Name": "company_name",                                                                                                                                                        +
                               "Schema": "public",                                                                                                                                                                     +
                               "Alias": "cn",                                                                                                                                                                          +
                               "Startup Cost": 0.42,                                                                                                                                                                   +
                               "Total Cost": 0.46,                                                                                                                                                                     +
                               "Plan Rows": 1,                                                                                                                                                                         +
                               "Plan Width": 23,                                                                                                                                                                       +
                               "Actual Startup Time": 0.002,                                                                                                                                                           +
                               "Actual Total Time": 0.002,                                                                                                                                                             +
                               "Actual Rows": 0,                                                                                                                                                                       +
                               "Actual Loops": 2077,                                                                                                                                                                   +
                               "Output": ["cn.id", "cn.name", "cn.country_code", "cn.imdb_id", "cn.name_pcode_nf", "cn.name_pcode_sf", "cn.md5sum"],                                                                   +
                               "Index Cond": "(cn.id = mc.company_id)",                                                                                                                                                +
                               "Rows Removed by Index Recheck": 0,                                                                                                                                                     +
                               "Filter": "(((cn.country_code)::text <> '[pl]'::text) AND (((cn.name)::text ~~ '%Film%'::text) OR ((cn.name)::text ~~ '%Warner%'::text)))",                                             +
                               "Rows Removed by Filter": 1                                                                                                                                                             +
                             }                                                                                                                                                                                         +
                           ]                                                                                                                                                                                           +
                         },                                                                                                                                                                                            +
                         {                                                                                                                                                                                             +
                           "Node Type": "Index Scan",                                                                                                                                                                  +
                           "Parent Relationship": "Inner",                                                                                                                                                             +
                           "Parallel Aware": false,                                                                                                                                                                    +
                           "Async Capable": false,                                                                                                                                                                     +
                           "Scan Direction": "Forward",                                                                                                                                                                +
                           "Index Name": "comp_cast_type_pkey",                                                                                                                                                        +
                           "Relation Name": "comp_cast_type",                                                                                                                                                          +
                           "Schema": "public",                                                                                                                                                                         +
                           "Alias": "cct2",                                                                                                                                                                            +
                           "Startup Cost": 0.15,                                                                                                                                                                       +
                           "Total Cost": 0.17,                                                                                                                                                                         +
                           "Plan Rows": 1,                                                                                                                                                                             +
                           "Plan Width": 4,                                                                                                                                                                            +
                           "Actual Startup Time": 0.001,                                                                                                                                                               +
                           "Actual Total Time": 0.001,                                                                                                                                                                 +
                           "Actual Rows": 1,                                                                                                                                                                           +
                           "Actual Loops": 876,                                                                                                                                                                        +
                           "Output": ["cct2.id", "cct2.kind"],                                                                                                                                                         +
                           "Index Cond": "(cct2.id = cc.status_id)",                                                                                                                                                   +
                           "Rows Removed by Index Recheck": 0,                                                                                                                                                         +
                           "Filter": "((cct2.kind)::text = 'complete'::text)",                                                                                                                                         +
                           "Rows Removed by Filter": 0                                                                                                                                                                 +
                         }                                                                                                                                                                                             +
                       ]                                                                                                                                                                                               +
                     },                                                                                                                                                                                                +
                     {                                                                                                                                                                                                 +
                       "Node Type": "Index Scan",                                                                                                                                                                      +
                       "Parent Relationship": "Inner",                                                                                                                                                                 +
                       "Parallel Aware": false,                                                                                                                                                                        +
                       "Async Capable": false,                                                                                                                                                                         +
                       "Scan Direction": "Forward",                                                                                                                                                                    +
                       "Index Name": "title_pkey",                                                                                                                                                                     +
                       "Relation Name": "title",                                                                                                                                                                       +
                       "Schema": "public",                                                                                                                                                                             +
                       "Alias": "t",                                                                                                                                                                                   +
                       "Startup Cost": 0.43,                                                                                                                                                                           +
                       "Total Cost": 0.60,                                                                                                                                                                             +
                       "Plan Rows": 1,                                                                                                                                                                                 +
                       "Plan Width": 21,                                                                                                                                                                               +
                       "Actual Startup Time": 0.001,                                                                                                                                                                   +
                       "Actual Total Time": 0.001,                                                                                                                                                                     +
                       "Actual Rows": 1,                                                                                                                                                                               +
                       "Actual Loops": 705,                                                                                                                                                                            +
                       "Output": ["t.id", "t.title", "t.imdb_index", "t.kind_id", "t.production_year", "t.imdb_id", "t.phonetic_code", "t.episode_of_id", "t.season_nr", "t.episode_nr", "t.series_years", "t.md5sum"],+
                       "Index Cond": "(t.id = mc.movie_id)",                                                                                                                                                           +
                       "Rows Removed by Index Recheck": 0,                                                                                                                                                             +
                       "Filter": "((t.production_year >= 1950) AND (t.production_year <= 2000))",                                                                                                                      +
                       "Rows Removed by Filter": 0                                                                                                                                                                     +
                     }                                                                                                                                                                                                 +
                   ]                                                                                                                                                                                                   +
                 },                                                                                                                                                                                                    +
                 {                                                                                                                                                                                                     +
                   "Node Type": "Index Scan",                                                                                                                                                                          +
                   "Parent Relationship": "Inner",                                                                                                                                                                     +
                   "Parallel Aware": false,                                                                                                                                                                            +
                   "Async Capable": false,                                                                                                                                                                             +
                   "Scan Direction": "Forward",                                                                                                                                                                        +
                   "Index Name": "movie_id_movie_keyword",                                                                                                                                                             +
                   "Relation Name": "movie_keyword",                                                                                                                                                                   +
                   "Schema": "public",                                                                                                                                                                                 +
                   "Alias": "mk",                                                                                                                                                                                      +
                   "Startup Cost": 0.43,                                                                                                                                                                               +
                   "Total Cost": 1.35,                                                                                                                                                                                 +
                   "Plan Rows": 47,                                                                                                                                                                                    +
                   "Plan Width": 8,                                                                                                                                                                                    +
                   "Actual Startup Time": 0.001,                                                                                                                                                                       +
                   "Actual Total Time": 0.003,                                                                                                                                                                         +
                   "Actual Rows": 9,                                                                                                                                                                                   +
                   "Actual Loops": 705,                                                                                                                                                                                +
                   "Output": ["mk.id", "mk.movie_id", "mk.keyword_id"],                                                                                                                                                +
                   "Index Cond": "(mk.movie_id = mc.movie_id)",                                                                                                                                                        +
                   "Rows Removed by Index Recheck": 0                                                                                                                                                                  +
                 }                                                                                                                                                                                                     +
               ]                                                                                                                                                                                                       +
             },                                                                                                                                                                                                        +
             {                                                                                                                                                                                                         +
               "Node Type": "Index Scan",                                                                                                                                                                              +
               "Parent Relationship": "Inner",                                                                                                                                                                         +
               "Parallel Aware": false,                                                                                                                                                                                +
               "Async Capable": false,                                                                                                                                                                                 +
               "Scan Direction": "Forward",                                                                                                                                                                            +
               "Index Name": "keyword_pkey",                                                                                                                                                                           +
               "Relation Name": "keyword",                                                                                                                                                                             +
               "Schema": "public",                                                                                                                                                                                     +
               "Alias": "k",                                                                                                                                                                                           +
               "Startup Cost": 0.42,                                                                                                                                                                                   +
               "Total Cost": 0.44,                                                                                                                                                                                     +
               "Plan Rows": 1,                                                                                                                                                                                         +
               "Plan Width": 4,                                                                                                                                                                                        +
               "Actual Startup Time": 0.001,                                                                                                                                                                           +
               "Actual Total Time": 0.001,                                                                                                                                                                             +
               "Actual Rows": 0,                                                                                                                                                                                       +
               "Actual Loops": 6483,                                                                                                                                                                                   +
               "Output": ["k.id", "k.keyword", "k.phonetic_code"],                                                                                                                                                     +
               "Index Cond": "(k.id = mk.keyword_id)",                                                                                                                                                                 +
               "Rows Removed by Index Recheck": 0,                                                                                                                                                                     +
               "Filter": "((k.keyword)::text = 'sequel'::text)",                                                                                                                                                       +
               "Rows Removed by Filter": 1                                                                                                                                                                             +
             }                                                                                                                                                                                                         +
           ]                                                                                                                                                                                                           +
         }                                                                                                                                                                                                             +
       ]                                                                                                                                                                                                               +
     },                                                                                                                                                                                                                +
     "Planning Time": 69.020,                                                                                                                                                                                          +
     "Triggers": [                                                                                                                                                                                                     +
     ],                                                                                                                                                                                                                +
     "Execution Time": 42.404                                                                                                                                                                                          +
   }                                                                                                                                                                                                                   +
 ]
(1 row)

