                                                                                                               QUERY PLAN                                                                                                               
----------------------------------------------------------------------------------------------------------------------------------------------------------------------------------------------------------------------------------------
 [                                                                                                                                                                                                                                     +
   {                                                                                                                                                                                                                                   +
     "Plan": {                                                                                                                                                                                                                         +
       "Node Type": "Aggregate",                                                                                                                                                                                                       +
       "Strategy": "Plain",                                                                                                                                                                                                            +
       "Partial Mode": "Simple",                                                                                                                                                                                                       +
       "Parallel Aware": false,                                                                                                                                                                                                        +
       "Async Capable": false,                                                                                                                                                                                                         +
       "Startup Cost": 3106.49,                                                                                                                                                                                                        +
       "Total Cost": 3106.50,                                                                                                                                                                                                          +
       "Plan Rows": 1,                                                                                                                                                                                                                 +
       "Plan Width": 96,                                                                                                                                                                                                               +
       "Actual Startup Time": 589.840,                                                                                                                                                                                                 +
       "Actual Total Time": 589.848,                                                                                                                                                                                                   +
       "Actual Rows": 1,                                                                                                                                                                                                               +
       "Actual Loops": 1,                                                                                                                                                                                                              +
       "Output": ["min((cn.name)::text)", "min((mi_idx.info)::text)", "min((t.title)::text)"],                                                                                                                                         +
       "Plans": [                                                                                                                                                                                                                      +
         {                                                                                                                                                                                                                             +
           "Node Type": "Nested Loop",                                                                                                                                                                                                 +
           "Parent Relationship": "Outer",                                                                                                                                                                                             +
           "Parallel Aware": false,                                                                                                                                                                                                    +
           "Async Capable": false,                                                                                                                                                                                                     +
           "Join Type": "Inner",                                                                                                                                                                                                       +
           "Startup Cost": 22.51,                                                                                                                                                                                                      +
           "Total Cost": 3106.48,                                                                                                                                                                                                      +
           "Plan Rows": 1,                                                                                                                                                                                                             +
           "Plan Width": 42,                                                                                                                                                                                                           +
           "Actual Startup Time": 186.642,                                                                                                                                                                                             +
           "Actual Total Time": 589.789,                                                                                                                                                                                               +
           "Actual Rows": 148,                                                                                                                                                                                                         +
           "Actual Loops": 1,                                                                                                                                                                                                          +
           "Output": ["cn.name", "mi_idx.info", "t.title"],                                                                                                                                                                            +
           "Inner Unique": true,                                                                                                                                                                                                       +
           "Plans": [                                                                                                                                                                                                                  +
             {                                                                                                                                                                                                                         +
               "Node Type": "Nested Loop",                                                                                                                                                                                             +
               "Parent Relationship": "Outer",                                                                                                                                                                                         +
               "Parallel Aware": false,                                                                                                                                                                                                +
               "Async Capable": false,                                                                                                                                                                                                 +
               "Join Type": "Inner",                                                                                                                                                                                                   +
               "Startup Cost": 22.36,                                                                                                                                                                                                  +
               "Total Cost": 3106.30,                                                                                                                                                                                                  +
               "Plan Rows": 1,                                                                                                                                                                                                         +
               "Plan Width": 46,                                                                                                                                                                                                       +
               "Actual Startup Time": 186.626,                                                                                                                                                                                         +
               "Actual Total Time": 589.589,                                                                                                                                                                                           +
               "Actual Rows": 161,                                                                                                                                                                                                     +
               "Actual Loops": 1,                                                                                                                                                                                                      +
               "Output": ["cn.name", "mi_idx.info", "t.title", "t.kind_id"],                                                                                                                                                           +
               "Inner Unique": true,                                                                                                                                                                                                   +
               "Plans": [                                                                                                                                                                                                              +
                 {                                                                                                                                                                                                                     +
                   "Node Type": "Nested Loop",                                                                                                                                                                                         +
                   "Parent Relationship": "Outer",                                                                                                                                                                                     +
                   "Parallel Aware": false,                                                                                                                                                                                            +
                   "Async Capable": false,                                                                                                                                                                                             +
                   "Join Type": "Inner",                                                                                                                                                                                               +
                   "Startup Cost": 22.21,                                                                                                                                                                                              +
                   "Total Cost": 3106.14,                                                                                                                                                                                              +
                   "Plan Rows": 1,                                                                                                                                                                                                     +
                   "Plan Width": 50,                                                                                                                                                                                                   +
                   "Actual Startup Time": 186.585,                                                                                                                                                                                     +
                   "Actual Total Time": 589.353,                                                                                                                                                                                       +
                   "Actual Rows": 161,                                                                                                                                                                                                 +
                   "Actual Loops": 1,                                                                                                                                                                                                  +
                   "Output": ["cn.name", "mi_idx.info", "t.title", "t.kind_id", "mc.company_type_id"],                                                                                                                                 +
                   "Inner Unique": true,                                                                                                                                                                                               +
                   "Plans": [                                                                                                                                                                                                          +
                     {                                                                                                                                                                                                                 +
                       "Node Type": "Nested Loop",                                                                                                                                                                                     +
                       "Parent Relationship": "Outer",                                                                                                                                                                                 +
                       "Parallel Aware": false,                                                                                                                                                                                        +
                       "Async Capable": false,                                                                                                                                                                                         +
                       "Join Type": "Inner",                                                                                                                                                                                           +
                       "Startup Cost": 21.79,                                                                                                                                                                                          +
                       "Total Cost": 3105.60,                                                                                                                                                                                          +
                       "Plan Rows": 1,                                                                                                                                                                                                 +
                       "Plan Width": 35,                                                                                                                                                                                               +
                       "Actual Startup Time": 186.573,                                                                                                                                                                                 +
                       "Actual Total Time": 588.737,                                                                                                                                                                                   +
                       "Actual Rows": 163,                                                                                                                                                                                             +
                       "Actual Loops": 1,                                                                                                                                                                                              +
                       "Output": ["mi_idx.info", "t.title", "t.kind_id", "mc.company_type_id", "mc.company_id"],                                                                                                                       +
                       "Inner Unique": false,                                                                                                                                                                                          +
                       "Join Filter": "(t.id = mc.movie_id)",                                                                                                                                                                          +
                       "Rows Removed by Join Filter": 0,                                                                                                                                                                               +
                       "Plans": [                                                                                                                                                                                                      +
                         {                                                                                                                                                                                                             +
                           "Node Type": "Nested Loop",                                                                                                                                                                                 +
                           "Parent Relationship": "Outer",                                                                                                                                                                             +
                           "Parallel Aware": false,                                                                                                                                                                                    +
                           "Async Capable": false,                                                                                                                                                                                     +
                           "Join Type": "Inner",                                                                                                                                                                                       +
                           "Startup Cost": 21.36,                                                                                                                                                                                      +
                           "Total Cost": 3105.03,                                                                                                                                                                                      +
                           "Plan Rows": 1,                                                                                                                                                                                             +
                           "Plan Width": 47,                                                                                                                                                                                           +
                           "Actual Startup Time": 186.542,                                                                                                                                                                             +
                           "Actual Total Time": 588.376,                                                                                                                                                                               +
                           "Actual Rows": 18,                                                                                                                                                                                          +
                           "Actual Loops": 1,                                                                                                                                                                                          +
                           "Output": ["cc.movie_id", "mi_idx.info", "mi_idx.movie_id", "mi.movie_id", "t.title", "t.kind_id", "t.id", "mk.movie_id"],                                                                                  +
                           "Inner Unique": true,                                                                                                                                                                                       +
                           "Plans": [                                                                                                                                                                                                  +
                             {                                                                                                                                                                                                         +
                               "Node Type": "Nested Loop",                                                                                                                                                                             +
                               "Parent Relationship": "Outer",                                                                                                                                                                         +
                               "Parallel Aware": false,                                                                                                                                                                                +
                               "Async Capable": false,                                                                                                                                                                                 +
                               "Join Type": "Inner",                                                                                                                                                                                   +
                               "Startup Cost": 20.94,                                                                                                                                                                                  +
                               "Total Cost": 3104.13,                                                                                                                                                                                  +
                               "Plan Rows": 2,                                                                                                                                                                                         +
                               "Plan Width": 51,                                                                                                                                                                                       +
                               "Actual Startup Time": 94.185,                                                                                                                                                                          +
                               "Actual Total Time": 582.701,                                                                                                                                                                           +
                               "Actual Rows": 1499,                                                                                                                                                                                    +
                               "Actual Loops": 1,                                                                                                                                                                                      +
                               "Output": ["cc.movie_id", "mi_idx.info", "mi_idx.movie_id", "mi.movie_id", "t.title", "t.kind_id", "t.id", "mk.movie_id", "mk.keyword_id"],                                                             +
                               "Inner Unique": false,                                                                                                                                                                                  +
                               "Plans": [                                                                                                                                                                                              +
                                 {                                                                                                                                                                                                     +
                                   "Node Type": "Nested Loop",                                                                                                                                                                         +
                                   "Parent Relationship": "Outer",                                                                                                                                                                     +
                                   "Parallel Aware": false,                                                                                                                                                                            +
                                   "Async Capable": false,                                                                                                                                                                             +
                                   "Join Type": "Inner",                                                                                                                                                                               +
                                   "Startup Cost": 20.51,                                                                                                                                                                              +
                                   "Total Cost": 3102.29,                                                                                                                                                                              +
                                   "Plan Rows": 1,                                                                                                                                                                                     +
                                   "Plan Width": 43,                                                                                                                                                                                   +
                                   "Actual Startup Time": 17.464,                                                                                                                                                                      +
                                   "Actual Total Time": 580.629,                                                                                                                                                                       +
                                   "Actual Rows": 103,                                                                                                                                                                                 +
                                   "Actual Loops": 1,                                                                                                                                                                                  +
                                   "Output": ["cc.movie_id", "mi_idx.info", "mi_idx.movie_id", "mi.movie_id", "t.title", "t.kind_id", "t.id"],                                                                                         +
                                   "Inner Unique": true,                                                                                                                                                                               +
                                   "Join Filter": "(mi.movie_id = t.id)",                                                                                                                                                              +
                                   "Rows Removed by Join Filter": 0,                                                                                                                                                                   +
                                   "Plans": [                                                                                                                                                                                          +
                                     {                                                                                                                                                                                                 +
                                       "Node Type": "Nested Loop",                                                                                                                                                                     +
                                       "Parent Relationship": "Outer",                                                                                                                                                                 +
                                       "Parallel Aware": false,                                                                                                                                                                        +
                                       "Async Capable": false,                                                                                                                                                                         +
                                       "Join Type": "Inner",                                                                                                                                                                           +
                                       "Startup Cost": 20.08,                                                                                                                                                                          +
                                       "Total Cost": 3101.23,                                                                                                                                                                          +
                                       "Plan Rows": 1,                                                                                                                                                                                 +
                                       "Plan Width": 18,                                                                                                                                                                               +
                                       "Actual Startup Time": 17.438,                                                                                                                                                                  +
                                       "Actual Total Time": 578.013,                                                                                                                                                                   +
                                       "Actual Rows": 344,                                                                                                                                                                             +
                                       "Actual Loops": 1,                                                                                                                                                                              +
                                       "Output": ["cc.movie_id", "mi_idx.info", "mi_idx.movie_id", "mi.movie_id"],                                                                                                                     +
                                       "Inner Unique": true,                                                                                                                                                                           +
                                       "Plans": [                                                                                                                                                                                      +
                                         {                                                                                                                                                                                             +
                                           "Node Type": "Nested Loop",                                                                                                                                                                 +
                                           "Parent Relationship": "Outer",                                                                                                                                                             +
                                           "Parallel Aware": false,                                                                                                                                                                    +
                                           "Async Capable": false,                                                                                                                                                                     +
                                           "Join Type": "Inner",                                                                                                                                                                       +
                                           "Startup Cost": 19.93,                                                                                                                                                                      +
                                           "Total Cost": 3101.06,                                                                                                                                                                      +
                                           "Plan Rows": 1,                                                                                                                                                                             +
                                           "Plan Width": 22,                                                                                                                                                                           +
                                           "Actual Startup Time": 17.430,                                                                                                                                                              +
                                           "Actual Total Time": 577.445,                                                                                                                                                               +
                                           "Actual Rows": 397,                                                                                                                                                                         +
                                           "Actual Loops": 1,                                                                                                                                                                          +
                                           "Output": ["cc.movie_id", "cc.status_id", "mi_idx.info", "mi_idx.movie_id", "mi.movie_id"],                                                                                                 +
                                           "Inner Unique": true,                                                                                                                                                                       +
                                           "Plans": [                                                                                                                                                                                  +
                                             {                                                                                                                                                                                         +
                                               "Node Type": "Nested Loop",                                                                                                                                                             +
                                               "Parent Relationship": "Outer",                                                                                                                                                         +
                                               "Parallel Aware": false,                                                                                                                                                                +
                                               "Async Capable": false,                                                                                                                                                                 +
                                               "Join Type": "Inner",                                                                                                                                                                   +
                                               "Startup Cost": 19.79,                                                                                                                                                                  +
                                               "Total Cost": 3100.88,                                                                                                                                                                  +
                                               "Plan Rows": 1,                                                                                                                                                                         +
                                               "Plan Width": 26,                                                                                                                                                                       +
                                               "Actual Startup Time": 17.420,                                                                                                                                                          +
                                               "Actual Total Time": 575.865,                                                                                                                                                           +
                                               "Actual Rows": 1346,                                                                                                                                                                    +
                                               "Actual Loops": 1,                                                                                                                                                                      +
                                               "Output": ["cc.movie_id", "cc.status_id", "mi_idx.info", "mi_idx.movie_id", "mi.movie_id", "mi.info_type_id"],                                                                          +
                                               "Inner Unique": false,                                                                                                                                                                  +
                                               "Plans": [                                                                                                                                                                              +
                                                 {                                                                                                                                                                                     +
                                                   "Node Type": "Nested Loop",                                                                                                                                                         +
                                                   "Parent Relationship": "Outer",                                                                                                                                                     +
                                                   "Parallel Aware": false,                                                                                                                                                            +
                                                   "Async Capable": false,                                                                                                                                                             +
                                                   "Join Type": "Inner",                                                                                                                                                               +
                                                   "Startup Cost": 19.35,                                                                                                                                                              +
                                                   "Total Cost": 3085.99,                                                                                                                                                              +
                                                   "Plan Rows": 4,                                                                                                                                                                     +
                                                   "Plan Width": 18,                                                                                                                                                                   +
                                                   "Actual Startup Time": 15.849,                                                                                                                                                      +
                                                   "Actual Total Time": 153.384,                                                                                                                                                       +
                                                   "Actual Rows": 18297,                                                                                                                                                               +
                                                   "Actual Loops": 1,                                                                                                                                                                  +
                                                   "Output": ["cc.movie_id", "cc.status_id", "mi_idx.info", "mi_idx.movie_id"],                                                                                                        +
                                                   "Inner Unique": false,                                                                                                                                                              +
                                                   "Join Filter": "(it2.id = mi_idx.info_type_id)",                                                                                                                                    +
                                                   "Rows Removed by Join Filter": 7422,                                                                                                                                                +
                                                   "Plans": [                                                                                                                                                                          +
                                                     {                                                                                                                                                                                 +
                                                       "Node Type": "Seq Scan",                                                                                                                                                        +
                                                       "Parent Relationship": "Outer",                                                                                                                                                 +
                                                       "Parallel Aware": false,                                                                                                                                                        +
                                                       "Async Capable": false,                                                                                                                                                         +
                                                       "Relation Name": "info_type",                                                                                                                                                   +
                                                       "Schema": "public",                                                                                                                                                             +
                                                       "Alias": "it2",                                                                                                                                                                 +
                                                       "Startup Cost": 0.00,                                                                                                                                                           +
                                                       "Total Cost": 2.41,                                                                                                                                                             +
                                                       "Plan Rows": 1,                                                                                                                                                                 +
                                                       "Plan Width": 4,                                                                                                                                                                +
                                                       "Actual Startup Time": 0.019,                                                                                                                                                   +
                                                       "Actual Total Time": 0.021,                                                                                                                                                     +
                                                       "Actual Rows": 1,                                                                                                                                                               +
                                                       "Actual Loops": 1,                                                                                                                                                              +
                                                       "Output": ["it2.id", "it2.info"],                                                                                                                                               +
                                                       "Filter": "((it2.info)::text = 'rating'::text)",                                                                                                                                +
                                                       "Rows Removed by Filter": 112                                                                                                                                                   +
                                                     },                                                                                                                                                                                +
                                                     {                                                                                                                                                                                 +
                                                       "Node Type": "Nested Loop",                                                                                                                                                     +
                                                       "Parent Relationship": "Inner",                                                                                                                                                 +
                                                       "Parallel Aware": false,                                                                                                                                                        +
                                                       "Async Capable": false,                                                                                                                                                         +
                                                       "Join Type": "Inner",                                                                                                                                                           +
                                                       "Startup Cost": 19.35,                                                                                                                                                          +
                                                       "Total Cost": 3077.25,                                                                                                                                                          +
                                                       "Plan Rows": 506,                                                                                                                                                               +
                                                       "Plan Width": 22,                                                                                                                                                               +
                                                       "Actual Startup Time": 15.828,                                                                                                                                                  +
                                                       "Actual Total Time": 149.778,                                                                                                                                                   +
                                                       "Actual Rows": 25719,                                                                                                                                                           +
                                                       "Actual Loops": 1,                                                                                                                                                              +
                                                       "Output": ["cc.movie_id", "cc.status_id", "mi_idx.info", "mi_idx.movie_id", "mi_idx.info_type_id"],                                                                             +
                                                       "Inner Unique": false,                                                                                                                                                          +
                                                       "Plans": [                                                                                                                                                                      +
                                                         {                                                                                                                                                                             +
                                                           "Node Type": "Hash Join",                                                                                                                                                   +
                                                           "Parent Relationship": "Outer",                                                                                                                                             +
                                                           "Parallel Aware": false,                                                                                                                                                    +
                                                           "Async Capable": false,                                                                                                                                                     +
                                                           "Join Type": "Inner",                                                                                                                                                       +
                                                           "Startup Cost": 18.93,                                                                                                                                                      +
                                                           "Total Cost": 2457.50,                                                                                                                                                      +
                                                           "Plan Rows": 761,                                                                                                                                                           +
                                                           "Plan Width": 8,                                                                                                                                                            +
                                                           "Actual Startup Time": 15.749,                                                                                                                                              +
                                                           "Actual Total Time": 31.310,                                                                                                                                                +
                                                           "Actual Rows": 49145,                                                                                                                                                       +
                                                           "Actual Loops": 1,                                                                                                                                                          +
                                                           "Output": ["cc.movie_id", "cc.status_id"],                                                                                                                                  +
                                                           "Inner Unique": true,                                                                                                                                                       +
                                                           "Hash Cond": "(cc.subject_id = cct1.id)",                                                                                                                                   +
                                                           "Plans": [                                                                                                                                                                  +
                                                             {                                                                                                                                                                         +
                                                               "Node Type": "Seq Scan",                                                                                                                                                +
                                                               "Parent Relationship": "Outer",                                                                                                                                         +
                                                               "Parallel Aware": false,                                                                                                                                                +
                                                               "Async Capable": false,                                                                                                                                                 +
                                                               "Relation Name": "complete_cast",                                                                                                                                       +
                                                               "Schema": "public",                                                                                                                                                     +
                                                               "Alias": "cc",                                                                                                                                                          +
                                                               "Startup Cost": 0.00,                                                                                                                                                   +
                                                               "Total Cost": 2081.86,                                                                                                                                                  +
                                                               "Plan Rows": 135086,                                                                                                                                                    +
                                                               "Plan Width": 12,                                                                                                                                                       +
                                                               "Actual Startup Time": 0.003,                                                                                                                                           +
                                                               "Actual Total Time": 12.557,                                                                                                                                            +
                                                               "Actual Rows": 135086,                                                                                                                                                  +
                                                               "Actual Loops": 1,                                                                                                                                                      +
                                                               "Output": ["cc.id", "cc.movie_id", "cc.subject_id", "cc.status_id"]                                                                                                     +
                                                             },                                                                                                                                                                        +
                                                             {                                                                                                                                                                         +
                                                               "Node Type": "Hash",                                                                                                                                                    +
                                                               "Parent Relationship": "Inner",                                                                                                                                         +
                                                               "Parallel Aware": false,                                                                                                                                                +
                                                               "Async Capable": false,                                                                                                                                                 +
                                                               "Startup Cost": 18.88,                                                                                                                                                  +
                                                               "Total Cost": 18.88,                                                                                                                                                    +
                                                               "Plan Rows": 4,                                                                                                                                                         +
                                                               "Plan Width": 4,                                                                                                                                                        +
                                                               "Actual Startup Time": 0.015,                                                                                                                                           +
                                                               "Actual Total Time": 0.015,                                                                                                                                             +
                                                               "Actual Rows": 1,                                                                                                                                                       +
                                                               "Actual Loops": 1,                                                                                                                                                      +
                                                               "Output": ["cct1.id"],                                                                                                                                                  +
                                                               "Hash Buckets": 1024,                                                                                                                                                   +
                                                               "Original Hash Buckets": 1024,                                                                                                                                          +
                                                               "Hash Batches": 1,                                                                                                                                                      +
                                                               "Original Hash Batches": 1,                                                                                                                                             +
                                                               "Peak Memory Usage": 9,                                                                                                                                                 +
                                                               "Plans": [                                                                                                                                                              +
                                                                 {                                                                                                                                                                     +
                                                                   "Node Type": "Seq Scan",                                                                                                                                            +
                                                                   "Parent Relationship": "Outer",                                                                                                                                     +
                                                                   "Parallel Aware": false,                                                                                                                                            +
                                                                   "Async Capable": false,                                                                                                                                             +
                                                                   "Relation Name": "comp_cast_type",                                                                                                                                  +
                                                                   "Schema": "public",                                                                                                                                                 +
                                                                   "Alias": "cct1",                                                                                                                                                    +
                                                                   "Startup Cost": 0.00,                                                                                                                                               +
                                                                   "Total Cost": 18.88,                                                                                                                                                +
                                                                   "Plan Rows": 4,                                                                                                                                                     +
                                                                   "Plan Width": 4,                                                                                                                                                    +
                                                                   "Actual Startup Time": 0.009,                                                                                                                                       +
                                                                   "Actual Total Time": 0.010,                                                                                                                                         +
                                                                   "Actual Rows": 1,                                                                                                                                                   +
                                                                   "Actual Loops": 1,                                                                                                                                                  +
                                                                   "Output": ["cct1.id"],                                                                                                                                              +
                                                                   "Filter": "((cct1.kind)::text = 'crew'::text)",                                                                                                                     +
                                                                   "Rows Removed by Filter": 3                                                                                                                                         +
                                                                 }                                                                                                                                                                     +
                                                               ]                                                                                                                                                                       +
                                                             }                                                                                                                                                                         +
                                                           ]                                                                                                                                                                           +
                                                         },                                                                                                                                                                            +
                                                         {                                                                                                                                                                             +
                                                           "Node Type": "Index Scan",                                                                                                                                                  +
                                                           "Parent Relationship": "Inner",                                                                                                                                             +
                                                           "Parallel Aware": false,                                                                                                                                                    +
                                                           "Async Capable": false,                                                                                                                                                     +
                                                           "Scan Direction": "Forward",                                                                                                                                                +
                                                           "Index Name": "movie_id_movie_info_idx",                                                                                                                                    +
                                                           "Relation Name": "movie_info_idx",                                                                                                                                          +
                                                           "Schema": "public",                                                                                                                                                         +
                                                           "Alias": "mi_idx",                                                                                                                                                          +
                                                           "Startup Cost": 0.43,                                                                                                                                                       +
                                                           "Total Cost": 0.80,                                                                                                                                                         +
                                                           "Plan Rows": 1,                                                                                                                                                             +
                                                           "Plan Width": 14,                                                                                                                                                           +
                                                           "Actual Startup Time": 0.002,                                                                                                                                               +
                                                           "Actual Total Time": 0.002,                                                                                                                                                 +
                                                           "Actual Rows": 1,                                                                                                                                                           +
                                                           "Actual Loops": 49145,                                                                                                                                                      +
                                                           "Output": ["mi_idx.id", "mi_idx.movie_id", "mi_idx.info_type_id", "mi_idx.info", "mi_idx.note"],                                                                            +
                                                           "Index Cond": "(mi_idx.movie_id = cc.movie_id)",                                                                                                                            +
                                                           "Rows Removed by Index Recheck": 0,                                                                                                                                         +
                                                           "Filter": "((mi_idx.info)::text > '6.5'::text)",                                                                                                                            +
                                                           "Rows Removed by Filter": 2                                                                                                                                                 +
                                                         }                                                                                                                                                                             +
                                                       ]                                                                                                                                                                               +
                                                     }                                                                                                                                                                                 +
                                                   ]                                                                                                                                                                                   +
                                                 },                                                                                                                                                                                    +
                                                 {                                                                                                                                                                                     +
                                                   "Node Type": "Index Scan",                                                                                                                                                          +
                                                   "Parent Relationship": "Inner",                                                                                                                                                     +
                                                   "Parallel Aware": false,                                                                                                                                                            +
                                                   "Async Capable": false,                                                                                                                                                             +
                                                   "Scan Direction": "Forward",                                                                                                                                                        +
                                                   "Index Name": "movie_id_movie_info",                                                                                                                                                +
                                                   "Relation Name": "movie_info",                                                                                                                                                      +
                                                   "Schema": "public",                                                                                                                                                                 +
                                                   "Alias": "mi",                                                                                                                                                                      +
                                                   "Startup Cost": 0.43,                                                                                                                                                               +
                                                   "Total Cost": 3.71,                                                                                                                                                                 +
                                                   "Plan Rows": 1,                                                                                                                                                                     +
                                                   "Plan Width": 8,                                                                                                                                                                    +
                                                   "Actual Startup Time": 0.021,                                                                                                                                                       +
                                                   "Actual Total Time": 0.023,                                                                                                                                                         +
                                                   "Actual Rows": 0,                                                                                                                                                                   +
                                                   "Actual Loops": 18297,                                                                                                                                                              +
                                                   "Output": ["mi.id", "mi.movie_id", "mi.info_type_id", "mi.info", "mi.note"],                                                                                                        +
                                                   "Index Cond": "(mi.movie_id = mi_idx.movie_id)",                                                                                                                                    +
                                                   "Rows Removed by Index Recheck": 0,                                                                                                                                                 +
                                                   "Filter": "((mi.info)::text = ANY ('{Sweden,Germany,Swedish,German}'::text[]))",                                                                                                    +
                                                   "Rows Removed by Filter": 39                                                                                                                                                        +
                                                 }                                                                                                                                                                                     +
                                               ]                                                                                                                                                                                       +
                                             },                                                                                                                                                                                        +
                                             {                                                                                                                                                                                         +
                                               "Node Type": "Index Scan",                                                                                                                                                              +
                                               "Parent Relationship": "Inner",                                                                                                                                                         +
                                               "Parallel Aware": false,                                                                                                                                                                +
                                               "Async Capable": false,                                                                                                                                                                 +
                                               "Scan Direction": "Forward",                                                                                                                                                            +
                                               "Index Name": "info_type_pkey",                                                                                                                                                         +
                                               "Relation Name": "info_type",                                                                                                                                                           +
                                               "Schema": "public",                                                                                                                                                                     +
                                               "Alias": "it1",                                                                                                                                                                         +
                                               "Startup Cost": 0.14,                                                                                                                                                                   +
                                               "Total Cost": 0.16,                                                                                                                                                                     +
                                               "Plan Rows": 1,                                                                                                                                                                         +
                                               "Plan Width": 4,                                                                                                                                                                        +
                                               "Actual Startup Time": 0.001,                                                                                                                                                           +
                                               "Actual Total Time": 0.001,                                                                                                                                                             +
                                               "Actual Rows": 0,                                                                                                                                                                       +
                                               "Actual Loops": 1346,                                                                                                                                                                   +
                                               "Output": ["it1.id", "it1.info"],                                                                                                                                                       +
                                               "Index Cond": "(it1.id = mi.info_type_id)",                                                                                                                                             +
                                               "Rows Removed by Index Recheck": 0,                                                                                                                                                     +
                                               "Filter": "((it1.info)::text = 'countries'::text)",                                                                                                                                     +
                                               "Rows Removed by Filter": 1                                                                                                                                                             +
                                             }                                                                                                                                                                                         +
                                           ]                                                                                                                                                                                           +
                                         },                                                                                                                                                                                            +
                                         {                                                                                                                                                                                             +
                                           "Node Type": "Index Scan",                                                                                                                                                                  +
                                           "Parent Relationship": "Inner",                                                                                                                                                             +
                                           "Parallel Aware": false,                                                                                                                                                                    +
                                           "Async Capable": false,                                                                                                                                                                     +
                                           "Scan Direction": "Forward",                                                                                                                                                                +
                                           "Index Name": "comp_cast_type_pkey",                                                                                                                                                        +
                                           "Relation Name": "comp_cast_type",                                                                                                                                                          +
                                           "Schema": "public",                                                                                                                                                                         +
                                           "Alias": "cct2",                                                                                                                                                                            +
                                           "Startup Cost": 0.15,                                                                                                                                                                       +
                                           "Total Cost": 0.17,                                                                                                                                                                         +
                                           "Plan Rows": 1,                                                                                                                                                                             +
                                           "Plan Width": 4,                                                                                                                                                                            +
                                           "Actual Startup Time": 0.001,                                                                                                                                                               +
                                           "Actual Total Time": 0.001,                                                                                                                                                                 +
                                           "Actual Rows": 1,                                                                                                                                                                           +
                                           "Actual Loops": 397,                                                                                                                                                                        +
                                           "Output": ["cct2.id", "cct2.kind"],                                                                                                                                                         +
                                           "Index Cond": "(cct2.id = cc.status_id)",                                                                                                                                                   +
                                           "Rows Removed by Index Recheck": 0,                                                                                                                                                         +
                                           "Filter": "((cct2.kind)::text <> 'complete+verified'::text)",                                                                                                                               +
                                           "Rows Removed by Filter": 0                                                                                                                                                                 +
                                         }                                                                                                                                                                                             +
                                       ]                                                                                                                                                                                               +
                                     },                                                                                                                                                                                                +
                                     {                                                                                                                                                                                                 +
                                       "Node Type": "Index Scan",                                                                                                                                                                      +
                                       "Parent Relationship": "Inner",                                                                                                                                                                 +
                                       "Parallel Aware": false,                                                                                                                                                                        +
                                       "Async Capable": false,                                                                                                                                                                         +
                                       "Scan Direction": "Forward",                                                                                                                                                                    +
                                       "Index Name": "title_pkey",                                                                                                                                                                     +
                                       "Relation Name": "title",                                                                                                                                                                       +
                                       "Schema": "public",                                                                                                                                                                             +
                                       "Alias": "t",                                                                                                                                                                                   +
                                       "Startup Cost": 0.43,                                                                                                                                                                           +
                                       "Total Cost": 1.04,                                                                                                                                                                             +
                                       "Plan Rows": 1,                                                                                                                                                                                 +
                                       "Plan Width": 25,                                                                                                                                                                               +
                                       "Actual Startup Time": 0.007,                                                                                                                                                                   +
                                       "Actual Total Time": 0.007,                                                                                                                                                                     +
                                       "Actual Rows": 0,                                                                                                                                                                               +
                                       "Actual Loops": 344,                                                                                                                                                                            +
                                       "Output": ["t.id", "t.title", "t.imdb_index", "t.kind_id", "t.production_year", "t.imdb_id", "t.phonetic_code", "t.episode_of_id", "t.season_nr", "t.episode_nr", "t.series_years", "t.md5sum"],+
                                       "Index Cond": "(t.id = mi_idx.movie_id)",                                                                                                                                                       +
                                       "Rows Removed by Index Recheck": 0,                                                                                                                                                             +
                                       "Filter": "(t.production_year > 2005)",                                                                                                                                                         +
                                       "Rows Removed by Filter": 1                                                                                                                                                                     +
                                     }                                                                                                                                                                                                 +
                                   ]                                                                                                                                                                                                   +
                                 },                                                                                                                                                                                                    +
                                 {                                                                                                                                                                                                     +
                                   "Node Type": "Index Scan",                                                                                                                                                                          +
                                   "Parent Relationship": "Inner",                                                                                                                                                                     +
                                   "Parallel Aware": false,                                                                                                                                                                            +
                                   "Async Capable": false,                                                                                                                                                                             +
                                   "Scan Direction": "Forward",                                                                                                                                                                        +
                                   "Index Name": "movie_id_movie_keyword",                                                                                                                                                             +
                                   "Relation Name": "movie_keyword",                                                                                                                                                                   +
                                   "Schema": "public",                                                                                                                                                                                 +
                                   "Alias": "mk",                                                                                                                                                                                      +
                                   "Startup Cost": 0.43,                                                                                                                                                                               +
                                   "Total Cost": 1.37,                                                                                                                                                                                 +
                                   "Plan Rows": 47,                                                                                                                                                                                    +
                                   "Plan Width": 8,                                                                                                                                                                                    +
                                   "Actual Startup Time": 0.015,                                                                                                                                                                       +
                                   "Actual Total Time": 0.017,                                                                                                                                                                         +
                                   "Actual Rows": 15,                                                                                                                                                                                  +
                                   "Actual Loops": 103,                                                                                                                                                                                +
                                   "Output": ["mk.id", "mk.movie_id", "mk.keyword_id"],                                                                                                                                                +
                                   "Index Cond": "(mk.movie_id = t.id)",                                                                                                                                                               +
                                   "Rows Removed by Index Recheck": 0                                                                                                                                                                  +
                                 }                                                                                                                                                                                                     +
                               ]                                                                                                                                                                                                       +
                             },                                                                                                                                                                                                        +
                             {                                                                                                                                                                                                         +
                               "Node Type": "Index Scan",                                                                                                                                                                              +
                               "Parent Relationship": "Inner",                                                                                                                                                                         +
                               "Parallel Aware": false,                                                                                                                                                                                +
                               "Async Capable": false,                                                                                                                                                                                 +
                               "Scan Direction": "Forward",                                                                                                                                                                            +
                               "Index Name": "keyword_pkey",                                                                                                                                                                           +
                               "Relation Name": "keyword",                                                                                                                                                                             +
                               "Schema": "public",                                                                                                                                                                                     +
                               "Alias": "k",                                                                                                                                                                                           +
                               "Startup Cost": 0.42,                                                                                                                                                                                   +
                               "Total Cost": 0.44,                                                                                                                                                                                     +
                               "Plan Rows": 1,                                                                                                                                                                                         +
                               "Plan Width": 4,                                                                                                                                                                                        +
                               "Actual Startup Time": 0.004,                                                                                                                                                                           +
                               "Actual Total Time": 0.004,                                                                                                                                                                             +
                               "Actual Rows": 0,                                                                                                                                                                                       +
                               "Actual Loops": 1499,                                                                                                                                                                                   +
                               "Output": ["k.id", "k.keyword", "k.phonetic_code"],                                                                                                                                                     +
                               "Index Cond": "(k.id = mk.keyword_id)",                                                                                                                                                                 +
                               "Rows Removed by Index Recheck": 0,                                                                                                                                                                     +
                               "Filter": "((k.keyword)::text = ANY ('{murder,murder-in-title,blood,violence}'::text[]))",                                                                                                              +
                               "Rows Removed by Filter": 1                                                                                                                                                                             +
                             }                                                                                                                                                                                                         +
                           ]                                                                                                                                                                                                           +
                         },                                                                                                                                                                                                            +
                         {                                                                                                                                                                                                             +
                           "Node Type": "Index Scan",                                                                                                                                                                                  +
                           "Parent Relationship": "Inner",                                                                                                                                                                             +
                           "Parallel Aware": false,                                                                                                                                                                                    +
                           "Async Capable": false,                                                                                                                                                                                     +
                           "Scan Direction": "Forward",                                                                                                                                                                                +
                           "Index Name": "movie_id_movie_companies",                                                                                                                                                                   +
                           "Relation Name": "movie_companies",                                                                                                                                                                         +
                           "Schema": "public",                                                                                                                                                                                         +
                           "Alias": "mc",                                                                                                                                                                                              +
                           "Startup Cost": 0.43,                                                                                                                                                                                       +
                           "Total Cost": 0.56,                                                                                                                                                                                         +
                           "Plan Rows": 1,                                                                                                                                                                                             +
                           "Plan Width": 12,                                                                                                                                                                                           +
                           "Actual Startup Time": 0.010,                                                                                                                                                                               +
                           "Actual Total Time": 0.018,                                                                                                                                                                                 +
                           "Actual Rows": 9,                                                                                                                                                                                           +
                           "Actual Loops": 18,                                                                                                                                                                                         +
                           "Output": ["mc.id", "mc.movie_id", "mc.company_id", "mc.company_type_id", "mc.note"],                                                                                                                       +
                           "Index Cond": "(mc.movie_id = mk.movie_id)",                                                                                                                                                                +
                           "Rows Removed by Index Recheck": 0,                                                                                                                                                                         +
                           "Filter": "(((mc.note)::text !~~ '%(USA)%'::text) AND ((mc.note)::text ~~ '%(200%)%'::text))",                                                                                                              +
                           "Rows Removed by Filter": 13                                                                                                                                                                                +
                         }                                                                                                                                                                                                             +
                       ]                                                                                                                                                                                                               +
                     },                                                                                                                                                                                                                +
                     {                                                                                                                                                                                                                 +
                       "Node Type": "Index Scan",                                                                                                                                                                                      +
                       "Parent Relationship": "Inner",                                                                                                                                                                                 +
                       "Parallel Aware": false,                                                                                                                                                                                        +
                       "Async Capable": false,                                                                                                                                                                                         +
                       "Scan Direction": "Forward",                                                                                                                                                                                    +
                       "Index Name": "company_name_pkey",                                                                                                                                                                              +
                       "Relation Name": "company_name",                                                                                                                                                                                +
                       "Schema": "public",                                                                                                                                                                                             +
                       "Alias": "cn",                                                                                                                                                                                                  +
                       "Startup Cost": 0.42,                                                                                                                                                                                           +
                       "Total Cost": 0.54,                                                                                                                                                                                             +
                       "Plan Rows": 1,                                                                                                                                                                                                 +
                       "Plan Width": 23,                                                                                                                                                                                               +
                       "Actual Startup Time": 0.003,                                                                                                                                                                                   +
                       "Actual Total Time": 0.003,                                                                                                                                                                                     +
                       "Actual Rows": 1,                                                                                                                                                                                               +
                       "Actual Loops": 163,                                                                                                                                                                                            +
                       "Output": ["cn.id", "cn.name", "cn.country_code", "cn.imdb_id", "cn.name_pcode_nf", "cn.name_pcode_sf", "cn.md5sum"],                                                                                           +
                       "Index Cond": "(cn.id = mc.company_id)",                                                                                                                                                                        +
                       "Rows Removed by Index Recheck": 0,                                                                                                                                                                             +
                       "Filter": "((cn.country_code)::text <> '[us]'::text)",                                                                                                                                                          +
                       "Rows Removed by Filter": 0                                                                                                                                                                                     +
                     }                                                                                                                                                                                                                 +
                   ]                                                                                                                                                                                                                   +
                 },                                                                                                                                                                                                                    +
                 {                                                                                                                                                                                                                     +
                   "Node Type": "Index Only Scan",                                                                                                                                                                                     +
                   "Parent Relationship": "Inner",                                                                                                                                                                                     +
                   "Parallel Aware": false,                                                                                                                                                                                            +
                   "Async Capable": false,                                                                                                                                                                                             +
                   "Scan Direction": "Forward",                                                                                                                                                                                        +
                   "Index Name": "company_type_pkey",                                                                                                                                                                                  +
                   "Relation Name": "company_type",                                                                                                                                                                                    +
                   "Schema": "public",                                                                                                                                                                                                 +
                   "Alias": "ct",                                                                                                                                                                                                      +
                   "Startup Cost": 0.15,                                                                                                                                                                                               +
                   "Total Cost": 0.17,                                                                                                                                                                                                 +
                   "Plan Rows": 1,                                                                                                                                                                                                     +
                   "Plan Width": 4,                                                                                                                                                                                                    +
                   "Actual Startup Time": 0.001,                                                                                                                                                                                       +
                   "Actual Total Time": 0.001,                                                                                                                                                                                         +
                   "Actual Rows": 1,                                                                                                                                                                                                   +
                   "Actual Loops": 161,                                                                                                                                                                                                +
                   "Output": ["ct.id"],                                                                                                                                                                                                +
                   "Index Cond": "(ct.id = mc.company_type_id)",                                                                                                                                                                       +
                   "Rows Removed by Index Recheck": 0,                                                                                                                                                                                 +
                   "Heap Fetches": 161                                                                                                                                                                                                 +
                 }                                                                                                                                                                                                                     +
               ]                                                                                                                                                                                                                       +
             },                                                                                                                                                                                                                        +
             {                                                                                                                                                                                                                         +
               "Node Type": "Index Scan",                                                                                                                                                                                              +
               "Parent Relationship": "Inner",                                                                                                                                                                                         +
               "Parallel Aware": false,                                                                                                                                                                                                +
               "Async Capable": false,                                                                                                                                                                                                 +
               "Scan Direction": "Forward",                                                                                                                                                                                            +
               "Index Name": "kind_type_pkey",                                                                                                                                                                                         +
               "Relation Name": "kind_type",                                                                                                                                                                                           +
               "Schema": "public",                                                                                                                                                                                                     +
               "Alias": "kt",                                                                                                                                                                                                          +
               "Startup Cost": 0.15,                                                                                                                                                                                                   +
               "Total Cost": 0.17,                                                                                                                                                                                                     +
               "Plan Rows": 1,                                                                                                                                                                                                         +
               "Plan Width": 4,                                                                                                                                                                                                        +
               "Actual Startup Time": 0.001,                                                                                                                                                                                           +
               "Actual Total Time": 0.001,                                                                                                                                                                                             +
               "Actual Rows": 1,                                                                                                                                                                                                       +
               "Actual Loops": 161,                                                                                                                                                                                                    +
               "Output": ["kt.id", "kt.kind"],                                                                                                                                                                                         +
               "Index Cond": "(kt.id = t.kind_id)",                                                                                                                                                                                    +
               "Rows Removed by Index Recheck": 0,                                                                                                                                                                                     +
               "Filter": "((kt.kind)::text = ANY ('{movie,episode}'::text[]))",                                                                                                                                                        +
               "Rows Removed by Filter": 0                                                                                                                                                                                             +
             }                                                                                                                                                                                                                         +
           ]                                                                                                                                                                                                                           +
         }                                                                                                                                                                                                                             +
       ]                                                                                                                                                                                                                               +
     },                                                                                                                                                                                                                                +
     "Planning Time": 91.150,                                                                                                                                                                                                          +
     "Triggers": [                                                                                                                                                                                                                     +
     ],                                                                                                                                                                                                                                +
     "Execution Time": 590.079                                                                                                                                                                                                         +
   }                                                                                                                                                                                                                                   +
 ]
(1 row)

