                                                                                                            QUERY PLAN                                                                                                            
----------------------------------------------------------------------------------------------------------------------------------------------------------------------------------------------------------------------------------
 Aggregate  (cost=3106.49..3106.50 rows=1 width=96) (actual time=606.362..606.369 rows=1 loops=1)
   Buffers: shared hit=456996 read=4209
   ->  Nested Loop  (cost=22.51..3106.48 rows=1 width=42) (actual time=189.334..606.311 rows=148 loops=1)
         Buffers: shared hit=456996 read=4209
         ->  Nested Loop  (cost=22.36..3106.30 rows=1 width=46) (actual time=189.325..606.115 rows=161 loops=1)
               Buffers: shared hit=456674 read=4209
               ->  Nested Loop  (cost=22.21..3106.14 rows=1 width=50) (actual time=189.279..605.877 rows=161 loops=1)
                     Buffers: shared hit=456352 read=4209
                     ->  Nested Loop  (cost=21.79..3105.60 rows=1 width=35) (actual time=189.258..605.254 rows=163 loops=1)
                           Join Filter: (t.id = mc.movie_id)
                           Buffers: shared hit=455701 read=4208
                           ->  Nested Loop  (cost=21.36..3105.03 rows=1 width=47) (actual time=189.223..604.882 rows=18 loops=1)
                                 Buffers: shared hit=455612 read=4202
                                 ->  Nested Loop  (cost=20.94..3104.13 rows=2 width=51) (actual time=94.352..599.557 rows=1499 loops=1)
                                       Buffers: shared hit=449616 read=4202
                                       ->  Nested Loop  (cost=20.51..3102.29 rows=1 width=43) (actual time=17.528..598.428 rows=103 loops=1)
                                             Join Filter: (mi.movie_id = t.id)
                                             Buffers: shared hit=449277 read=4165
                                             ->  Nested Loop  (cost=20.08..3101.23 rows=1 width=18) (actual time=17.511..595.830 rows=344 loops=1)
                                                   Buffers: shared hit=447901 read=4165
                                                   ->  Nested Loop  (cost=19.93..3101.06 rows=1 width=22) (actual time=17.499..595.276 rows=397 loops=1)
                                                         Buffers: shared hit=447107 read=4165
                                                         ->  Nested Loop  (cost=19.79..3100.88 rows=1 width=26) (actual time=17.490..593.655 rows=1346 loops=1)
                                                               Buffers: shared hit=444415 read=4165
                                                               ->  Nested Loop  (cost=19.35..3085.99 rows=4 width=18) (actual time=15.856..157.550 rows=18297 loops=1)
                                                                     Join Filter: (it2.id = mi_idx.info_type_id)
                                                                     Rows Removed by Join Filter: 7422
                                                                     Buffers: shared hit=182253 read=169
                                                                     ->  Seq Scan on info_type it2  (cost=0.00..2.41 rows=1 width=4) (actual time=0.018..0.020 rows=1 loops=1)
                                                                           Filter: ((info)::text = 'rating'::text)
                                                                           Rows Removed by Filter: 112
                                                                           Buffers: shared hit=1
                                                                     ->  Nested Loop  (cost=19.35..3077.25 rows=506 width=22) (actual time=15.836..153.804 rows=25719 loops=1)
                                                                           Buffers: shared hit=182252 read=169
                                                                           ->  Hash Join  (cost=18.93..2457.50 rows=761 width=8) (actual time=15.753..31.524 rows=49145 loops=1)
                                                                                 Hash Cond: (cc.subject_id = cct1.id)
                                                                                 Buffers: shared hit=732
                                                                                 ->  Seq Scan on complete_cast cc  (cost=0.00..2081.86 rows=135086 width=12) (actual time=0.008..11.902 rows=135086 loops=1)
                                                                                       Buffers: shared hit=731
                                                                                 ->  Hash  (cost=18.88..18.88 rows=4 width=4) (actual time=0.017..0.017 rows=1 loops=1)
                                                                                       Buckets: 1024  Batches: 1  Memory Usage: 9kB
                                                                                       Buffers: shared hit=1
                                                                                       ->  Seq Scan on comp_cast_type cct1  (cost=0.00..18.88 rows=4 width=4) (actual time=0.007..0.007 rows=1 loops=1)
                                                                                             Filter: ((kind)::text = 'crew'::text)
                                                                                             Rows Removed by Filter: 3
                                                                                             Buffers: shared hit=1
                                                                           ->  Index Scan using movie_id_movie_info_idx on movie_info_idx mi_idx  (cost=0.43..0.80 rows=1 width=14) (actual time=0.002..0.002 rows=1 loops=49145)
                                                                                 Index Cond: (movie_id = cc.movie_id)
                                                                                 Filter: ((info)::text > '6.5'::text)
                                                                                 Rows Removed by Filter: 2
                                                                                 Buffers: shared hit=181520 read=169
                                                               ->  Index Scan using movie_id_movie_info on movie_info mi  (cost=0.43..3.71 rows=1 width=8) (actual time=0.022..0.024 rows=0 loops=18297)
                                                                     Index Cond: (movie_id = mi_idx.movie_id)
                                                                     Filter: ((info)::text = ANY ('{Sweden,Germany,Swedish,German}'::text[]))
                                                                     Rows Removed by Filter: 39
                                                                     Buffers: shared hit=262162 read=3996
                                                         ->  Index Scan using info_type_pkey on info_type it1  (cost=0.14..0.16 rows=1 width=4) (actual time=0.001..0.001 rows=0 loops=1346)
                                                               Index Cond: (id = mi.info_type_id)
                                                               Filter: ((info)::text = 'countries'::text)
                                                               Rows Removed by Filter: 1
                                                               Buffers: shared hit=2692
                                                   ->  Index Scan using comp_cast_type_pkey on comp_cast_type cct2  (cost=0.15..0.17 rows=1 width=4) (actual time=0.001..0.001 rows=1 loops=397)
                                                         Index Cond: (id = cc.status_id)
                                                         Filter: ((kind)::text <> 'complete+verified'::text)
                                                         Rows Removed by Filter: 0
                                                         Buffers: shared hit=794
                                             ->  Index Scan using title_pkey on title t  (cost=0.43..1.04 rows=1 width=25) (actual time=0.007..0.007 rows=0 loops=344)
                                                   Index Cond: (id = mi_idx.movie_id)
                                                   Filter: (production_year > 2005)
                                                   Rows Removed by Filter: 1
                                                   Buffers: shared hit=1376
                                       ->  Index Scan using movie_id_movie_keyword on movie_keyword mk  (cost=0.43..1.37 rows=47 width=8) (actual time=0.005..0.008 rows=15 loops=103)
                                             Index Cond: (movie_id = t.id)
                                             Buffers: shared hit=339 read=37
                                 ->  Index Scan using keyword_pkey on keyword k  (cost=0.42..0.44 rows=1 width=4) (actual time=0.003..0.003 rows=0 loops=1499)
                                       Index Cond: (id = mk.keyword_id)
                                       Filter: ((keyword)::text = ANY ('{murder,murder-in-title,blood,violence}'::text[]))
                                       Rows Removed by Filter: 1
                                       Buffers: shared hit=5996
                           ->  Index Scan using movie_id_movie_companies on movie_companies mc  (cost=0.43..0.56 rows=1 width=12) (actual time=0.009..0.018 rows=9 loops=18)
                                 Index Cond: (movie_id = mk.movie_id)
                                 Filter: (((note)::text !~~ '%(USA)%'::text) AND ((note)::text ~~ '%(200%)%'::text))
                                 Rows Removed by Filter: 13
                                 Buffers: shared hit=89 read=6
                     ->  Index Scan using company_name_pkey on company_name cn  (cost=0.42..0.54 rows=1 width=23) (actual time=0.003..0.003 rows=1 loops=163)
                           Index Cond: (id = mc.company_id)
                           Filter: ((country_code)::text <> '[us]'::text)
                           Rows Removed by Filter: 0
                           Buffers: shared hit=651 read=1
               ->  Index Only Scan using company_type_pkey on company_type ct  (cost=0.15..0.17 rows=1 width=4) (actual time=0.001..0.001 rows=1 loops=161)
                     Index Cond: (id = mc.company_type_id)
                     Heap Fetches: 161
                     Buffers: shared hit=322
         ->  Index Scan using kind_type_pkey on kind_type kt  (cost=0.15..0.17 rows=1 width=4) (actual time=0.001..0.001 rows=1 loops=161)
               Index Cond: (id = t.kind_id)
               Filter: ((kind)::text = ANY ('{movie,episode}'::text[]))
               Rows Removed by Filter: 0
               Buffers: shared hit=322
 Planning:
   Buffers: shared hit=1188 read=1
 Planning Time: 90.030 ms
 Execution Time: 606.588 ms
(102 rows)

