                                                                                                                  QUERY PLAN                                                                                                                   
-----------------------------------------------------------------------------------------------------------------------------------------------------------------------------------------------------------------------------------------------
 Aggregate  (cost=2650.64..2650.65 rows=1 width=96) (actual time=2683.493..2683.504 rows=1 loops=1)
   Buffers: shared hit=5061257 read=25339
   ->  Nested Loop  (cost=24.25..2650.64 rows=1 width=48) (actual time=802.114..2679.440 rows=16308 loops=1)
         Buffers: shared hit=5061257 read=25339
         ->  Nested Loop  (cost=23.83..2648.61 rows=1 width=52) (actual time=778.604..2569.455 rows=75240 loops=1)
               Buffers: shared hit=4760312 read=25324
               ->  Nested Loop  (cost=23.69..2648.42 rows=1 width=56) (actual time=778.476..2272.829 rows=321774 loops=1)
                     Join Filter: (n.id = pi.person_id)
                     Buffers: shared hit=4116764 read=25324
                     ->  Nested Loop  (cost=23.26..2628.30 rows=1 width=64) (actual time=778.442..2171.533 rows=858 loops=1)
                           Join Filter: (n.id = an.person_id)
                           Buffers: shared hit=4106513 read=25303
                           ->  Nested Loop  (cost=22.83..2627.01 rows=1 width=60) (actual time=778.418..2170.919 rows=206 loops=1)
                                 Buffers: shared hit=4105895 read=25302
                                 ->  Nested Loop  (cost=22.40..2622.94 rows=2 width=64) (actual time=45.516..2115.665 rows=150884 loops=1)
                                       Buffers: shared hit=4101445 read=25228
                                       ->  Nested Loop  (cost=21.97..2619.52 rows=1 width=80) (actual time=45.484..2069.704 rows=1072 loops=1)
                                             Buffers: shared hit=4096452 read=25203
                                             ->  Nested Loop  (cost=21.83..2619.33 rows=1 width=84) (actual time=45.469..2068.385 rows=1072 loops=1)
                                                   Join Filter: (t.id = mi.movie_id)
                                                   Buffers: shared hit=4094308 read=25203
                                                   ->  Nested Loop  (cost=21.39..2582.22 rows=1 width=76) (actual time=45.395..2047.711 rows=316 loops=1)
                                                         Buffers: shared hit=4085087 read=25203
                                                         ->  Nested Loop  (cost=20.96..2579.88 rows=1 width=57) (actual time=45.357..2028.775 rows=8239 loops=1)
                                                               Buffers: shared hit=4052726 read=24608
                                                               ->  Nested Loop  (cost=20.82..2579.14 rows=1 width=61) (actual time=0.513..1995.943 rows=33857 loops=1)
                                                                     Buffers: shared hit=3985012 read=24608
                                                                     ->  Nested Loop  (cost=20.39..2576.89 rows=1 width=49) (actual time=0.485..1923.207 rows=37783 loops=1)
                                                                           Join Filter: (t.id = ci.movie_id)
                                                                           Buffers: shared hit=3851246 read=22946
                                                                           ->  Nested Loop  (cost=19.95..2499.04 rows=2 width=33) (actual time=0.199..152.529 rows=28084 loops=1)
                                                                                 Buffers: shared hit=74758 read=6915
                                                                                 ->  Nested Loop  (cost=19.52..2489.46 rows=2 width=25) (actual time=0.161..129.625 rows=1996 loops=1)
                                                                                       Buffers: shared hit=65557 read=6695
                                                                                       ->  Nested Loop  (cost=19.09..2478.22 rows=4 width=4) (actual time=0.068..35.922 rows=17879 loops=1)
                                                                                             Buffers: shared hit=736
                                                                                             ->  Hash Join  (cost=18.93..2457.50 rows=761 width=8) (actual time=0.049..26.298 rows=24592 loops=1)
                                                                                                   Hash Cond: (cc.status_id = cct2.id)
                                                                                                   Buffers: shared hit=732
                                                                                                   ->  Seq Scan on complete_cast cc  (cost=0.00..2081.86 rows=135086 width=12) (actual time=0.014..9.169 rows=135086 loops=1)
                                                                                                         Buffers: shared hit=731
                                                                                                   ->  Hash  (cost=18.88..18.88 rows=4 width=4) (actual time=0.022..0.023 rows=1 loops=1)
                                                                                                         Buckets: 1024  Batches: 1  Memory Usage: 9kB
                                                                                                         Buffers: shared hit=1
                                                                                                         ->  Seq Scan on comp_cast_type cct2  (cost=0.00..18.88 rows=4 width=4) (actual time=0.012..0.013 rows=1 loops=1)
                                                                                                               Filter: ((kind)::text = 'complete+verified'::text)
                                                                                                               Rows Removed by Filter: 3
                                                                                                               Buffers: shared hit=1
                                                                                             ->  Memoize  (cost=0.16..0.58 rows=1 width=4) (actual time=0.000..0.000 rows=1 loops=24592)
                                                                                                   Cache Key: cc.subject_id
                                                                                                   Cache Mode: logical
                                                                                                   Hits: 24590  Misses: 2  Evictions: 0  Overflows: 0  Memory Usage: 1kB
                                                                                                   Buffers: shared hit=4
                                                                                                   ->  Index Scan using comp_cast_type_pkey on comp_cast_type cct1  (cost=0.15..0.57 rows=1 width=4) (actual time=0.009..0.009 rows=0 loops=2)
                                                                                                         Index Cond: (id = cc.subject_id)
                                                                                                         Filter: ((kind)::text = 'cast'::text)
                                                                                                         Rows Removed by Filter: 0
                                                                                                         Buffers: shared hit=4
                                                                                       ->  Index Scan using title_pkey on title t  (cost=0.43..2.81 rows=1 width=21) (actual time=0.005..0.005 rows=0 loops=17879)
                                                                                             Index Cond: (id = cc.movie_id)
                                                                                             Filter: ((production_year >= 2000) AND (production_year <= 2010))
                                                                                             Rows Removed by Filter: 1
                                                                                             Buffers: shared hit=64821 read=6695
                                                                                 ->  Index Scan using movie_id_movie_companies on movie_companies mc  (cost=0.43..4.74 rows=5 width=8) (actual time=0.005..0.009 rows=14 loops=1996)
                                                                                       Index Cond: (movie_id = t.id)
                                                                                       Buffers: shared hit=9201 read=220
                                                                           ->  Index Scan using movie_id_cast_info on cast_info ci  (cost=0.44..38.91 rows=1 width=16) (actual time=0.047..0.063 rows=1 loops=28084)
                                                                                 Index Cond: (movie_id = mc.movie_id)
                                                                                 Filter: ((note)::text = ANY ('{(voice),"(voice: Japanese version)","(voice) (uncredited)","(voice: English version)"}'::text[]))
                                                                                 Rows Removed by Filter: 134
                                                                                 Buffers: shared hit=3776488 read=16031
                                                                     ->  Index Scan using char_name_pkey on char_name chn  (cost=0.43..2.25 rows=1 width=20) (actual time=0.002..0.002 rows=1 loops=37783)
                                                                           Index Cond: (id = ci.person_role_id)
                                                                           Buffers: shared hit=133766 read=1662
                                                               ->  Index Scan using role_type_pkey on role_type rt  (cost=0.15..0.57 rows=1 width=4) (actual time=0.001..0.001 rows=0 loops=33857)
                                                                     Index Cond: (id = ci.role_id)
                                                                     Filter: ((role)::text = 'actress'::text)
                                                                     Rows Removed by Filter: 1
                                                                     Buffers: shared hit=67714
                                                         ->  Index Scan using name_pkey on name n  (cost=0.43..2.34 rows=1 width=19) (actual time=0.002..0.002 rows=0 loops=8239)
                                                               Index Cond: (id = ci.person_id)
                                                               Filter: (((name)::text ~~ '%An%'::text) AND ((gender)::text = 'f'::text))
                                                               Rows Removed by Filter: 1
                                                               Buffers: shared hit=32361 read=595
                                                   ->  Index Scan using movie_id_movie_info on movie_info mi  (cost=0.43..37.10 rows=1 width=8) (actual time=0.009..0.064 rows=3 loops=316)
                                                         Index Cond: (movie_id = mc.movie_id)
                                                         Filter: ((info IS NOT NULL) AND (((info)::text ~~ 'Japan:%200%'::text) OR ((info)::text ~~ 'USA:%200%'::text)))
                                                         Rows Removed by Filter: 286
                                                         Buffers: shared hit=9221
                                             ->  Index Scan using info_type_pkey on info_type it  (cost=0.14..0.16 rows=1 width=4) (actual time=0.001..0.001 rows=1 loops=1072)
                                                   Index Cond: (id = mi.info_type_id)
                                                   Filter: ((info)::text = 'release dates'::text)
                                                   Buffers: shared hit=2144
                                       ->  Index Scan using movie_id_movie_keyword on movie_keyword mk  (cost=0.43..2.95 rows=47 width=8) (actual time=0.002..0.022 rows=141 loops=1072)
                                             Index Cond: (movie_id = t.id)
                                             Buffers: shared hit=4993 read=25
                                 ->  Memoize  (cost=0.43..2.03 rows=1 width=4) (actual time=0.000..0.000 rows=0 loops=150884)
                                       Cache Key: mk.keyword_id
                                       Cache Mode: logical
                                       Hits: 149753  Misses: 1131  Evictions: 0  Overflows: 0  Memory Usage: 76kB
                                       Buffers: shared hit=4450 read=74
                                       ->  Index Scan using keyword_pkey on keyword k  (cost=0.42..2.02 rows=1 width=4) (actual time=0.004..0.004 rows=0 loops=1131)
                                             Index Cond: (id = mk.keyword_id)
                                             Filter: ((keyword)::text = 'computer-animation'::text)
                                             Rows Removed by Filter: 1
                                             Buffers: shared hit=4450 read=74
                           ->  Index Only Scan using person_id_aka_name on aka_name an  (cost=0.42..1.26 rows=2 width=4) (actual time=0.001..0.002 rows=4 loops=206)
                                 Index Cond: (person_id = ci.person_id)
                                 Heap Fetches: 0
                                 Buffers: shared hit=618 read=1
                     ->  Index Scan using person_id_person_info on person_info pi  (cost=0.43..19.80 rows=26 width=8) (actual time=0.002..0.053 rows=375 loops=858)
                           Index Cond: (person_id = an.person_id)
                           Buffers: shared hit=10251 read=21
               ->  Index Scan using info_type_pkey on info_type it3  (cost=0.14..0.16 rows=1 width=4) (actual time=0.001..0.001 rows=0 loops=321774)
                     Index Cond: (id = pi.info_type_id)
                     Filter: ((info)::text = 'trivia'::text)
                     Rows Removed by Filter: 1
                     Buffers: shared hit=643548
         ->  Index Scan using company_name_pkey on company_name cn  (cost=0.42..2.03 rows=1 width=4) (actual time=0.001..0.001 rows=0 loops=75240)
               Index Cond: (id = mc.company_id)
               Filter: ((country_code)::text = '[us]'::text)
               Rows Removed by Filter: 1
               Buffers: shared hit=300945 read=15
 Planning:
   Buffers: shared hit=1513 read=1
 Planning Time: 124.214 ms
 Execution Time: 2683.820 ms
(127 rows)

