                                                                                                            QUERY PLAN                                                                                                            
----------------------------------------------------------------------------------------------------------------------------------------------------------------------------------------------------------------------------------
 Aggregate  (cost=1535.29..1535.30 rows=1 width=192) (actual time=19.819..19.825 rows=1 loops=1)
   Buffers: shared hit=10233 read=210
   ->  Nested Loop  (cost=23.61..1535.28 rows=1 width=84) (actual time=3.185..19.812 rows=8 loops=1)
         Buffers: shared hit=10233 read=210
         ->  Nested Loop  (cost=23.46..1535.09 rows=1 width=88) (actual time=3.134..19.777 rows=24 loops=1)
               Buffers: shared hit=10185 read=210
               ->  Nested Loop  (cost=23.04..1534.65 rows=1 width=73) (actual time=3.114..19.492 rows=84 loops=1)
                     Buffers: shared hit=9849 read=210
                     ->  Nested Loop  (cost=22.61..1534.04 rows=1 width=81) (actual time=3.096..19.352 rows=30 loops=1)
                           Buffers: shared hit=9705 read=210
                           ->  Nested Loop  (cost=22.19..1533.60 rows=1 width=66) (actual time=3.067..19.189 rows=30 loops=1)
                                 Buffers: shared hit=9585 read=210
                                 ->  Nested Loop  (cost=21.77..1533.07 rows=1 width=52) (actual time=3.059..19.137 rows=11 loops=1)
                                       Join Filter: ((ml.linked_movie_id = t2.id) AND (kt2.id = t2.kind_id))
                                       Buffers: shared hit=9543 read=209
                                       ->  Nested Loop  (cost=21.34..1519.66 rows=25 width=51) (actual time=3.031..18.699 rows=58 loops=1)
                                             Buffers: shared hit=9321 read=199
                                             ->  Nested Loop  (cost=21.34..1496.59 rows=5 width=47) (actual time=3.024..18.665 rows=58 loops=1)
                                                   Join Filter: (ml.linked_movie_id = mc2.movie_id)
                                                   Buffers: shared hit=9320 read=199
                                                   ->  Nested Loop  (cost=20.91..1495.86 rows=1 width=39) (actual time=3.002..18.236 rows=30 loops=1)
                                                         Buffers: shared hit=9188 read=197
                                                         ->  Nested Loop  (cost=20.76..1494.84 rows=6 width=43) (actual time=2.974..18.160 rows=34 loops=1)
                                                               Buffers: shared hit=9122 read=195
                                                               ->  Nested Loop  (cost=20.33..1468.01 rows=6 width=18) (actual time=2.947..17.778 rows=34 loops=1)
                                                                     Join Filter: (mi_idx2.info_type_id = it2.id)
                                                                     Rows Removed by Join Filter: 2894
                                                                     Buffers: shared hit=9001 read=180
                                                                     ->  Seq Scan on info_type it2  (cost=0.00..2.41 rows=1 width=4) (actual time=0.017..0.019 rows=1 loops=1)
                                                                           Filter: ((info)::text = 'rating'::text)
                                                                           Rows Removed by Filter: 112
                                                                           Buffers: shared hit=1
                                                                     ->  Nested Loop  (cost=20.33..1457.01 rows=687 width=22) (actual time=0.105..17.497 rows=2928 loops=1)
                                                                           Buffers: shared hit=9000 read=180
                                                                           ->  Hash Join  (cost=19.90..562.08 rows=465 width=8) (actual time=0.063..5.827 rows=2315 loops=1)
                                                                                 Hash Cond: (ml.link_type_id = lt.id)
                                                                                 Buffers: shared hit=105 read=59
                                                                                 ->  Seq Scan on movie_link ml  (cost=0.00..462.97 rows=29997 width=12) (actual time=0.021..2.774 rows=29997 loops=1)
                                                                                       Buffers: shared hit=104 read=59
                                                                                 ->  Hash  (cost=19.76..19.76 rows=11 width=4) (actual time=0.023..0.024 rows=2 loops=1)
                                                                                       Buckets: 1024  Batches: 1  Memory Usage: 9kB
                                                                                       Buffers: shared hit=1
                                                                                       ->  Seq Scan on link_type lt  (cost=0.00..19.76 rows=11 width=4) (actual time=0.010..0.013 rows=2 loops=1)
                                                                                             Filter: ((link)::text = ANY ('{sequel,follows,"followed by"}'::text[]))
                                                                                             Rows Removed by Filter: 16
                                                                                             Buffers: shared hit=1
                                                                           ->  Index Scan using movie_id_movie_info_idx on movie_info_idx mi_idx2  (cost=0.43..1.91 rows=1 width=14) (actual time=0.004..0.005 rows=1 loops=2315)
                                                                                 Index Cond: (movie_id = ml.linked_movie_id)
                                                                                 Filter: ((info)::text < '3.0'::text)
                                                                                 Rows Removed by Filter: 1
                                                                                 Buffers: shared hit=8895 read=121
                                                               ->  Index Scan using title_pkey on title t1  (cost=0.43..4.47 rows=1 width=25) (actual time=0.011..0.011 rows=1 loops=34)
                                                                     Index Cond: (id = ml.movie_id)
                                                                     Buffers: shared hit=121 read=15
                                                         ->  Index Scan using kind_type_pkey on kind_type kt1  (cost=0.15..0.17 rows=1 width=4) (actual time=0.002..0.002 rows=1 loops=34)
                                                               Index Cond: (id = t1.kind_id)
                                                               Filter: ((kind)::text = 'tv series'::text)
                                                               Rows Removed by Filter: 0
                                                               Buffers: shared hit=66 read=2
                                                   ->  Index Scan using movie_id_movie_companies on movie_companies mc2  (cost=0.43..0.66 rows=5 width=8) (actual time=0.011..0.013 rows=2 loops=30)
                                                         Index Cond: (movie_id = mi_idx2.movie_id)
                                                         Buffers: shared hit=132 read=2
                                             ->  Materialize  (cost=0.00..22.77 rows=5 width=4) (actual time=0.000..0.000 rows=1 loops=58)
                                                   Buffers: shared hit=1
                                                   ->  Seq Scan on kind_type kt2  (cost=0.00..22.75 rows=5 width=4) (actual time=0.002..0.003 rows=1 loops=1)
                                                         Filter: ((kind)::text = 'tv series'::text)
                                                         Rows Removed by Filter: 6
                                                         Buffers: shared hit=1
                                       ->  Index Scan using title_pkey on title t2  (cost=0.43..0.52 rows=1 width=25) (actual time=0.007..0.007 rows=0 loops=58)
                                             Index Cond: (id = mc2.movie_id)
                                             Filter: ((production_year >= 2005) AND (production_year <= 2008))
                                             Rows Removed by Filter: 1
                                             Buffers: shared hit=222 read=10
                                 ->  Index Scan using movie_id_movie_info_idx on movie_info_idx mi_idx1  (cost=0.43..0.50 rows=3 width=14) (actual time=0.003..0.004 rows=3 loops=11)
                                       Index Cond: (movie_id = t1.id)
                                       Buffers: shared hit=42 read=1
                           ->  Index Scan using company_name_pkey on company_name cn2  (cost=0.42..0.44 rows=1 width=23) (actual time=0.005..0.005 rows=1 loops=30)
                                 Index Cond: (id = mc2.company_id)
                                 Buffers: shared hit=120
                     ->  Index Scan using movie_id_movie_companies on movie_companies mc1  (cost=0.43..0.56 rows=5 width=8) (actual time=0.003..0.004 rows=3 loops=30)
                           Index Cond: (movie_id = t1.id)
                           Buffers: shared hit=144
               ->  Index Scan using company_name_pkey on company_name cn1  (cost=0.42..0.45 rows=1 width=23) (actual time=0.003..0.003 rows=0 loops=84)
                     Index Cond: (id = mc1.company_id)
                     Filter: ((country_code)::text = '[us]'::text)
                     Rows Removed by Filter: 1
                     Buffers: shared hit=336
         ->  Index Scan using info_type_pkey on info_type it1  (cost=0.14..0.16 rows=1 width=4) (actual time=0.001..0.001 rows=0 loops=24)
               Index Cond: (id = mi_idx1.info_type_id)
               Filter: ((info)::text = 'rating'::text)
               Rows Removed by Filter: 1
               Buffers: shared hit=48
 Planning:
   Buffers: shared hit=924 read=2
 Planning Time: 94.144 ms
 Execution Time: 20.042 ms
(96 rows)

