                                                                                                       QUERY PLAN                                                                                                       
------------------------------------------------------------------------------------------------------------------------------------------------------------------------------------------------------------------------
 [                                                                                                                                                                                                                     +
   {                                                                                                                                                                                                                   +
     "Plan": {                                                                                                                                                                                                         +
       "Node Type": "Aggregate",                                                                                                                                                                                       +
       "Strategy": "Plain",                                                                                                                                                                                            +
       "Partial Mode": "Simple",                                                                                                                                                                                       +
       "Parallel Aware": false,                                                                                                                                                                                        +
       "Async Capable": false,                                                                                                                                                                                         +
       "Startup Cost": 15251.56,                                                                                                                                                                                       +
       "Total Cost": 15251.57,                                                                                                                                                                                         +
       "Plan Rows": 1,                                                                                                                                                                                                 +
       "Plan Width": 96,                                                                                                                                                                                               +
       "Actual Startup Time": 3958.023,                                                                                                                                                                                +
       "Actual Total Time": 3958.026,                                                                                                                                                                                  +
       "Actual Rows": 1,                                                                                                                                                                                               +
       "Actual Loops": 1,                                                                                                                                                                                              +
       "Output": ["min((k.keyword)::text)", "min((n.name)::text)", "min((t.title)::text)"],                                                                                                                            +
       "Plans": [                                                                                                                                                                                                      +
         {                                                                                                                                                                                                             +
           "Node Type": "Nested Loop",                                                                                                                                                                                 +
           "Parent Relationship": "Outer",                                                                                                                                                                             +
           "Parallel Aware": false,                                                                                                                                                                                    +
           "Async Capable": false,                                                                                                                                                                                     +
           "Join Type": "Inner",                                                                                                                                                                                       +
           "Startup Cost": 8.08,                                                                                                                                                                                       +
           "Total Cost": 15209.25,                                                                                                                                                                                     +
           "Plan Rows": 5641,                                                                                                                                                                                          +
           "Plan Width": 48,                                                                                                                                                                                           +
           "Actual Startup Time": 1.299,                                                                                                                                                                               +
           "Actual Total Time": 3806.659,                                                                                                                                                                              +
           "Actual Rows": 785477,                                                                                                                                                                                      +
           "Actual Loops": 1,                                                                                                                                                                                          +
           "Output": ["k.keyword", "n.name", "t.title"],                                                                                                                                                               +
           "Inner Unique": true,                                                                                                                                                                                       +
           "Plans": [                                                                                                                                                                                                  +
             {                                                                                                                                                                                                         +
               "Node Type": "Nested Loop",                                                                                                                                                                             +
               "Parent Relationship": "Outer",                                                                                                                                                                         +
               "Parallel Aware": false,                                                                                                                                                                                +
               "Async Capable": false,                                                                                                                                                                                 +
               "Join Type": "Inner",                                                                                                                                                                                   +
               "Startup Cost": 7.65,                                                                                                                                                                                   +
               "Total Cost": 12640.94,                                                                                                                                                                                 +
               "Plan Rows": 5641,                                                                                                                                                                                      +
               "Plan Width": 37,                                                                                                                                                                                       +
               "Actual Startup Time": 1.242,                                                                                                                                                                           +
               "Actual Total Time": 1293.946,                                                                                                                                                                          +
               "Actual Rows": 785477,                                                                                                                                                                                  +
               "Actual Loops": 1,                                                                                                                                                                                      +
               "Output": ["ci.person_id", "k.keyword", "t.title"],                                                                                                                                                     +
               "Inner Unique": false,                                                                                                                                                                                  +
               "Join Filter": "(t.id = ci.movie_id)",                                                                                                                                                                  +
               "Rows Removed by Join Filter": 0,                                                                                                                                                                       +
               "Plans": [                                                                                                                                                                                              +
                 {                                                                                                                                                                                                     +
                   "Node Type": "Nested Loop",                                                                                                                                                                         +
                   "Parent Relationship": "Outer",                                                                                                                                                                     +
                   "Parallel Aware": false,                                                                                                                                                                            +
                   "Async Capable": false,                                                                                                                                                                             +
                   "Join Type": "Inner",                                                                                                                                                                               +
                   "Startup Cost": 7.21,                                                                                                                                                                               +
                   "Total Cost": 12367.41,                                                                                                                                                                             +
                   "Plan Rows": 149,                                                                                                                                                                                   +
                   "Plan Width": 41,                                                                                                                                                                                   +
                   "Actual Startup Time": 1.194,                                                                                                                                                                       +
                   "Actual Total Time": 227.553,                                                                                                                                                                       +
                   "Actual Rows": 14165,                                                                                                                                                                               +
                   "Actual Loops": 1,                                                                                                                                                                                  +
                   "Output": ["k.keyword", "mk.movie_id", "t.title", "t.id"],                                                                                                                                          +
                   "Inner Unique": true,                                                                                                                                                                               +
                   "Plans": [                                                                                                                                                                                          +
                     {                                                                                                                                                                                                 +
                       "Node Type": "Nested Loop",                                                                                                                                                                     +
                       "Parent Relationship": "Outer",                                                                                                                                                                 +
                       "Parallel Aware": false,                                                                                                                                                                        +
                       "Async Capable": false,                                                                                                                                                                         +
                       "Join Type": "Inner",                                                                                                                                                                           +
                       "Startup Cost": 6.78,                                                                                                                                                                           +
                       "Total Cost": 12235.17,                                                                                                                                                                         +
                       "Plan Rows": 270,                                                                                                                                                                               +
                       "Plan Width": 20,                                                                                                                                                                               +
                       "Actual Startup Time": 1.146,                                                                                                                                                                   +
                       "Actual Total Time": 92.900,                                                                                                                                                                    +
                       "Actual Rows": 35548,                                                                                                                                                                           +
                       "Actual Loops": 1,                                                                                                                                                                              +
                       "Output": ["k.keyword", "mk.movie_id"],                                                                                                                                                         +
                       "Inner Unique": false,                                                                                                                                                                          +
                       "Plans": [                                                                                                                                                                                      +
                         {                                                                                                                                                                                             +
                           "Node Type": "Seq Scan",                                                                                                                                                                    +
                           "Parent Relationship": "Outer",                                                                                                                                                             +
                           "Parallel Aware": false,                                                                                                                                                                    +
                           "Async Capable": false,                                                                                                                                                                     +
                           "Relation Name": "keyword",                                                                                                                                                                 +
                           "Schema": "public",                                                                                                                                                                         +
                           "Alias": "k",                                                                                                                                                                               +
                           "Startup Cost": 0.00,                                                                                                                                                                       +
                           "Total Cost": 3632.40,                                                                                                                                                                      +
                           "Plan Rows": 8,                                                                                                                                                                             +
                           "Plan Width": 20,                                                                                                                                                                           +
                           "Actual Startup Time": 0.198,                                                                                                                                                               +
                           "Actual Total Time": 25.939,                                                                                                                                                                +
                           "Actual Rows": 8,                                                                                                                                                                           +
                           "Actual Loops": 1,                                                                                                                                                                          +
                           "Output": ["k.id", "k.keyword", "k.phonetic_code"],                                                                                                                                         +
                           "Filter": "((k.keyword)::text = ANY ('{superhero,sequel,second-part,marvel-comics,based-on-comic,tv-special,fight,violence}'::text[]))",                                                    +
                           "Rows Removed by Filter": 134162                                                                                                                                                            +
                         },                                                                                                                                                                                            +
                         {                                                                                                                                                                                             +
                           "Node Type": "Bitmap Heap Scan",                                                                                                                                                            +
                           "Parent Relationship": "Inner",                                                                                                                                                             +
                           "Parallel Aware": false,                                                                                                                                                                    +
                           "Async Capable": false,                                                                                                                                                                     +
                           "Relation Name": "movie_keyword",                                                                                                                                                           +
                           "Schema": "public",                                                                                                                                                                         +
                           "Alias": "mk",                                                                                                                                                                              +
                           "Startup Cost": 6.78,                                                                                                                                                                       +
                           "Total Cost": 1072.32,                                                                                                                                                                      +
                           "Plan Rows": 303,                                                                                                                                                                           +
                           "Plan Width": 8,                                                                                                                                                                            +
                           "Actual Startup Time": 1.007,                                                                                                                                                               +
                           "Actual Total Time": 7.806,                                                                                                                                                                 +
                           "Actual Rows": 4444,                                                                                                                                                                        +
                           "Actual Loops": 8,                                                                                                                                                                          +
                           "Output": ["mk.id", "mk.movie_id", "mk.keyword_id"],                                                                                                                                        +
                           "Recheck Cond": "(mk.keyword_id = k.id)",                                                                                                                                                   +
                           "Rows Removed by Index Recheck": 0,                                                                                                                                                         +
                           "Exact Heap Blocks": 23488,                                                                                                                                                                 +
                           "Lossy Heap Blocks": 0,                                                                                                                                                                     +
                           "Plans": [                                                                                                                                                                                  +
                             {                                                                                                                                                                                         +
                               "Node Type": "Bitmap Index Scan",                                                                                                                                                       +
                               "Parent Relationship": "Outer",                                                                                                                                                         +
                               "Parallel Aware": false,                                                                                                                                                                +
                               "Async Capable": false,                                                                                                                                                                 +
                               "Index Name": "keyword_id_movie_keyword",                                                                                                                                               +
                               "Startup Cost": 0.00,                                                                                                                                                                   +
                               "Total Cost": 6.71,                                                                                                                                                                     +
                               "Plan Rows": 303,                                                                                                                                                                       +
                               "Plan Width": 0,                                                                                                                                                                        +
                               "Actual Startup Time": 0.550,                                                                                                                                                           +
                               "Actual Total Time": 0.550,                                                                                                                                                             +
                               "Actual Rows": 4444,                                                                                                                                                                    +
                               "Actual Loops": 8,                                                                                                                                                                      +
                               "Index Cond": "(mk.keyword_id = k.id)"                                                                                                                                                  +
                             }                                                                                                                                                                                         +
                           ]                                                                                                                                                                                           +
                         }                                                                                                                                                                                             +
                       ]                                                                                                                                                                                               +
                     },                                                                                                                                                                                                +
                     {                                                                                                                                                                                                 +
                       "Node Type": "Index Scan",                                                                                                                                                                      +
                       "Parent Relationship": "Inner",                                                                                                                                                                 +
                       "Parallel Aware": false,                                                                                                                                                                        +
                       "Async Capable": false,                                                                                                                                                                         +
                       "Scan Direction": "Forward",                                                                                                                                                                    +
                       "Index Name": "title_pkey",                                                                                                                                                                     +
                       "Relation Name": "title",                                                                                                                                                                       +
                       "Schema": "public",                                                                                                                                                                             +
                       "Alias": "t",                                                                                                                                                                                   +
                       "Startup Cost": 0.43,                                                                                                                                                                           +
                       "Total Cost": 0.49,                                                                                                                                                                             +
                       "Plan Rows": 1,                                                                                                                                                                                 +
                       "Plan Width": 21,                                                                                                                                                                               +
                       "Actual Startup Time": 0.004,                                                                                                                                                                   +
                       "Actual Total Time": 0.004,                                                                                                                                                                     +
                       "Actual Rows": 0,                                                                                                                                                                               +
                       "Actual Loops": 35548,                                                                                                                                                                          +
                       "Output": ["t.id", "t.title", "t.imdb_index", "t.kind_id", "t.production_year", "t.imdb_id", "t.phonetic_code", "t.episode_of_id", "t.season_nr", "t.episode_nr", "t.series_years", "t.md5sum"],+
                       "Index Cond": "(t.id = mk.movie_id)",                                                                                                                                                           +
                       "Rows Removed by Index Recheck": 0,                                                                                                                                                             +
                       "Filter": "(t.production_year > 2000)",                                                                                                                                                         +
                       "Rows Removed by Filter": 1                                                                                                                                                                     +
                     }                                                                                                                                                                                                 +
                   ]                                                                                                                                                                                                   +
                 },                                                                                                                                                                                                    +
                 {                                                                                                                                                                                                     +
                   "Node Type": "Index Scan",                                                                                                                                                                          +
                   "Parent Relationship": "Inner",                                                                                                                                                                     +
                   "Parallel Aware": false,                                                                                                                                                                            +
                   "Async Capable": false,                                                                                                                                                                             +
                   "Scan Direction": "Forward",                                                                                                                                                                        +
                   "Index Name": "movie_id_cast_info",                                                                                                                                                                 +
                   "Relation Name": "cast_info",                                                                                                                                                                       +
                   "Schema": "public",                                                                                                                                                                                 +
                   "Alias": "ci",                                                                                                                                                                                      +
                   "Startup Cost": 0.44,                                                                                                                                                                               +
                   "Total Cost": 1.36,                                                                                                                                                                                 +
                   "Plan Rows": 38,                                                                                                                                                                                    +
                   "Plan Width": 8,                                                                                                                                                                                    +
                   "Actual Startup Time": 0.005,                                                                                                                                                                       +
                   "Actual Total Time": 0.067,                                                                                                                                                                         +
                   "Actual Rows": 55,                                                                                                                                                                                  +
                   "Actual Loops": 14165,                                                                                                                                                                              +
                   "Output": ["ci.id", "ci.person_id", "ci.movie_id", "ci.person_role_id", "ci.note", "ci.nr_order", "ci.role_id"],                                                                                    +
                   "Index Cond": "(ci.movie_id = mk.movie_id)",                                                                                                                                                        +
                   "Rows Removed by Index Recheck": 0                                                                                                                                                                  +
                 }                                                                                                                                                                                                     +
               ]                                                                                                                                                                                                       +
             },                                                                                                                                                                                                        +
             {                                                                                                                                                                                                         +
               "Node Type": "Index Scan",                                                                                                                                                                              +
               "Parent Relationship": "Inner",                                                                                                                                                                         +
               "Parallel Aware": false,                                                                                                                                                                                +
               "Async Capable": false,                                                                                                                                                                                 +
               "Scan Direction": "Forward",                                                                                                                                                                            +
               "Index Name": "name_pkey",                                                                                                                                                                              +
               "Relation Name": "name",                                                                                                                                                                                +
               "Schema": "public",                                                                                                                                                                                     +
               "Alias": "n",                                                                                                                                                                                           +
               "Startup Cost": 0.43,                                                                                                                                                                                   +
               "Total Cost": 0.46,                                                                                                                                                                                     +
               "Plan Rows": 1,                                                                                                                                                                                         +
               "Plan Width": 19,                                                                                                                                                                                       +
               "Actual Startup Time": 0.003,                                                                                                                                                                           +
               "Actual Total Time": 0.003,                                                                                                                                                                             +
               "Actual Rows": 1,                                                                                                                                                                                       +
               "Actual Loops": 785477,                                                                                                                                                                                 +
               "Output": ["n.id", "n.name", "n.imdb_index", "n.imdb_id", "n.gender", "n.name_pcode_cf", "n.name_pcode_nf", "n.surname_pcode", "n.md5sum"],                                                             +
               "Index Cond": "(n.id = ci.person_id)",                                                                                                                                                                  +
               "Rows Removed by Index Recheck": 0                                                                                                                                                                      +
             }                                                                                                                                                                                                         +
           ]                                                                                                                                                                                                           +
         }                                                                                                                                                                                                             +
       ]                                                                                                                                                                                                               +
     },                                                                                                                                                                                                                +
     "Planning Time": 4.670,                                                                                                                                                                                           +
     "Triggers": [                                                                                                                                                                                                     +
     ],                                                                                                                                                                                                                +
     "Execution Time": 3958.211                                                                                                                                                                                        +
   }                                                                                                                                                                                                                   +
 ]
(1 row)

