                                                                                                          QUERY PLAN                                                                                                           
-------------------------------------------------------------------------------------------------------------------------------------------------------------------------------------------------------------------------------
 Aggregate  (cost=1938.41..1938.42 rows=1 width=64) (actual time=832.895..832.901 rows=1 loops=1)
   Buffers: shared hit=609430 read=14798
   ->  Nested Loop  (cost=21.22..1938.40 rows=1 width=32) (actual time=58.780..832.864 rows=32 loops=1)
         Buffers: shared hit=609430 read=14798
         ->  Nested Loop  (cost=21.08..1937.42 rows=1 width=36) (actual time=58.758..832.767 rows=32 loops=1)
               Join Filter: (n.id = an.person_id)
               Buffers: shared hit=609368 read=14796
               ->  Nested Loop  (cost=20.66..1936.93 rows=1 width=48) (actual time=58.730..832.554 rows=14 loops=1)
                     Join Filter: (n.id = pi.person_id)
                     Buffers: shared hit=609309 read=14787
                     ->  Nested Loop  (cost=20.23..1837.16 rows=103 width=40) (actual time=0.194..687.526 rows=17559 loops=1)
                           Buffers: shared hit=538962 read=9425
                           ->  Nested Loop  (cost=19.80..1429.25 rows=872 width=21) (actual time=0.159..235.149 rows=105262 loops=1)
                                 Buffers: shared hit=118154 read=9185
                                 ->  Nested Loop  (cost=19.36..1317.66 rows=23 width=25) (actual time=0.123..39.323 rows=1467 loops=1)
                                       Buffers: shared hit=19207 read=1701
                                       ->  Hash Join  (cost=18.93..561.10 rows=169 width=4) (actual time=0.081..6.336 rows=5186 loops=1)
                                             Hash Cond: (ml.link_type_id = lt.id)
                                             Buffers: shared read=164
                                             ->  Seq Scan on movie_link ml  (cost=0.00..462.97 rows=29997 width=8) (actual time=0.015..2.744 rows=29997 loops=1)
                                                   Buffers: shared read=163
                                             ->  Hash  (cost=18.88..18.88 rows=4 width=4) (actual time=0.037..0.039 rows=1 loops=1)
                                                   Buckets: 1024  Batches: 1  Memory Usage: 9kB
                                                   Buffers: shared read=1
                                                   ->  Seq Scan on link_type lt  (cost=0.00..18.88 rows=4 width=4) (actual time=0.020..0.021 rows=1 loops=1)
                                                         Filter: ((link)::text = 'features'::text)
                                                         Rows Removed by Filter: 17
                                                         Buffers: shared read=1
                                       ->  Index Scan using title_pkey on title t  (cost=0.43..4.48 rows=1 width=21) (actual time=0.006..0.006 rows=0 loops=5186)
                                             Index Cond: (id = ml.linked_movie_id)
                                             Filter: ((production_year >= 1980) AND (production_year <= 1995))
                                             Rows Removed by Filter: 1
                                             Buffers: shared hit=19207 read=1537
                                 ->  Index Scan using movie_id_cast_info on cast_info ci  (cost=0.44..4.47 rows=38 width=8) (actual time=0.008..0.124 rows=72 loops=1467)
                                       Index Cond: (movie_id = t.id)
                                       Buffers: shared hit=98947 read=7484
                           ->  Index Scan using name_pkey on name n  (cost=0.43..0.47 rows=1 width=19) (actual time=0.004..0.004 rows=0 loops=105262)
                                 Index Cond: (id = ci.person_id)
                                 Filter: (((name_pcode_cf)::text >= 'A'::text) AND ((name_pcode_cf)::text <= 'F'::text) AND (((gender)::text = 'm'::text) OR (((gender)::text = 'f'::text) AND ((name)::text ~~ 'B%'::text))))
                                 Rows Removed by Filter: 1
                                 Buffers: shared hit=420808 read=240
                     ->  Index Scan using person_id_person_info on person_info pi  (cost=0.43..0.96 rows=1 width=8) (actual time=0.008..0.008 rows=0 loops=17559)
                           Index Cond: (person_id = ci.person_id)
                           Filter: ((note)::text = 'Volker Boehm'::text)
                           Rows Removed by Filter: 20
                           Buffers: shared hit=70347 read=5362
               ->  Index Scan using person_id_aka_name on aka_name an  (cost=0.42..0.47 rows=2 width=4) (actual time=0.010..0.013 rows=2 loops=14)
                     Index Cond: (person_id = ci.person_id)
                     Filter: ((name)::text ~~ '%a%'::text)
                     Rows Removed by Filter: 1
                     Buffers: shared hit=59 read=9
         ->  Index Scan using info_type_pkey on info_type it  (cost=0.14..0.56 rows=1 width=4) (actual time=0.002..0.002 rows=1 loops=32)
               Index Cond: (id = pi.info_type_id)
               Filter: ((info)::text = 'mini biography'::text)
               Buffers: shared hit=62 read=2
 Planning:
   Buffers: shared hit=729 read=42 dirtied=2
 Planning Time: 10.955 ms
 Execution Time: 833.077 ms
(59 rows)

