                                                                                                          QUERY PLAN                                                                                                           
-------------------------------------------------------------------------------------------------------------------------------------------------------------------------------------------------------------------------------
 Aggregate  (cost=11996.20..11996.21 rows=1 width=64) (actual time=7149.038..7149.043 rows=1 loops=1)
   Buffers: shared hit=6405066 read=61122
   ->  Nested Loop  (cost=22.98..11996.20 rows=1 width=113) (actual time=0.813..6818.512 rows=68185 loops=1)
         Join Filter: (n.id = an.person_id)
         Buffers: shared hit=6333205 read=60565
         ->  Nested Loop  (cost=22.55..11995.70 rows=1 width=125) (actual time=0.786..6642.184 rows=40157 loops=1)
               Join Filter: (pi.info_type_id = it.id)
               Buffers: shared hit=6164633 read=58390
               ->  Seq Scan on info_type it  (cost=0.00..2.41 rows=1 width=4) (actual time=0.021..0.030 rows=1 loops=1)
                     Filter: ((info)::text = 'mini biography'::text)
                     Rows Removed by Filter: 112
                     Buffers: shared hit=1
               ->  Nested Loop  (cost=22.55..11992.85 rows=35 width=129) (actual time=0.763..6634.203 rows=40157 loops=1)
                     Join Filter: (n.id = pi.person_id)
                     Buffers: shared hit=6164632 read=58390
                     ->  Nested Loop  (cost=22.12..10531.76 rows=1617 width=23) (actual time=0.171..5571.579 rows=150772 loops=1)
                           Buffers: shared hit=5520517 read=52169
                           ->  Nested Loop  (cost=21.70..4022.41 rows=13915 width=4) (actual time=0.128..1534.757 rows=1097209 loops=1)
                                 Buffers: shared hit=1133166 read=50684
                                 ->  Nested Loop  (cost=21.25..3208.70 rows=366 width=8) (actual time=0.083..132.218 rows=14194 loops=1)
                                       Buffers: shared hit=80227 read=5957
                                       ->  Hash Join  (cost=20.82..563.00 rows=591 width=4) (actual time=0.039..11.136 rows=21505 loops=1)
                                             Hash Cond: (ml.link_type_id = lt.id)
                                             Buffers: shared hit=164
                                             ->  Seq Scan on movie_link ml  (cost=0.00..462.97 rows=29997 width=8) (actual time=0.004..2.799 rows=29997 loops=1)
                                                   Buffers: shared hit=163
                                             ->  Hash  (cost=20.65..20.65 rows=14 width=4) (actual time=0.024..0.025 rows=4 loops=1)
                                                   Buckets: 1024  Batches: 1  Memory Usage: 9kB
                                                   Buffers: shared hit=1
                                                   ->  Seq Scan on link_type lt  (cost=0.00..20.65 rows=14 width=4) (actual time=0.012..0.014 rows=4 loops=1)
                                                         Filter: ((link)::text = ANY ('{references,"referenced in",features,"featured in"}'::text[]))
                                                         Rows Removed by Filter: 14
                                                         Buffers: shared hit=1
                                       ->  Index Scan using title_pkey on title t  (cost=0.43..4.48 rows=1 width=4) (actual time=0.005..0.005 rows=1 loops=21505)
                                             Index Cond: (id = ml.linked_movie_id)
                                             Filter: ((production_year >= 1980) AND (production_year <= 2010))
                                             Rows Removed by Filter: 0
                                             Buffers: shared hit=80063 read=5957
                                 ->  Index Scan using movie_id_cast_info on cast_info ci  (cost=0.44..1.84 rows=38 width=8) (actual time=0.006..0.091 rows=77 loops=14194)
                                       Index Cond: (movie_id = t.id)
                                       Buffers: shared hit=1052939 read=44727
                           ->  Index Scan using name_pkey on name n  (cost=0.43..0.47 rows=1 width=19) (actual time=0.003..0.003 rows=0 loops=1097209)
                                 Index Cond: (id = ci.person_id)
                                 Filter: (((name_pcode_cf)::text >= 'A'::text) AND ((name_pcode_cf)::text <= 'F'::text) AND (((gender)::text = 'm'::text) OR (((gender)::text = 'f'::text) AND ((name)::text ~~ 'A%'::text))))
                                 Rows Removed by Filter: 1
                                 Buffers: shared hit=4387351 read=1485
                     ->  Index Scan using person_id_person_info on person_info pi  (cost=0.43..0.89 rows=1 width=106) (actual time=0.005..0.007 rows=0 loops=150772)
                           Index Cond: (person_id = ci.person_id)
                           Filter: (note IS NOT NULL)
                           Rows Removed by Filter: 20
                           Buffers: shared hit=644115 read=6221
         ->  Index Scan using person_id_aka_name on aka_name an  (cost=0.42..0.47 rows=2 width=4) (actual time=0.003..0.004 rows=2 loops=40157)
               Index Cond: (person_id = ci.person_id)
               Filter: ((name IS NOT NULL) AND (((name)::text ~~ '%a%'::text) OR ((name)::text ~~ 'A%'::text)))
               Rows Removed by Filter: 1
               Buffers: shared hit=168572 read=2175
 Planning:
   Buffers: shared hit=825 read=2 dirtied=1
 Planning Time: 10.979 ms
 Execution Time: 7149.201 ms
(60 rows)

