                                                                                               QUERY PLAN                                                                                                
---------------------------------------------------------------------------------------------------------------------------------------------------------------------------------------------------------
 [                                                                                                                                                                                                      +
   {                                                                                                                                                                                                    +
     "Plan": {                                                                                                                                                                                          +
       "Node Type": "Aggregate",                                                                                                                                                                        +
       "Strategy": "Plain",                                                                                                                                                                             +
       "Partial Mode": "Finalize",                                                                                                                                                                      +
       "Parallel Aware": false,                                                                                                                                                                         +
       "Async Capable": false,                                                                                                                                                                          +
       "Startup Cost": 19488.04,                                                                                                                                                                        +
       "Total Cost": 19488.05,                                                                                                                                                                          +
       "Plan Rows": 1,                                                                                                                                                                                  +
       "Plan Width": 68,                                                                                                                                                                                +
       "Actual Startup Time": 76.365,                                                                                                                                                                   +
       "Actual Total Time": 79.546,                                                                                                                                                                     +
       "Actual Rows": 1,                                                                                                                                                                                +
       "Actual Loops": 1,                                                                                                                                                                               +
       "Plans": [                                                                                                                                                                                       +
         {                                                                                                                                                                                              +
           "Node Type": "Gather",                                                                                                                                                                       +
           "Parent Relationship": "Outer",                                                                                                                                                              +
           "Parallel Aware": false,                                                                                                                                                                     +
           "Async Capable": false,                                                                                                                                                                      +
           "Startup Cost": 19487.82,                                                                                                                                                                    +
           "Total Cost": 19488.03,                                                                                                                                                                      +
           "Plan Rows": 2,                                                                                                                                                                              +
           "Plan Width": 68,                                                                                                                                                                            +
           "Actual Startup Time": 72.458,                                                                                                                                                               +
           "Actual Total Time": 79.534,                                                                                                                                                                 +
           "Actual Rows": 3,                                                                                                                                                                            +
           "Actual Loops": 1,                                                                                                                                                                           +
           "Workers Planned": 2,                                                                                                                                                                        +
           "Workers Launched": 2,                                                                                                                                                                       +
           "Single Copy": false,                                                                                                                                                                        +
           "Plans": [                                                                                                                                                                                   +
             {                                                                                                                                                                                          +
               "Node Type": "Aggregate",                                                                                                                                                                +
               "Strategy": "Plain",                                                                                                                                                                     +
               "Partial Mode": "Partial",                                                                                                                                                               +
               "Parent Relationship": "Outer",                                                                                                                                                          +
               "Parallel Aware": false,                                                                                                                                                                 +
               "Async Capable": false,                                                                                                                                                                  +
               "Startup Cost": 18487.82,                                                                                                                                                                +
               "Total Cost": 18487.83,                                                                                                                                                                  +
               "Plan Rows": 1,                                                                                                                                                                          +
               "Plan Width": 68,                                                                                                                                                                        +
               "Actual Startup Time": 68.337,                                                                                                                                                           +
               "Actual Total Time": 68.341,                                                                                                                                                             +
               "Actual Rows": 1,                                                                                                                                                                        +
               "Actual Loops": 3,                                                                                                                                                                       +
               "Workers": [                                                                                                                                                                             +
               ],                                                                                                                                                                                       +
               "Plans": [                                                                                                                                                                               +
                 {                                                                                                                                                                                      +
                   "Node Type": "Nested Loop",                                                                                                                                                          +
                   "Parent Relationship": "Outer",                                                                                                                                                      +
                   "Parallel Aware": false,                                                                                                                                                             +
                   "Async Capable": false,                                                                                                                                                              +
                   "Join Type": "Inner",                                                                                                                                                                +
                   "Startup Cost": 3.45,                                                                                                                                                                +
                   "Total Cost": 18487.81,                                                                                                                                                              +
                   "Plan Rows": 1,                                                                                                                                                                      +
                   "Plan Width": 45,                                                                                                                                                                    +
                   "Actual Startup Time": 66.485,                                                                                                                                                       +
                   "Actual Total Time": 68.320,                                                                                                                                                         +
                   "Actual Rows": 47,                                                                                                                                                                   +
                   "Actual Loops": 3,                                                                                                                                                                   +
                   "Inner Unique": true,                                                                                                                                                                +
                   "Join Filter": "(mc.movie_id = t.id)",                                                                                                                                               +
                   "Rows Removed by Join Filter": 0,                                                                                                                                                    +
                   "Workers": [                                                                                                                                                                         +
                   ],                                                                                                                                                                                   +
                   "Plans": [                                                                                                                                                                           +
                     {                                                                                                                                                                                  +
                       "Node Type": "Nested Loop",                                                                                                                                                      +
                       "Parent Relationship": "Outer",                                                                                                                                                  +
                       "Parallel Aware": false,                                                                                                                                                         +
                       "Async Capable": false,                                                                                                                                                          +
                       "Join Type": "Inner",                                                                                                                                                            +
                       "Startup Cost": 3.02,                                                                                                                                                            +
                       "Total Cost": 18487.22,                                                                                                                                                          +
                       "Plan Rows": 1,                                                                                                                                                                  +
                       "Plan Width": 32,                                                                                                                                                                +
                       "Actual Startup Time": 66.468,                                                                                                                                                   +
                       "Actual Total Time": 68.134,                                                                                                                                                     +
                       "Actual Rows": 47,                                                                                                                                                               +
                       "Actual Loops": 3,                                                                                                                                                               +
                       "Inner Unique": true,                                                                                                                                                            +
                       "Workers": [                                                                                                                                                                     +
                       ],                                                                                                                                                                               +
                       "Plans": [                                                                                                                                                                       +
                         {                                                                                                                                                                              +
                           "Node Type": "Nested Loop",                                                                                                                                                  +
                           "Parent Relationship": "Outer",                                                                                                                                              +
                           "Parallel Aware": false,                                                                                                                                                     +
                           "Async Capable": false,                                                                                                                                                      +
                           "Join Type": "Inner",                                                                                                                                                        +
                           "Startup Cost": 2.86,                                                                                                                                                        +
                           "Total Cost": 18481.86,                                                                                                                                                      +
                           "Plan Rows": 194,                                                                                                                                                            +
                           "Plan Width": 36,                                                                                                                                                            +
                           "Actual Startup Time": 66.456,                                                                                                                                               +
                           "Actual Total Time": 68.100,                                                                                                                                                 +
                           "Actual Rows": 49,                                                                                                                                                           +
                           "Actual Loops": 3,                                                                                                                                                           +
                           "Inner Unique": false,                                                                                                                                                       +
                           "Workers": [                                                                                                                                                                 +
                           ],                                                                                                                                                                           +
                           "Plans": [                                                                                                                                                                   +
                             {                                                                                                                                                                          +
                               "Node Type": "Hash Join",                                                                                                                                                +
                               "Parent Relationship": "Outer",                                                                                                                                          +
                               "Parallel Aware": false,                                                                                                                                                 +
                               "Async Capable": false,                                                                                                                                                  +
                               "Join Type": "Inner",                                                                                                                                                    +
                               "Startup Cost": 2.43,                                                                                                                                                    +
                               "Total Cost": 15253.60,                                                                                                                                                  +
                               "Plan Rows": 5089,                                                                                                                                                       +
                               "Plan Width": 4,                                                                                                                                                         +
                               "Actual Startup Time": 66.417,                                                                                                                                           +
                               "Actual Total Time": 66.446,                                                                                                                                             +
                               "Actual Rows": 83,                                                                                                                                                       +
                               "Actual Loops": 3,                                                                                                                                                       +
                               "Inner Unique": true,                                                                                                                                                    +
                               "Hash Cond": "(mi_idx.info_type_id = it.id)",                                                                                                                            +
                               "Workers": [                                                                                                                                                             +
                               ],                                                                                                                                                                       +
                               "Plans": [                                                                                                                                                               +
                                 {                                                                                                                                                                      +
                                   "Node Type": "Seq Scan",                                                                                                                                             +
                                   "Parent Relationship": "Outer",                                                                                                                                      +
                                   "Parallel Aware": true,                                                                                                                                              +
                                   "Async Capable": false,                                                                                                                                              +
                                   "Relation Name": "movie_info_idx",                                                                                                                                   +
                                   "Alias": "mi_idx",                                                                                                                                                   +
                                   "Startup Cost": 0.00,                                                                                                                                                +
                                   "Total Cost": 13685.15,                                                                                                                                              +
                                   "Plan Rows": 575015,                                                                                                                                                 +
                                   "Plan Width": 8,                                                                                                                                                     +
                                   "Actual Startup Time": 0.025,                                                                                                                                        +
                                   "Actual Total Time": 28.931,                                                                                                                                         +
                                   "Actual Rows": 460012,                                                                                                                                               +
                                   "Actual Loops": 3,                                                                                                                                                   +
                                   "Workers": [                                                                                                                                                         +
                                   ]                                                                                                                                                                    +
                                 },                                                                                                                                                                     +
                                 {                                                                                                                                                                      +
                                   "Node Type": "Hash",                                                                                                                                                 +
                                   "Parent Relationship": "Inner",                                                                                                                                      +
                                   "Parallel Aware": false,                                                                                                                                             +
                                   "Async Capable": false,                                                                                                                                              +
                                   "Startup Cost": 2.41,                                                                                                                                                +
                                   "Total Cost": 2.41,                                                                                                                                                  +
                                   "Plan Rows": 1,                                                                                                                                                      +
                                   "Plan Width": 4,                                                                                                                                                     +
                                   "Actual Startup Time": 0.056,                                                                                                                                        +
                                   "Actual Total Time": 0.057,                                                                                                                                          +
                                   "Actual Rows": 1,                                                                                                                                                    +
                                   "Actual Loops": 3,                                                                                                                                                   +
                                   "Hash Buckets": 1024,                                                                                                                                                +
                                   "Original Hash Buckets": 1024,                                                                                                                                       +
                                   "Hash Batches": 1,                                                                                                                                                   +
                                   "Original Hash Batches": 1,                                                                                                                                          +
                                   "Peak Memory Usage": 9,                                                                                                                                              +
                                   "Workers": [                                                                                                                                                         +
                                   ],                                                                                                                                                                   +
                                   "Plans": [                                                                                                                                                           +
                                     {                                                                                                                                                                  +
                                       "Node Type": "Seq Scan",                                                                                                                                         +
                                       "Parent Relationship": "Outer",                                                                                                                                  +
                                       "Parallel Aware": false,                                                                                                                                         +
                                       "Async Capable": false,                                                                                                                                          +
                                       "Relation Name": "info_type",                                                                                                                                    +
                                       "Alias": "it",                                                                                                                                                   +
                                       "Startup Cost": 0.00,                                                                                                                                            +
                                       "Total Cost": 2.41,                                                                                                                                              +
                                       "Plan Rows": 1,                                                                                                                                                  +
                                       "Plan Width": 4,                                                                                                                                                 +
                                       "Actual Startup Time": 0.048,                                                                                                                                    +
                                       "Actual Total Time": 0.049,                                                                                                                                      +
                                       "Actual Rows": 1,                                                                                                                                                +
                                       "Actual Loops": 3,                                                                                                                                               +
                                       "Filter": "((info)::text = 'top 250 rank'::text)",                                                                                                               +
                                       "Rows Removed by Filter": 112,                                                                                                                                   +
                                       "Workers": [                                                                                                                                                     +
                                       ]                                                                                                                                                                +
                                     }                                                                                                                                                                  +
                                   ]                                                                                                                                                                    +
                                 }                                                                                                                                                                      +
                               ]                                                                                                                                                                        +
                             },                                                                                                                                                                         +
                             {                                                                                                                                                                          +
                               "Node Type": "Index Scan",                                                                                                                                               +
                               "Parent Relationship": "Inner",                                                                                                                                          +
                               "Parallel Aware": false,                                                                                                                                                 +
                               "Async Capable": false,                                                                                                                                                  +
                               "Scan Direction": "Forward",                                                                                                                                             +
                               "Index Name": "movie_id_movie_companies",                                                                                                                                +
                               "Relation Name": "movie_companies",                                                                                                                                      +
                               "Alias": "mc",                                                                                                                                                           +
                               "Startup Cost": 0.43,                                                                                                                                                    +
                               "Total Cost": 0.62,                                                                                                                                                      +
                               "Plan Rows": 1,                                                                                                                                                          +
                               "Plan Width": 32,                                                                                                                                                        +
                               "Actual Startup Time": 0.019,                                                                                                                                            +
                               "Actual Total Time": 0.020,                                                                                                                                              +
                               "Actual Rows": 1,                                                                                                                                                        +
                               "Actual Loops": 250,                                                                                                                                                     +
                               "Index Cond": "(movie_id = mi_idx.movie_id)",                                                                                                                            +
                               "Rows Removed by Index Recheck": 0,                                                                                                                                      +
                               "Filter": "(((note)::text !~~ '%(as Metro-Goldwyn-Mayer Pictures)%'::text) AND (((note)::text ~~ '%(co-production)%'::text) OR ((note)::text ~~ '%(presents)%'::text)))",+
                               "Rows Removed by Filter": 33,                                                                                                                                            +
                               "Workers": [                                                                                                                                                             +
                               ]                                                                                                                                                                        +
                             }                                                                                                                                                                          +
                           ]                                                                                                                                                                            +
                         },                                                                                                                                                                             +
                         {                                                                                                                                                                              +
                           "Node Type": "Memoize",                                                                                                                                                      +
                           "Parent Relationship": "Inner",                                                                                                                                              +
                           "Parallel Aware": false,                                                                                                                                                     +
                           "Async Capable": false,                                                                                                                                                      +
                           "Startup Cost": 0.16,                                                                                                                                                        +
                           "Total Cost": 0.18,                                                                                                                                                          +
                           "Plan Rows": 1,                                                                                                                                                              +
                           "Plan Width": 4,                                                                                                                                                             +
                           "Actual Startup Time": 0.000,                                                                                                                                                +
                           "Actual Total Time": 0.000,                                                                                                                                                  +
                           "Actual Rows": 1,                                                                                                                                                            +
                           "Actual Loops": 147,                                                                                                                                                         +
                           "Cache Key": "mc.company_type_id",                                                                                                                                           +
                           "Cache Mode": "logical",                                                                                                                                                     +
                           "Workers": [                                                                                                                                                                 +
                             {                                                                                                                                                                          +
                               "Worker Number": 0,                                                                                                                                                      +
                               "Cache Hits": 94,                                                                                                                                                        +
                               "Cache Misses": 1,                                                                                                                                                       +
                               "Cache Evictions": 0,                                                                                                                                                    +
                               "Cache Overflows": 0,                                                                                                                                                    +
                               "Peak Memory Usage": 1                                                                                                                                                   +
                             },                                                                                                                                                                         +
                             {                                                                                                                                                                          +
                               "Worker Number": 1,                                                                                                                                                      +
                               "Cache Hits": 50,                                                                                                                                                        +
                               "Cache Misses": 2,                                                                                                                                                       +
                               "Cache Evictions": 0,                                                                                                                                                    +
                               "Cache Overflows": 0,                                                                                                                                                    +
                               "Peak Memory Usage": 1                                                                                                                                                   +
                             }                                                                                                                                                                          +
                           ],                                                                                                                                                                           +
                           "Plans": [                                                                                                                                                                   +
                             {                                                                                                                                                                          +
                               "Node Type": "Index Scan",                                                                                                                                               +
                               "Parent Relationship": "Outer",                                                                                                                                          +
                               "Parallel Aware": false,                                                                                                                                                 +
                               "Async Capable": false,                                                                                                                                                  +
                               "Scan Direction": "Forward",                                                                                                                                             +
                               "Index Name": "company_type_pkey",                                                                                                                                       +
                               "Relation Name": "company_type",                                                                                                                                         +
                               "Alias": "ct",                                                                                                                                                           +
                               "Startup Cost": 0.15,                                                                                                                                                    +
                               "Total Cost": 0.17,                                                                                                                                                      +
                               "Plan Rows": 1,                                                                                                                                                          +
                               "Plan Width": 4,                                                                                                                                                         +
                               "Actual Startup Time": 0.007,                                                                                                                                            +
                               "Actual Total Time": 0.008,                                                                                                                                              +
                               "Actual Rows": 1,                                                                                                                                                        +
                               "Actual Loops": 3,                                                                                                                                                       +
                               "Index Cond": "(id = mc.company_type_id)",                                                                                                                               +
                               "Rows Removed by Index Recheck": 0,                                                                                                                                      +
                               "Filter": "((kind)::text = 'production companies'::text)",                                                                                                               +
                               "Rows Removed by Filter": 0,                                                                                                                                             +
                               "Workers": [                                                                                                                                                             +
                               ]                                                                                                                                                                        +
                             }                                                                                                                                                                          +
                           ]                                                                                                                                                                            +
                         }                                                                                                                                                                              +
                       ]                                                                                                                                                                                +
                     },                                                                                                                                                                                 +
                     {                                                                                                                                                                                  +
                       "Node Type": "Index Scan",                                                                                                                                                       +
                       "Parent Relationship": "Inner",                                                                                                                                                  +
                       "Parallel Aware": false,                                                                                                                                                         +
                       "Async Capable": false,                                                                                                                                                          +
                       "Scan Direction": "Forward",                                                                                                                                                     +
                       "Index Name": "title_pkey",                                                                                                                                                      +
                       "Relation Name": "title",                                                                                                                                                        +
                       "Alias": "t",                                                                                                                                                                    +
                       "Startup Cost": 0.43,                                                                                                                                                            +
                       "Total Cost": 0.58,                                                                                                                                                              +
                       "Plan Rows": 1,                                                                                                                                                                  +
                       "Plan Width": 25,                                                                                                                                                                +
                       "Actual Startup Time": 0.003,                                                                                                                                                    +
                       "Actual Total Time": 0.003,                                                                                                                                                      +
                       "Actual Rows": 1,                                                                                                                                                                +
                       "Actual Loops": 142,                                                                                                                                                             +
                       "Index Cond": "(id = mi_idx.movie_id)",                                                                                                                                          +
                       "Rows Removed by Index Recheck": 0,                                                                                                                                              +
                       "Workers": [                                                                                                                                                                     +
                       ]                                                                                                                                                                                +
                     }                                                                                                                                                                                  +
                   ]                                                                                                                                                                                    +
                 }                                                                                                                                                                                      +
               ]                                                                                                                                                                                        +
             }                                                                                                                                                                                          +
           ]                                                                                                                                                                                            +
         }                                                                                                                                                                                              +
       ]                                                                                                                                                                                                +
     },                                                                                                                                                                                                 +
     "Planning Time": 3.951,                                                                                                                                                                            +
     "Triggers": [                                                                                                                                                                                      +
     ],                                                                                                                                                                                                 +
     "Execution Time": 79.862                                                                                                                                                                           +
   }                                                                                                                                                                                                    +
 ]
(1 row)

