[
  {
    "Plan": {
      "Node Type": "Aggregate",
      "Strategy": "Plain",
      "Partial Mode": "Simple",
      "Parallel Aware": false,
      "Async Capable": false,
      "Startup Cost": 46127.46,
      "Total Cost": 46127.47,
      "Plan Rows": 1,
      "Plan Width": 64,
      "Actual Startup Time": 305.473,
      "Actual Total Time": 353.097,
      "Actual Rows": 1,
      "Actual Loops": 1,
      "Output": ["min((chn.name)::text)", "min((t.title)::text)"],
      "Plans": [
        {
          "Node Type": "Nested Loop",
          "Parent Relationship": "Outer",
          "Parallel Aware": false,
          "Async Capable": false,
          "Join Type": "Inner",
          "Startup Cost": 5734.72,
          "Total Cost": 46127.45,
          "Plan Rows": 1,
          "Plan Width": 33,
          "Actual Startup Time": 41.613,
          "Actual Total Time": 353.036,
          "Actual Rows": 104,
          "Actual Loops": 1,
          "Output": ["chn.name", "t.title"],
          "Inner Unique": true,
          "Plans": [
            {
              "Node Type": "Nested Loop",
              "Parent Relationship": "Outer",
              "Parallel Aware": false,
              "Async Capable": false,
              "Join Type": "Inner",
              "Startup Cost": 5734.57,
              "Total Cost": 46127.29,
              "Plan Rows": 1,
              "Plan Width": 37,
              "Actual Startup Time": 41.595,
              "Actual Total Time": 352.876,
              "Actual Rows": 104,
              "Actual Loops": 1,
              "Output": ["chn.name", "mc.company_type_id", "t.title"],
              "Inner Unique": true,
              "Plans": [
                {
                  "Node Type": "Gather",
                  "Parent Relationship": "Outer",
                  "Parallel Aware": false,
                  "Async Capable": false,
                  "Startup Cost": 5734.14,
                  "Total Cost": 46121.23,
                  "Plan Rows": 1,
                  "Plan Width": 25,
                  "Actual Startup Time": 41.572,
                  "Actual Total Time": 352.285,
                  "Actual Rows": 112,
                  "Actual Loops": 1,
                  "Output": ["ci.person_role_id", "mc.company_type_id", "t.title"],
                  "Workers Planned": 2,
                  "Workers Launched": 2,
                  "Single Copy": false,
                  "Plans": [
                    {
                      "Node Type": "Nested Loop",
                      "Parent Relationship": "Outer",
                      "Parallel Aware": false,
                      "Async Capable": false,
                      "Join Type": "Inner",
                      "Startup Cost": 4734.14,
                      "Total Cost": 45121.13,
                      "Plan Rows": 1,
                      "Plan Width": 25,
                      "Actual Startup Time": 44.963,
                      "Actual Total Time": 300.569,
                      "Actual Rows": 37,
                      "Actual Loops": 3,
                      "Output": ["ci.person_role_id", "mc.company_type_id", "t.title"],
                      "Inner Unique": true,
                      "Workers": [
                        {
                          "Worker Number": 0,
                          "Actual Startup Time": 43.696,
                          "Actual Total Time": 297.778,
                          "Actual Rows": 25,
                          "Actual Loops": 1
                        },
                        {
                          "Worker Number": 1,
                          "Actual Startup Time": 49.932,
                          "Actual Total Time": 299.686,
                          "Actual Rows": 28,
                          "Actual Loops": 1
                        }
                      ],
                      "Plans": [
                        {
                          "Node Type": "Nested Loop",
                          "Parent Relationship": "Outer",
                          "Parallel Aware": false,
                          "Async Capable": false,
                          "Join Type": "Inner",
                          "Startup Cost": 4733.98,
                          "Total Cost": 45118.00,
                          "Plan Rows": 44,
                          "Plan Width": 29,
                          "Actual Startup Time": 44.934,
                          "Actual Total Time": 300.487,
                          "Actual Rows": 50,
                          "Actual Loops": 3,
                          "Output": ["ci.person_role_id", "ci.role_id", "mc.company_type_id", "t.title"],
                          "Inner Unique": false,
                          "Join Filter": "(t.id = ci.movie_id)",
                          "Rows Removed by Join Filter": 0,
                          "Workers": [
                            {
                              "Worker Number": 0,
                              "Actual Startup Time": 43.658,
                              "Actual Total Time": 297.698,
                              "Actual Rows": 35,
                              "Actual Loops": 1
                            },
                            {
                              "Worker Number": 1,
                              "Actual Startup Time": 49.899,
                              "Actual Total Time": 299.609,
                              "Actual Rows": 43,
                              "Actual Loops": 1
                            }
                          ],
                          "Plans": [
                            {
                              "Node Type": "Nested Loop",
                              "Parent Relationship": "Outer",
                              "Parallel Aware": false,
                              "Async Capable": false,
                              "Join Type": "Inner",
                              "Startup Cost": 4733.54,
                              "Total Cost": 40576.03,
                              "Plan Rows": 2594,
                              "Plan Width": 29,
                              "Actual Startup Time": 13.938,
                              "Actual Total Time": 176.783,
                              "Actual Rows": 1513,
                              "Actual Loops": 3,
                              "Output": ["mc.movie_id", "mc.company_type_id", "t.title", "t.id"],
                              "Inner Unique": true,
                              "Workers": [
                                {
                                  "Worker Number": 0,
                                  "Actual Startup Time": 10.747,
                                  "Actual Total Time": 163.008,
                                  "Actual Rows": 1410,
                                  "Actual Loops": 1
                                },
                                {
                                  "Worker Number": 1,
                                  "Actual Startup Time": 13.322,
                                  "Actual Total Time": 167.879,
                                  "Actual Rows": 1364,
                                  "Actual Loops": 1
                                }
                              ],
                              "Plans": [
                                {
                                  "Node Type": "Hash Join",
                                  "Parent Relationship": "Outer",
                                  "Parallel Aware": true,
                                  "Async Capable": false,
                                  "Join Type": "Inner",
                                  "Startup Cost": 4733.11,
                                  "Total Cost": 37248.27,
                                  "Plan Rows": 6412,
                                  "Plan Width": 8,
                                  "Actual Startup Time": 13.656,
                                  "Actual Total Time": 163.353,
                                  "Actual Rows": 2930,
                                  "Actual Loops": 3,
                                  "Output": ["mc.movie_id", "mc.company_type_id"],
                                  "Inner Unique": true,
                                  "Hash Cond": "(mc.company_id = cn.id)",
                                  "Workers": [
                                    {
                                      "Worker Number": 0,
                                      "Actual Startup Time": 10.711,
                                      "Actual Total Time": 149.920,
                                      "Actual Rows": 2612,
                                      "Actual Loops": 1
                                    },
                                    {
                                      "Worker Number": 1,
                                      "Actual Startup Time": 12.529,
                                      "Actual Total Time": 153.837,
                                      "Actual Rows": 2819,
                                      "Actual Loops": 1
                                    }
                                  ],
                                  "Plans": [
                                    {
                                      "Node Type": "Seq Scan",
                                      "Parent Relationship": "Outer",
                                      "Parallel Aware": true,
                                      "Async Capable": false,
                                      "Relation Name": "movie_companies",
                                      "Schema": "public",
                                      "Alias": "mc",
                                      "Startup Cost": 0.00,
                                      "Total Cost": 29661.37,
                                      "Plan Rows": 1087137,
                                      "Plan Width": 12,
                                      "Actual Startup Time": 0.005,
                                      "Actual Total Time": 60.268,
                                      "Actual Rows": 869710,
                                      "Actual Loops": 3,
                                      "Output": ["mc.id", "mc.movie_id", "mc.company_id", "mc.company_type_id", "mc.note"],
                                      "Workers": [
                                        {
                                          "Worker Number": 0,
                                          "Actual Startup Time": 0.006,
                                          "Actual Total Time": 57.709,
                                          "Actual Rows": 809554,
                                          "Actual Loops": 1
                                        },
                                        {
                                          "Worker Number": 1,
                                          "Actual Startup Time": 0.006,
                                          "Actual Total Time": 58.216,
                                          "Actual Rows": 818095,
                                          "Actual Loops": 1
                                        }
                                      ]
                                    },
                                    {
                                      "Node Type": "Hash",
                                      "Parent Relationship": "Inner",
                                      "Parallel Aware": true,
                                      "Async Capable": false,
                                      "Startup Cost": 4722.92,
                                      "Total Cost": 4722.92,
                                      "Plan Rows": 815,
                                      "Plan Width": 4,
                                      "Actual Startup Time": 13.330,
                                      "Actual Total Time": 13.331,
                                      "Actual Rows": 454,
                                      "Actual Loops": 3,
                                      "Output": ["cn.id"],
                                      "Hash Buckets": 2048,
                                      "Original Hash Buckets": 2048,
                                      "Hash Batches": 1,
                                      "Original Hash Batches": 1,
                                      "Peak Memory Usage": 144,
                                      "Workers": [
                                        {
                                          "Worker Number": 0,
                                          "Actual Startup Time": 10.310,
                                          "Actual Total Time": 10.310,
                                          "Actual Rows": 242,
                                          "Actual Loops": 1
                                        },
                                        {
                                          "Worker Number": 1,
                                          "Actual Startup Time": 12.256,
                                          "Actual Total Time": 12.257,
                                          "Actual Rows": 251,
                                          "Actual Loops": 1
                                        }
                                      ],
                                      "Plans": [
                                        {
                                          "Node Type": "Seq Scan",
                                          "Parent Relationship": "Outer",
                                          "Parallel Aware": true,
                                          "Async Capable": false,
                                          "Relation Name": "company_name",
                                          "Schema": "public",
                                          "Alias": "cn",
                                          "Startup Cost": 0.00,
                                          "Total Cost": 4722.92,
                                          "Plan Rows": 815,
                                          "Plan Width": 4,
                                          "Actual Startup Time": 0.075,
                                          "Actual Total Time": 13.172,
                                          "Actual Rows": 454,
                                          "Actual Loops": 3,
                                          "Output": ["cn.id"],
                                          "Filter": "((cn.country_code)::text = '[ru]'::text)",
                                          "Rows Removed by Filter": 77879,
                                          "Workers": [
                                            {
                                              "Worker Number": 0,
                                              "Actual Startup Time": 0.094,
                                              "Actual Total Time": 10.161,
                                              "Actual Rows": 242,
                                              "Actual Loops": 1
                                            },
                                            {
                                              "Worker Number": 1,
                                              "Actual Startup Time": 0.118,
                                              "Actual Total Time": 12.119,
                                              "Actual Rows": 251,
                                              "Actual Loops": 1
                                            }
                                          ]
                                        }
                                      ]
                                    }
                                  ]
                                },
                                {
                                  "Node Type": "Index Scan",
                                  "Parent Relationship": "Inner",
                                  "Parallel Aware": false,
                                  "Async Capable": false,
                                  "Scan Direction": "Forward",
                                  "Index Name": "title_pkey",
                                  "Relation Name": "title",
                                  "Schema": "public",
                                  "Alias": "t",
                                  "Startup Cost": 0.43,
                                  "Total Cost": 0.52,
                                  "Plan Rows": 1,
                                  "Plan Width": 21,
                                  "Actual Startup Time": 0.004,
                                  "Actual Total Time": 0.004,
                                  "Actual Rows": 1,
                                  "Actual Loops": 8790,
                                  "Output": ["t.id", "t.title", "t.imdb_index", "t.kind_id", "t.production_year", "t.imdb_id", "t.phonetic_code", "t.episode_of_id", "t.season_nr", "t.episode_nr", "t.series_years", "t.md5sum"],
                                  "Index Cond": "(t.id = mc.movie_id)",
                                  "Rows Removed by Index Recheck": 0,
                                  "Filter": "(t.production_year > 2005)",
                                  "Rows Removed by Filter": 0,
                                  "Workers": [
                                    {
                                      "Worker Number": 0,
                                      "Actual Startup Time": 0.005,
                                      "Actual Total Time": 0.005,
                                      "Actual Rows": 1,
                                      "Actual Loops": 2612
                                    },
                                    {
                                      "Worker Number": 1,
                                      "Actual Startup Time": 0.005,
                                      "Actual Total Time": 0.005,
                                      "Actual Rows": 0,
                                      "Actual Loops": 2819
                                    }
                                  ]
                                }
                              ]
                            },
                            {
                              "Node Type": "Index Scan",
                              "Parent Relationship": "Inner",
                              "Parallel Aware": false,
                              "Async Capable": false,
                              "Scan Direction": "Forward",
                              "Index Name": "movie_id_cast_info",
                              "Relation Name": "cast_info",
                              "Schema": "public",
                              "Alias": "ci",
                              "Startup Cost": 0.44,
                              "Total Cost": 1.74,
                              "Plan Rows": 1,
                              "Plan Width": 12,
                              "Actual Startup Time": 0.077,
                              "Actual Total Time": 0.082,
                              "Actual Rows": 0,
                              "Actual Loops": 4539,
                              "Output": ["ci.id", "ci.person_id", "ci.movie_id", "ci.person_role_id", "ci.note", "ci.nr_order", "ci.role_id"],
                              "Index Cond": "(ci.movie_id = mc.movie_id)",
                              "Rows Removed by Index Recheck": 0,
                              "Filter": "(((ci.note)::text ~~ '%(voice)%'::text) AND ((ci.note)::text ~~ '%(uncredited)%'::text))",
                              "Rows Removed by Filter": 50,
                              "Workers": [
                                {
                                  "Worker Number": 0,
                                  "Actual Startup Time": 0.090,
                                  "Actual Total Time": 0.095,
                                  "Actual Rows": 0,
                                  "Actual Loops": 1410
                                },
                                {
                                  "Worker Number": 1,
                                  "Actual Startup Time": 0.092,
                                  "Actual Total Time": 0.096,
                                  "Actual Rows": 0,
                                  "Actual Loops": 1364
                                }
                              ]
                            }
                          ]
                        },
                        {
                          "Node Type": "Memoize",
                          "Parent Relationship": "Inner",
                          "Parallel Aware": false,
                          "Async Capable": false,
                          "Startup Cost": 0.16,
                          "Total Cost": 0.18,
                          "Plan Rows": 1,
                          "Plan Width": 4,
                          "Actual Startup Time": 0.001,
                          "Actual Total Time": 0.001,
                          "Actual Rows": 1,
                          "Actual Loops": 151,
                          "Output": ["rt.id"],
                          "Cache Key": "ci.role_id",
                          "Cache Mode": "logical",
                          "Cache Hits": 71,
                          "Cache Misses": 2,
                          "Cache Evictions": 0,
                          "Cache Overflows": 0,
                          "Peak Memory Usage": 1,
                          "Workers": [
                            {
                              "Worker Number": 0,
                              "Actual Startup Time": 0.001,
                              "Actual Total Time": 0.001,
                              "Actual Rows": 1,
                              "Actual Loops": 35,
                              "Cache Hits": 33,
                              "Cache Misses": 2,
                              "Cache Evictions": 0,
                              "Cache Overflows": 0,
                              "Peak Memory Usage": 1
                            },
                            {
                              "Worker Number": 1,
                              "Actual Startup Time": 0.001,
                              "Actual Total Time": 0.001,
                              "Actual Rows": 1,
                              "Actual Loops": 43,
                              "Cache Hits": 40,
                              "Cache Misses": 3,
                              "Cache Evictions": 0,
                              "Cache Overflows": 0,
                              "Peak Memory Usage": 1
                            }
                          ],
                          "Plans": [
                            {
                              "Node Type": "Index Scan",
                              "Parent Relationship": "Outer",
                              "Parallel Aware": false,
                              "Async Capable": false,
                              "Scan Direction": "Forward",
                              "Index Name": "role_type_pkey",
                              "Relation Name": "role_type",
                              "Schema": "public",
                              "Alias": "rt",
                              "Startup Cost": 0.15,
                              "Total Cost": 0.17,
                              "Plan Rows": 1,
                              "Plan Width": 4,
                              "Actual Startup Time": 0.011,
                              "Actual Total Time": 0.011,
                              "Actual Rows": 0,
                              "Actual Loops": 7,
                              "Output": ["rt.id"],
                              "Index Cond": "(rt.id = ci.role_id)",
                              "Rows Removed by Index Recheck": 0,
                              "Filter": "((rt.role)::text = 'actor'::text)",
                              "Rows Removed by Filter": 1,
                              "Workers": [
                                {
                                  "Worker Number": 0,
                                  "Actual Startup Time": 0.016,
                                  "Actual Total Time": 0.016,
                                  "Actual Rows": 0,
                                  "Actual Loops": 2
                                },
                                {
                                  "Worker Number": 1,
                                  "Actual Startup Time": 0.010,
                                  "Actual Total Time": 0.010,
                                  "Actual Rows": 0,
                                  "Actual Loops": 3
                                }
                              ]
                            }
                          ]
                        }
                      ]
                    }
                  ]
                },
                {
                  "Node Type": "Index Scan",
                  "Parent Relationship": "Inner",
                  "Parallel Aware": false,
                  "Async Capable": false,
                  "Scan Direction": "Forward",
                  "Index Name": "char_name_pkey",
                  "Relation Name": "char_name",
                  "Schema": "public",
                  "Alias": "chn",
                  "Startup Cost": 0.43,
                  "Total Cost": 6.06,
                  "Plan Rows": 1,
                  "Plan Width": 20,
                  "Actual Startup Time": 0.005,
                  "Actual Total Time": 0.005,
                  "Actual Rows": 1,
                  "Actual Loops": 112,
                  "Output": ["chn.id", "chn.name", "chn.imdb_index", "chn.imdb_id", "chn.name_pcode_nf", "chn.surname_pcode", "chn.md5sum"],
                  "Index Cond": "(chn.id = ci.person_role_id)",
                  "Rows Removed by Index Recheck": 0
                }
              ]
            },
            {
              "Node Type": "Index Only Scan",
              "Parent Relationship": "Inner",
              "Parallel Aware": false,
              "Async Capable": false,
              "Scan Direction": "Forward",
              "Index Name": "company_type_pkey",
              "Relation Name": "company_type",
              "Schema": "public",
              "Alias": "ct",
              "Startup Cost": 0.15,
              "Total Cost": 0.17,
              "Plan Rows": 1,
              "Plan Width": 4,
              "Actual Startup Time": 0.001,
              "Actual Total Time": 0.001,
              "Actual Rows": 1,
              "Actual Loops": 104,
              "Output": ["ct.id"],
              "Index Cond": "(ct.id = mc.company_type_id)",
              "Rows Removed by Index Recheck": 0,
              "Heap Fetches": 104
            }
          ]
        }
      ]
    },
    "Planning Time": 6.979,
    "Triggers": [
    ],
    "Execution Time": 353.186
  }
]
