[
  {
    "Plan": {
      "Node Type": "Aggregate",
      "Strategy": "Plain",
      "Partial Mode": "Finalize",
      "Parallel Aware": false,
      "Async Capable": false,
      "Startup Cost": 43266.89,
      "Total Cost": 43266.90,
      "Plan Rows": 1,
      "Plan Width": 64,
      "Actual Startup Time": 245.942,
      "Actual Total Time": 286.243,
      "Actual Rows": 1,
      "Actual Loops": 1,
      "Output": ["min((chn.name)::text)", "min((t.title)::text)"],
      "Plans": [
        {
          "Node Type": "Gather",
          "Parent Relationship": "Outer",
          "Parallel Aware": false,
          "Async Capable": false,
          "Startup Cost": 43266.67,
          "Total Cost": 43266.88,
          "Plan Rows": 2,
          "Plan Width": 64,
          "Actual Startup Time": 245.843,
          "Actual Total Time": 286.236,
          "Actual Rows": 3,
          "Actual Loops": 1,
          "Output": ["(PARTIAL min((chn.name)::text))", "(PARTIAL min((t.title)::text))"],
          "Workers Planned": 2,
          "Workers Launched": 2,
          "Single Copy": false,
          "Plans": [
            {
              "Node Type": "Aggregate",
              "Strategy": "Plain",
              "Partial Mode": "Partial",
              "Parent Relationship": "Outer",
              "Parallel Aware": false,
              "Async Capable": false,
              "Startup Cost": 42266.67,
              "Total Cost": 42266.68,
              "Plan Rows": 1,
              "Plan Width": 64,
              "Actual Startup Time": 239.223,
              "Actual Total Time": 239.228,
              "Actual Rows": 1,
              "Actual Loops": 3,
              "Output": ["PARTIAL min((chn.name)::text)", "PARTIAL min((t.title)::text)"],
              "Workers": [
                {
                  "Worker Number": 0,
                  "Actual Startup Time": 235.886,
                  "Actual Total Time": 235.891,
                  "Actual Rows": 1,
                  "Actual Loops": 1
                },
                {
                  "Worker Number": 1,
                  "Actual Startup Time": 236.296,
                  "Actual Total Time": 236.300,
                  "Actual Rows": 1,
                  "Actual Loops": 1
                }
              ],
              "Plans": [
                {
                  "Node Type": "Nested Loop",
                  "Parent Relationship": "Outer",
                  "Parallel Aware": false,
                  "Async Capable": false,
                  "Join Type": "Inner",
                  "Startup Cost": 4753.49,
                  "Total Cost": 42266.65,
                  "Plan Rows": 4,
                  "Plan Width": 33,
                  "Actual Startup Time": 239.220,
                  "Actual Total Time": 239.224,
                  "Actual Rows": 0,
                  "Actual Loops": 3,
                  "Output": ["chn.name", "t.title"],
                  "Inner Unique": true,
                  "Workers": [
                    {
                      "Worker Number": 0,
                      "Actual Startup Time": 235.882,
                      "Actual Total Time": 235.886,
                      "Actual Rows": 0,
                      "Actual Loops": 1
                    },
                    {
                      "Worker Number": 1,
                      "Actual Startup Time": 236.292,
                      "Actual Total Time": 236.296,
                      "Actual Rows": 0,
                      "Actual Loops": 1
                    }
                  ],
                  "Plans": [
                    {
                      "Node Type": "Nested Loop",
                      "Parent Relationship": "Outer",
                      "Parallel Aware": false,
                      "Async Capable": false,
                      "Join Type": "Inner",
                      "Startup Cost": 4753.33,
                      "Total Cost": 42266.14,
                      "Plan Rows": 4,
                      "Plan Width": 37,
                      "Actual Startup Time": 239.219,
                      "Actual Total Time": 239.223,
                      "Actual Rows": 0,
                      "Actual Loops": 3,
                      "Output": ["chn.name", "mc.company_type_id", "t.title"],
                      "Inner Unique": true,
                      "Workers": [
                        {
                          "Worker Number": 0,
                          "Actual Startup Time": 235.881,
                          "Actual Total Time": 235.885,
                          "Actual Rows": 0,
                          "Actual Loops": 1
                        },
                        {
                          "Worker Number": 1,
                          "Actual Startup Time": 236.292,
                          "Actual Total Time": 236.295,
                          "Actual Rows": 0,
                          "Actual Loops": 1
                        }
                      ],
                      "Plans": [
                        {
                          "Node Type": "Hash Join",
                          "Parent Relationship": "Outer",
                          "Parallel Aware": false,
                          "Async Capable": false,
                          "Join Type": "Inner",
                          "Startup Cost": 4752.90,
                          "Total Cost": 42261.48,
                          "Plan Rows": 8,
                          "Plan Width": 25,
                          "Actual Startup Time": 239.218,
                          "Actual Total Time": 239.222,
                          "Actual Rows": 0,
                          "Actual Loops": 3,
                          "Output": ["ci.person_role_id", "mc.company_type_id", "t.title"],
                          "Inner Unique": true,
                          "Hash Cond": "(ci.role_id = rt.id)",
                          "Workers": [
                            {
                              "Worker Number": 0,
                              "Actual Startup Time": 235.881,
                              "Actual Total Time": 235.884,
                              "Actual Rows": 0,
                              "Actual Loops": 1
                            },
                            {
                              "Worker Number": 1,
                              "Actual Startup Time": 236.292,
                              "Actual Total Time": 236.294,
                              "Actual Rows": 0,
                              "Actual Loops": 1
                            }
                          ],
                          "Plans": [
                            {
                              "Node Type": "Nested Loop",
                              "Parent Relationship": "Outer",
                              "Parallel Aware": false,
                              "Async Capable": false,
                              "Join Type": "Inner",
                              "Startup Cost": 4733.98,
                              "Total Cost": 42238.61,
                              "Plan Rows": 1497,
                              "Plan Width": 29,
                              "Actual Startup Time": 17.092,
                              "Actual Total Time": 239.067,
                              "Actual Rows": 871,
                              "Actual Loops": 3,
                              "Output": ["ci.person_role_id", "ci.role_id", "mc.company_type_id", "t.title"],
                              "Inner Unique": false,
                              "Join Filter": "(t.id = ci.movie_id)",
                              "Rows Removed by Join Filter": 0,
                              "Workers": [
                                {
                                  "Worker Number": 0,
                                  "Actual Startup Time": 14.011,
                                  "Actual Total Time": 235.723,
                                  "Actual Rows": 623,
                                  "Actual Loops": 1
                                },
                                {
                                  "Worker Number": 1,
                                  "Actual Startup Time": 14.673,
                                  "Actual Total Time": 236.093,
                                  "Actual Rows": 1039,
                                  "Actual Loops": 1
                                }
                              ],
                              "Plans": [
                                {
                                  "Node Type": "Nested Loop",
                                  "Parent Relationship": "Outer",
                                  "Parallel Aware": false,
                                  "Async Capable": false,
                                  "Join Type": "Inner",
                                  "Startup Cost": 4733.54,
                                  "Total Cost": 40576.03,
                                  "Plan Rows": 1004,
                                  "Plan Width": 29,
                                  "Actual Startup Time": 16.282,
                                  "Actual Total Time": 196.421,
                                  "Actual Rows": 420,
                                  "Actual Loops": 3,
                                  "Output": ["mc.movie_id", "mc.company_type_id", "t.title", "t.id"],
                                  "Inner Unique": true,
                                  "Workers": [
                                    {
                                      "Worker Number": 0,
                                      "Actual Startup Time": 11.680,
                                      "Actual Total Time": 187.301,
                                      "Actual Rows": 316,
                                      "Actual Loops": 1
                                    },
                                    {
                                      "Worker Number": 1,
                                      "Actual Startup Time": 14.600,
                                      "Actual Total Time": 188.548,
                                      "Actual Rows": 507,
                                      "Actual Loops": 1
                                    }
                                  ],
                                  "Plans": [
                                    {
                                      "Node Type": "Hash Join",
                                      "Parent Relationship": "Outer",
                                      "Parallel Aware": true,
                                      "Async Capable": false,
                                      "Join Type": "Inner",
                                      "Startup Cost": 4733.11,
                                      "Total Cost": 37248.27,
                                      "Plan Rows": 6412,
                                      "Plan Width": 8,
                                      "Actual Startup Time": 15.115,
                                      "Actual Total Time": 178.781,
                                      "Actual Rows": 2930,
                                      "Actual Loops": 3,
                                      "Output": ["mc.movie_id", "mc.company_type_id"],
                                      "Inner Unique": true,
                                      "Hash Cond": "(mc.company_id = cn.id)",
                                      "Workers": [
                                        {
                                          "Worker Number": 0,
                                          "Actual Startup Time": 11.619,
                                          "Actual Total Time": 169.485,
                                          "Actual Rows": 2525,
                                          "Actual Loops": 1
                                        },
                                        {
                                          "Worker Number": 1,
                                          "Actual Startup Time": 12.308,
                                          "Actual Total Time": 168.082,
                                          "Actual Rows": 2954,
                                          "Actual Loops": 1
                                        }
                                      ],
                                      "Plans": [
                                        {
                                          "Node Type": "Seq Scan",
                                          "Parent Relationship": "Outer",
                                          "Parallel Aware": true,
                                          "Async Capable": false,
                                          "Relation Name": "movie_companies",
                                          "Schema": "public",
                                          "Alias": "mc",
                                          "Startup Cost": 0.00,
                                          "Total Cost": 29661.37,
                                          "Plan Rows": 1087137,
                                          "Plan Width": 12,
                                          "Actual Startup Time": 0.005,
                                          "Actual Total Time": 66.126,
                                          "Actual Rows": 869710,
                                          "Actual Loops": 3,
                                          "Output": ["mc.id", "mc.movie_id", "mc.company_id", "mc.company_type_id", "mc.note"],
                                          "Workers": [
                                            {
                                              "Worker Number": 0,
                                              "Actual Startup Time": 0.006,
                                              "Actual Total Time": 65.645,
                                              "Actual Rows": 811219,
                                              "Actual Loops": 1
                                            },
                                            {
                                              "Worker Number": 1,
                                              "Actual Startup Time": 0.007,
                                              "Actual Total Time": 64.728,
                                              "Actual Rows": 793491,
                                              "Actual Loops": 1
                                            }
                                          ]
                                        },
                                        {
                                          "Node Type": "Hash",
                                          "Parent Relationship": "Inner",
                                          "Parallel Aware": true,
                                          "Async Capable": false,
                                          "Startup Cost": 4722.92,
                                          "Total Cost": 4722.92,
                                          "Plan Rows": 815,
                                          "Plan Width": 4,
                                          "Actual Startup Time": 14.827,
                                          "Actual Total Time": 14.827,
                                          "Actual Rows": 454,
                                          "Actual Loops": 3,
                                          "Output": ["cn.id"],
                                          "Hash Buckets": 2048,
                                          "Original Hash Buckets": 2048,
                                          "Hash Batches": 1,
                                          "Original Hash Batches": 1,
                                          "Peak Memory Usage": 144,
                                          "Workers": [
                                            {
                                              "Worker Number": 0,
                                              "Actual Startup Time": 11.565,
                                              "Actual Total Time": 11.566,
                                              "Actual Rows": 268,
                                              "Actual Loops": 1
                                            },
                                            {
                                              "Worker Number": 1,
                                              "Actual Startup Time": 11.968,
                                              "Actual Total Time": 11.969,
                                              "Actual Rows": 259,
                                              "Actual Loops": 1
                                            }
                                          ],
                                          "Plans": [
                                            {
                                              "Node Type": "Seq Scan",
                                              "Parent Relationship": "Outer",
                                              "Parallel Aware": true,
                                              "Async Capable": false,
                                              "Relation Name": "company_name",
                                              "Schema": "public",
                                              "Alias": "cn",
                                              "Startup Cost": 0.00,
                                              "Total Cost": 4722.92,
                                              "Plan Rows": 815,
                                              "Plan Width": 4,
                                              "Actual Startup Time": 0.107,
                                              "Actual Total Time": 14.671,
                                              "Actual Rows": 454,
                                              "Actual Loops": 3,
                                              "Output": ["cn.id"],
                                              "Filter": "((cn.country_code)::text = '[ru]'::text)",
                                              "Rows Removed by Filter": 77879,
                                              "Workers": [
                                                {
                                                  "Worker Number": 0,
                                                  "Actual Startup Time": 0.190,
                                                  "Actual Total Time": 11.432,
                                                  "Actual Rows": 268,
                                                  "Actual Loops": 1
                                                },
                                                {
                                                  "Worker Number": 1,
                                                  "Actual Startup Time": 0.120,
                                                  "Actual Total Time": 11.823,
                                                  "Actual Rows": 259,
                                                  "Actual Loops": 1
                                                }
                                              ]
                                            }
                                          ]
                                        }
                                      ]
                                    },
                                    {
                                      "Node Type": "Index Scan",
                                      "Parent Relationship": "Inner",
                                      "Parallel Aware": false,
                                      "Async Capable": false,
                                      "Scan Direction": "Forward",
                                      "Index Name": "title_pkey",
                                      "Relation Name": "title",
                                      "Schema": "public",
                                      "Alias": "t",
                                      "Startup Cost": 0.43,
                                      "Total Cost": 0.52,
                                      "Plan Rows": 1,
                                      "Plan Width": 21,
                                      "Actual Startup Time": 0.006,
                                      "Actual Total Time": 0.006,
                                      "Actual Rows": 0,
                                      "Actual Loops": 8790,
                                      "Output": ["t.id", "t.title", "t.imdb_index", "t.kind_id", "t.production_year", "t.imdb_id", "t.phonetic_code", "t.episode_of_id", "t.season_nr", "t.episode_nr", "t.series_years", "t.md5sum"],
                                      "Index Cond": "(t.id = mc.movie_id)",
                                      "Rows Removed by Index Recheck": 0,
                                      "Filter": "(t.production_year > 2010)",
                                      "Rows Removed by Filter": 1,
                                      "Workers": [
                                        {
                                          "Worker Number": 0,
                                          "Actual Startup Time": 0.007,
                                          "Actual Total Time": 0.007,
                                          "Actual Rows": 0,
                                          "Actual Loops": 2525
                                        },
                                        {
                                          "Worker Number": 1,
                                          "Actual Startup Time": 0.007,
                                          "Actual Total Time": 0.007,
                                          "Actual Rows": 0,
                                          "Actual Loops": 2954
                                        }
                                      ]
                                    }
                                  ]
                                },
                                {
                                  "Node Type": "Index Scan",
                                  "Parent Relationship": "Inner",
                                  "Parallel Aware": false,
                                  "Async Capable": false,
                                  "Scan Direction": "Forward",
                                  "Index Name": "movie_id_cast_info",
                                  "Relation Name": "cast_info",
                                  "Schema": "public",
                                  "Alias": "ci",
                                  "Startup Cost": 0.44,
                                  "Total Cost": 1.64,
                                  "Plan Rows": 1,
                                  "Plan Width": 12,
                                  "Actual Startup Time": 0.054,
                                  "Actual Total Time": 0.101,
                                  "Actual Rows": 2,
                                  "Actual Loops": 1259,
                                  "Output": ["ci.id", "ci.person_id", "ci.movie_id", "ci.person_role_id", "ci.note", "ci.nr_order", "ci.role_id"],
                                  "Index Cond": "(ci.movie_id = mc.movie_id)",
                                  "Rows Removed by Index Recheck": 0,
                                  "Filter": "((ci.note)::text ~~ '%(producer)%'::text)",
                                  "Rows Removed by Filter": 44,
                                  "Workers": [
                                    {
                                      "Worker Number": 0,
                                      "Actual Startup Time": 0.077,
                                      "Actual Total Time": 0.153,
                                      "Actual Rows": 2,
                                      "Actual Loops": 316
                                    },
                                    {
                                      "Worker Number": 1,
                                      "Actual Startup Time": 0.052,
                                      "Actual Total Time": 0.093,
                                      "Actual Rows": 2,
                                      "Actual Loops": 507
                                    }
                                  ]
                                }
                              ]
                            },
                            {
                              "Node Type": "Hash",
                              "Parent Relationship": "Inner",
                              "Parallel Aware": false,
                              "Async Capable": false,
                              "Startup Cost": 18.88,
                              "Total Cost": 18.88,
                              "Plan Rows": 4,
                              "Plan Width": 4,
                              "Actual Startup Time": 0.050,
                              "Actual Total Time": 0.051,
                              "Actual Rows": 1,
                              "Actual Loops": 3,
                              "Output": ["rt.id"],
                              "Hash Buckets": 1024,
                              "Original Hash Buckets": 1024,
                              "Hash Batches": 1,
                              "Original Hash Batches": 1,
                              "Peak Memory Usage": 9,
                              "Workers": [
                                {
                                  "Worker Number": 0,
                                  "Actual Startup Time": 0.065,
                                  "Actual Total Time": 0.065,
                                  "Actual Rows": 1,
                                  "Actual Loops": 1
                                },
                                {
                                  "Worker Number": 1,
                                  "Actual Startup Time": 0.071,
                                  "Actual Total Time": 0.072,
                                  "Actual Rows": 1,
                                  "Actual Loops": 1
                                }
                              ],
                              "Plans": [
                                {
                                  "Node Type": "Seq Scan",
                                  "Parent Relationship": "Outer",
                                  "Parallel Aware": false,
                                  "Async Capable": false,
                                  "Relation Name": "role_type",
                                  "Schema": "public",
                                  "Alias": "rt",
                                  "Startup Cost": 0.00,
                                  "Total Cost": 18.88,
                                  "Plan Rows": 4,
                                  "Plan Width": 4,
                                  "Actual Startup Time": 0.040,
                                  "Actual Total Time": 0.043,
                                  "Actual Rows": 1,
                                  "Actual Loops": 3,
                                  "Output": ["rt.id"],
                                  "Filter": "((rt.role)::text = 'actor'::text)",
                                  "Rows Removed by Filter": 11,
                                  "Workers": [
                                    {
                                      "Worker Number": 0,
                                      "Actual Startup Time": 0.052,
                                      "Actual Total Time": 0.057,
                                      "Actual Rows": 1,
                                      "Actual Loops": 1
                                    },
                                    {
                                      "Worker Number": 1,
                                      "Actual Startup Time": 0.059,
                                      "Actual Total Time": 0.064,
                                      "Actual Rows": 1,
                                      "Actual Loops": 1
                                    }
                                  ]
                                }
                              ]
                            }
                          ]
                        },
                        {
                          "Node Type": "Index Scan",
                          "Parent Relationship": "Inner",
                          "Parallel Aware": false,
                          "Async Capable": false,
                          "Scan Direction": "Forward",
                          "Index Name": "char_name_pkey",
                          "Relation Name": "char_name",
                          "Schema": "public",
                          "Alias": "chn",
                          "Startup Cost": 0.43,
                          "Total Cost": 0.58,
                          "Plan Rows": 1,
                          "Plan Width": 20,
                          "Actual Startup Time": 0.000,
                          "Actual Total Time": 0.000,
                          "Actual Rows": 0,
                          "Actual Loops": 0,
                          "Output": ["chn.id", "chn.name", "chn.imdb_index", "chn.imdb_id", "chn.name_pcode_nf", "chn.surname_pcode", "chn.md5sum"],
                          "Index Cond": "(chn.id = ci.person_role_id)",
                          "Rows Removed by Index Recheck": 0,
                          "Workers": [
                          ]
                        }
                      ]
                    },
                    {
                      "Node Type": "Memoize",
                      "Parent Relationship": "Inner",
                      "Parallel Aware": false,
                      "Async Capable": false,
                      "Startup Cost": 0.16,
                      "Total Cost": 0.18,
                      "Plan Rows": 1,
                      "Plan Width": 4,
                      "Actual Startup Time": 0.000,
                      "Actual Total Time": 0.000,
                      "Actual Rows": 0,
                      "Actual Loops": 0,
                      "Output": ["ct.id"],
                      "Cache Key": "mc.company_type_id",
                      "Cache Mode": "logical",
                      "Workers": [
                      ],
                      "Plans": [
                        {
                          "Node Type": "Index Only Scan",
                          "Parent Relationship": "Outer",
                          "Parallel Aware": false,
                          "Async Capable": false,
                          "Scan Direction": "Forward",
                          "Index Name": "company_type_pkey",
                          "Relation Name": "company_type",
                          "Schema": "public",
                          "Alias": "ct",
                          "Startup Cost": 0.15,
                          "Total Cost": 0.17,
                          "Plan Rows": 1,
                          "Plan Width": 4,
                          "Actual Startup Time": 0.000,
                          "Actual Total Time": 0.000,
                          "Actual Rows": 0,
                          "Actual Loops": 0,
                          "Output": ["ct.id"],
                          "Index Cond": "(ct.id = mc.company_type_id)",
                          "Rows Removed by Index Recheck": 0,
                          "Heap Fetches": 0,
                          "Workers": [
                          ]
                        }
                      ]
                    }
                  ]
                }
              ]
            }
          ]
        }
      ]
    },
    "Planning Time": 7.600,
    "Triggers": [
    ],
    "Execution Time": 286.333
  }
]
