[
  {
    "Plan": {
      "Node Type": "Aggregate",
      "Strategy": "Plain",
      "Partial Mode": "Simple",
      "Parallel Aware": false,
      "Async Capable": false,
      "Startup Cost": 4714.24,
      "Total Cost": 4714.25,
      "Plan Rows": 1,
      "Plan Width": 96,
      "Actual Startup Time": 70.144,
      "Actual Total Time": 74.814,
      "Actual Rows": 1,
      "Actual Loops": 1,
      "Output": ["min((cn.name)::text)", "min((mc.note)::text)", "min((t.title)::text)"],
      "Plans": [
        {
          "Node Type": "Nested Loop",
          "Parent Relationship": "Outer",
          "Parallel Aware": false,
          "Async Capable": false,
          "Join Type": "Inner",
          "Startup Cost": 1003.27,
          "Total Cost": 4713.73,
          "Plan Rows": 67,
          "Plan Width": 60,
          "Actual Startup Time": 12.401,
          "Actual Total Time": 71.438,
          "Actual Rows": 14899,
          "Actual Loops": 1,
          "Output": ["cn.name", "mc.note", "t.title"],
          "Inner Unique": true,
          "Plans": [
            {
              "Node Type": "Nested Loop",
              "Parent Relationship": "Outer",
              "Parallel Aware": false,
              "Async Capable": false,
              "Join Type": "Inner",
              "Startup Cost": 1002.85,
              "Total Cost": 4679.87,
              "Plan Rows": 75,
              "Plan Width": 45,
              "Actual Startup Time": 12.392,
              "Actual Total Time": 46.039,
              "Actual Rows": 14916,
              "Actual Loops": 1,
              "Output": ["mc.note", "mc.company_id", "t.title"],
              "Inner Unique": true,
              "Plans": [
                {
                  "Node Type": "Nested Loop",
                  "Parent Relationship": "Outer",
                  "Parallel Aware": false,
                  "Async Capable": false,
                  "Join Type": "Inner",
                  "Startup Cost": 1002.69,
                  "Total Cost": 4677.47,
                  "Plan Rows": 76,
                  "Plan Width": 49,
                  "Actual Startup Time": 12.382,
                  "Actual Total Time": 40.009,
                  "Actual Rows": 15510,
                  "Actual Loops": 1,
                  "Output": ["mc.note", "mc.company_type_id", "mc.company_id", "t.title"],
                  "Inner Unique": false,
                  "Join Filter": "(ml.movie_id = mc.movie_id)",
                  "Rows Removed by Join Filter": 0,
                  "Plans": [
                    {
                      "Node Type": "Nested Loop",
                      "Parent Relationship": "Outer",
                      "Parallel Aware": false,
                      "Async Capable": false,
                      "Join Type": "Inner",
                      "Startup Cost": 1002.26,
                      "Total Cost": 4661.34,
                      "Plan Rows": 28,
                      "Plan Width": 29,
                      "Actual Startup Time": 12.365,
                      "Actual Total Time": 31.318,
                      "Actual Rows": 1460,
                      "Actual Loops": 1,
                      "Output": ["mk.movie_id", "ml.movie_id", "t.title", "t.id"],
                      "Inner Unique": true,
                      "Plans": [
                        {
                          "Node Type": "Nested Loop",
                          "Parent Relationship": "Outer",
                          "Parallel Aware": false,
                          "Async Capable": false,
                          "Join Type": "Inner",
                          "Startup Cost": 1002.10,
                          "Total Cost": 4657.86,
                          "Plan Rows": 28,
                          "Plan Width": 33,
                          "Actual Startup Time": 12.354,
                          "Actual Total Time": 30.664,
                          "Actual Rows": 1460,
                          "Actual Loops": 1,
                          "Output": ["mk.movie_id", "ml.link_type_id", "ml.movie_id", "t.title", "t.id"],
                          "Inner Unique": true,
                          "Join Filter": "(ml.movie_id = t.id)",
                          "Rows Removed by Join Filter": 0,
                          "Plans": [
                            {
                              "Node Type": "Merge Join",
                              "Parent Relationship": "Outer",
                              "Parallel Aware": false,
                              "Async Capable": false,
                              "Join Type": "Inner",
                              "Startup Cost": 1001.67,
                              "Total Cost": 4642.29,
                              "Plan Rows": 31,
                              "Plan Width": 12,
                              "Actual Startup Time": 12.343,
                              "Actual Total Time": 27.916,
                              "Actual Rows": 1460,
                              "Actual Loops": 1,
                              "Output": ["mk.movie_id", "ml.link_type_id", "ml.movie_id"],
                              "Inner Unique": false,
                              "Merge Cond": "(mk.movie_id = ml.movie_id)",
                              "Plans": [
                                {
                                  "Node Type": "Gather Merge",
                                  "Parent Relationship": "Outer",
                                  "Parallel Aware": false,
                                  "Async Capable": false,
                                  "Startup Cost": 1000.89,
                                  "Total Cost": 140915.62,
                                  "Plan Rows": 101,
                                  "Plan Width": 4,
                                  "Actual Startup Time": 12.249,
                                  "Actual Total Time": 21.862,
                                  "Actual Rows": 481,
                                  "Actual Loops": 1,
                                  "Output": ["mk.movie_id"],
                                  "Workers Planned": 2,
                                  "Workers Launched": 2,
                                  "Plans": [
                                    {
                                      "Node Type": "Nested Loop",
                                      "Parent Relationship": "Outer",
                                      "Parallel Aware": false,
                                      "Async Capable": false,
                                      "Join Type": "Inner",
                                      "Startup Cost": 0.86,
                                      "Total Cost": 139903.94,
                                      "Plan Rows": 42,
                                      "Plan Width": 4,
                                      "Actual Startup Time": 2.734,
                                      "Actual Total Time": 43.662,
                                      "Actual Rows": 184,
                                      "Actual Loops": 3,
                                      "Output": ["mk.movie_id"],
                                      "Inner Unique": true,
                                      "Workers": [
                                        {
                                          "Worker Number": 0,
                                          "Actual Startup Time": 2.389,
                                          "Actual Total Time": 62.444,
                                          "Actual Rows": 273,
                                          "Actual Loops": 1
                                        },
                                        {
                                          "Worker Number": 1,
                                          "Actual Startup Time": 4.791,
                                          "Actual Total Time": 62.658,
                                          "Actual Rows": 272,
                                          "Actual Loops": 1
                                        }
                                      ],
                                      "Plans": [
                                        {
                                          "Node Type": "Index Scan",
                                          "Parent Relationship": "Outer",
                                          "Parallel Aware": true,
                                          "Async Capable": false,
                                          "Scan Direction": "Forward",
                                          "Index Name": "movie_id_movie_keyword",
                                          "Relation Name": "movie_keyword",
                                          "Schema": "public",
                                          "Alias": "mk",
                                          "Startup Cost": 0.43,
                                          "Total Cost": 86173.19,
                                          "Plan Rows": 1884971,
                                          "Plan Width": 8,
                                          "Actual Startup Time": 0.047,
                                          "Actual Total Time": 7.234,
                                          "Actual Rows": 39302,
                                          "Actual Loops": 3,
                                          "Output": ["mk.id", "mk.movie_id", "mk.keyword_id"],
                                          "Workers": [
                                            {
                                              "Worker Number": 0,
                                              "Actual Startup Time": 0.068,
                                              "Actual Total Time": 10.385,
                                              "Actual Rows": 56844,
                                              "Actual Loops": 1
                                            },
                                            {
                                              "Worker Number": 1,
                                              "Actual Startup Time": 0.061,
                                              "Actual Total Time": 10.599,
                                              "Actual Rows": 57527,
                                              "Actual Loops": 1
                                            }
                                          ]
                                        },
                                        {
                                          "Node Type": "Memoize",
                                          "Parent Relationship": "Inner",
                                          "Parallel Aware": false,
                                          "Async Capable": false,
                                          "Startup Cost": 0.43,
                                          "Total Cost": 0.45,
                                          "Plan Rows": 1,
                                          "Plan Width": 4,
                                          "Actual Startup Time": 0.001,
                                          "Actual Total Time": 0.001,
                                          "Actual Rows": 0,
                                          "Actual Loops": 117907,
                                          "Output": ["k.id"],
                                          "Cache Key": "mk.keyword_id",
                                          "Cache Mode": "logical",
                                          "Cache Hits": 1684,
                                          "Cache Misses": 1852,
                                          "Cache Evictions": 0,
                                          "Cache Overflows": 0,
                                          "Peak Memory Usage": 124,
                                          "Workers": [
                                            {
                                              "Worker Number": 0,
                                              "Actual Startup Time": 0.001,
                                              "Actual Total Time": 0.001,
                                              "Actual Rows": 0,
                                              "Actual Loops": 56844,
                                              "Cache Hits": 39327,
                                              "Cache Misses": 17517,
                                              "Cache Evictions": 0,
                                              "Cache Overflows": 0,
                                              "Peak Memory Usage": 1164
                                            },
                                            {
                                              "Worker Number": 1,
                                              "Actual Startup Time": 0.001,
                                              "Actual Total Time": 0.001,
                                              "Actual Rows": 0,
                                              "Actual Loops": 57527,
                                              "Cache Hits": 40246,
                                              "Cache Misses": 17281,
                                              "Cache Evictions": 0,
                                              "Cache Overflows": 0,
                                              "Peak Memory Usage": 1148
                                            }
                                          ],
                                          "Plans": [
                                            {
                                              "Node Type": "Index Scan",
                                              "Parent Relationship": "Outer",
                                              "Parallel Aware": false,
                                              "Async Capable": false,
                                              "Scan Direction": "Forward",
                                              "Index Name": "keyword_pkey",
                                              "Relation Name": "keyword",
                                              "Schema": "public",
                                              "Alias": "k",
                                              "Startup Cost": 0.42,
                                              "Total Cost": 0.44,
                                              "Plan Rows": 1,
                                              "Plan Width": 4,
                                              "Actual Startup Time": 0.002,
                                              "Actual Total Time": 0.002,
                                              "Actual Rows": 0,
                                              "Actual Loops": 36650,
                                              "Output": ["k.id"],
                                              "Index Cond": "(k.id = mk.keyword_id)",
                                              "Rows Removed by Index Recheck": 0,
                                              "Filter": "((k.keyword)::text = ANY ('{sequel,revenge,based-on-novel}'::text[]))",
                                              "Rows Removed by Filter": 1,
                                              "Workers": [
                                                {
                                                  "Worker Number": 0,
                                                  "Actual Startup Time": 0.002,
                                                  "Actual Total Time": 0.002,
                                                  "Actual Rows": 0,
                                                  "Actual Loops": 17517
                                                },
                                                {
                                                  "Worker Number": 1,
                                                  "Actual Startup Time": 0.002,
                                                  "Actual Total Time": 0.002,
                                                  "Actual Rows": 0,
                                                  "Actual Loops": 17281
                                                }
                                              ]
                                            }
                                          ]
                                        }
                                      ]
                                    }
                                  ]
                                },
                                {
                                  "Node Type": "Index Scan",
                                  "Parent Relationship": "Inner",
                                  "Parallel Aware": false,
                                  "Async Capable": false,
                                  "Scan Direction": "Forward",
                                  "Index Name": "movie_id_movie_link",
                                  "Relation Name": "movie_link",
                                  "Schema": "public",
                                  "Alias": "ml",
                                  "Startup Cost": 0.29,
                                  "Total Cost": 795.51,
                                  "Plan Rows": 29997,
                                  "Plan Width": 8,
                                  "Actual Startup Time": 0.017,
                                  "Actual Total Time": 3.937,
                                  "Actual Rows": 30043,
                                  "Actual Loops": 1,
                                  "Output": ["ml.id", "ml.movie_id", "ml.linked_movie_id", "ml.link_type_id"]
                                }
                              ]
                            },
                            {
                              "Node Type": "Index Scan",
                              "Parent Relationship": "Inner",
                              "Parallel Aware": false,
                              "Async Capable": false,
                              "Scan Direction": "Forward",
                              "Index Name": "title_pkey",
                              "Relation Name": "title",
                              "Schema": "public",
                              "Alias": "t",
                              "Startup Cost": 0.43,
                              "Total Cost": 0.49,
                              "Plan Rows": 1,
                              "Plan Width": 21,
                              "Actual Startup Time": 0.002,
                              "Actual Total Time": 0.002,
                              "Actual Rows": 1,
                              "Actual Loops": 1460,
                              "Output": ["t.id", "t.title", "t.imdb_index", "t.kind_id", "t.production_year", "t.imdb_id", "t.phonetic_code", "t.episode_of_id", "t.season_nr", "t.episode_nr", "t.series_years", "t.md5sum"],
                              "Index Cond": "(t.id = mk.movie_id)",
                              "Rows Removed by Index Recheck": 0,
                              "Filter": "(t.production_year > 1950)",
                              "Rows Removed by Filter": 0
                            }
                          ]
                        },
                        {
                          "Node Type": "Memoize",
                          "Parent Relationship": "Inner",
                          "Parallel Aware": false,
                          "Async Capable": false,
                          "Startup Cost": 0.16,
                          "Total Cost": 0.18,
                          "Plan Rows": 1,
                          "Plan Width": 4,
                          "Actual Startup Time": 0.000,
                          "Actual Total Time": 0.000,
                          "Actual Rows": 1,
                          "Actual Loops": 1460,
                          "Output": ["lt.id"],
                          "Cache Key": "ml.link_type_id",
                          "Cache Mode": "logical",
                          "Cache Hits": 1445,
                          "Cache Misses": 15,
                          "Cache Evictions": 0,
                          "Cache Overflows": 0,
                          "Peak Memory Usage": 2,
                          "Plans": [
                            {
                              "Node Type": "Index Only Scan",
                              "Parent Relationship": "Outer",
                              "Parallel Aware": false,
                              "Async Capable": false,
                              "Scan Direction": "Forward",
                              "Index Name": "link_type_pkey",
                              "Relation Name": "link_type",
                              "Schema": "public",
                              "Alias": "lt",
                              "Startup Cost": 0.15,
                              "Total Cost": 0.17,
                              "Plan Rows": 1,
                              "Plan Width": 4,
                              "Actual Startup Time": 0.001,
                              "Actual Total Time": 0.002,
                              "Actual Rows": 1,
                              "Actual Loops": 15,
                              "Output": ["lt.id"],
                              "Index Cond": "(lt.id = ml.link_type_id)",
                              "Rows Removed by Index Recheck": 0,
                              "Heap Fetches": 15
                            }
                          ]
                        }
                      ]
                    },
                    {
                      "Node Type": "Index Scan",
                      "Parent Relationship": "Inner",
                      "Parallel Aware": false,
                      "Async Capable": false,
                      "Scan Direction": "Forward",
                      "Index Name": "movie_id_movie_companies",
                      "Relation Name": "movie_companies",
                      "Schema": "public",
                      "Alias": "mc",
                      "Startup Cost": 0.43,
                      "Total Cost": 0.54,
                      "Plan Rows": 3,
                      "Plan Width": 36,
                      "Actual Startup Time": 0.002,
                      "Actual Total Time": 0.004,
                      "Actual Rows": 11,
                      "Actual Loops": 1460,
                      "Output": ["mc.id", "mc.movie_id", "mc.company_id", "mc.company_type_id", "mc.note"],
                      "Index Cond": "(mc.movie_id = mk.movie_id)",
                      "Rows Removed by Index Recheck": 0,
                      "Filter": "(mc.note IS NOT NULL)",
                      "Rows Removed by Filter": 2
                    }
                  ]
                },
                {
                  "Node Type": "Memoize",
                  "Parent Relationship": "Inner",
                  "Parallel Aware": false,
                  "Async Capable": false,
                  "Startup Cost": 0.16,
                  "Total Cost": 0.18,
                  "Plan Rows": 1,
                  "Plan Width": 4,
                  "Actual Startup Time": 0.000,
                  "Actual Total Time": 0.000,
                  "Actual Rows": 1,
                  "Actual Loops": 15510,
                  "Output": ["ct.id"],
                  "Cache Key": "mc.company_type_id",
                  "Cache Mode": "logical",
                  "Cache Hits": 15508,
                  "Cache Misses": 2,
                  "Cache Evictions": 0,
                  "Cache Overflows": 0,
                  "Peak Memory Usage": 1,
                  "Plans": [
                    {
                      "Node Type": "Index Scan",
                      "Parent Relationship": "Outer",
                      "Parallel Aware": false,
                      "Async Capable": false,
                      "Scan Direction": "Forward",
                      "Index Name": "company_type_pkey",
                      "Relation Name": "company_type",
                      "Schema": "public",
                      "Alias": "ct",
                      "Startup Cost": 0.15,
                      "Total Cost": 0.17,
                      "Plan Rows": 1,
                      "Plan Width": 4,
                      "Actual Startup Time": 0.005,
                      "Actual Total Time": 0.005,
                      "Actual Rows": 0,
                      "Actual Loops": 2,
                      "Output": ["ct.id"],
                      "Index Cond": "(ct.id = mc.company_type_id)",
                      "Rows Removed by Index Recheck": 0,
                      "Filter": "((ct.kind IS NOT NULL) AND ((ct.kind)::text <> 'production companies'::text))",
                      "Rows Removed by Filter": 0
                    }
                  ]
                }
              ]
            },
            {
              "Node Type": "Index Scan",
              "Parent Relationship": "Inner",
              "Parallel Aware": false,
              "Async Capable": false,
              "Scan Direction": "Forward",
              "Index Name": "company_name_pkey",
              "Relation Name": "company_name",
              "Schema": "public",
              "Alias": "cn",
              "Startup Cost": 0.42,
              "Total Cost": 0.45,
              "Plan Rows": 1,
              "Plan Width": 23,
              "Actual Startup Time": 0.001,
              "Actual Total Time": 0.001,
              "Actual Rows": 1,
              "Actual Loops": 14916,
              "Output": ["cn.id", "cn.name", "cn.country_code", "cn.imdb_id", "cn.name_pcode_nf", "cn.name_pcode_sf", "cn.md5sum"],
              "Index Cond": "(cn.id = mc.company_id)",
              "Rows Removed by Index Recheck": 0,
              "Filter": "((cn.country_code)::text <> '[pl]'::text)",
              "Rows Removed by Filter": 0
            }
          ]
        }
      ]
    },
    "Planning Time": 7.748,
    "Triggers": [
    ],
    "Execution Time": 75.184
  }
]
