[
  {
    "Plan": {
      "Node Type": "Aggregate",
      "Strategy": "Plain",
      "Partial Mode": "Simple",
      "Parallel Aware": false,
      "Async Capable": false,
      "Startup Cost": 19252.38,
      "Total Cost": 19252.39,
      "Plan Rows": 1,
      "Plan Width": 96,
      "Actual Startup Time": 1263.434,
      "Actual Total Time": 1319.316,
      "Actual Rows": 1,
      "Actual Loops": 1,
      "Output": ["min((mi.info)::text)", "min((miidx.info)::text)", "min((t.title)::text)"],
      "Plans": [
        {
          "Node Type": "Gather",
          "Parent Relationship": "Outer",
          "Parallel Aware": false,
          "Async Capable": false,
          "Startup Cost": 1027.26,
          "Total Cost": 19252.37,
          "Plan Rows": 1,
          "Plan Width": 66,
          "Actual Startup Time": 201.665,
          "Actual Total Time": 1297.802,
          "Actual Rows": 111101,
          "Actual Loops": 1,
          "Output": ["mi.info", "miidx.info", "t.title"],
          "Workers Planned": 2,
          "Workers Launched": 2,
          "Single Copy": false,
          "Plans": [
            {
              "Node Type": "Nested Loop",
              "Parent Relationship": "Outer",
              "Parallel Aware": false,
              "Async Capable": false,
              "Join Type": "Inner",
              "Startup Cost": 27.25,
              "Total Cost": 18252.27,
              "Plan Rows": 1,
              "Plan Width": 66,
              "Actual Startup Time": 195.594,
              "Actual Total Time": 1239.520,
              "Actual Rows": 37034,
              "Actual Loops": 3,
              "Output": ["mi.info", "miidx.info", "t.title"],
              "Inner Unique": true,
              "Workers": [
                {
                  "Worker Number": 0,
                  "Actual Startup Time": 193.078,
                  "Actual Total Time": 1243.640,
                  "Actual Rows": 38466,
                  "Actual Loops": 1
                },
                {
                  "Worker Number": 1,
                  "Actual Startup Time": 192.409,
                  "Actual Total Time": 1244.256,
                  "Actual Rows": 35744,
                  "Actual Loops": 1
                }
              ],
              "Plans": [
                {
                  "Node Type": "Nested Loop",
                  "Parent Relationship": "Outer",
                  "Parallel Aware": false,
                  "Async Capable": false,
                  "Join Type": "Inner",
                  "Startup Cost": 27.11,
                  "Total Cost": 18252.09,
                  "Plan Rows": 1,
                  "Plan Width": 70,
                  "Actual Startup Time": 195.559,
                  "Actual Total Time": 1066.938,
                  "Actual Rows": 172109,
                  "Actual Loops": 3,
                  "Output": ["mi.info", "mi.info_type_id", "miidx.info", "t.title"],
                  "Inner Unique": false,
                  "Workers": [
                    {
                      "Worker Number": 0,
                      "Actual Startup Time": 193.048,
                      "Actual Total Time": 1065.593,
                      "Actual Rows": 178705,
                      "Actual Loops": 1
                    },
                    {
                      "Worker Number": 1,
                      "Actual Startup Time": 192.361,
                      "Actual Total Time": 1077.806,
                      "Actual Rows": 165853,
                      "Actual Loops": 1
                    }
                  ],
                  "Plans": [
                    {
                      "Node Type": "Nested Loop",
                      "Parent Relationship": "Outer",
                      "Parallel Aware": false,
                      "Async Capable": false,
                      "Join Type": "Inner",
                      "Startup Cost": 26.68,
                      "Total Cost": 18250.27,
                      "Plan Rows": 1,
                      "Plan Width": 35,
                      "Actual Startup Time": 195.535,
                      "Actual Total Time": 973.300,
                      "Actual Rows": 5490,
                      "Actual Loops": 3,
                      "Output": ["mc.movie_id", "miidx.info", "miidx.movie_id", "t.title", "t.id"],
                      "Inner Unique": true,
                      "Workers": [
                        {
                          "Worker Number": 0,
                          "Actual Startup Time": 193.021,
                          "Actual Total Time": 967.477,
                          "Actual Rows": 5475,
                          "Actual Loops": 1
                        },
                        {
                          "Worker Number": 1,
                          "Actual Startup Time": 192.330,
                          "Actual Total Time": 982.632,
                          "Actual Rows": 5398,
                          "Actual Loops": 1
                        }
                      ],
                      "Plans": [
                        {
                          "Node Type": "Nested Loop",
                          "Parent Relationship": "Outer",
                          "Parallel Aware": false,
                          "Async Capable": false,
                          "Join Type": "Inner",
                          "Startup Cost": 26.26,
                          "Total Cost": 18249.82,
                          "Plan Rows": 1,
                          "Plan Width": 39,
                          "Actual Startup Time": 195.131,
                          "Actual Total Time": 761.174,
                          "Actual Rows": 100870,
                          "Actual Loops": 3,
                          "Output": ["mc.movie_id", "mc.company_id", "miidx.info", "miidx.movie_id", "t.title", "t.id"],
                          "Inner Unique": true,
                          "Workers": [
                            {
                              "Worker Number": 0,
                              "Actual Startup Time": 192.464,
                              "Actual Total Time": 755.293,
                              "Actual Rows": 99795,
                              "Actual Loops": 1
                            },
                            {
                              "Worker Number": 1,
                              "Actual Startup Time": 192.130,
                              "Actual Total Time": 767.326,
                              "Actual Rows": 101774,
                              "Actual Loops": 1
                            }
                          ],
                          "Plans": [
                            {
                              "Node Type": "Nested Loop",
                              "Parent Relationship": "Outer",
                              "Parallel Aware": false,
                              "Async Capable": false,
                              "Join Type": "Inner",
                              "Startup Cost": 26.10,
                              "Total Cost": 18246.07,
                              "Plan Rows": 130,
                              "Plan Width": 43,
                              "Actual Startup Time": 195.108,
                              "Actual Total Time": 675.908,
                              "Actual Rows": 257695,
                              "Actual Loops": 3,
                              "Output": ["miidx.info", "miidx.movie_id", "mc.movie_id", "mc.company_id", "mc.company_type_id", "t.title", "t.id"],
                              "Inner Unique": false,
                              "Workers": [
                                {
                                  "Worker Number": 0,
                                  "Actual Startup Time": 192.437,
                                  "Actual Total Time": 671.408,
                                  "Actual Rows": 255246,
                                  "Actual Loops": 1
                                },
                                {
                                  "Worker Number": 1,
                                  "Actual Startup Time": 192.105,
                                  "Actual Total Time": 682.070,
                                  "Actual Rows": 258863,
                                  "Actual Loops": 1
                                }
                              ],
                              "Plans": [
                                {
                                  "Node Type": "Hash Join",
                                  "Parent Relationship": "Outer",
                                  "Parallel Aware": false,
                                  "Async Capable": false,
                                  "Join Type": "Inner",
                                  "Startup Cost": 25.67,
                                  "Total Cost": 18230.94,
                                  "Plan Rows": 25,
                                  "Plan Width": 31,
                                  "Actual Startup Time": 195.077,
                                  "Actual Total Time": 468.407,
                                  "Actual Rows": 69960,
                                  "Actual Loops": 3,
                                  "Output": ["miidx.info", "miidx.movie_id", "t.title", "t.id"],
                                  "Inner Unique": true,
                                  "Hash Cond": "(t.kind_id = kt.id)",
                                  "Workers": [
                                    {
                                      "Worker Number": 0,
                                      "Actual Startup Time": 192.387,
                                      "Actual Total Time": 464.276,
                                      "Actual Rows": 69157,
                                      "Actual Loops": 1
                                    },
                                    {
                                      "Worker Number": 1,
                                      "Actual Startup Time": 192.073,
                                      "Actual Total Time": 471.468,
                                      "Actual Rows": 70837,
                                      "Actual Loops": 1
                                    }
                                  ],
                                  "Plans": [
                                    {
                                      "Node Type": "Nested Loop",
                                      "Parent Relationship": "Outer",
                                      "Parallel Aware": false,
                                      "Async Capable": false,
                                      "Join Type": "Inner",
                                      "Startup Cost": 2.86,
                                      "Total Cost": 18194.71,
                                      "Plan Rows": 5089,
                                      "Plan Width": 35,
                                      "Actual Startup Time": 0.231,
                                      "Actual Total Time": 447.434,
                                      "Actual Rows": 153308,
                                      "Actual Loops": 3,
                                      "Output": ["miidx.info", "miidx.movie_id", "t.title", "t.id", "t.kind_id"],
                                      "Inner Unique": true,
                                      "Workers": [
                                        {
                                          "Worker Number": 0,
                                          "Actual Startup Time": 0.222,
                                          "Actual Total Time": 443.889,
                                          "Actual Rows": 144356,
                                          "Actual Loops": 1
                                        },
                                        {
                                          "Worker Number": 1,
                                          "Actual Startup Time": 0.434,
                                          "Actual Total Time": 450.466,
                                          "Actual Rows": 147313,
                                          "Actual Loops": 1
                                        }
                                      ],
                                      "Plans": [
                                        {
                                          "Node Type": "Hash Join",
                                          "Parent Relationship": "Outer",
                                          "Parallel Aware": false,
                                          "Async Capable": false,
                                          "Join Type": "Inner",
                                          "Startup Cost": 2.43,
                                          "Total Cost": 15253.60,
                                          "Plan Rows": 5089,
                                          "Plan Width": 10,
                                          "Actual Startup Time": 0.168,
                                          "Actual Total Time": 108.939,
                                          "Actual Rows": 153308,
                                          "Actual Loops": 3,
                                          "Output": ["miidx.info", "miidx.movie_id"],
                                          "Inner Unique": true,
                                          "Hash Cond": "(miidx.info_type_id = it.id)",
                                          "Workers": [
                                            {
                                              "Worker Number": 0,
                                              "Actual Startup Time": 0.157,
                                              "Actual Total Time": 103.156,
                                              "Actual Rows": 144356,
                                              "Actual Loops": 1
                                            },
                                            {
                                              "Worker Number": 1,
                                              "Actual Startup Time": 0.320,
                                              "Actual Total Time": 104.932,
                                              "Actual Rows": 147313,
                                              "Actual Loops": 1
                                            }
                                          ],
                                          "Plans": [
                                            {
                                              "Node Type": "Seq Scan",
                                              "Parent Relationship": "Outer",
                                              "Parallel Aware": true,
                                              "Async Capable": false,
                                              "Relation Name": "movie_info_idx",
                                              "Schema": "public",
                                              "Alias": "miidx",
                                              "Startup Cost": 0.00,
                                              "Total Cost": 13685.15,
                                              "Plan Rows": 575015,
                                              "Plan Width": 14,
                                              "Actual Startup Time": 0.014,
                                              "Actual Total Time": 32.580,
                                              "Actual Rows": 460012,
                                              "Actual Loops": 3,
                                              "Output": ["miidx.id", "miidx.movie_id", "miidx.info_type_id", "miidx.info", "miidx.note"],
                                              "Workers": [
                                                {
                                                  "Worker Number": 0,
                                                  "Actual Startup Time": 0.015,
                                                  "Actual Total Time": 30.807,
                                                  "Actual Rows": 433069,
                                                  "Actual Loops": 1
                                                },
                                                {
                                                  "Worker Number": 1,
                                                  "Actual Startup Time": 0.022,
                                                  "Actual Total Time": 31.248,
                                                  "Actual Rows": 441940,
                                                  "Actual Loops": 1
                                                }
                                              ]
                                            },
                                            {
                                              "Node Type": "Hash",
                                              "Parent Relationship": "Inner",
                                              "Parallel Aware": false,
                                              "Async Capable": false,
                                              "Startup Cost": 2.41,
                                              "Total Cost": 2.41,
                                              "Plan Rows": 1,
                                              "Plan Width": 4,
                                              "Actual Startup Time": 0.048,
                                              "Actual Total Time": 0.049,
                                              "Actual Rows": 1,
                                              "Actual Loops": 3,
                                              "Output": ["it.id"],
                                              "Hash Buckets": 1024,
                                              "Original Hash Buckets": 1024,
                                              "Hash Batches": 1,
                                              "Original Hash Batches": 1,
                                              "Peak Memory Usage": 9,
                                              "Workers": [
                                                {
                                                  "Worker Number": 0,
                                                  "Actual Startup Time": 0.041,
                                                  "Actual Total Time": 0.042,
                                                  "Actual Rows": 1,
                                                  "Actual Loops": 1
                                                },
                                                {
                                                  "Worker Number": 1,
                                                  "Actual Startup Time": 0.086,
                                                  "Actual Total Time": 0.087,
                                                  "Actual Rows": 1,
                                                  "Actual Loops": 1
                                                }
                                              ],
                                              "Plans": [
                                                {
                                                  "Node Type": "Seq Scan",
                                                  "Parent Relationship": "Outer",
                                                  "Parallel Aware": false,
                                                  "Async Capable": false,
                                                  "Relation Name": "info_type",
                                                  "Schema": "public",
                                                  "Alias": "it",
                                                  "Startup Cost": 0.00,
                                                  "Total Cost": 2.41,
                                                  "Plan Rows": 1,
                                                  "Plan Width": 4,
                                                  "Actual Startup Time": 0.042,
                                                  "Actual Total Time": 0.044,
                                                  "Actual Rows": 1,
                                                  "Actual Loops": 3,
                                                  "Output": ["it.id"],
                                                  "Filter": "((it.info)::text = 'rating'::text)",
                                                  "Rows Removed by Filter": 112,
                                                  "Workers": [
                                                    {
                                                      "Worker Number": 0,
                                                      "Actual Startup Time": 0.036,
                                                      "Actual Total Time": 0.038,
                                                      "Actual Rows": 1,
                                                      "Actual Loops": 1
                                                    },
                                                    {
                                                      "Worker Number": 1,
                                                      "Actual Startup Time": 0.075,
                                                      "Actual Total Time": 0.079,
                                                      "Actual Rows": 1,
                                                      "Actual Loops": 1
                                                    }
                                                  ]
                                                }
                                              ]
                                            }
                                          ]
                                        },
                                        {
                                          "Node Type": "Index Scan",
                                          "Parent Relationship": "Inner",
                                          "Parallel Aware": false,
                                          "Async Capable": false,
                                          "Scan Direction": "Forward",
                                          "Index Name": "title_pkey",
                                          "Relation Name": "title",
                                          "Schema": "public",
                                          "Alias": "t",
                                          "Startup Cost": 0.43,
                                          "Total Cost": 0.58,
                                          "Plan Rows": 1,
                                          "Plan Width": 25,
                                          "Actual Startup Time": 0.002,
                                          "Actual Total Time": 0.002,
                                          "Actual Rows": 1,
                                          "Actual Loops": 459925,
                                          "Output": ["t.id", "t.title", "t.imdb_index", "t.kind_id", "t.production_year", "t.imdb_id", "t.phonetic_code", "t.episode_of_id", "t.season_nr", "t.episode_nr", "t.series_years", "t.md5sum"],
                                          "Index Cond": "(t.id = miidx.movie_id)",
                                          "Rows Removed by Index Recheck": 0,
                                          "Workers": [
                                            {
                                              "Worker Number": 0,
                                              "Actual Startup Time": 0.002,
                                              "Actual Total Time": 0.002,
                                              "Actual Rows": 1,
                                              "Actual Loops": 144356
                                            },
                                            {
                                              "Worker Number": 1,
                                              "Actual Startup Time": 0.002,
                                              "Actual Total Time": 0.002,
                                              "Actual Rows": 1,
                                              "Actual Loops": 147313
                                            }
                                          ]
                                        }
                                      ]
                                    },
                                    {
                                      "Node Type": "Hash",
                                      "Parent Relationship": "Inner",
                                      "Parallel Aware": false,
                                      "Async Capable": false,
                                      "Startup Cost": 22.75,
                                      "Total Cost": 22.75,
                                      "Plan Rows": 5,
                                      "Plan Width": 4,
                                      "Actual Startup Time": 0.031,
                                      "Actual Total Time": 0.032,
                                      "Actual Rows": 1,
                                      "Actual Loops": 3,
                                      "Output": ["kt.id"],
                                      "Hash Buckets": 1024,
                                      "Original Hash Buckets": 1024,
                                      "Hash Batches": 1,
                                      "Original Hash Batches": 1,
                                      "Peak Memory Usage": 9,
                                      "Workers": [
                                        {
                                          "Worker Number": 0,
                                          "Actual Startup Time": 0.027,
                                          "Actual Total Time": 0.028,
                                          "Actual Rows": 1,
                                          "Actual Loops": 1
                                        },
                                        {
                                          "Worker Number": 1,
                                          "Actual Startup Time": 0.063,
                                          "Actual Total Time": 0.063,
                                          "Actual Rows": 1,
                                          "Actual Loops": 1
                                        }
                                      ],
                                      "Plans": [
                                        {
                                          "Node Type": "Seq Scan",
                                          "Parent Relationship": "Outer",
                                          "Parallel Aware": false,
                                          "Async Capable": false,
                                          "Relation Name": "kind_type",
                                          "Schema": "public",
                                          "Alias": "kt",
                                          "Startup Cost": 0.00,
                                          "Total Cost": 22.75,
                                          "Plan Rows": 5,
                                          "Plan Width": 4,
                                          "Actual Startup Time": 0.026,
                                          "Actual Total Time": 0.028,
                                          "Actual Rows": 1,
                                          "Actual Loops": 3,
                                          "Output": ["kt.id"],
                                          "Filter": "((kt.kind)::text = 'movie'::text)",
                                          "Rows Removed by Filter": 6,
                                          "Workers": [
                                            {
                                              "Worker Number": 0,
                                              "Actual Startup Time": 0.023,
                                              "Actual Total Time": 0.024,
                                              "Actual Rows": 1,
                                              "Actual Loops": 1
                                            },
                                            {
                                              "Worker Number": 1,
                                              "Actual Startup Time": 0.052,
                                              "Actual Total Time": 0.055,
                                              "Actual Rows": 1,
                                              "Actual Loops": 1
                                            }
                                          ]
                                        }
                                      ]
                                    }
                                  ]
                                },
                                {
                                  "Node Type": "Index Scan",
                                  "Parent Relationship": "Inner",
                                  "Parallel Aware": false,
                                  "Async Capable": false,
                                  "Scan Direction": "Forward",
                                  "Index Name": "movie_id_movie_companies",
                                  "Relation Name": "movie_companies",
                                  "Schema": "public",
                                  "Alias": "mc",
                                  "Startup Cost": 0.43,
                                  "Total Cost": 0.56,
                                  "Plan Rows": 5,
                                  "Plan Width": 12,
                                  "Actual Startup Time": 0.002,
                                  "Actual Total Time": 0.002,
                                  "Actual Rows": 4,
                                  "Actual Loops": 209880,
                                  "Output": ["mc.id", "mc.movie_id", "mc.company_id", "mc.company_type_id", "mc.note"],
                                  "Index Cond": "(mc.movie_id = t.id)",
                                  "Rows Removed by Index Recheck": 0,
                                  "Workers": [
                                    {
                                      "Worker Number": 0,
                                      "Actual Startup Time": 0.002,
                                      "Actual Total Time": 0.002,
                                      "Actual Rows": 4,
                                      "Actual Loops": 69157
                                    },
                                    {
                                      "Worker Number": 1,
                                      "Actual Startup Time": 0.002,
                                      "Actual Total Time": 0.002,
                                      "Actual Rows": 4,
                                      "Actual Loops": 70837
                                    }
                                  ]
                                }
                              ]
                            },
                            {
                              "Node Type": "Memoize",
                              "Parent Relationship": "Inner",
                              "Parallel Aware": false,
                              "Async Capable": false,
                              "Startup Cost": 0.16,
                              "Total Cost": 0.18,
                              "Plan Rows": 1,
                              "Plan Width": 4,
                              "Actual Startup Time": 0.000,
                              "Actual Total Time": 0.000,
                              "Actual Rows": 0,
                              "Actual Loops": 773084,
                              "Output": ["ct.id"],
                              "Cache Key": "mc.company_type_id",
                              "Cache Mode": "logical",
                              "Cache Hits": 258973,
                              "Cache Misses": 2,
                              "Cache Evictions": 0,
                              "Cache Overflows": 0,
                              "Peak Memory Usage": 1,
                              "Workers": [
                                {
                                  "Worker Number": 0,
                                  "Actual Startup Time": 0.000,
                                  "Actual Total Time": 0.000,
                                  "Actual Rows": 0,
                                  "Actual Loops": 255246,
                                  "Cache Hits": 255244,
                                  "Cache Misses": 2,
                                  "Cache Evictions": 0,
                                  "Cache Overflows": 0,
                                  "Peak Memory Usage": 1
                                },
                                {
                                  "Worker Number": 1,
                                  "Actual Startup Time": 0.000,
                                  "Actual Total Time": 0.000,
                                  "Actual Rows": 0,
                                  "Actual Loops": 258863,
                                  "Cache Hits": 258861,
                                  "Cache Misses": 2,
                                  "Cache Evictions": 0,
                                  "Cache Overflows": 0,
                                  "Peak Memory Usage": 1
                                }
                              ],
                              "Plans": [
                                {
                                  "Node Type": "Index Scan",
                                  "Parent Relationship": "Outer",
                                  "Parallel Aware": false,
                                  "Async Capable": false,
                                  "Scan Direction": "Forward",
                                  "Index Name": "company_type_pkey",
                                  "Relation Name": "company_type",
                                  "Schema": "public",
                                  "Alias": "ct",
                                  "Startup Cost": 0.15,
                                  "Total Cost": 0.17,
                                  "Plan Rows": 1,
                                  "Plan Width": 4,
                                  "Actual Startup Time": 0.007,
                                  "Actual Total Time": 0.007,
                                  "Actual Rows": 0,
                                  "Actual Loops": 6,
                                  "Output": ["ct.id"],
                                  "Index Cond": "(ct.id = mc.company_type_id)",
                                  "Rows Removed by Index Recheck": 0,
                                  "Filter": "((ct.kind)::text = 'production companies'::text)",
                                  "Rows Removed by Filter": 0,
                                  "Workers": [
                                    {
                                      "Worker Number": 0,
                                      "Actual Startup Time": 0.008,
                                      "Actual Total Time": 0.008,
                                      "Actual Rows": 0,
                                      "Actual Loops": 2
                                    },
                                    {
                                      "Worker Number": 1,
                                      "Actual Startup Time": 0.009,
                                      "Actual Total Time": 0.009,
                                      "Actual Rows": 0,
                                      "Actual Loops": 2
                                    }
                                  ]
                                }
                              ]
                            }
                          ]
                        },
                        {
                          "Node Type": "Index Scan",
                          "Parent Relationship": "Inner",
                          "Parallel Aware": false,
                          "Async Capable": false,
                          "Scan Direction": "Forward",
                          "Index Name": "company_name_pkey",
                          "Relation Name": "company_name",
                          "Schema": "public",
                          "Alias": "cn",
                          "Startup Cost": 0.42,
                          "Total Cost": 0.45,
                          "Plan Rows": 1,
                          "Plan Width": 4,
                          "Actual Startup Time": 0.002,
                          "Actual Total Time": 0.002,
                          "Actual Rows": 0,
                          "Actual Loops": 302610,
                          "Output": ["cn.id", "cn.name", "cn.country_code", "cn.imdb_id", "cn.name_pcode_nf", "cn.name_pcode_sf", "cn.md5sum"],
                          "Index Cond": "(cn.id = mc.company_id)",
                          "Rows Removed by Index Recheck": 0,
                          "Filter": "((cn.country_code)::text = '[de]'::text)",
                          "Rows Removed by Filter": 1,
                          "Workers": [
                            {
                              "Worker Number": 0,
                              "Actual Startup Time": 0.002,
                              "Actual Total Time": 0.002,
                              "Actual Rows": 0,
                              "Actual Loops": 99795
                            },
                            {
                              "Worker Number": 1,
                              "Actual Startup Time": 0.002,
                              "Actual Total Time": 0.002,
                              "Actual Rows": 0,
                              "Actual Loops": 101774
                            }
                          ]
                        }
                      ]
                    },
                    {
                      "Node Type": "Index Scan",
                      "Parent Relationship": "Inner",
                      "Parallel Aware": false,
                      "Async Capable": false,
                      "Scan Direction": "Forward",
                      "Index Name": "movie_id_movie_info",
                      "Relation Name": "movie_info",
                      "Schema": "public",
                      "Alias": "mi",
                      "Startup Cost": 0.43,
                      "Total Cost": 1.42,
                      "Plan Rows": 40,
                      "Plan Width": 51,
                      "Actual Startup Time": 0.002,
                      "Actual Total Time": 0.013,
                      "Actual Rows": 31,
                      "Actual Loops": 16470,
                      "Output": ["mi.id", "mi.movie_id", "mi.info_type_id", "mi.info", "mi.note"],
                      "Index Cond": "(mi.movie_id = t.id)",
                      "Rows Removed by Index Recheck": 0,
                      "Workers": [
                        {
                          "Worker Number": 0,
                          "Actual Startup Time": 0.003,
                          "Actual Total Time": 0.013,
                          "Actual Rows": 33,
                          "Actual Loops": 5475
                        },
                        {
                          "Worker Number": 1,
                          "Actual Startup Time": 0.003,
                          "Actual Total Time": 0.013,
                          "Actual Rows": 31,
                          "Actual Loops": 5398
                        }
                      ]
                    }
                  ]
                },
                {
                  "Node Type": "Index Scan",
                  "Parent Relationship": "Inner",
                  "Parallel Aware": false,
                  "Async Capable": false,
                  "Scan Direction": "Forward",
                  "Index Name": "info_type_pkey",
                  "Relation Name": "info_type",
                  "Schema": "public",
                  "Alias": "it2",
                  "Startup Cost": 0.14,
                  "Total Cost": 0.16,
                  "Plan Rows": 1,
                  "Plan Width": 4,
                  "Actual Startup Time": 0.001,
                  "Actual Total Time": 0.001,
                  "Actual Rows": 0,
                  "Actual Loops": 516327,
                  "Output": ["it2.id", "it2.info"],
                  "Index Cond": "(it2.id = mi.info_type_id)",
                  "Rows Removed by Index Recheck": 0,
                  "Filter": "((it2.info)::text = 'release dates'::text)",
                  "Rows Removed by Filter": 1,
                  "Workers": [
                    {
                      "Worker Number": 0,
                      "Actual Startup Time": 0.001,
                      "Actual Total Time": 0.001,
                      "Actual Rows": 0,
                      "Actual Loops": 178705
                    },
                    {
                      "Worker Number": 1,
                      "Actual Startup Time": 0.001,
                      "Actual Total Time": 0.001,
                      "Actual Rows": 0,
                      "Actual Loops": 165853
                    }
                  ]
                }
              ]
            }
          ]
        }
      ]
    },
    "Planning Time": 13.187,
    "Triggers": [
    ],
    "Execution Time": 1319.411
  }
]
