[
  {
    "Plan": {
      "Node Type": "Aggregate",
      "Strategy": "Plain",
      "Partial Mode": "Simple",
      "Parallel Aware": false,
      "Async Capable": false,
      "Startup Cost": 19253.68,
      "Total Cost": 19253.69,
      "Plan Rows": 1,
      "Plan Width": 96,
      "Actual Startup Time": 3275.612,
      "Actual Total Time": 3339.716,
      "Actual Rows": 1,
      "Actual Loops": 1,
      "Output": ["min((cn.name)::text)", "min((miidx.info)::text)", "min((t.title)::text)"],
      "Plans": [
        {
          "Node Type": "Gather",
          "Parent Relationship": "Outer",
          "Parallel Aware": false,
          "Async Capable": false,
          "Startup Cost": 1027.26,
          "Total Cost": 19253.67,
          "Plan Rows": 1,
          "Plan Width": 42,
          "Actual Startup Time": 200.167,
          "Actual Total Time": 3211.984,
          "Actual Rows": 670390,
          "Actual Loops": 1,
          "Output": ["cn.name", "miidx.info", "t.title"],
          "Workers Planned": 2,
          "Workers Launched": 2,
          "Single Copy": false,
          "Plans": [
            {
              "Node Type": "Nested Loop",
              "Parent Relationship": "Outer",
              "Parallel Aware": false,
              "Async Capable": false,
              "Join Type": "Inner",
              "Startup Cost": 27.25,
              "Total Cost": 18253.57,
              "Plan Rows": 1,
              "Plan Width": 42,
              "Actual Startup Time": 194.247,
              "Actual Total Time": 3163.441,
              "Actual Rows": 223463,
              "Actual Loops": 3,
              "Output": ["cn.name", "miidx.info", "t.title"],
              "Inner Unique": true,
              "Workers": [
                {
                  "Worker Number": 0,
                  "Actual Startup Time": 192.329,
                  "Actual Total Time": 3206.623,
                  "Actual Rows": 221740,
                  "Actual Loops": 1
                },
                {
                  "Worker Number": 1,
                  "Actual Startup Time": 190.614,
                  "Actual Total Time": 3202.946,
                  "Actual Rows": 227678,
                  "Actual Loops": 1
                }
              ],
              "Plans": [
                {
                  "Node Type": "Nested Loop",
                  "Parent Relationship": "Outer",
                  "Parallel Aware": false,
                  "Async Capable": false,
                  "Join Type": "Inner",
                  "Startup Cost": 27.11,
                  "Total Cost": 18252.09,
                  "Plan Rows": 9,
                  "Plan Width": 46,
                  "Actual Startup Time": 194.221,
                  "Actual Total Time": 1559.056,
                  "Actual Rows": 1438861,
                  "Actual Loops": 3,
                  "Output": ["cn.name", "mi.info_type_id", "miidx.info", "t.title"],
                  "Inner Unique": false,
                  "Workers": [
                    {
                      "Worker Number": 0,
                      "Actual Startup Time": 192.286,
                      "Actual Total Time": 1589.808,
                      "Actual Rows": 1452036,
                      "Actual Loops": 1
                    },
                    {
                      "Worker Number": 1,
                      "Actual Startup Time": 190.591,
                      "Actual Total Time": 1587.302,
                      "Actual Rows": 1450329,
                      "Actual Loops": 1
                    }
                  ],
                  "Plans": [
                    {
                      "Node Type": "Nested Loop",
                      "Parent Relationship": "Outer",
                      "Parallel Aware": false,
                      "Async Capable": false,
                      "Join Type": "Inner",
                      "Startup Cost": 26.68,
                      "Total Cost": 18250.27,
                      "Plan Rows": 1,
                      "Plan Width": 54,
                      "Actual Startup Time": 194.199,
                      "Actual Total Time": 976.956,
                      "Actual Rows": 29098,
                      "Actual Loops": 3,
                      "Output": ["cn.name", "mc.movie_id", "miidx.info", "miidx.movie_id", "t.title", "t.id"],
                      "Inner Unique": true,
                      "Workers": [
                        {
                          "Worker Number": 0,
                          "Actual Startup Time": 192.255,
                          "Actual Total Time": 994.325,
                          "Actual Rows": 29039,
                          "Actual Loops": 1
                        },
                        {
                          "Worker Number": 1,
                          "Actual Startup Time": 190.564,
                          "Actual Total Time": 988.379,
                          "Actual Rows": 29970,
                          "Actual Loops": 1
                        }
                      ],
                      "Plans": [
                        {
                          "Node Type": "Nested Loop",
                          "Parent Relationship": "Outer",
                          "Parallel Aware": false,
                          "Async Capable": false,
                          "Join Type": "Inner",
                          "Startup Cost": 26.26,
                          "Total Cost": 18249.82,
                          "Plan Rows": 1,
                          "Plan Width": 39,
                          "Actual Startup Time": 194.099,
                          "Actual Total Time": 757.076,
                          "Actual Rows": 100870,
                          "Actual Loops": 3,
                          "Output": ["mc.movie_id", "mc.company_id", "miidx.info", "miidx.movie_id", "t.title", "t.id"],
                          "Inner Unique": true,
                          "Workers": [
                            {
                              "Worker Number": 0,
                              "Actual Startup Time": 192.192,
                              "Actual Total Time": 768.850,
                              "Actual Rows": 102663,
                              "Actual Loops": 1
                            },
                            {
                              "Worker Number": 1,
                              "Actual Startup Time": 190.345,
                              "Actual Total Time": 764.784,
                              "Actual Rows": 101372,
                              "Actual Loops": 1
                            }
                          ],
                          "Plans": [
                            {
                              "Node Type": "Nested Loop",
                              "Parent Relationship": "Outer",
                              "Parallel Aware": false,
                              "Async Capable": false,
                              "Join Type": "Inner",
                              "Startup Cost": 26.10,
                              "Total Cost": 18246.07,
                              "Plan Rows": 130,
                              "Plan Width": 43,
                              "Actual Startup Time": 194.076,
                              "Actual Total Time": 671.719,
                              "Actual Rows": 257695,
                              "Actual Loops": 3,
                              "Output": ["miidx.info", "miidx.movie_id", "mc.movie_id", "mc.company_id", "mc.company_type_id", "t.title", "t.id"],
                              "Inner Unique": false,
                              "Workers": [
                                {
                                  "Worker Number": 0,
                                  "Actual Startup Time": 192.163,
                                  "Actual Total Time": 682.164,
                                  "Actual Rows": 261443,
                                  "Actual Loops": 1
                                },
                                {
                                  "Worker Number": 1,
                                  "Actual Startup Time": 190.321,
                                  "Actual Total Time": 678.591,
                                  "Actual Rows": 260025,
                                  "Actual Loops": 1
                                }
                              ],
                              "Plans": [
                                {
                                  "Node Type": "Hash Join",
                                  "Parent Relationship": "Outer",
                                  "Parallel Aware": false,
                                  "Async Capable": false,
                                  "Join Type": "Inner",
                                  "Startup Cost": 25.67,
                                  "Total Cost": 18230.94,
                                  "Plan Rows": 25,
                                  "Plan Width": 31,
                                  "Actual Startup Time": 194.045,
                                  "Actual Total Time": 464.490,
                                  "Actual Rows": 69960,
                                  "Actual Loops": 3,
                                  "Output": ["miidx.info", "miidx.movie_id", "t.title", "t.id"],
                                  "Inner Unique": true,
                                  "Hash Cond": "(t.kind_id = kt.id)",
                                  "Workers": [
                                    {
                                      "Worker Number": 0,
                                      "Actual Startup Time": 192.113,
                                      "Actual Total Time": 471.029,
                                      "Actual Rows": 70664,
                                      "Actual Loops": 1
                                    },
                                    {
                                      "Worker Number": 1,
                                      "Actual Startup Time": 190.288,
                                      "Actual Total Time": 467.218,
                                      "Actual Rows": 71039,
                                      "Actual Loops": 1
                                    }
                                  ],
                                  "Plans": [
                                    {
                                      "Node Type": "Nested Loop",
                                      "Parent Relationship": "Outer",
                                      "Parallel Aware": false,
                                      "Async Capable": false,
                                      "Join Type": "Inner",
                                      "Startup Cost": 2.86,
                                      "Total Cost": 18194.71,
                                      "Plan Rows": 5089,
                                      "Plan Width": 35,
                                      "Actual Startup Time": 0.258,
                                      "Actual Total Time": 443.421,
                                      "Actual Rows": 153308,
                                      "Actual Loops": 3,
                                      "Output": ["miidx.info", "miidx.movie_id", "t.title", "t.id", "t.kind_id"],
                                      "Inner Unique": true,
                                      "Workers": [
                                        {
                                          "Worker Number": 0,
                                          "Actual Startup Time": 0.253,
                                          "Actual Total Time": 450.040,
                                          "Actual Rows": 146981,
                                          "Actual Loops": 1
                                        },
                                        {
                                          "Worker Number": 1,
                                          "Actual Startup Time": 0.484,
                                          "Actual Total Time": 446.115,
                                          "Actual Rows": 145920,
                                          "Actual Loops": 1
                                        }
                                      ],
                                      "Plans": [
                                        {
                                          "Node Type": "Hash Join",
                                          "Parent Relationship": "Outer",
                                          "Parallel Aware": false,
                                          "Async Capable": false,
                                          "Join Type": "Inner",
                                          "Startup Cost": 2.43,
                                          "Total Cost": 15253.60,
                                          "Plan Rows": 5089,
                                          "Plan Width": 10,
                                          "Actual Startup Time": 0.192,
                                          "Actual Total Time": 107.465,
                                          "Actual Rows": 153308,
                                          "Actual Loops": 3,
                                          "Output": ["miidx.info", "miidx.movie_id"],
                                          "Inner Unique": true,
                                          "Hash Cond": "(miidx.info_type_id = it.id)",
                                          "Workers": [
                                            {
                                              "Worker Number": 0,
                                              "Actual Startup Time": 0.182,
                                              "Actual Total Time": 105.452,
                                              "Actual Rows": 146981,
                                              "Actual Loops": 1
                                            },
                                            {
                                              "Worker Number": 1,
                                              "Actual Startup Time": 0.368,
                                              "Actual Total Time": 105.075,
                                              "Actual Rows": 145920,
                                              "Actual Loops": 1
                                            }
                                          ],
                                          "Plans": [
                                            {
                                              "Node Type": "Seq Scan",
                                              "Parent Relationship": "Outer",
                                              "Parallel Aware": true,
                                              "Async Capable": false,
                                              "Relation Name": "movie_info_idx",
                                              "Schema": "public",
                                              "Alias": "miidx",
                                              "Startup Cost": 0.00,
                                              "Total Cost": 13685.15,
                                              "Plan Rows": 575015,
                                              "Plan Width": 14,
                                              "Actual Startup Time": 0.017,
                                              "Actual Total Time": 31.122,
                                              "Actual Rows": 460012,
                                              "Actual Loops": 3,
                                              "Output": ["miidx.id", "miidx.movie_id", "miidx.info_type_id", "miidx.info", "miidx.note"],
                                              "Workers": [
                                                {
                                                  "Worker Number": 0,
                                                  "Actual Startup Time": 0.014,
                                                  "Actual Total Time": 30.973,
                                                  "Actual Rows": 440899,
                                                  "Actual Loops": 1
                                                },
                                                {
                                                  "Worker Number": 1,
                                                  "Actual Startup Time": 0.032,
                                                  "Actual Total Time": 30.813,
                                                  "Actual Rows": 438056,
                                                  "Actual Loops": 1
                                                }
                                              ]
                                            },
                                            {
                                              "Node Type": "Hash",
                                              "Parent Relationship": "Inner",
                                              "Parallel Aware": false,
                                              "Async Capable": false,
                                              "Startup Cost": 2.41,
                                              "Total Cost": 2.41,
                                              "Plan Rows": 1,
                                              "Plan Width": 4,
                                              "Actual Startup Time": 0.054,
                                              "Actual Total Time": 0.055,
                                              "Actual Rows": 1,
                                              "Actual Loops": 3,
                                              "Output": ["it.id"],
                                              "Hash Buckets": 1024,
                                              "Original Hash Buckets": 1024,
                                              "Hash Batches": 1,
                                              "Original Hash Batches": 1,
                                              "Peak Memory Usage": 9,
                                              "Workers": [
                                                {
                                                  "Worker Number": 0,
                                                  "Actual Startup Time": 0.048,
                                                  "Actual Total Time": 0.049,
                                                  "Actual Rows": 1,
                                                  "Actual Loops": 1
                                                },
                                                {
                                                  "Worker Number": 1,
                                                  "Actual Startup Time": 0.098,
                                                  "Actual Total Time": 0.099,
                                                  "Actual Rows": 1,
                                                  "Actual Loops": 1
                                                }
                                              ],
                                              "Plans": [
                                                {
                                                  "Node Type": "Seq Scan",
                                                  "Parent Relationship": "Outer",
                                                  "Parallel Aware": false,
                                                  "Async Capable": false,
                                                  "Relation Name": "info_type",
                                                  "Schema": "public",
                                                  "Alias": "it",
                                                  "Startup Cost": 0.00,
                                                  "Total Cost": 2.41,
                                                  "Plan Rows": 1,
                                                  "Plan Width": 4,
                                                  "Actual Startup Time": 0.047,
                                                  "Actual Total Time": 0.050,
                                                  "Actual Rows": 1,
                                                  "Actual Loops": 3,
                                                  "Output": ["it.id"],
                                                  "Filter": "((it.info)::text = 'rating'::text)",
                                                  "Rows Removed by Filter": 112,
                                                  "Workers": [
                                                    {
                                                      "Worker Number": 0,
                                                      "Actual Startup Time": 0.042,
                                                      "Actual Total Time": 0.044,
                                                      "Actual Rows": 1,
                                                      "Actual Loops": 1
                                                    },
                                                    {
                                                      "Worker Number": 1,
                                                      "Actual Startup Time": 0.085,
                                                      "Actual Total Time": 0.090,
                                                      "Actual Rows": 1,
                                                      "Actual Loops": 1
                                                    }
                                                  ]
                                                }
                                              ]
                                            }
                                          ]
                                        },
                                        {
                                          "Node Type": "Index Scan",
                                          "Parent Relationship": "Inner",
                                          "Parallel Aware": false,
                                          "Async Capable": false,
                                          "Scan Direction": "Forward",
                                          "Index Name": "title_pkey",
                                          "Relation Name": "title",
                                          "Schema": "public",
                                          "Alias": "t",
                                          "Startup Cost": 0.43,
                                          "Total Cost": 0.58,
                                          "Plan Rows": 1,
                                          "Plan Width": 25,
                                          "Actual Startup Time": 0.002,
                                          "Actual Total Time": 0.002,
                                          "Actual Rows": 1,
                                          "Actual Loops": 459925,
                                          "Output": ["t.id", "t.title", "t.imdb_index", "t.kind_id", "t.production_year", "t.imdb_id", "t.phonetic_code", "t.episode_of_id", "t.season_nr", "t.episode_nr", "t.series_years", "t.md5sum"],
                                          "Index Cond": "(t.id = miidx.movie_id)",
                                          "Rows Removed by Index Recheck": 0,
                                          "Workers": [
                                            {
                                              "Worker Number": 0,
                                              "Actual Startup Time": 0.002,
                                              "Actual Total Time": 0.002,
                                              "Actual Rows": 1,
                                              "Actual Loops": 146981
                                            },
                                            {
                                              "Worker Number": 1,
                                              "Actual Startup Time": 0.002,
                                              "Actual Total Time": 0.002,
                                              "Actual Rows": 1,
                                              "Actual Loops": 145920
                                            }
                                          ]
                                        }
                                      ]
                                    },
                                    {
                                      "Node Type": "Hash",
                                      "Parent Relationship": "Inner",
                                      "Parallel Aware": false,
                                      "Async Capable": false,
                                      "Startup Cost": 22.75,
                                      "Total Cost": 22.75,
                                      "Plan Rows": 5,
                                      "Plan Width": 4,
                                      "Actual Startup Time": 0.038,
                                      "Actual Total Time": 0.038,
                                      "Actual Rows": 1,
                                      "Actual Loops": 3,
                                      "Output": ["kt.id"],
                                      "Hash Buckets": 1024,
                                      "Original Hash Buckets": 1024,
                                      "Hash Batches": 1,
                                      "Original Hash Batches": 1,
                                      "Peak Memory Usage": 9,
                                      "Workers": [
                                        {
                                          "Worker Number": 0,
                                          "Actual Startup Time": 0.038,
                                          "Actual Total Time": 0.039,
                                          "Actual Rows": 1,
                                          "Actual Loops": 1
                                        },
                                        {
                                          "Worker Number": 1,
                                          "Actual Startup Time": 0.071,
                                          "Actual Total Time": 0.071,
                                          "Actual Rows": 1,
                                          "Actual Loops": 1
                                        }
                                      ],
                                      "Plans": [
                                        {
                                          "Node Type": "Seq Scan",
                                          "Parent Relationship": "Outer",
                                          "Parallel Aware": false,
                                          "Async Capable": false,
                                          "Relation Name": "kind_type",
                                          "Schema": "public",
                                          "Alias": "kt",
                                          "Startup Cost": 0.00,
                                          "Total Cost": 22.75,
                                          "Plan Rows": 5,
                                          "Plan Width": 4,
                                          "Actual Startup Time": 0.032,
                                          "Actual Total Time": 0.033,
                                          "Actual Rows": 1,
                                          "Actual Loops": 3,
                                          "Output": ["kt.id"],
                                          "Filter": "((kt.kind)::text = 'movie'::text)",
                                          "Rows Removed by Filter": 6,
                                          "Workers": [
                                            {
                                              "Worker Number": 0,
                                              "Actual Startup Time": 0.033,
                                              "Actual Total Time": 0.034,
                                              "Actual Rows": 1,
                                              "Actual Loops": 1
                                            },
                                            {
                                              "Worker Number": 1,
                                              "Actual Startup Time": 0.059,
                                              "Actual Total Time": 0.062,
                                              "Actual Rows": 1,
                                              "Actual Loops": 1
                                            }
                                          ]
                                        }
                                      ]
                                    }
                                  ]
                                },
                                {
                                  "Node Type": "Index Scan",
                                  "Parent Relationship": "Inner",
                                  "Parallel Aware": false,
                                  "Async Capable": false,
                                  "Scan Direction": "Forward",
                                  "Index Name": "movie_id_movie_companies",
                                  "Relation Name": "movie_companies",
                                  "Schema": "public",
                                  "Alias": "mc",
                                  "Startup Cost": 0.43,
                                  "Total Cost": 0.56,
                                  "Plan Rows": 5,
                                  "Plan Width": 12,
                                  "Actual Startup Time": 0.001,
                                  "Actual Total Time": 0.002,
                                  "Actual Rows": 4,
                                  "Actual Loops": 209880,
                                  "Output": ["mc.id", "mc.movie_id", "mc.company_id", "mc.company_type_id", "mc.note"],
                                  "Index Cond": "(mc.movie_id = t.id)",
                                  "Rows Removed by Index Recheck": 0,
                                  "Workers": [
                                    {
                                      "Worker Number": 0,
                                      "Actual Startup Time": 0.002,
                                      "Actual Total Time": 0.002,
                                      "Actual Rows": 4,
                                      "Actual Loops": 70664
                                    },
                                    {
                                      "Worker Number": 1,
                                      "Actual Startup Time": 0.002,
                                      "Actual Total Time": 0.002,
                                      "Actual Rows": 4,
                                      "Actual Loops": 71039
                                    }
                                  ]
                                }
                              ]
                            },
                            {
                              "Node Type": "Memoize",
                              "Parent Relationship": "Inner",
                              "Parallel Aware": false,
                              "Async Capable": false,
                              "Startup Cost": 0.16,
                              "Total Cost": 0.18,
                              "Plan Rows": 1,
                              "Plan Width": 4,
                              "Actual Startup Time": 0.000,
                              "Actual Total Time": 0.000,
                              "Actual Rows": 0,
                              "Actual Loops": 773084,
                              "Output": ["ct.id"],
                              "Cache Key": "mc.company_type_id",
                              "Cache Mode": "logical",
                              "Cache Hits": 251614,
                              "Cache Misses": 2,
                              "Cache Evictions": 0,
                              "Cache Overflows": 0,
                              "Peak Memory Usage": 1,
                              "Workers": [
                                {
                                  "Worker Number": 0,
                                  "Actual Startup Time": 0.000,
                                  "Actual Total Time": 0.000,
                                  "Actual Rows": 0,
                                  "Actual Loops": 261443,
                                  "Cache Hits": 261441,
                                  "Cache Misses": 2,
                                  "Cache Evictions": 0,
                                  "Cache Overflows": 0,
                                  "Peak Memory Usage": 1
                                },
                                {
                                  "Worker Number": 1,
                                  "Actual Startup Time": 0.000,
                                  "Actual Total Time": 0.000,
                                  "Actual Rows": 0,
                                  "Actual Loops": 260025,
                                  "Cache Hits": 260023,
                                  "Cache Misses": 2,
                                  "Cache Evictions": 0,
                                  "Cache Overflows": 0,
                                  "Peak Memory Usage": 1
                                }
                              ],
                              "Plans": [
                                {
                                  "Node Type": "Index Scan",
                                  "Parent Relationship": "Outer",
                                  "Parallel Aware": false,
                                  "Async Capable": false,
                                  "Scan Direction": "Forward",
                                  "Index Name": "company_type_pkey",
                                  "Relation Name": "company_type",
                                  "Schema": "public",
                                  "Alias": "ct",
                                  "Startup Cost": 0.15,
                                  "Total Cost": 0.17,
                                  "Plan Rows": 1,
                                  "Plan Width": 4,
                                  "Actual Startup Time": 0.007,
                                  "Actual Total Time": 0.007,
                                  "Actual Rows": 0,
                                  "Actual Loops": 6,
                                  "Output": ["ct.id"],
                                  "Index Cond": "(ct.id = mc.company_type_id)",
                                  "Rows Removed by Index Recheck": 0,
                                  "Filter": "((ct.kind)::text = 'production companies'::text)",
                                  "Rows Removed by Filter": 0,
                                  "Workers": [
                                    {
                                      "Worker Number": 0,
                                      "Actual Startup Time": 0.009,
                                      "Actual Total Time": 0.009,
                                      "Actual Rows": 0,
                                      "Actual Loops": 2
                                    },
                                    {
                                      "Worker Number": 1,
                                      "Actual Startup Time": 0.008,
                                      "Actual Total Time": 0.009,
                                      "Actual Rows": 0,
                                      "Actual Loops": 2
                                    }
                                  ]
                                }
                              ]
                            }
                          ]
                        },
                        {
                          "Node Type": "Index Scan",
                          "Parent Relationship": "Inner",
                          "Parallel Aware": false,
                          "Async Capable": false,
                          "Scan Direction": "Forward",
                          "Index Name": "company_name_pkey",
                          "Relation Name": "company_name",
                          "Schema": "public",
                          "Alias": "cn",
                          "Startup Cost": 0.42,
                          "Total Cost": 0.45,
                          "Plan Rows": 1,
                          "Plan Width": 23,
                          "Actual Startup Time": 0.002,
                          "Actual Total Time": 0.002,
                          "Actual Rows": 0,
                          "Actual Loops": 302610,
                          "Output": ["cn.id", "cn.name", "cn.country_code", "cn.imdb_id", "cn.name_pcode_nf", "cn.name_pcode_sf", "cn.md5sum"],
                          "Index Cond": "(cn.id = mc.company_id)",
                          "Rows Removed by Index Recheck": 0,
                          "Filter": "((cn.country_code)::text = '[us]'::text)",
                          "Rows Removed by Filter": 1,
                          "Workers": [
                            {
                              "Worker Number": 0,
                              "Actual Startup Time": 0.002,
                              "Actual Total Time": 0.002,
                              "Actual Rows": 0,
                              "Actual Loops": 102663
                            },
                            {
                              "Worker Number": 1,
                              "Actual Startup Time": 0.002,
                              "Actual Total Time": 0.002,
                              "Actual Rows": 0,
                              "Actual Loops": 101372
                            }
                          ]
                        }
                      ]
                    },
                    {
                      "Node Type": "Index Scan",
                      "Parent Relationship": "Inner",
                      "Parallel Aware": false,
                      "Async Capable": false,
                      "Scan Direction": "Forward",
                      "Index Name": "movie_id_movie_info",
                      "Relation Name": "movie_info",
                      "Schema": "public",
                      "Alias": "mi",
                      "Startup Cost": 0.43,
                      "Total Cost": 1.42,
                      "Plan Rows": 40,
                      "Plan Width": 8,
                      "Actual Startup Time": 0.002,
                      "Actual Total Time": 0.014,
                      "Actual Rows": 49,
                      "Actual Loops": 87293,
                      "Output": ["mi.id", "mi.movie_id", "mi.info_type_id", "mi.info", "mi.note"],
                      "Index Cond": "(mi.movie_id = t.id)",
                      "Rows Removed by Index Recheck": 0,
                      "Workers": [
                        {
                          "Worker Number": 0,
                          "Actual Startup Time": 0.002,
                          "Actual Total Time": 0.014,
                          "Actual Rows": 50,
                          "Actual Loops": 29039
                        },
                        {
                          "Worker Number": 1,
                          "Actual Startup Time": 0.002,
                          "Actual Total Time": 0.014,
                          "Actual Rows": 48,
                          "Actual Loops": 29970
                        }
                      ]
                    }
                  ]
                },
                {
                  "Node Type": "Index Scan",
                  "Parent Relationship": "Inner",
                  "Parallel Aware": false,
                  "Async Capable": false,
                  "Scan Direction": "Forward",
                  "Index Name": "info_type_pkey",
                  "Relation Name": "info_type",
                  "Schema": "public",
                  "Alias": "it2",
                  "Startup Cost": 0.14,
                  "Total Cost": 0.16,
                  "Plan Rows": 1,
                  "Plan Width": 4,
                  "Actual Startup Time": 0.001,
                  "Actual Total Time": 0.001,
                  "Actual Rows": 0,
                  "Actual Loops": 4316584,
                  "Output": ["it2.id", "it2.info"],
                  "Index Cond": "(it2.id = mi.info_type_id)",
                  "Rows Removed by Index Recheck": 0,
                  "Filter": "((it2.info)::text = 'release dates'::text)",
                  "Rows Removed by Filter": 1,
                  "Workers": [
                    {
                      "Worker Number": 0,
                      "Actual Startup Time": 0.001,
                      "Actual Total Time": 0.001,
                      "Actual Rows": 0,
                      "Actual Loops": 1452036
                    },
                    {
                      "Worker Number": 1,
                      "Actual Startup Time": 0.001,
                      "Actual Total Time": 0.001,
                      "Actual Rows": 0,
                      "Actual Loops": 1450329
                    }
                  ]
                }
              ]
            }
          ]
        }
      ]
    },
    "Planning Time": 12.169,
    "Triggers": [
    ],
    "Execution Time": 3339.815
  }
]
