[
  {
    "Plan": {
      "Node Type": "Aggregate",
      "Strategy": "Plain",
      "Partial Mode": "Finalize",
      "Parallel Aware": false,
      "Async Capable": false,
      "Startup Cost": 52636.46,
      "Total Cost": 52636.47,
      "Plan Rows": 1,
      "Plan Width": 64,
      "Actual Startup Time": 255.105,
      "Actual Total Time": 285.538,
      "Actual Rows": 1,
      "Actual Loops": 1,
      "Output": ["min((mi.info)::text)", "min((t.title)::text)"],
      "Plans": [
        {
          "Node Type": "Gather",
          "Parent Relationship": "Outer",
          "Parallel Aware": false,
          "Async Capable": false,
          "Startup Cost": 52636.24,
          "Total Cost": 52636.45,
          "Plan Rows": 2,
          "Plan Width": 64,
          "Actual Startup Time": 254.652,
          "Actual Total Time": 285.530,
          "Actual Rows": 3,
          "Actual Loops": 1,
          "Output": ["(PARTIAL min((mi.info)::text))", "(PARTIAL min((t.title)::text))"],
          "Workers Planned": 2,
          "Workers Launched": 2,
          "Single Copy": false,
          "Plans": [
            {
              "Node Type": "Aggregate",
              "Strategy": "Plain",
              "Partial Mode": "Partial",
              "Parent Relationship": "Outer",
              "Parallel Aware": false,
              "Async Capable": false,
              "Startup Cost": 51636.24,
              "Total Cost": 51636.25,
              "Plan Rows": 1,
              "Plan Width": 64,
              "Actual Startup Time": 248.004,
              "Actual Total Time": 248.011,
              "Actual Rows": 1,
              "Actual Loops": 3,
              "Output": ["PARTIAL min((mi.info)::text)", "PARTIAL min((t.title)::text)"],
              "Workers": [
                {
                  "Worker Number": 0,
                  "Actual Startup Time": 244.264,
                  "Actual Total Time": 244.270,
                  "Actual Rows": 1,
                  "Actual Loops": 1
                },
                {
                  "Worker Number": 1,
                  "Actual Startup Time": 245.510,
                  "Actual Total Time": 245.517,
                  "Actual Rows": 1,
                  "Actual Loops": 1
                }
              ],
              "Plans": [
                {
                  "Node Type": "Nested Loop",
                  "Parent Relationship": "Outer",
                  "Parallel Aware": false,
                  "Async Capable": false,
                  "Join Type": "Inner",
                  "Startup Cost": 5353.86,
                  "Total Cost": 51636.20,
                  "Plan Rows": 8,
                  "Plan Width": 60,
                  "Actual Startup Time": 88.122,
                  "Actual Total Time": 247.979,
                  "Actual Rows": 109,
                  "Actual Loops": 3,
                  "Output": ["mi.info", "t.title"],
                  "Inner Unique": true,
                  "Workers": [
                    {
                      "Worker Number": 0,
                      "Actual Startup Time": 34.317,
                      "Actual Total Time": 244.242,
                      "Actual Rows": 69,
                      "Actual Loops": 1
                    },
                    {
                      "Worker Number": 1,
                      "Actual Startup Time": 20.958,
                      "Actual Total Time": 245.486,
                      "Actual Rows": 97,
                      "Actual Loops": 1
                    }
                  ],
                  "Plans": [
                    {
                      "Node Type": "Nested Loop",
                      "Parent Relationship": "Outer",
                      "Parallel Aware": false,
                      "Async Capable": false,
                      "Join Type": "Inner",
                      "Startup Cost": 5353.44,
                      "Total Cost": 51632.69,
                      "Plan Rows": 8,
                      "Plan Width": 64,
                      "Actual Startup Time": 88.091,
                      "Actual Total Time": 247.683,
                      "Actual Rows": 109,
                      "Actual Loops": 3,
                      "Output": ["mi.info", "mk.keyword_id", "t.title"],
                      "Inner Unique": false,
                      "Workers": [
                        {
                          "Worker Number": 0,
                          "Actual Startup Time": 34.279,
                          "Actual Total Time": 243.982,
                          "Actual Rows": 69,
                          "Actual Loops": 1
                        },
                        {
                          "Worker Number": 1,
                          "Actual Startup Time": 20.916,
                          "Actual Total Time": 245.182,
                          "Actual Rows": 97,
                          "Actual Loops": 1
                        }
                      ],
                      "Plans": [
                        {
                          "Node Type": "Nested Loop",
                          "Parent Relationship": "Outer",
                          "Parallel Aware": false,
                          "Async Capable": false,
                          "Join Type": "Inner",
                          "Startup Cost": 5353.01,
                          "Total Cost": 51630.88,
                          "Plan Rows": 1,
                          "Plan Width": 76,
                          "Actual Startup Time": 68.828,
                          "Actual Total Time": 247.531,
                          "Actual Rows": 19,
                          "Actual Loops": 3,
                          "Output": ["at.movie_id", "mc.movie_id", "mi.info", "mi.movie_id", "t.title", "t.id"],
                          "Inner Unique": true,
                          "Workers": [
                            {
                              "Worker Number": 0,
                              "Actual Startup Time": 34.250,
                              "Actual Total Time": 243.821,
                              "Actual Rows": 19,
                              "Actual Loops": 1
                            },
                            {
                              "Worker Number": 1,
                              "Actual Startup Time": 19.874,
                              "Actual Total Time": 244.964,
                              "Actual Rows": 32,
                              "Actual Loops": 1
                            }
                          ],
                          "Plans": [
                            {
                              "Node Type": "Nested Loop",
                              "Parent Relationship": "Outer",
                              "Parallel Aware": false,
                              "Async Capable": false,
                              "Join Type": "Inner",
                              "Startup Cost": 5352.86,
                              "Total Cost": 51630.65,
                              "Plan Rows": 1,
                              "Plan Width": 80,
                              "Actual Startup Time": 68.810,
                              "Actual Total Time": 247.491,
                              "Actual Rows": 19,
                              "Actual Loops": 3,
                              "Output": ["at.movie_id", "mc.movie_id", "mi.info", "mi.movie_id", "mi.info_type_id", "t.title", "t.id"],
                              "Inner Unique": true,
                              "Workers": [
                                {
                                  "Worker Number": 0,
                                  "Actual Startup Time": 34.230,
                                  "Actual Total Time": 243.776,
                                  "Actual Rows": 19,
                                  "Actual Loops": 1
                                },
                                {
                                  "Worker Number": 1,
                                  "Actual Startup Time": 19.854,
                                  "Actual Total Time": 244.912,
                                  "Actual Rows": 32,
                                  "Actual Loops": 1
                                }
                              ],
                              "Plans": [
                                {
                                  "Node Type": "Nested Loop",
                                  "Parent Relationship": "Outer",
                                  "Parallel Aware": false,
                                  "Async Capable": false,
                                  "Join Type": "Inner",
                                  "Startup Cost": 5352.71,
                                  "Total Cost": 51630.48,
                                  "Plan Rows": 1,
                                  "Plan Width": 84,
                                  "Actual Startup Time": 68.783,
                                  "Actual Total Time": 247.426,
                                  "Actual Rows": 19,
                                  "Actual Loops": 3,
                                  "Output": ["at.movie_id", "mc.movie_id", "mc.company_type_id", "mi.info", "mi.movie_id", "mi.info_type_id", "t.title", "t.id"],
                                  "Inner Unique": false,
                                  "Workers": [
                                    {
                                      "Worker Number": 0,
                                      "Actual Startup Time": 34.200,
                                      "Actual Total Time": 243.708,
                                      "Actual Rows": 19,
                                      "Actual Loops": 1
                                    },
                                    {
                                      "Worker Number": 1,
                                      "Actual Startup Time": 19.824,
                                      "Actual Total Time": 244.822,
                                      "Actual Rows": 32,
                                      "Actual Loops": 1
                                    }
                                  ],
                                  "Plans": [
                                    {
                                      "Node Type": "Nested Loop",
                                      "Parent Relationship": "Outer",
                                      "Parallel Aware": false,
                                      "Async Capable": false,
                                      "Join Type": "Inner",
                                      "Startup Cost": 5352.27,
                                      "Total Cost": 48974.80,
                                      "Plan Rows": 1425,
                                      "Plan Width": 33,
                                      "Actual Startup Time": 20.502,
                                      "Actual Total Time": 197.827,
                                      "Actual Rows": 1711,
                                      "Actual Loops": 3,
                                      "Output": ["at.movie_id", "mc.movie_id", "mc.company_type_id", "t.title", "t.id"],
                                      "Inner Unique": true,
                                      "Workers": [
                                        {
                                          "Worker Number": 0,
                                          "Actual Startup Time": 16.802,
                                          "Actual Total Time": 193.126,
                                          "Actual Rows": 1576,
                                          "Actual Loops": 1
                                        },
                                        {
                                          "Worker Number": 1,
                                          "Actual Startup Time": 18.015,
                                          "Actual Total Time": 190.866,
                                          "Actual Rows": 1624,
                                          "Actual Loops": 1
                                        }
                                      ],
                                      "Plans": [
                                        {
                                          "Node Type": "Nested Loop",
                                          "Parent Relationship": "Outer",
                                          "Parallel Aware": false,
                                          "Async Capable": false,
                                          "Join Type": "Inner",
                                          "Startup Cost": 5351.84,
                                          "Total Cost": 46523.34,
                                          "Plan Rows": 2586,
                                          "Plan Width": 12,
                                          "Actual Startup Time": 20.471,
                                          "Actual Total Time": 182.668,
                                          "Actual Rows": 4566,
                                          "Actual Loops": 3,
                                          "Output": ["at.movie_id", "mc.movie_id", "mc.company_type_id"],
                                          "Inner Unique": false,
                                          "Workers": [
                                            {
                                              "Worker Number": 0,
                                              "Actual Startup Time": 16.758,
                                              "Actual Total Time": 177.224,
                                              "Actual Rows": 4246,
                                              "Actual Loops": 1
                                            },
                                            {
                                              "Worker Number": 1,
                                              "Actual Startup Time": 17.978,
                                              "Actual Total Time": 174.923,
                                              "Actual Rows": 4314,
                                              "Actual Loops": 1
                                            }
                                          ],
                                          "Plans": [
                                            {
                                              "Node Type": "Hash Join",
                                              "Parent Relationship": "Outer",
                                              "Parallel Aware": true,
                                              "Async Capable": false,
                                              "Join Type": "Inner",
                                              "Startup Cost": 5351.42,
                                              "Total Cost": 40474.34,
                                              "Plan Rows": 3584,
                                              "Plan Width": 8,
                                              "Actual Startup Time": 20.257,
                                              "Actual Total Time": 157.191,
                                              "Actual Rows": 14612,
                                              "Actual Loops": 3,
                                              "Output": ["mc.movie_id", "mc.company_type_id"],
                                              "Inner Unique": true,
                                              "Hash Cond": "(mc.company_id = cn.id)",
                                              "Workers": [
                                                {
                                                  "Worker Number": 0,
                                                  "Actual Startup Time": 16.566,
                                                  "Actual Total Time": 152.786,
                                                  "Actual Rows": 13150,
                                                  "Actual Loops": 1
                                                },
                                                {
                                                  "Worker Number": 1,
                                                  "Actual Startup Time": 17.767,
                                                  "Actual Total Time": 150.176,
                                                  "Actual Rows": 13329,
                                                  "Actual Loops": 1
                                                }
                                              ],
                                              "Plans": [
                                                {
                                                  "Node Type": "Seq Scan",
                                                  "Parent Relationship": "Outer",
                                                  "Parallel Aware": true,
                                                  "Async Capable": false,
                                                  "Relation Name": "movie_companies",
                                                  "Schema": "public",
                                                  "Alias": "mc",
                                                  "Startup Cost": 0.00,
                                                  "Total Cost": 35097.06,
                                                  "Plan Rows": 9852,
                                                  "Plan Width": 12,
                                                  "Actual Startup Time": 0.074,
                                                  "Actual Total Time": 132.007,
                                                  "Actual Rows": 20555,
                                                  "Actual Loops": 3,
                                                  "Output": ["mc.id", "mc.movie_id", "mc.company_id", "mc.company_type_id", "mc.note"],
                                                  "Filter": "(((mc.note)::text ~~ '%(200%)%'::text) AND ((mc.note)::text ~~ '%(worldwide)%'::text))",
                                                  "Rows Removed by Filter": 849155,
                                                  "Workers": [
                                                    {
                                                      "Worker Number": 0,
                                                      "Actual Startup Time": 0.101,
                                                      "Actual Total Time": 131.566,
                                                      "Actual Rows": 19180,
                                                      "Actual Loops": 1
                                                    },
                                                    {
                                                      "Worker Number": 1,
                                                      "Actual Startup Time": 0.115,
                                                      "Actual Total Time": 127.844,
                                                      "Actual Rows": 18516,
                                                      "Actual Loops": 1
                                                    }
                                                  ]
                                                },
                                                {
                                                  "Node Type": "Hash",
                                                  "Parent Relationship": "Inner",
                                                  "Parallel Aware": true,
                                                  "Async Capable": false,
                                                  "Startup Cost": 4722.92,
                                                  "Total Cost": 4722.92,
                                                  "Plan Rows": 50280,
                                                  "Plan Width": 4,
                                                  "Actual Startup Time": 19.773,
                                                  "Actual Total Time": 19.774,
                                                  "Actual Rows": 28281,
                                                  "Actual Loops": 3,
                                                  "Output": ["cn.id"],
                                                  "Hash Buckets": 131072,
                                                  "Original Hash Buckets": 131072,
                                                  "Hash Batches": 1,
                                                  "Original Hash Batches": 1,
                                                  "Peak Memory Usage": 4384,
                                                  "Workers": [
                                                    {
                                                      "Worker Number": 0,
                                                      "Actual Startup Time": 16.401,
                                                      "Actual Total Time": 16.401,
                                                      "Actual Rows": 19162,
                                                      "Actual Loops": 1
                                                    },
                                                    {
                                                      "Worker Number": 1,
                                                      "Actual Startup Time": 17.616,
                                                      "Actual Total Time": 17.617,
                                                      "Actual Rows": 22667,
                                                      "Actual Loops": 1
                                                    }
                                                  ],
                                                  "Plans": [
                                                    {
                                                      "Node Type": "Seq Scan",
                                                      "Parent Relationship": "Outer",
                                                      "Parallel Aware": true,
                                                      "Async Capable": false,
                                                      "Relation Name": "company_name",
                                                      "Schema": "public",
                                                      "Alias": "cn",
                                                      "Startup Cost": 0.00,
                                                      "Total Cost": 4722.92,
                                                      "Plan Rows": 50280,
                                                      "Plan Width": 4,
                                                      "Actual Startup Time": 0.017,
                                                      "Actual Total Time": 14.623,
                                                      "Actual Rows": 28281,
                                                      "Actual Loops": 3,
                                                      "Output": ["cn.id"],
                                                      "Filter": "((cn.country_code)::text = '[us]'::text)",
                                                      "Rows Removed by Filter": 50051,
                                                      "Workers": [
                                                        {
                                                          "Worker Number": 0,
                                                          "Actual Startup Time": 0.033,
                                                          "Actual Total Time": 12.342,
                                                          "Actual Rows": 19162,
                                                          "Actual Loops": 1
                                                        },
                                                        {
                                                          "Worker Number": 1,
                                                          "Actual Startup Time": 0.013,
                                                          "Actual Total Time": 13.360,
                                                          "Actual Rows": 22667,
                                                          "Actual Loops": 1
                                                        }
                                                      ]
                                                    }
                                                  ]
                                                }
                                              ]
                                            },
                                            {
                                              "Node Type": "Index Only Scan",
                                              "Parent Relationship": "Inner",
                                              "Parallel Aware": false,
                                              "Async Capable": false,
                                              "Scan Direction": "Forward",
                                              "Index Name": "movie_id_aka_title",
                                              "Relation Name": "aka_title",
                                              "Schema": "public",
                                              "Alias": "at",
                                              "Startup Cost": 0.42,
                                              "Total Cost": 1.66,
                                              "Plan Rows": 3,
                                              "Plan Width": 4,
                                              "Actual Startup Time": 0.001,
                                              "Actual Total Time": 0.002,
                                              "Actual Rows": 0,
                                              "Actual Loops": 43837,
                                              "Output": ["at.movie_id"],
                                              "Index Cond": "(at.movie_id = mc.movie_id)",
                                              "Rows Removed by Index Recheck": 0,
                                              "Heap Fetches": 13699,
                                              "Workers": [
                                                {
                                                  "Worker Number": 0,
                                                  "Actual Startup Time": 0.001,
                                                  "Actual Total Time": 0.002,
                                                  "Actual Rows": 0,
                                                  "Actual Loops": 13150
                                                },
                                                {
                                                  "Worker Number": 1,
                                                  "Actual Startup Time": 0.001,
                                                  "Actual Total Time": 0.002,
                                                  "Actual Rows": 0,
                                                  "Actual Loops": 13329
                                                }
                                              ]
                                            }
                                          ]
                                        },
                                        {
                                          "Node Type": "Index Scan",
                                          "Parent Relationship": "Inner",
                                          "Parallel Aware": false,
                                          "Async Capable": false,
                                          "Scan Direction": "Forward",
                                          "Index Name": "title_pkey",
                                          "Relation Name": "title",
                                          "Schema": "public",
                                          "Alias": "t",
                                          "Startup Cost": 0.43,
                                          "Total Cost": 0.95,
                                          "Plan Rows": 1,
                                          "Plan Width": 21,
                                          "Actual Startup Time": 0.003,
                                          "Actual Total Time": 0.003,
                                          "Actual Rows": 0,
                                          "Actual Loops": 13699,
                                          "Output": ["t.id", "t.title", "t.imdb_index", "t.kind_id", "t.production_year", "t.imdb_id", "t.phonetic_code", "t.episode_of_id", "t.season_nr", "t.episode_nr", "t.series_years", "t.md5sum"],
                                          "Index Cond": "(t.id = at.movie_id)",
                                          "Rows Removed by Index Recheck": 0,
                                          "Filter": "(t.production_year > 2000)",
                                          "Rows Removed by Filter": 1,
                                          "Workers": [
                                            {
                                              "Worker Number": 0,
                                              "Actual Startup Time": 0.003,
                                              "Actual Total Time": 0.003,
                                              "Actual Rows": 0,
                                              "Actual Loops": 4246
                                            },
                                            {
                                              "Worker Number": 1,
                                              "Actual Startup Time": 0.003,
                                              "Actual Total Time": 0.003,
                                              "Actual Rows": 0,
                                              "Actual Loops": 4314
                                            }
                                          ]
                                        }
                                      ]
                                    },
                                    {
                                      "Node Type": "Index Scan",
                                      "Parent Relationship": "Inner",
                                      "Parallel Aware": false,
                                      "Async Capable": false,
                                      "Scan Direction": "Forward",
                                      "Index Name": "movie_id_movie_info",
                                      "Relation Name": "movie_info",
                                      "Schema": "public",
                                      "Alias": "mi",
                                      "Startup Cost": 0.43,
                                      "Total Cost": 1.85,
                                      "Plan Rows": 1,
                                      "Plan Width": 51,
                                      "Actual Startup Time": 0.029,
                                      "Actual Total Time": 0.029,
                                      "Actual Rows": 0,
                                      "Actual Loops": 5134,
                                      "Output": ["mi.id", "mi.movie_id", "mi.info_type_id", "mi.info", "mi.note"],
                                      "Index Cond": "(mi.movie_id = t.id)",
                                      "Rows Removed by Index Recheck": 0,
                                      "Filter": "(((mi.note)::text ~~ '%internet%'::text) AND ((mi.info)::text ~~ 'USA:% 200%'::text))",
                                      "Rows Removed by Filter": 72,
                                      "Workers": [
                                        {
                                          "Worker Number": 0,
                                          "Actual Startup Time": 0.032,
                                          "Actual Total Time": 0.032,
                                          "Actual Rows": 0,
                                          "Actual Loops": 1576
                                        },
                                        {
                                          "Worker Number": 1,
                                          "Actual Startup Time": 0.033,
                                          "Actual Total Time": 0.033,
                                          "Actual Rows": 0,
                                          "Actual Loops": 1624
                                        }
                                      ]
                                    }
                                  ]
                                },
                                {
                                  "Node Type": "Index Only Scan",
                                  "Parent Relationship": "Inner",
                                  "Parallel Aware": false,
                                  "Async Capable": false,
                                  "Scan Direction": "Forward",
                                  "Index Name": "company_type_pkey",
                                  "Relation Name": "company_type",
                                  "Schema": "public",
                                  "Alias": "ct",
                                  "Startup Cost": 0.15,
                                  "Total Cost": 0.17,
                                  "Plan Rows": 1,
                                  "Plan Width": 4,
                                  "Actual Startup Time": 0.002,
                                  "Actual Total Time": 0.002,
                                  "Actual Rows": 1,
                                  "Actual Loops": 57,
                                  "Output": ["ct.id"],
                                  "Index Cond": "(ct.id = mc.company_type_id)",
                                  "Rows Removed by Index Recheck": 0,
                                  "Heap Fetches": 57,
                                  "Workers": [
                                    {
                                      "Worker Number": 0,
                                      "Actual Startup Time": 0.003,
                                      "Actual Total Time": 0.003,
                                      "Actual Rows": 1,
                                      "Actual Loops": 19
                                    },
                                    {
                                      "Worker Number": 1,
                                      "Actual Startup Time": 0.002,
                                      "Actual Total Time": 0.002,
                                      "Actual Rows": 1,
                                      "Actual Loops": 32
                                    }
                                  ]
                                }
                              ]
                            },
                            {
                              "Node Type": "Memoize",
                              "Parent Relationship": "Inner",
                              "Parallel Aware": false,
                              "Async Capable": false,
                              "Startup Cost": 0.15,
                              "Total Cost": 0.22,
                              "Plan Rows": 1,
                              "Plan Width": 4,
                              "Actual Startup Time": 0.001,
                              "Actual Total Time": 0.001,
                              "Actual Rows": 1,
                              "Actual Loops": 57,
                              "Output": ["it1.id"],
                              "Cache Key": "mi.info_type_id",
                              "Cache Mode": "logical",
                              "Cache Hits": 5,
                              "Cache Misses": 1,
                              "Cache Evictions": 0,
                              "Cache Overflows": 0,
                              "Peak Memory Usage": 1,
                              "Workers": [
                                {
                                  "Worker Number": 0,
                                  "Actual Startup Time": 0.001,
                                  "Actual Total Time": 0.001,
                                  "Actual Rows": 1,
                                  "Actual Loops": 19,
                                  "Cache Hits": 18,
                                  "Cache Misses": 1,
                                  "Cache Evictions": 0,
                                  "Cache Overflows": 0,
                                  "Peak Memory Usage": 1
                                },
                                {
                                  "Worker Number": 1,
                                  "Actual Startup Time": 0.001,
                                  "Actual Total Time": 0.001,
                                  "Actual Rows": 1,
                                  "Actual Loops": 32,
                                  "Cache Hits": 31,
                                  "Cache Misses": 1,
                                  "Cache Evictions": 0,
                                  "Cache Overflows": 0,
                                  "Peak Memory Usage": 1
                                }
                              ],
                              "Plans": [
                                {
                                  "Node Type": "Index Scan",
                                  "Parent Relationship": "Outer",
                                  "Parallel Aware": false,
                                  "Async Capable": false,
                                  "Scan Direction": "Forward",
                                  "Index Name": "info_type_pkey",
                                  "Relation Name": "info_type",
                                  "Schema": "public",
                                  "Alias": "it1",
                                  "Startup Cost": 0.14,
                                  "Total Cost": 0.21,
                                  "Plan Rows": 1,
                                  "Plan Width": 4,
                                  "Actual Startup Time": 0.013,
                                  "Actual Total Time": 0.013,
                                  "Actual Rows": 1,
                                  "Actual Loops": 3,
                                  "Output": ["it1.id"],
                                  "Index Cond": "(it1.id = mi.info_type_id)",
                                  "Rows Removed by Index Recheck": 0,
                                  "Filter": "((it1.info)::text = 'release dates'::text)",
                                  "Rows Removed by Filter": 0,
                                  "Workers": [
                                    {
                                      "Worker Number": 0,
                                      "Actual Startup Time": 0.015,
                                      "Actual Total Time": 0.015,
                                      "Actual Rows": 1,
                                      "Actual Loops": 1
                                    },
                                    {
                                      "Worker Number": 1,
                                      "Actual Startup Time": 0.016,
                                      "Actual Total Time": 0.016,
                                      "Actual Rows": 1,
                                      "Actual Loops": 1
                                    }
                                  ]
                                }
                              ]
                            }
                          ]
                        },
                        {
                          "Node Type": "Index Scan",
                          "Parent Relationship": "Inner",
                          "Parallel Aware": false,
                          "Async Capable": false,
                          "Scan Direction": "Forward",
                          "Index Name": "movie_id_movie_keyword",
                          "Relation Name": "movie_keyword",
                          "Schema": "public",
                          "Alias": "mk",
                          "Startup Cost": 0.43,
                          "Total Cost": 1.34,
                          "Plan Rows": 47,
                          "Plan Width": 8,
                          "Actual Startup Time": 0.006,
                          "Actual Total Time": 0.007,
                          "Actual Rows": 6,
                          "Actual Loops": 57,
                          "Output": ["mk.id", "mk.movie_id", "mk.keyword_id"],
                          "Index Cond": "(mk.movie_id = t.id)",
                          "Rows Removed by Index Recheck": 0,
                          "Workers": [
                            {
                              "Worker Number": 0,
                              "Actual Startup Time": 0.007,
                              "Actual Total Time": 0.007,
                              "Actual Rows": 4,
                              "Actual Loops": 19
                            },
                            {
                              "Worker Number": 1,
                              "Actual Startup Time": 0.005,
                              "Actual Total Time": 0.006,
                              "Actual Rows": 3,
                              "Actual Loops": 32
                            }
                          ]
                        }
                      ]
                    },
                    {
                      "Node Type": "Index Only Scan",
                      "Parent Relationship": "Inner",
                      "Parallel Aware": false,
                      "Async Capable": false,
                      "Scan Direction": "Forward",
                      "Index Name": "keyword_pkey",
                      "Relation Name": "keyword",
                      "Schema": "public",
                      "Alias": "k",
                      "Startup Cost": 0.42,
                      "Total Cost": 0.44,
                      "Plan Rows": 1,
                      "Plan Width": 4,
                      "Actual Startup Time": 0.002,
                      "Actual Total Time": 0.002,
                      "Actual Rows": 1,
                      "Actual Loops": 328,
                      "Output": ["k.id"],
                      "Index Cond": "(k.id = mk.keyword_id)",
                      "Rows Removed by Index Recheck": 0,
                      "Heap Fetches": 0,
                      "Workers": [
                        {
                          "Worker Number": 0,
                          "Actual Startup Time": 0.003,
                          "Actual Total Time": 0.003,
                          "Actual Rows": 1,
                          "Actual Loops": 69
                        },
                        {
                          "Worker Number": 1,
                          "Actual Startup Time": 0.003,
                          "Actual Total Time": 0.003,
                          "Actual Rows": 1,
                          "Actual Loops": 97
                        }
                      ]
                    }
                  ]
                }
              ]
            }
          ]
        }
      ]
    },
    "Planning Time": 16.977,
    "Triggers": [
    ],
    "Execution Time": 285.657
  }
]
