[
  {
    "Plan": {
      "Node Type": "Aggregate",
      "Strategy": "Plain",
      "Partial Mode": "Finalize",
      "Parallel Aware": false,
      "Async Capable": false,
      "Startup Cost": 6440.25,
      "Total Cost": 6440.26,
      "Plan Rows": 1,
      "Plan Width": 64,
      "Actual Startup Time": 24.992,
      "Actual Total Time": 30.487,
      "Actual Rows": 1,
      "Actual Loops": 1,
      "Output": ["min((mi.info)::text)", "min((t.title)::text)"],
      "Plans": [
        {
          "Node Type": "Gather",
          "Parent Relationship": "Outer",
          "Parallel Aware": false,
          "Async Capable": false,
          "Startup Cost": 6440.14,
          "Total Cost": 6440.25,
          "Plan Rows": 1,
          "Plan Width": 64,
          "Actual Startup Time": 24.921,
          "Actual Total Time": 30.481,
          "Actual Rows": 2,
          "Actual Loops": 1,
          "Output": ["(PARTIAL min((mi.info)::text))", "(PARTIAL min((t.title)::text))"],
          "Workers Planned": 1,
          "Workers Launched": 1,
          "Single Copy": false,
          "Plans": [
            {
              "Node Type": "Aggregate",
              "Strategy": "Plain",
              "Partial Mode": "Partial",
              "Parent Relationship": "Outer",
              "Parallel Aware": false,
              "Async Capable": false,
              "Startup Cost": 5440.14,
              "Total Cost": 5440.15,
              "Plan Rows": 1,
              "Plan Width": 64,
              "Actual Startup Time": 20.677,
              "Actual Total Time": 20.681,
              "Actual Rows": 1,
              "Actual Loops": 2,
              "Output": ["PARTIAL min((mi.info)::text)", "PARTIAL min((t.title)::text)"],
              "Workers": [
                {
                  "Worker Number": 0,
                  "Actual Startup Time": 16.782,
                  "Actual Total Time": 16.785,
                  "Actual Rows": 1,
                  "Actual Loops": 1
                }
              ],
              "Plans": [
                {
                  "Node Type": "Nested Loop",
                  "Parent Relationship": "Outer",
                  "Parallel Aware": false,
                  "Async Capable": false,
                  "Join Type": "Inner",
                  "Startup Cost": 2.86,
                  "Total Cost": 5440.11,
                  "Plan Rows": 5,
                  "Plan Width": 60,
                  "Actual Startup Time": 11.469,
                  "Actual Total Time": 20.673,
                  "Actual Rows": 18,
                  "Actual Loops": 2,
                  "Output": ["mi.info", "t.title"],
                  "Inner Unique": true,
                  "Workers": [
                    {
                      "Worker Number": 0,
                      "Actual Startup Time": 16.779,
                      "Actual Total Time": 16.782,
                      "Actual Rows": 0,
                      "Actual Loops": 1
                    }
                  ],
                  "Plans": [
                    {
                      "Node Type": "Nested Loop",
                      "Parent Relationship": "Outer",
                      "Parallel Aware": false,
                      "Async Capable": false,
                      "Join Type": "Inner",
                      "Startup Cost": 2.44,
                      "Total Cost": 5437.92,
                      "Plan Rows": 5,
                      "Plan Width": 64,
                      "Actual Startup Time": 11.463,
                      "Actual Total Time": 20.629,
                      "Actual Rows": 18,
                      "Actual Loops": 2,
                      "Output": ["mi.info", "mk.keyword_id", "t.title"],
                      "Inner Unique": false,
                      "Workers": [
                        {
                          "Worker Number": 0,
                          "Actual Startup Time": 16.779,
                          "Actual Total Time": 16.781,
                          "Actual Rows": 0,
                          "Actual Loops": 1
                        }
                      ],
                      "Plans": [
                        {
                          "Node Type": "Nested Loop",
                          "Parent Relationship": "Outer",
                          "Parallel Aware": false,
                          "Async Capable": false,
                          "Join Type": "Inner",
                          "Startup Cost": 2.01,
                          "Total Cost": 5436.03,
                          "Plan Rows": 1,
                          "Plan Width": 76,
                          "Actual Startup Time": 10.998,
                          "Actual Total Time": 20.615,
                          "Actual Rows": 2,
                          "Actual Loops": 2,
                          "Output": ["at.movie_id", "mc.movie_id", "mi.info", "mi.movie_id", "t.title", "t.id"],
                          "Inner Unique": true,
                          "Workers": [
                            {
                              "Worker Number": 0,
                              "Actual Startup Time": 16.779,
                              "Actual Total Time": 16.781,
                              "Actual Rows": 0,
                              "Actual Loops": 1
                            }
                          ],
                          "Plans": [
                            {
                              "Node Type": "Nested Loop",
                              "Parent Relationship": "Outer",
                              "Parallel Aware": false,
                              "Async Capable": false,
                              "Join Type": "Inner",
                              "Startup Cost": 1.87,
                              "Total Cost": 5435.75,
                              "Plan Rows": 1,
                              "Plan Width": 80,
                              "Actual Startup Time": 10.994,
                              "Actual Total Time": 20.608,
                              "Actual Rows": 2,
                              "Actual Loops": 2,
                              "Output": ["at.movie_id", "mc.movie_id", "mi.info", "mi.movie_id", "mi.info_type_id", "t.title", "t.id"],
                              "Inner Unique": false,
                              "Workers": [
                                {
                                  "Worker Number": 0,
                                  "Actual Startup Time": 16.778,
                                  "Actual Total Time": 16.780,
                                  "Actual Rows": 0,
                                  "Actual Loops": 1
                                }
                              ],
                              "Plans": [
                                {
                                  "Node Type": "Nested Loop",
                                  "Parent Relationship": "Outer",
                                  "Parallel Aware": false,
                                  "Async Capable": false,
                                  "Join Type": "Inner",
                                  "Startup Cost": 1.43,
                                  "Total Cost": 5433.41,
                                  "Plan Rows": 1,
                                  "Plan Width": 29,
                                  "Actual Startup Time": 10.622,
                                  "Actual Total Time": 20.438,
                                  "Actual Rows": 13,
                                  "Actual Loops": 2,
                                  "Output": ["at.movie_id", "mc.movie_id", "t.title", "t.id"],
                                  "Inner Unique": true,
                                  "Workers": [
                                    {
                                      "Worker Number": 0,
                                      "Actual Startup Time": 16.778,
                                      "Actual Total Time": 16.780,
                                      "Actual Rows": 0,
                                      "Actual Loops": 1
                                    }
                                  ],
                                  "Plans": [
                                    {
                                      "Node Type": "Nested Loop",
                                      "Parent Relationship": "Outer",
                                      "Parallel Aware": false,
                                      "Async Capable": false,
                                      "Join Type": "Inner",
                                      "Startup Cost": 1.00,
                                      "Total Cost": 5432.46,
                                      "Plan Rows": 1,
                                      "Plan Width": 8,
                                      "Actual Startup Time": 10.614,
                                      "Actual Total Time": 20.379,
                                      "Actual Rows": 14,
                                      "Actual Loops": 2,
                                      "Output": ["at.movie_id", "mc.movie_id"],
                                      "Inner Unique": true,
                                      "Workers": [
                                        {
                                          "Worker Number": 0,
                                          "Actual Startup Time": 16.778,
                                          "Actual Total Time": 16.779,
                                          "Actual Rows": 0,
                                          "Actual Loops": 1
                                        }
                                      ],
                                      "Plans": [
                                        {
                                          "Node Type": "Nested Loop",
                                          "Parent Relationship": "Outer",
                                          "Parallel Aware": false,
                                          "Async Capable": false,
                                          "Join Type": "Inner",
                                          "Startup Cost": 0.85,
                                          "Total Cost": 5432.29,
                                          "Plan Rows": 1,
                                          "Plan Width": 12,
                                          "Actual Startup Time": 10.610,
                                          "Actual Total Time": 20.361,
                                          "Actual Rows": 14,
                                          "Actual Loops": 2,
                                          "Output": ["at.movie_id", "mc.movie_id", "mc.company_type_id"],
                                          "Inner Unique": false,
                                          "Workers": [
                                            {
                                              "Worker Number": 0,
                                              "Actual Startup Time": 16.777,
                                              "Actual Total Time": 16.779,
                                              "Actual Rows": 0,
                                              "Actual Loops": 1
                                            }
                                          ],
                                          "Plans": [
                                            {
                                              "Node Type": "Nested Loop",
                                              "Parent Relationship": "Outer",
                                              "Parallel Aware": false,
                                              "Async Capable": false,
                                              "Join Type": "Inner",
                                              "Startup Cost": 0.43,
                                              "Total Cost": 5430.60,
                                              "Plan Rows": 1,
                                              "Plan Width": 8,
                                              "Actual Startup Time": 10.527,
                                              "Actual Total Time": 20.060,
                                              "Actual Rows": 139,
                                              "Actual Loops": 2,
                                              "Output": ["mc.movie_id", "mc.company_type_id"],
                                              "Inner Unique": false,
                                              "Workers": [
                                                {
                                                  "Worker Number": 0,
                                                  "Actual Startup Time": 16.777,
                                                  "Actual Total Time": 16.778,
                                                  "Actual Rows": 0,
                                                  "Actual Loops": 1
                                                }
                                              ],
                                              "Plans": [
                                                {
                                                  "Node Type": "Seq Scan",
                                                  "Parent Relationship": "Outer",
                                                  "Parallel Aware": true,
                                                  "Async Capable": false,
                                                  "Relation Name": "company_name",
                                                  "Schema": "public",
                                                  "Alias": "cn",
                                                  "Startup Cost": 0.00,
                                                  "Total Cost": 5068.50,
                                                  "Plan Rows": 1,
                                                  "Plan Width": 4,
                                                  "Actual Startup Time": 10.512,
                                                  "Actual Total Time": 19.473,
                                                  "Actual Rows": 0,
                                                  "Actual Loops": 2,
                                                  "Output": ["cn.id", "cn.name", "cn.country_code", "cn.imdb_id", "cn.name_pcode_nf", "cn.name_pcode_sf", "cn.md5sum"],
                                                  "Filter": "(((cn.country_code)::text = '[us]'::text) AND ((cn.name)::text = 'YouTube'::text))",
                                                  "Rows Removed by Filter": 117498,
                                                  "Workers": [
                                                    {
                                                      "Worker Number": 0,
                                                      "Actual Startup Time": 16.777,
                                                      "Actual Total Time": 16.777,
                                                      "Actual Rows": 0,
                                                      "Actual Loops": 1
                                                    }
                                                  ]
                                                },
                                                {
                                                  "Node Type": "Index Scan",
                                                  "Parent Relationship": "Inner",
                                                  "Parallel Aware": false,
                                                  "Async Capable": false,
                                                  "Scan Direction": "Forward",
                                                  "Index Name": "company_id_movie_companies",
                                                  "Relation Name": "movie_companies",
                                                  "Schema": "public",
                                                  "Alias": "mc",
                                                  "Startup Cost": 0.43,
                                                  "Total Cost": 362.09,
                                                  "Plan Rows": 1,
                                                  "Plan Width": 12,
                                                  "Actual Startup Time": 0.026,
                                                  "Actual Total Time": 1.143,
                                                  "Actual Rows": 278,
                                                  "Actual Loops": 1,
                                                  "Output": ["mc.id", "mc.movie_id", "mc.company_id", "mc.company_type_id", "mc.note"],
                                                  "Index Cond": "(mc.company_id = cn.id)",
                                                  "Rows Removed by Index Recheck": 0,
                                                  "Filter": "(((mc.note)::text ~~ '%(200%)%'::text) AND ((mc.note)::text ~~ '%(worldwide)%'::text))",
                                                  "Rows Removed by Filter": 1180,
                                                  "Workers": [
                                                  ]
                                                }
                                              ]
                                            },
                                            {
                                              "Node Type": "Index Only Scan",
                                              "Parent Relationship": "Inner",
                                              "Parallel Aware": false,
                                              "Async Capable": false,
                                              "Scan Direction": "Forward",
                                              "Index Name": "movie_id_aka_title",
                                              "Relation Name": "aka_title",
                                              "Schema": "public",
                                              "Alias": "at",
                                              "Startup Cost": 0.42,
                                              "Total Cost": 1.66,
                                              "Plan Rows": 3,
                                              "Plan Width": 4,
                                              "Actual Startup Time": 0.002,
                                              "Actual Total Time": 0.002,
                                              "Actual Rows": 0,
                                              "Actual Loops": 278,
                                              "Output": ["at.movie_id"],
                                              "Index Cond": "(at.movie_id = mc.movie_id)",
                                              "Rows Removed by Index Recheck": 0,
                                              "Heap Fetches": 27,
                                              "Workers": [
                                              ]
                                            }
                                          ]
                                        },
                                        {
                                          "Node Type": "Index Only Scan",
                                          "Parent Relationship": "Inner",
                                          "Parallel Aware": false,
                                          "Async Capable": false,
                                          "Scan Direction": "Forward",
                                          "Index Name": "company_type_pkey",
                                          "Relation Name": "company_type",
                                          "Schema": "public",
                                          "Alias": "ct",
                                          "Startup Cost": 0.15,
                                          "Total Cost": 0.17,
                                          "Plan Rows": 1,
                                          "Plan Width": 4,
                                          "Actual Startup Time": 0.001,
                                          "Actual Total Time": 0.001,
                                          "Actual Rows": 1,
                                          "Actual Loops": 27,
                                          "Output": ["ct.id"],
                                          "Index Cond": "(ct.id = mc.company_type_id)",
                                          "Rows Removed by Index Recheck": 0,
                                          "Heap Fetches": 27,
                                          "Workers": [
                                          ]
                                        }
                                      ]
                                    },
                                    {
                                      "Node Type": "Index Scan",
                                      "Parent Relationship": "Inner",
                                      "Parallel Aware": false,
                                      "Async Capable": false,
                                      "Scan Direction": "Forward",
                                      "Index Name": "title_pkey",
                                      "Relation Name": "title",
                                      "Schema": "public",
                                      "Alias": "t",
                                      "Startup Cost": 0.43,
                                      "Total Cost": 0.95,
                                      "Plan Rows": 1,
                                      "Plan Width": 21,
                                      "Actual Startup Time": 0.004,
                                      "Actual Total Time": 0.004,
                                      "Actual Rows": 1,
                                      "Actual Loops": 27,
                                      "Output": ["t.id", "t.title", "t.imdb_index", "t.kind_id", "t.production_year", "t.imdb_id", "t.phonetic_code", "t.episode_of_id", "t.season_nr", "t.episode_nr", "t.series_years", "t.md5sum"],
                                      "Index Cond": "(t.id = at.movie_id)",
                                      "Rows Removed by Index Recheck": 0,
                                      "Filter": "((t.production_year >= 2005) AND (t.production_year <= 2010))",
                                      "Rows Removed by Filter": 0,
                                      "Workers": [
                                      ]
                                    }
                                  ]
                                },
                                {
                                  "Node Type": "Index Scan",
                                  "Parent Relationship": "Inner",
                                  "Parallel Aware": false,
                                  "Async Capable": false,
                                  "Scan Direction": "Forward",
                                  "Index Name": "movie_id_movie_info",
                                  "Relation Name": "movie_info",
                                  "Schema": "public",
                                  "Alias": "mi",
                                  "Startup Cost": 0.43,
                                  "Total Cost": 2.33,
                                  "Plan Rows": 1,
                                  "Plan Width": 51,
                                  "Actual Startup Time": 0.012,
                                  "Actual Total Time": 0.013,
                                  "Actual Rows": 0,
                                  "Actual Loops": 26,
                                  "Output": ["mi.id", "mi.movie_id", "mi.info_type_id", "mi.info", "mi.note"],
                                  "Index Cond": "(mi.movie_id = t.id)",
                                  "Rows Removed by Index Recheck": 0,
                                  "Filter": "(((mi.note)::text ~~ '%internet%'::text) AND ((mi.info)::text ~~ 'USA:% 200%'::text))",
                                  "Rows Removed by Filter": 19,
                                  "Workers": [
                                  ]
                                }
                              ]
                            },
                            {
                              "Node Type": "Index Scan",
                              "Parent Relationship": "Inner",
                              "Parallel Aware": false,
                              "Async Capable": false,
                              "Scan Direction": "Forward",
                              "Index Name": "info_type_pkey",
                              "Relation Name": "info_type",
                              "Schema": "public",
                              "Alias": "it1",
                              "Startup Cost": 0.14,
                              "Total Cost": 0.21,
                              "Plan Rows": 1,
                              "Plan Width": 4,
                              "Actual Startup Time": 0.003,
                              "Actual Total Time": 0.003,
                              "Actual Rows": 1,
                              "Actual Loops": 3,
                              "Output": ["it1.id", "it1.info"],
                              "Index Cond": "(it1.id = mi.info_type_id)",
                              "Rows Removed by Index Recheck": 0,
                              "Filter": "((it1.info)::text = 'release dates'::text)",
                              "Rows Removed by Filter": 0,
                              "Workers": [
                              ]
                            }
                          ]
                        },
                        {
                          "Node Type": "Index Scan",
                          "Parent Relationship": "Inner",
                          "Parallel Aware": false,
                          "Async Capable": false,
                          "Scan Direction": "Forward",
                          "Index Name": "movie_id_movie_keyword",
                          "Relation Name": "movie_keyword",
                          "Schema": "public",
                          "Alias": "mk",
                          "Startup Cost": 0.43,
                          "Total Cost": 1.42,
                          "Plan Rows": 47,
                          "Plan Width": 8,
                          "Actual Startup Time": 0.005,
                          "Actual Total Time": 0.007,
                          "Actual Rows": 12,
                          "Actual Loops": 3,
                          "Output": ["mk.id", "mk.movie_id", "mk.keyword_id"],
                          "Index Cond": "(mk.movie_id = t.id)",
                          "Rows Removed by Index Recheck": 0,
                          "Workers": [
                          ]
                        }
                      ]
                    },
                    {
                      "Node Type": "Index Only Scan",
                      "Parent Relationship": "Inner",
                      "Parallel Aware": false,
                      "Async Capable": false,
                      "Scan Direction": "Forward",
                      "Index Name": "keyword_pkey",
                      "Relation Name": "keyword",
                      "Schema": "public",
                      "Alias": "k",
                      "Startup Cost": 0.42,
                      "Total Cost": 0.44,
                      "Plan Rows": 1,
                      "Plan Width": 4,
                      "Actual Startup Time": 0.002,
                      "Actual Total Time": 0.002,
                      "Actual Rows": 1,
                      "Actual Loops": 37,
                      "Output": ["k.id"],
                      "Index Cond": "(k.id = mk.keyword_id)",
                      "Rows Removed by Index Recheck": 0,
                      "Heap Fetches": 0,
                      "Workers": [
                      ]
                    }
                  ]
                }
              ]
            }
          ]
        }
      ]
    },
    "Planning Time": 14.160,
    "Triggers": [
    ],
    "Execution Time": 30.558
  }
]
