[
  {
    "Plan": {
      "Node Type": "Aggregate",
      "Strategy": "Plain",
      "Partial Mode": "Simple",
      "Parallel Aware": false,
      "Async Capable": false,
      "Startup Cost": 178857.47,
      "Total Cost": 178857.48,
      "Plan Rows": 1,
      "Plan Width": 64,
      "Actual Startup Time": 467.594,
      "Actual Total Time": 467.598,
      "Actual Rows": 1,
      "Actual Loops": 1,
      "Output": ["min((at.title)::text)", "min((t.title)::text)"],
      "Plans": [
        {
          "Node Type": "Nested Loop",
          "Parent Relationship": "Outer",
          "Parallel Aware": false,
          "Async Capable": false,
          "Join Type": "Inner",
          "Startup Cost": 2343.77,
          "Total Cost": 178836.93,
          "Plan Rows": 4109,
          "Plan Width": 38,
          "Actual Startup Time": 101.924,
          "Actual Total Time": 466.099,
          "Actual Rows": 11347,
          "Actual Loops": 1,
          "Output": ["at.title", "t.title"],
          "Inner Unique": true,
          "Plans": [
            {
              "Node Type": "Nested Loop",
              "Parent Relationship": "Outer",
              "Parallel Aware": false,
              "Async Capable": false,
              "Join Type": "Inner",
              "Startup Cost": 2343.35,
              "Total Cost": 177037.41,
              "Plan Rows": 4109,
              "Plan Width": 42,
              "Actual Startup Time": 101.913,
              "Actual Total Time": 450.121,
              "Actual Rows": 11347,
              "Actual Loops": 1,
              "Output": ["at.title", "mk.keyword_id", "t.title"],
              "Inner Unique": false,
              "Plans": [
                {
                  "Node Type": "Nested Loop",
                  "Parent Relationship": "Outer",
                  "Parallel Aware": false,
                  "Async Capable": false,
                  "Join Type": "Inner",
                  "Startup Cost": 2342.91,
                  "Total Cost": 176806.26,
                  "Plan Rows": 129,
                  "Plan Width": 54,
                  "Actual Startup Time": 101.902,
                  "Actual Total Time": 445.656,
                  "Actual Rows": 875,
                  "Actual Loops": 1,
                  "Output": ["at.title", "at.movie_id", "mc.movie_id", "mi.movie_id", "t.title", "t.id"],
                  "Inner Unique": true,
                  "Plans": [
                    {
                      "Node Type": "Nested Loop",
                      "Parent Relationship": "Outer",
                      "Parallel Aware": false,
                      "Async Capable": false,
                      "Join Type": "Inner",
                      "Startup Cost": 2342.75,
                      "Total Cost": 176802.54,
                      "Plan Rows": 129,
                      "Plan Width": 58,
                      "Actual Startup Time": 101.886,
                      "Actual Total Time": 445.257,
                      "Actual Rows": 875,
                      "Actual Loops": 1,
                      "Output": ["at.title", "at.movie_id", "mc.movie_id", "mc.company_type_id", "mi.movie_id", "t.title", "t.id"],
                      "Inner Unique": true,
                      "Plans": [
                        {
                          "Node Type": "Nested Loop",
                          "Parent Relationship": "Outer",
                          "Parallel Aware": false,
                          "Async Capable": false,
                          "Join Type": "Inner",
                          "Startup Cost": 2342.33,
                          "Total Cost": 176643.78,
                          "Plan Rows": 356,
                          "Plan Width": 62,
                          "Actual Startup Time": 101.873,
                          "Actual Total Time": 440.284,
                          "Actual Rows": 2099,
                          "Actual Loops": 1,
                          "Output": ["at.title", "at.movie_id", "mc.movie_id", "mc.company_id", "mc.company_type_id", "mi.movie_id", "t.title", "t.id"],
                          "Inner Unique": false,
                          "Plans": [
                            {
                              "Node Type": "Nested Loop",
                              "Parent Relationship": "Outer",
                              "Parallel Aware": false,
                              "Async Capable": false,
                              "Join Type": "Inner",
                              "Startup Cost": 2341.90,
                              "Total Cost": 176601.51,
                              "Plan Rows": 68,
                              "Plan Width": 50,
                              "Actual Startup Time": 100.982,
                              "Actual Total Time": 437.732,
                              "Actual Rows": 584,
                              "Actual Loops": 1,
                              "Output": ["at.title", "at.movie_id", "mi.movie_id", "t.title", "t.id"],
                              "Inner Unique": true,
                              "Plans": [
                                {
                                  "Node Type": "Nested Loop",
                                  "Parent Relationship": "Outer",
                                  "Parallel Aware": false,
                                  "Async Capable": false,
                                  "Join Type": "Inner",
                                  "Startup Cost": 2341.47,
                                  "Total Cost": 176508.60,
                                  "Plan Rows": 98,
                                  "Plan Width": 29,
                                  "Actual Startup Time": 100.969,
                                  "Actual Total Time": 435.888,
                                  "Actual Rows": 591,
                                  "Actual Loops": 1,
                                  "Output": ["at.title", "at.movie_id", "mi.movie_id"],
                                  "Inner Unique": false,
                                  "Plans": [
                                    {
                                      "Node Type": "Nested Loop",
                                      "Parent Relationship": "Outer",
                                      "Parallel Aware": false,
                                      "Async Capable": false,
                                      "Join Type": "Inner",
                                      "Startup Cost": 2341.05,
                                      "Total Cost": 176217.45,
                                      "Plan Rows": 101,
                                      "Plan Width": 4,
                                      "Actual Startup Time": 100.836,
                                      "Actual Total Time": 420.304,
                                      "Actual Rows": 10679,
                                      "Actual Loops": 1,
                                      "Output": ["mi.movie_id"],
                                      "Inner Unique": false,
                                      "Plans": [
                                        {
                                          "Node Type": "Seq Scan",
                                          "Parent Relationship": "Outer",
                                          "Parallel Aware": false,
                                          "Async Capable": false,
                                          "Relation Name": "info_type",
                                          "Schema": "public",
                                          "Alias": "it1",
                                          "Startup Cost": 0.00,
                                          "Total Cost": 2.41,
                                          "Plan Rows": 1,
                                          "Plan Width": 4,
                                          "Actual Startup Time": 18.048,
                                          "Actual Total Time": 18.056,
                                          "Actual Rows": 1,
                                          "Actual Loops": 1,
                                          "Output": ["it1.id", "it1.info"],
                                          "Filter": "((it1.info)::text = 'release dates'::text)",
                                          "Rows Removed by Filter": 112
                                        },
                                        {
                                          "Node Type": "Bitmap Heap Scan",
                                          "Parent Relationship": "Inner",
                                          "Parallel Aware": false,
                                          "Async Capable": false,
                                          "Relation Name": "movie_info",
                                          "Schema": "public",
                                          "Alias": "mi",
                                          "Startup Cost": 2341.05,
                                          "Total Cost": 176213.37,
                                          "Plan Rows": 166,
                                          "Plan Width": 8,
                                          "Actual Startup Time": 82.780,
                                          "Actual Total Time": 401.357,
                                          "Actual Rows": 10679,
                                          "Actual Loops": 1,
                                          "Output": ["mi.id", "mi.movie_id", "mi.info_type_id", "mi.info", "mi.note"],
                                          "Recheck Cond": "(mi.info_type_id = it1.id)",
                                          "Rows Removed by Index Recheck": 0,
                                          "Filter": "((mi.note)::text ~~ '%internet%'::text)",
                                          "Rows Removed by Filter": 3026040,
                                          "Exact Heap Blocks": 25448,
                                          "Lossy Heap Blocks": 0,
                                          "Plans": [
                                            {
                                              "Node Type": "Bitmap Index Scan",
                                              "Parent Relationship": "Outer",
                                              "Parallel Aware": false,
                                              "Async Capable": false,
                                              "Index Name": "info_type_id_movie_info",
                                              "Startup Cost": 0.00,
                                              "Total Cost": 2341.01,
                                              "Plan Rows": 215010,
                                              "Plan Width": 0,
                                              "Actual Startup Time": 78.144,
                                              "Actual Total Time": 78.144,
                                              "Actual Rows": 3036719,
                                              "Actual Loops": 1,
                                              "Index Cond": "(mi.info_type_id = it1.id)"
                                            }
                                          ]
                                        }
                                      ]
                                    },
                                    {
                                      "Node Type": "Index Scan",
                                      "Parent Relationship": "Inner",
                                      "Parallel Aware": false,
                                      "Async Capable": false,
                                      "Scan Direction": "Forward",
                                      "Index Name": "movie_id_aka_title",
                                      "Relation Name": "aka_title",
                                      "Schema": "public",
                                      "Alias": "at",
                                      "Startup Cost": 0.42,
                                      "Total Cost": 2.85,
                                      "Plan Rows": 3,
                                      "Plan Width": 25,
                                      "Actual Startup Time": 0.001,
                                      "Actual Total Time": 0.001,
                                      "Actual Rows": 0,
                                      "Actual Loops": 10679,
                                      "Output": ["at.id", "at.movie_id", "at.title", "at.imdb_index", "at.kind_id", "at.production_year", "at.phonetic_code", "at.episode_of_id", "at.season_nr", "at.episode_nr", "at.note", "at.md5sum"],
                                      "Index Cond": "(at.movie_id = mi.movie_id)",
                                      "Rows Removed by Index Recheck": 0
                                    }
                                  ]
                                },
                                {
                                  "Node Type": "Index Scan",
                                  "Parent Relationship": "Inner",
                                  "Parallel Aware": false,
                                  "Async Capable": false,
                                  "Scan Direction": "Forward",
                                  "Index Name": "title_pkey",
                                  "Relation Name": "title",
                                  "Schema": "public",
                                  "Alias": "t",
                                  "Startup Cost": 0.43,
                                  "Total Cost": 0.95,
                                  "Plan Rows": 1,
                                  "Plan Width": 21,
                                  "Actual Startup Time": 0.003,
                                  "Actual Total Time": 0.003,
                                  "Actual Rows": 1,
                                  "Actual Loops": 591,
                                  "Output": ["t.id", "t.title", "t.imdb_index", "t.kind_id", "t.production_year", "t.imdb_id", "t.phonetic_code", "t.episode_of_id", "t.season_nr", "t.episode_nr", "t.series_years", "t.md5sum"],
                                  "Index Cond": "(t.id = at.movie_id)",
                                  "Rows Removed by Index Recheck": 0,
                                  "Filter": "(t.production_year > 1990)",
                                  "Rows Removed by Filter": 0
                                }
                              ]
                            },
                            {
                              "Node Type": "Index Scan",
                              "Parent Relationship": "Inner",
                              "Parallel Aware": false,
                              "Async Capable": false,
                              "Scan Direction": "Forward",
                              "Index Name": "movie_id_movie_companies",
                              "Relation Name": "movie_companies",
                              "Schema": "public",
                              "Alias": "mc",
                              "Startup Cost": 0.43,
                              "Total Cost": 0.57,
                              "Plan Rows": 5,
                              "Plan Width": 12,
                              "Actual Startup Time": 0.003,
                              "Actual Total Time": 0.004,
                              "Actual Rows": 4,
                              "Actual Loops": 584,
                              "Output": ["mc.id", "mc.movie_id", "mc.company_id", "mc.company_type_id", "mc.note"],
                              "Index Cond": "(mc.movie_id = t.id)",
                              "Rows Removed by Index Recheck": 0
                            }
                          ]
                        },
                        {
                          "Node Type": "Index Scan",
                          "Parent Relationship": "Inner",
                          "Parallel Aware": false,
                          "Async Capable": false,
                          "Scan Direction": "Forward",
                          "Index Name": "company_name_pkey",
                          "Relation Name": "company_name",
                          "Schema": "public",
                          "Alias": "cn",
                          "Startup Cost": 0.42,
                          "Total Cost": 0.45,
                          "Plan Rows": 1,
                          "Plan Width": 4,
                          "Actual Startup Time": 0.002,
                          "Actual Total Time": 0.002,
                          "Actual Rows": 0,
                          "Actual Loops": 2099,
                          "Output": ["cn.id", "cn.name", "cn.country_code", "cn.imdb_id", "cn.name_pcode_nf", "cn.name_pcode_sf", "cn.md5sum"],
                          "Index Cond": "(cn.id = mc.company_id)",
                          "Rows Removed by Index Recheck": 0,
                          "Filter": "((cn.country_code)::text = '[us]'::text)",
                          "Rows Removed by Filter": 1
                        }
                      ]
                    },
                    {
                      "Node Type": "Memoize",
                      "Parent Relationship": "Inner",
                      "Parallel Aware": false,
                      "Async Capable": false,
                      "Startup Cost": 0.16,
                      "Total Cost": 0.18,
                      "Plan Rows": 1,
                      "Plan Width": 4,
                      "Actual Startup Time": 0.000,
                      "Actual Total Time": 0.000,
                      "Actual Rows": 1,
                      "Actual Loops": 875,
                      "Output": ["ct.id"],
                      "Cache Key": "mc.company_type_id",
                      "Cache Mode": "logical",
                      "Cache Hits": 873,
                      "Cache Misses": 2,
                      "Cache Evictions": 0,
                      "Cache Overflows": 0,
                      "Peak Memory Usage": 1,
                      "Plans": [
                        {
                          "Node Type": "Index Only Scan",
                          "Parent Relationship": "Outer",
                          "Parallel Aware": false,
                          "Async Capable": false,
                          "Scan Direction": "Forward",
                          "Index Name": "company_type_pkey",
                          "Relation Name": "company_type",
                          "Schema": "public",
                          "Alias": "ct",
                          "Startup Cost": 0.15,
                          "Total Cost": 0.17,
                          "Plan Rows": 1,
                          "Plan Width": 4,
                          "Actual Startup Time": 0.003,
                          "Actual Total Time": 0.003,
                          "Actual Rows": 1,
                          "Actual Loops": 2,
                          "Output": ["ct.id"],
                          "Index Cond": "(ct.id = mc.company_type_id)",
                          "Rows Removed by Index Recheck": 0,
                          "Heap Fetches": 2
                        }
                      ]
                    }
                  ]
                },
                {
                  "Node Type": "Index Scan",
                  "Parent Relationship": "Inner",
                  "Parallel Aware": false,
                  "Async Capable": false,
                  "Scan Direction": "Forward",
                  "Index Name": "movie_id_movie_keyword",
                  "Relation Name": "movie_keyword",
                  "Schema": "public",
                  "Alias": "mk",
                  "Startup Cost": 0.43,
                  "Total Cost": 1.32,
                  "Plan Rows": 47,
                  "Plan Width": 8,
                  "Actual Startup Time": 0.002,
                  "Actual Total Time": 0.004,
                  "Actual Rows": 13,
                  "Actual Loops": 875,
                  "Output": ["mk.id", "mk.movie_id", "mk.keyword_id"],
                  "Index Cond": "(mk.movie_id = t.id)",
                  "Rows Removed by Index Recheck": 0
                }
              ]
            },
            {
              "Node Type": "Index Only Scan",
              "Parent Relationship": "Inner",
              "Parallel Aware": false,
              "Async Capable": false,
              "Scan Direction": "Forward",
              "Index Name": "keyword_pkey",
              "Relation Name": "keyword",
              "Schema": "public",
              "Alias": "k",
              "Startup Cost": 0.42,
              "Total Cost": 0.44,
              "Plan Rows": 1,
              "Plan Width": 4,
              "Actual Startup Time": 0.001,
              "Actual Total Time": 0.001,
              "Actual Rows": 1,
              "Actual Loops": 11347,
              "Output": ["k.id"],
              "Index Cond": "(k.id = mk.keyword_id)",
              "Rows Removed by Index Recheck": 0,
              "Heap Fetches": 0
            }
          ]
        }
      ]
    },
    "Planning Time": 14.210,
    "Triggers": [
    ],
    "JIT": {
      "Functions": 48,
      "Options": {
        "Inlining": false,
        "Optimization": false,
        "Expressions": true,
        "Deforming": true
      },
      "Timing": {
        "Generation": 1.496,
        "Inlining": 0.000,
        "Optimization": 0.657,
        "Emission": 17.445,
        "Total": 19.597
      }
    },
    "Execution Time": 469.223
  }
]
