[
  {
    "Plan": {
      "Node Type": "Aggregate",
      "Strategy": "Plain",
      "Partial Mode": "Simple",
      "Parallel Aware": false,
      "Async Capable": false,
      "Startup Cost": 4562.03,
      "Total Cost": 4562.04,
      "Plan Rows": 1,
      "Plan Width": 64,
      "Actual Startup Time": 8688.236,
      "Actual Total Time": 8688.239,
      "Actual Rows": 1,
      "Actual Loops": 1,
      "Output": ["min((n.name)::text)", "min((n.name)::text)"],
      "Plans": [
        {
          "Node Type": "Nested Loop",
          "Parent Relationship": "Outer",
          "Parallel Aware": false,
          "Async Capable": false,
          "Join Type": "Inner",
          "Startup Cost": 8.93,
          "Total Cost": 4561.78,
          "Plan Rows": 103,
          "Plan Width": 15,
          "Actual Startup Time": 5.127,
          "Actual Total Time": 8656.164,
          "Actual Rows": 258289,
          "Actual Loops": 1,
          "Output": ["n.name"],
          "Inner Unique": true,
          "Plans": [
            {
              "Node Type": "Nested Loop",
              "Parent Relationship": "Outer",
              "Parallel Aware": false,
              "Async Capable": false,
              "Join Type": "Inner",
              "Startup Cost": 8.50,
              "Total Cost": 3979.46,
              "Plan Rows": 1272,
              "Plan Width": 4,
              "Actual Startup Time": 5.115,
              "Actual Total Time": 2672.749,
              "Actual Rows": 2832555,
              "Actual Loops": 1,
              "Output": ["ci.person_id"],
              "Inner Unique": false,
              "Join Filter": "(t.id = ci.movie_id)",
              "Rows Removed by Join Filter": 0,
              "Plans": [
                {
                  "Node Type": "Nested Loop",
                  "Parent Relationship": "Outer",
                  "Parallel Aware": false,
                  "Async Capable": false,
                  "Join Type": "Inner",
                  "Startup Cost": 8.06,
                  "Total Cost": 3861.97,
                  "Plan Rows": 64,
                  "Plan Width": 12,
                  "Actual Startup Time": 4.889,
                  "Actual Total Time": 718.447,
                  "Actual Rows": 68316,
                  "Actual Loops": 1,
                  "Output": ["mc.movie_id", "mk.movie_id", "t.id"],
                  "Inner Unique": true,
                  "Plans": [
                    {
                      "Node Type": "Nested Loop",
                      "Parent Relationship": "Outer",
                      "Parallel Aware": false,
                      "Async Capable": false,
                      "Join Type": "Inner",
                      "Startup Cost": 7.64,
                      "Total Cost": 3783.04,
                      "Plan Rows": 177,
                      "Plan Width": 16,
                      "Actual Startup Time": 4.864,
                      "Actual Total Time": 370.842,
                      "Actual Rows": 148552,
                      "Actual Loops": 1,
                      "Output": ["mk.movie_id", "mc.movie_id", "mc.company_id", "t.id"],
                      "Inner Unique": false,
                      "Join Filter": "(t.id = mc.movie_id)",
                      "Rows Removed by Join Filter": 0,
                      "Plans": [
                        {
                          "Node Type": "Nested Loop",
                          "Parent Relationship": "Outer",
                          "Parallel Aware": false,
                          "Async Capable": false,
                          "Join Type": "Inner",
                          "Startup Cost": 7.21,
                          "Total Cost": 3762.60,
                          "Plan Rows": 34,
                          "Plan Width": 8,
                          "Actual Startup Time": 4.832,
                          "Actual Total Time": 193.552,
                          "Actual Rows": 41840,
                          "Actual Loops": 1,
                          "Output": ["mk.movie_id", "t.id"],
                          "Inner Unique": true,
                          "Plans": [
                            {
                              "Node Type": "Nested Loop",
                              "Parent Relationship": "Outer",
                              "Parallel Aware": false,
                              "Async Capable": false,
                              "Join Type": "Inner",
                              "Startup Cost": 6.78,
                              "Total Cost": 3747.04,
                              "Plan Rows": 34,
                              "Plan Width": 4,
                              "Actual Startup Time": 4.819,
                              "Actual Total Time": 85.056,
                              "Actual Rows": 41840,
                              "Actual Loops": 1,
                              "Output": ["mk.movie_id"],
                              "Inner Unique": false,
                              "Plans": [
                                {
                                  "Node Type": "Seq Scan",
                                  "Parent Relationship": "Outer",
                                  "Parallel Aware": false,
                                  "Async Capable": false,
                                  "Relation Name": "keyword",
                                  "Schema": "public",
                                  "Alias": "k",
                                  "Startup Cost": 0.00,
                                  "Total Cost": 2626.12,
                                  "Plan Rows": 1,
                                  "Plan Width": 4,
                                  "Actual Startup Time": 0.535,
                                  "Actual Total Time": 12.784,
                                  "Actual Rows": 1,
                                  "Actual Loops": 1,
                                  "Output": ["k.id", "k.keyword", "k.phonetic_code"],
                                  "Filter": "((k.keyword)::text = 'character-name-in-title'::text)",
                                  "Rows Removed by Filter": 134169
                                },
                                {
                                  "Node Type": "Bitmap Heap Scan",
                                  "Parent Relationship": "Inner",
                                  "Parallel Aware": false,
                                  "Async Capable": false,
                                  "Relation Name": "movie_keyword",
                                  "Schema": "public",
                                  "Alias": "mk",
                                  "Startup Cost": 6.78,
                                  "Total Cost": 1117.89,
                                  "Plan Rows": 303,
                                  "Plan Width": 8,
                                  "Actual Startup Time": 4.282,
                                  "Actual Total Time": 67.411,
                                  "Actual Rows": 41840,
                                  "Actual Loops": 1,
                                  "Output": ["mk.id", "mk.movie_id", "mk.keyword_id"],
                                  "Recheck Cond": "(mk.keyword_id = k.id)",
                                  "Rows Removed by Index Recheck": 0,
                                  "Exact Heap Blocks": 11541,
                                  "Lossy Heap Blocks": 0,
                                  "Plans": [
                                    {
                                      "Node Type": "Bitmap Index Scan",
                                      "Parent Relationship": "Outer",
                                      "Parallel Aware": false,
                                      "Async Capable": false,
                                      "Index Name": "keyword_id_movie_keyword",
                                      "Startup Cost": 0.00,
                                      "Total Cost": 6.71,
                                      "Plan Rows": 303,
                                      "Plan Width": 0,
                                      "Actual Startup Time": 2.480,
                                      "Actual Total Time": 2.480,
                                      "Actual Rows": 41840,
                                      "Actual Loops": 1,
                                      "Index Cond": "(mk.keyword_id = k.id)"
                                    }
                                  ]
                                }
                              ]
                            },
                            {
                              "Node Type": "Index Only Scan",
                              "Parent Relationship": "Inner",
                              "Parallel Aware": false,
                              "Async Capable": false,
                              "Scan Direction": "Forward",
                              "Index Name": "title_pkey",
                              "Relation Name": "title",
                              "Schema": "public",
                              "Alias": "t",
                              "Startup Cost": 0.43,
                              "Total Cost": 0.46,
                              "Plan Rows": 1,
                              "Plan Width": 4,
                              "Actual Startup Time": 0.002,
                              "Actual Total Time": 0.002,
                              "Actual Rows": 1,
                              "Actual Loops": 41840,
                              "Output": ["t.id"],
                              "Index Cond": "(t.id = mk.movie_id)",
                              "Rows Removed by Index Recheck": 0,
                              "Heap Fetches": 1977
                            }
                          ]
                        },
                        {
                          "Node Type": "Index Scan",
                          "Parent Relationship": "Inner",
                          "Parallel Aware": false,
                          "Async Capable": false,
                          "Scan Direction": "Forward",
                          "Index Name": "movie_id_movie_companies",
                          "Relation Name": "movie_companies",
                          "Schema": "public",
                          "Alias": "mc",
                          "Startup Cost": 0.43,
                          "Total Cost": 0.54,
                          "Plan Rows": 5,
                          "Plan Width": 8,
                          "Actual Startup Time": 0.002,
                          "Actual Total Time": 0.003,
                          "Actual Rows": 4,
                          "Actual Loops": 41840,
                          "Output": ["mc.id", "mc.movie_id", "mc.company_id", "mc.company_type_id", "mc.note"],
                          "Index Cond": "(mc.movie_id = mk.movie_id)",
                          "Rows Removed by Index Recheck": 0
                        }
                      ]
                    },
                    {
                      "Node Type": "Index Scan",
                      "Parent Relationship": "Inner",
                      "Parallel Aware": false,
                      "Async Capable": false,
                      "Scan Direction": "Forward",
                      "Index Name": "company_name_pkey",
                      "Relation Name": "company_name",
                      "Schema": "public",
                      "Alias": "cn",
                      "Startup Cost": 0.42,
                      "Total Cost": 0.45,
                      "Plan Rows": 1,
                      "Plan Width": 4,
                      "Actual Startup Time": 0.002,
                      "Actual Total Time": 0.002,
                      "Actual Rows": 0,
                      "Actual Loops": 148552,
                      "Output": ["cn.id", "cn.name", "cn.country_code", "cn.imdb_id", "cn.name_pcode_nf", "cn.name_pcode_sf", "cn.md5sum"],
                      "Index Cond": "(cn.id = mc.company_id)",
                      "Rows Removed by Index Recheck": 0,
                      "Filter": "((cn.country_code)::text = '[us]'::text)",
                      "Rows Removed by Filter": 1
                    }
                  ]
                },
                {
                  "Node Type": "Index Scan",
                  "Parent Relationship": "Inner",
                  "Parallel Aware": false,
                  "Async Capable": false,
                  "Scan Direction": "Forward",
                  "Index Name": "movie_id_cast_info",
                  "Relation Name": "cast_info",
                  "Schema": "public",
                  "Alias": "ci",
                  "Startup Cost": 0.44,
                  "Total Cost": 1.36,
                  "Plan Rows": 38,
                  "Plan Width": 8,
                  "Actual Startup Time": 0.002,
                  "Actual Total Time": 0.023,
                  "Actual Rows": 41,
                  "Actual Loops": 68316,
                  "Output": ["ci.id", "ci.person_id", "ci.movie_id", "ci.person_role_id", "ci.note", "ci.nr_order", "ci.role_id"],
                  "Index Cond": "(ci.movie_id = mk.movie_id)",
                  "Rows Removed by Index Recheck": 0
                }
              ]
            },
            {
              "Node Type": "Index Scan",
              "Parent Relationship": "Inner",
              "Parallel Aware": false,
              "Async Capable": false,
              "Scan Direction": "Forward",
              "Index Name": "name_pkey",
              "Relation Name": "name",
              "Schema": "public",
              "Alias": "n",
              "Startup Cost": 0.43,
              "Total Cost": 0.46,
              "Plan Rows": 1,
              "Plan Width": 19,
              "Actual Startup Time": 0.002,
              "Actual Total Time": 0.002,
              "Actual Rows": 0,
              "Actual Loops": 2832555,
              "Output": ["n.id", "n.name", "n.imdb_index", "n.imdb_id", "n.gender", "n.name_pcode_cf", "n.name_pcode_nf", "n.surname_pcode", "n.md5sum"],
              "Index Cond": "(n.id = ci.person_id)",
              "Rows Removed by Index Recheck": 0,
              "Filter": "((n.name)::text ~~ 'B%'::text)",
              "Rows Removed by Filter": 1
            }
          ]
        }
      ]
    },
    "Planning Time": 3.356,
    "Triggers": [
    ],
    "Execution Time": 8688.298
  }
]
