[
  {
    "Plan": {
      "Node Type": "Aggregate",
      "Strategy": "Plain",
      "Partial Mode": "Simple",
      "Parallel Aware": false,
      "Async Capable": false,
      "Startup Cost": 4420.90,
      "Total Cost": 4420.91,
      "Plan Rows": 1,
      "Plan Width": 64,
      "Actual Startup Time": 4667.656,
      "Actual Total Time": 4667.659,
      "Actual Rows": 1,
      "Actual Loops": 1,
      "Output": ["min((n.name)::text)", "min((n.name)::text)"],
      "Plans": [
        {
          "Node Type": "Nested Loop",
          "Parent Relationship": "Outer",
          "Parallel Aware": false,
          "Async Capable": false,
          "Join Type": "Inner",
          "Startup Cost": 8.93,
          "Total Cost": 4420.81,
          "Plan Rows": 35,
          "Plan Width": 15,
          "Actual Startup Time": 6.754,
          "Actual Total Time": 4661.063,
          "Actual Rows": 52306,
          "Actual Loops": 1,
          "Output": ["n.name"],
          "Inner Unique": true,
          "Plans": [
            {
              "Node Type": "Nested Loop",
              "Parent Relationship": "Outer",
              "Parallel Aware": false,
              "Async Capable": false,
              "Join Type": "Inner",
              "Startup Cost": 8.51,
              "Total Cost": 4405.45,
              "Plan Rows": 35,
              "Plan Width": 19,
              "Actual Startup Time": 6.749,
              "Actual Total Time": 4570.887,
              "Actual Rows": 52306,
              "Actual Loops": 1,
              "Output": ["mc.company_id", "n.name"],
              "Inner Unique": false,
              "Plans": [
                {
                  "Node Type": "Nested Loop",
                  "Parent Relationship": "Outer",
                  "Parallel Aware": false,
                  "Async Capable": false,
                  "Join Type": "Inner",
                  "Startup Cost": 8.08,
                  "Total Cost": 4398.04,
                  "Plan Rows": 13,
                  "Plan Width": 27,
                  "Actual Startup Time": 6.733,
                  "Actual Total Time": 4517.710,
                  "Actual Rows": 6642,
                  "Actual Loops": 1,
                  "Output": ["ci.movie_id", "mk.movie_id", "n.name", "t.id"],
                  "Inner Unique": true,
                  "Plans": [
                    {
                      "Node Type": "Nested Loop",
                      "Parent Relationship": "Outer",
                      "Parallel Aware": false,
                      "Async Capable": false,
                      "Join Type": "Inner",
                      "Startup Cost": 7.65,
                      "Total Cost": 4392.20,
                      "Plan Rows": 13,
                      "Plan Width": 23,
                      "Actual Startup Time": 6.719,
                      "Actual Total Time": 4482.108,
                      "Actual Rows": 6642,
                      "Actual Loops": 1,
                      "Output": ["ci.movie_id", "mk.movie_id", "n.name"],
                      "Inner Unique": true,
                      "Plans": [
                        {
                          "Node Type": "Nested Loop",
                          "Parent Relationship": "Outer",
                          "Parallel Aware": false,
                          "Async Capable": false,
                          "Join Type": "Inner",
                          "Startup Cost": 7.22,
                          "Total Cost": 3806.23,
                          "Plan Rows": 1280,
                          "Plan Width": 12,
                          "Actual Startup Time": 4.897,
                          "Actual Total Time": 1371.417,
                          "Actual Rows": 1038393,
                          "Actual Loops": 1,
                          "Output": ["ci.person_id", "ci.movie_id", "mk.movie_id"],
                          "Inner Unique": false,
                          "Plans": [
                            {
                              "Node Type": "Nested Loop",
                              "Parent Relationship": "Outer",
                              "Parallel Aware": false,
                              "Async Capable": false,
                              "Join Type": "Inner",
                              "Startup Cost": 6.78,
                              "Total Cost": 3747.04,
                              "Plan Rows": 34,
                              "Plan Width": 4,
                              "Actual Startup Time": 4.884,
                              "Actual Total Time": 82.035,
                              "Actual Rows": 41840,
                              "Actual Loops": 1,
                              "Output": ["mk.movie_id"],
                              "Inner Unique": false,
                              "Plans": [
                                {
                                  "Node Type": "Seq Scan",
                                  "Parent Relationship": "Outer",
                                  "Parallel Aware": false,
                                  "Async Capable": false,
                                  "Relation Name": "keyword",
                                  "Schema": "public",
                                  "Alias": "k",
                                  "Startup Cost": 0.00,
                                  "Total Cost": 2626.12,
                                  "Plan Rows": 1,
                                  "Plan Width": 4,
                                  "Actual Startup Time": 0.537,
                                  "Actual Total Time": 12.473,
                                  "Actual Rows": 1,
                                  "Actual Loops": 1,
                                  "Output": ["k.id", "k.keyword", "k.phonetic_code"],
                                  "Filter": "((k.keyword)::text = 'character-name-in-title'::text)",
                                  "Rows Removed by Filter": 134169
                                },
                                {
                                  "Node Type": "Bitmap Heap Scan",
                                  "Parent Relationship": "Inner",
                                  "Parallel Aware": false,
                                  "Async Capable": false,
                                  "Relation Name": "movie_keyword",
                                  "Schema": "public",
                                  "Alias": "mk",
                                  "Startup Cost": 6.78,
                                  "Total Cost": 1117.89,
                                  "Plan Rows": 303,
                                  "Plan Width": 8,
                                  "Actual Startup Time": 4.345,
                                  "Actual Total Time": 64.494,
                                  "Actual Rows": 41840,
                                  "Actual Loops": 1,
                                  "Output": ["mk.id", "mk.movie_id", "mk.keyword_id"],
                                  "Recheck Cond": "(mk.keyword_id = k.id)",
                                  "Rows Removed by Index Recheck": 0,
                                  "Exact Heap Blocks": 11541,
                                  "Lossy Heap Blocks": 0,
                                  "Plans": [
                                    {
                                      "Node Type": "Bitmap Index Scan",
                                      "Parent Relationship": "Outer",
                                      "Parallel Aware": false,
                                      "Async Capable": false,
                                      "Index Name": "keyword_id_movie_keyword",
                                      "Startup Cost": 0.00,
                                      "Total Cost": 6.71,
                                      "Plan Rows": 303,
                                      "Plan Width": 0,
                                      "Actual Startup Time": 2.454,
                                      "Actual Total Time": 2.455,
                                      "Actual Rows": 41840,
                                      "Actual Loops": 1,
                                      "Index Cond": "(mk.keyword_id = k.id)"
                                    }
                                  ]
                                }
                              ]
                            },
                            {
                              "Node Type": "Index Scan",
                              "Parent Relationship": "Inner",
                              "Parallel Aware": false,
                              "Async Capable": false,
                              "Scan Direction": "Forward",
                              "Index Name": "movie_id_cast_info",
                              "Relation Name": "cast_info",
                              "Schema": "public",
                              "Alias": "ci",
                              "Startup Cost": 0.44,
                              "Total Cost": 1.36,
                              "Plan Rows": 38,
                              "Plan Width": 8,
                              "Actual Startup Time": 0.003,
                              "Actual Total Time": 0.028,
                              "Actual Rows": 25,
                              "Actual Loops": 41840,
                              "Output": ["ci.id", "ci.person_id", "ci.movie_id", "ci.person_role_id", "ci.note", "ci.nr_order", "ci.role_id"],
                              "Index Cond": "(ci.movie_id = mk.movie_id)",
                              "Rows Removed by Index Recheck": 0
                            }
                          ]
                        },
                        {
                          "Node Type": "Index Scan",
                          "Parent Relationship": "Inner",
                          "Parallel Aware": false,
                          "Async Capable": false,
                          "Scan Direction": "Forward",
                          "Index Name": "name_pkey",
                          "Relation Name": "name",
                          "Schema": "public",
                          "Alias": "n",
                          "Startup Cost": 0.43,
                          "Total Cost": 0.46,
                          "Plan Rows": 1,
                          "Plan Width": 19,
                          "Actual Startup Time": 0.003,
                          "Actual Total Time": 0.003,
                          "Actual Rows": 0,
                          "Actual Loops": 1038393,
                          "Output": ["n.id", "n.name", "n.imdb_index", "n.imdb_id", "n.gender", "n.name_pcode_cf", "n.name_pcode_nf", "n.surname_pcode", "n.md5sum"],
                          "Index Cond": "(n.id = ci.person_id)",
                          "Rows Removed by Index Recheck": 0,
                          "Filter": "((n.name)::text ~~ 'Z%'::text)",
                          "Rows Removed by Filter": 1
                        }
                      ]
                    },
                    {
                      "Node Type": "Index Only Scan",
                      "Parent Relationship": "Inner",
                      "Parallel Aware": false,
                      "Async Capable": false,
                      "Scan Direction": "Forward",
                      "Index Name": "title_pkey",
                      "Relation Name": "title",
                      "Schema": "public",
                      "Alias": "t",
                      "Startup Cost": 0.43,
                      "Total Cost": 0.45,
                      "Plan Rows": 1,
                      "Plan Width": 4,
                      "Actual Startup Time": 0.005,
                      "Actual Total Time": 0.005,
                      "Actual Rows": 1,
                      "Actual Loops": 6642,
                      "Output": ["t.id"],
                      "Index Cond": "(t.id = ci.movie_id)",
                      "Rows Removed by Index Recheck": 0,
                      "Heap Fetches": 300
                    }
                  ]
                },
                {
                  "Node Type": "Index Scan",
                  "Parent Relationship": "Inner",
                  "Parallel Aware": false,
                  "Async Capable": false,
                  "Scan Direction": "Forward",
                  "Index Name": "movie_id_movie_companies",
                  "Relation Name": "movie_companies",
                  "Schema": "public",
                  "Alias": "mc",
                  "Startup Cost": 0.43,
                  "Total Cost": 0.52,
                  "Plan Rows": 5,
                  "Plan Width": 8,
                  "Actual Startup Time": 0.004,
                  "Actual Total Time": 0.007,
                  "Actual Rows": 8,
                  "Actual Loops": 6642,
                  "Output": ["mc.id", "mc.movie_id", "mc.company_id", "mc.company_type_id", "mc.note"],
                  "Index Cond": "(mc.movie_id = ci.movie_id)",
                  "Rows Removed by Index Recheck": 0
                }
              ]
            },
            {
              "Node Type": "Index Only Scan",
              "Parent Relationship": "Inner",
              "Parallel Aware": false,
              "Async Capable": false,
              "Scan Direction": "Forward",
              "Index Name": "company_name_pkey",
              "Relation Name": "company_name",
              "Schema": "public",
              "Alias": "cn",
              "Startup Cost": 0.42,
              "Total Cost": 0.44,
              "Plan Rows": 1,
              "Plan Width": 4,
              "Actual Startup Time": 0.001,
              "Actual Total Time": 0.001,
              "Actual Rows": 1,
              "Actual Loops": 52306,
              "Output": ["cn.id"],
              "Index Cond": "(cn.id = mc.company_id)",
              "Rows Removed by Index Recheck": 0,
              "Heap Fetches": 0
            }
          ]
        }
      ]
    },
    "Planning Time": 3.296,
    "Triggers": [
    ],
    "Execution Time": 4667.719
  }
]
