[
  {
    "Plan": {
      "Node Type": "Aggregate",
      "Strategy": "Plain",
      "Partial Mode": "Simple",
      "Parallel Aware": false,
      "Async Capable": false,
      "Startup Cost": 55509.10,
      "Total Cost": 55509.11,
      "Plan Rows": 1,
      "Plan Width": 96,
      "Actual Startup Time": 3174.418,
      "Actual Total Time": 3276.288,
      "Actual Rows": 1,
      "Actual Loops": 1,
      "Output": ["min((mi.info)::text)", "min((mi_idx.info)::text)", "min((t.title)::text)"],
      "Plans": [
        {
          "Node Type": "Nested Loop",
          "Parent Relationship": "Outer",
          "Parallel Aware": false,
          "Async Capable": false,
          "Join Type": "Inner",
          "Startup Cost": 1006.58,
          "Total Cost": 55509.09,
          "Plan Rows": 1,
          "Plan Width": 66,
          "Actual Startup Time": 26.050,
          "Actual Total Time": 3275.993,
          "Actual Rows": 410,
          "Actual Loops": 1,
          "Output": ["mi.info", "mi_idx.info", "t.title"],
          "Inner Unique": true,
          "Plans": [
            {
              "Node Type": "Gather",
              "Parent Relationship": "Outer",
              "Parallel Aware": false,
              "Async Capable": false,
              "Startup Cost": 1006.15,
              "Total Cost": 55508.63,
              "Plan Rows": 1,
              "Plan Width": 61,
              "Actual Startup Time": 26.030,
              "Actual Total Time": 3271.152,
              "Actual Rows": 410,
              "Actual Loops": 1,
              "Output": ["ci.movie_id", "mi.info", "mi.movie_id", "mi_idx.info", "mi_idx.movie_id"],
              "Workers Planned": 2,
              "Workers Launched": 2,
              "Single Copy": false,
              "Plans": [
                {
                  "Node Type": "Nested Loop",
                  "Parent Relationship": "Outer",
                  "Parallel Aware": false,
                  "Async Capable": false,
                  "Join Type": "Inner",
                  "Startup Cost": 6.16,
                  "Total Cost": 54508.53,
                  "Plan Rows": 1,
                  "Plan Width": 61,
                  "Actual Startup Time": 295.412,
                  "Actual Total Time": 3165.877,
                  "Actual Rows": 137,
                  "Actual Loops": 3,
                  "Output": ["ci.movie_id", "mi.info", "mi.movie_id", "mi_idx.info", "mi_idx.movie_id"],
                  "Inner Unique": true,
                  "Workers": [
                    {
                      "Worker Number": 0,
                      "Actual Startup Time": 190.540,
                      "Actual Total Time": 3165.055,
                      "Actual Rows": 139,
                      "Actual Loops": 1
                    },
                    {
                      "Worker Number": 1,
                      "Actual Startup Time": 669.970,
                      "Actual Total Time": 3163.781,
                      "Actual Rows": 124,
                      "Actual Loops": 1
                    }
                  ],
                  "Plans": [
                    {
                      "Node Type": "Nested Loop",
                      "Parent Relationship": "Outer",
                      "Parallel Aware": false,
                      "Async Capable": false,
                      "Join Type": "Inner",
                      "Startup Cost": 5.73,
                      "Total Cost": 52233.74,
                      "Plan Rows": 3518,
                      "Plan Width": 65,
                      "Actual Startup Time": 3.195,
                      "Actual Total Time": 2935.416,
                      "Actual Rows": 35780,
                      "Actual Loops": 3,
                      "Output": ["ci.movie_id", "ci.person_id", "mi.info", "mi.movie_id", "mi_idx.info", "mi_idx.movie_id"],
                      "Inner Unique": false,
                      "Workers": [
                        {
                          "Worker Number": 0,
                          "Actual Startup Time": 7.597,
                          "Actual Total Time": 2932.019,
                          "Actual Rows": 33360,
                          "Actual Loops": 1
                        },
                        {
                          "Worker Number": 1,
                          "Actual Startup Time": 1.897,
                          "Actual Total Time": 2926.038,
                          "Actual Rows": 33857,
                          "Actual Loops": 1
                        }
                      ],
                      "Plans": [
                        {
                          "Node Type": "Hash Join",
                          "Parent Relationship": "Outer",
                          "Parallel Aware": false,
                          "Async Capable": false,
                          "Join Type": "Inner",
                          "Startup Cost": 5.29,
                          "Total Cost": 39384.97,
                          "Plan Rows": 1461,
                          "Plan Width": 57,
                          "Actual Startup Time": 0.981,
                          "Actual Total Time": 1786.275,
                          "Actual Rows": 15144,
                          "Actual Loops": 3,
                          "Output": ["mi.info", "mi.movie_id", "mi_idx.info", "mi_idx.movie_id"],
                          "Inner Unique": true,
                          "Hash Cond": "(mi.info_type_id = it1.id)",
                          "Workers": [
                            {
                              "Worker Number": 0,
                              "Actual Startup Time": 1.051,
                              "Actual Total Time": 1732.730,
                              "Actual Rows": 14184,
                              "Actual Loops": 1
                            },
                            {
                              "Worker Number": 1,
                              "Actual Startup Time": 1.814,
                              "Actual Total Time": 1720.217,
                              "Actual Rows": 14283,
                              "Actual Loops": 1
                            }
                          ],
                          "Plans": [
                            {
                              "Node Type": "Nested Loop",
                              "Parent Relationship": "Outer",
                              "Parallel Aware": false,
                              "Async Capable": false,
                              "Join Type": "Inner",
                              "Startup Cost": 2.86,
                              "Total Cost": 38933.01,
                              "Plan Rows": 165058,
                              "Plan Width": 61,
                              "Actual Startup Time": 0.161,
                              "Actual Total Time": 1639.548,
                              "Actual Rows": 2310111,
                              "Actual Loops": 3,
                              "Output": ["mi_idx.info", "mi_idx.movie_id", "mi.info", "mi.movie_id", "mi.info_type_id"],
                              "Inner Unique": false,
                              "Workers": [
                                {
                                  "Worker Number": 0,
                                  "Actual Startup Time": 0.153,
                                  "Actual Total Time": 1593.779,
                                  "Actual Rows": 2173992,
                                  "Actual Loops": 1
                                },
                                {
                                  "Worker Number": 1,
                                  "Actual Startup Time": 0.293,
                                  "Actual Total Time": 1582.565,
                                  "Actual Rows": 2147091,
                                  "Actual Loops": 1
                                }
                              ],
                              "Plans": [
                                {
                                  "Node Type": "Hash Join",
                                  "Parent Relationship": "Outer",
                                  "Parallel Aware": false,
                                  "Async Capable": false,
                                  "Join Type": "Inner",
                                  "Startup Cost": 2.43,
                                  "Total Cost": 15253.60,
                                  "Plan Rows": 5089,
                                  "Plan Width": 10,
                                  "Actual Startup Time": 0.070,
                                  "Actual Total Time": 113.513,
                                  "Actual Rows": 153308,
                                  "Actual Loops": 3,
                                  "Output": ["mi_idx.info", "mi_idx.movie_id"],
                                  "Inner Unique": true,
                                  "Hash Cond": "(mi_idx.info_type_id = it2.id)",
                                  "Workers": [
                                    {
                                      "Worker Number": 0,
                                      "Actual Startup Time": 0.057,
                                      "Actual Total Time": 110.375,
                                      "Actual Rows": 145285,
                                      "Actual Loops": 1
                                    },
                                    {
                                      "Worker Number": 1,
                                      "Actual Startup Time": 0.131,
                                      "Actual Total Time": 108.963,
                                      "Actual Rows": 142637,
                                      "Actual Loops": 1
                                    }
                                  ],
                                  "Plans": [
                                    {
                                      "Node Type": "Seq Scan",
                                      "Parent Relationship": "Outer",
                                      "Parallel Aware": true,
                                      "Async Capable": false,
                                      "Relation Name": "movie_info_idx",
                                      "Schema": "public",
                                      "Alias": "mi_idx",
                                      "Startup Cost": 0.00,
                                      "Total Cost": 13685.15,
                                      "Plan Rows": 575015,
                                      "Plan Width": 14,
                                      "Actual Startup Time": 0.029,
                                      "Actual Total Time": 45.815,
                                      "Actual Rows": 460012,
                                      "Actual Loops": 3,
                                      "Output": ["mi_idx.id", "mi_idx.movie_id", "mi_idx.info_type_id", "mi_idx.info", "mi_idx.note"],
                                      "Workers": [
                                        {
                                          "Worker Number": 0,
                                          "Actual Startup Time": 0.024,
                                          "Actual Total Time": 45.637,
                                          "Actual Rows": 435964,
                                          "Actual Loops": 1
                                        },
                                        {
                                          "Worker Number": 1,
                                          "Actual Startup Time": 0.056,
                                          "Actual Total Time": 44.968,
                                          "Actual Rows": 427880,
                                          "Actual Loops": 1
                                        }
                                      ]
                                    },
                                    {
                                      "Node Type": "Hash",
                                      "Parent Relationship": "Inner",
                                      "Parallel Aware": false,
                                      "Async Capable": false,
                                      "Startup Cost": 2.41,
                                      "Total Cost": 2.41,
                                      "Plan Rows": 1,
                                      "Plan Width": 4,
                                      "Actual Startup Time": 0.022,
                                      "Actual Total Time": 0.023,
                                      "Actual Rows": 1,
                                      "Actual Loops": 3,
                                      "Output": ["it2.id"],
                                      "Hash Buckets": 1024,
                                      "Original Hash Buckets": 1024,
                                      "Hash Batches": 1,
                                      "Original Hash Batches": 1,
                                      "Peak Memory Usage": 9,
                                      "Workers": [
                                        {
                                          "Worker Number": 0,
                                          "Actual Startup Time": 0.016,
                                          "Actual Total Time": 0.017,
                                          "Actual Rows": 1,
                                          "Actual Loops": 1
                                        },
                                        {
                                          "Worker Number": 1,
                                          "Actual Startup Time": 0.039,
                                          "Actual Total Time": 0.040,
                                          "Actual Rows": 1,
                                          "Actual Loops": 1
                                        }
                                      ],
                                      "Plans": [
                                        {
                                          "Node Type": "Seq Scan",
                                          "Parent Relationship": "Outer",
                                          "Parallel Aware": false,
                                          "Async Capable": false,
                                          "Relation Name": "info_type",
                                          "Schema": "public",
                                          "Alias": "it2",
                                          "Startup Cost": 0.00,
                                          "Total Cost": 2.41,
                                          "Plan Rows": 1,
                                          "Plan Width": 4,
                                          "Actual Startup Time": 0.016,
                                          "Actual Total Time": 0.018,
                                          "Actual Rows": 1,
                                          "Actual Loops": 3,
                                          "Output": ["it2.id"],
                                          "Filter": "((it2.info)::text = 'votes'::text)",
                                          "Rows Removed by Filter": 112,
                                          "Workers": [
                                            {
                                              "Worker Number": 0,
                                              "Actual Startup Time": 0.011,
                                              "Actual Total Time": 0.012,
                                              "Actual Rows": 1,
                                              "Actual Loops": 1
                                            },
                                            {
                                              "Worker Number": 1,
                                              "Actual Startup Time": 0.027,
                                              "Actual Total Time": 0.031,
                                              "Actual Rows": 1,
                                              "Actual Loops": 1
                                            }
                                          ]
                                        }
                                      ]
                                    }
                                  ]
                                },
                                {
                                  "Node Type": "Index Scan",
                                  "Parent Relationship": "Inner",
                                  "Parallel Aware": false,
                                  "Async Capable": false,
                                  "Scan Direction": "Forward",
                                  "Index Name": "movie_id_movie_info",
                                  "Relation Name": "movie_info",
                                  "Schema": "public",
                                  "Alias": "mi",
                                  "Startup Cost": 0.43,
                                  "Total Cost": 4.25,
                                  "Plan Rows": 40,
                                  "Plan Width": 51,
                                  "Actual Startup Time": 0.002,
                                  "Actual Total Time": 0.008,
                                  "Actual Rows": 15,
                                  "Actual Loops": 459925,
                                  "Output": ["mi.id", "mi.movie_id", "mi.info_type_id", "mi.info", "mi.note"],
                                  "Index Cond": "(mi.movie_id = mi_idx.movie_id)",
                                  "Rows Removed by Index Recheck": 0,
                                  "Workers": [
                                    {
                                      "Worker Number": 0,
                                      "Actual Startup Time": 0.002,
                                      "Actual Total Time": 0.008,
                                      "Actual Rows": 15,
                                      "Actual Loops": 145285
                                    },
                                    {
                                      "Worker Number": 1,
                                      "Actual Startup Time": 0.002,
                                      "Actual Total Time": 0.008,
                                      "Actual Rows": 15,
                                      "Actual Loops": 142637
                                    }
                                  ]
                                }
                              ]
                            },
                            {
                              "Node Type": "Hash",
                              "Parent Relationship": "Inner",
                              "Parallel Aware": false,
                              "Async Capable": false,
                              "Startup Cost": 2.41,
                              "Total Cost": 2.41,
                              "Plan Rows": 1,
                              "Plan Width": 4,
                              "Actual Startup Time": 0.065,
                              "Actual Total Time": 0.065,
                              "Actual Rows": 1,
                              "Actual Loops": 3,
                              "Output": ["it1.id"],
                              "Hash Buckets": 1024,
                              "Original Hash Buckets": 1024,
                              "Hash Batches": 1,
                              "Original Hash Batches": 1,
                              "Peak Memory Usage": 9,
                              "Workers": [
                                {
                                  "Worker Number": 0,
                                  "Actual Startup Time": 0.047,
                                  "Actual Total Time": 0.048,
                                  "Actual Rows": 1,
                                  "Actual Loops": 1
                                },
                                {
                                  "Worker Number": 1,
                                  "Actual Startup Time": 0.128,
                                  "Actual Total Time": 0.129,
                                  "Actual Rows": 1,
                                  "Actual Loops": 1
                                }
                              ],
                              "Plans": [
                                {
                                  "Node Type": "Seq Scan",
                                  "Parent Relationship": "Outer",
                                  "Parallel Aware": false,
                                  "Async Capable": false,
                                  "Relation Name": "info_type",
                                  "Schema": "public",
                                  "Alias": "it1",
                                  "Startup Cost": 0.00,
                                  "Total Cost": 2.41,
                                  "Plan Rows": 1,
                                  "Plan Width": 4,
                                  "Actual Startup Time": 0.057,
                                  "Actual Total Time": 0.060,
                                  "Actual Rows": 1,
                                  "Actual Loops": 3,
                                  "Output": ["it1.id"],
                                  "Filter": "((it1.info)::text = 'budget'::text)",
                                  "Rows Removed by Filter": 112,
                                  "Workers": [
                                    {
                                      "Worker Number": 0,
                                      "Actual Startup Time": 0.040,
                                      "Actual Total Time": 0.042,
                                      "Actual Rows": 1,
                                      "Actual Loops": 1
                                    },
                                    {
                                      "Worker Number": 1,
                                      "Actual Startup Time": 0.117,
                                      "Actual Total Time": 0.120,
                                      "Actual Rows": 1,
                                      "Actual Loops": 1
                                    }
                                  ]
                                }
                              ]
                            }
                          ]
                        },
                        {
                          "Node Type": "Index Scan",
                          "Parent Relationship": "Inner",
                          "Parallel Aware": false,
                          "Async Capable": false,
                          "Scan Direction": "Forward",
                          "Index Name": "movie_id_cast_info",
                          "Relation Name": "cast_info",
                          "Schema": "public",
                          "Alias": "ci",
                          "Startup Cost": 0.44,
                          "Total Cost": 8.77,
                          "Plan Rows": 2,
                          "Plan Width": 8,
                          "Actual Startup Time": 0.045,
                          "Actual Total Time": 0.075,
                          "Actual Rows": 2,
                          "Actual Loops": 45431,
                          "Output": ["ci.id", "ci.person_id", "ci.movie_id", "ci.person_role_id", "ci.note", "ci.nr_order", "ci.role_id"],
                          "Index Cond": "(ci.movie_id = mi.movie_id)",
                          "Rows Removed by Index Recheck": 0,
                          "Filter": "((ci.note)::text = ANY ('{(producer),\"(executive producer)\"}'::text[]))",
                          "Rows Removed by Filter": 38,
                          "Workers": [
                            {
                              "Worker Number": 0,
                              "Actual Startup Time": 0.051,
                              "Actual Total Time": 0.084,
                              "Actual Rows": 2,
                              "Actual Loops": 14184
                            },
                            {
                              "Worker Number": 1,
                              "Actual Startup Time": 0.050,
                              "Actual Total Time": 0.084,
                              "Actual Rows": 2,
                              "Actual Loops": 14283
                            }
                          ]
                        }
                      ]
                    },
                    {
                      "Node Type": "Index Scan",
                      "Parent Relationship": "Inner",
                      "Parallel Aware": false,
                      "Async Capable": false,
                      "Scan Direction": "Forward",
                      "Index Name": "name_pkey",
                      "Relation Name": "name",
                      "Schema": "public",
                      "Alias": "n",
                      "Startup Cost": 0.43,
                      "Total Cost": 0.65,
                      "Plan Rows": 1,
                      "Plan Width": 4,
                      "Actual Startup Time": 0.006,
                      "Actual Total Time": 0.006,
                      "Actual Rows": 0,
                      "Actual Loops": 107339,
                      "Output": ["n.id", "n.name", "n.imdb_index", "n.imdb_id", "n.gender", "n.name_pcode_cf", "n.name_pcode_nf", "n.surname_pcode", "n.md5sum"],
                      "Index Cond": "(n.id = ci.person_id)",
                      "Rows Removed by Index Recheck": 0,
                      "Filter": "(((n.name)::text ~~ '%Tim%'::text) AND ((n.gender)::text = 'm'::text))",
                      "Rows Removed by Filter": 1,
                      "Workers": [
                        {
                          "Worker Number": 0,
                          "Actual Startup Time": 0.007,
                          "Actual Total Time": 0.007,
                          "Actual Rows": 0,
                          "Actual Loops": 33360
                        },
                        {
                          "Worker Number": 1,
                          "Actual Startup Time": 0.007,
                          "Actual Total Time": 0.007,
                          "Actual Rows": 0,
                          "Actual Loops": 33857
                        }
                      ]
                    }
                  ]
                }
              ]
            },
            {
              "Node Type": "Index Scan",
              "Parent Relationship": "Inner",
              "Parallel Aware": false,
              "Async Capable": false,
              "Scan Direction": "Forward",
              "Index Name": "title_pkey",
              "Relation Name": "title",
              "Schema": "public",
              "Alias": "t",
              "Startup Cost": 0.43,
              "Total Cost": 0.46,
              "Plan Rows": 1,
              "Plan Width": 21,
              "Actual Startup Time": 0.011,
              "Actual Total Time": 0.011,
              "Actual Rows": 1,
              "Actual Loops": 410,
              "Output": ["t.id", "t.title", "t.imdb_index", "t.kind_id", "t.production_year", "t.imdb_id", "t.phonetic_code", "t.episode_of_id", "t.season_nr", "t.episode_nr", "t.series_years", "t.md5sum"],
              "Index Cond": "(t.id = mi.movie_id)",
              "Rows Removed by Index Recheck": 0
            }
          ]
        }
      ]
    },
    "Planning Time": 8.575,
    "Triggers": [
    ],
    "Execution Time": 3276.366
  }
]
