[
  {
    "Plan": {
      "Node Type": "Aggregate",
      "Strategy": "Plain",
      "Partial Mode": "Simple",
      "Parallel Aware": false,
      "Async Capable": false,
      "Startup Cost": 191085.15,
      "Total Cost": 191085.16,
      "Plan Rows": 1,
      "Plan Width": 64,
      "Actual Startup Time": 5809.709,
      "Actual Total Time": 5809.713,
      "Actual Rows": 1,
      "Actual Loops": 1,
      "Output": ["min((n.name)::text)", "min((t.title)::text)"],
      "Plans": [
        {
          "Node Type": "Nested Loop",
          "Parent Relationship": "Outer",
          "Parallel Aware": false,
          "Async Capable": false,
          "Join Type": "Inner",
          "Startup Cost": 2345.85,
          "Total Cost": 191085.14,
          "Plan Rows": 1,
          "Plan Width": 32,
          "Actual Startup Time": 667.746,
          "Actual Total Time": 5809.609,
          "Actual Rows": 184,
          "Actual Loops": 1,
          "Output": ["n.name", "t.title"],
          "Inner Unique": true,
          "Join Filter": "(ci.person_id = n.id)",
          "Rows Removed by Join Filter": 0,
          "Plans": [
            {
              "Node Type": "Nested Loop",
              "Parent Relationship": "Outer",
              "Parallel Aware": false,
              "Async Capable": false,
              "Join Type": "Inner",
              "Startup Cost": 2345.42,
              "Total Cost": 191083.56,
              "Plan Rows": 1,
              "Plan Width": 25,
              "Actual Startup Time": 114.052,
              "Actual Total Time": 5691.367,
              "Actual Rows": 67025,
              "Actual Loops": 1,
              "Output": ["an.person_id", "ci.person_id", "t.title"],
              "Inner Unique": false,
              "Plans": [
                {
                  "Node Type": "Nested Loop",
                  "Parent Relationship": "Outer",
                  "Parallel Aware": false,
                  "Async Capable": false,
                  "Join Type": "Inner",
                  "Startup Cost": 2344.99,
                  "Total Cost": 191082.70,
                  "Plan Rows": 1,
                  "Plan Width": 21,
                  "Actual Startup Time": 114.040,
                  "Actual Total Time": 5625.631,
                  "Actual Rows": 35604,
                  "Actual Loops": 1,
                  "Output": ["ci.person_id", "t.title"],
                  "Inner Unique": true,
                  "Plans": [
                    {
                      "Node Type": "Nested Loop",
                      "Parent Relationship": "Outer",
                      "Parallel Aware": false,
                      "Async Capable": false,
                      "Join Type": "Inner",
                      "Startup Cost": 2344.56,
                      "Total Cost": 191081.78,
                      "Plan Rows": 1,
                      "Plan Width": 25,
                      "Actual Startup Time": 114.027,
                      "Actual Total Time": 5552.289,
                      "Actual Rows": 40272,
                      "Actual Loops": 1,
                      "Output": ["ci.person_id", "ci.person_role_id", "t.title"],
                      "Inner Unique": true,
                      "Plans": [
                        {
                          "Node Type": "Nested Loop",
                          "Parent Relationship": "Outer",
                          "Parallel Aware": false,
                          "Async Capable": false,
                          "Join Type": "Inner",
                          "Startup Cost": 2344.40,
                          "Total Cost": 191075.61,
                          "Plan Rows": 166,
                          "Plan Width": 29,
                          "Actual Startup Time": 113.257,
                          "Actual Total Time": 5514.462,
                          "Actual Rows": 130077,
                          "Actual Loops": 1,
                          "Output": ["ci.person_id", "ci.role_id", "ci.person_role_id", "t.title"],
                          "Inner Unique": false,
                          "Plans": [
                            {
                              "Node Type": "Nested Loop",
                              "Parent Relationship": "Outer",
                              "Parallel Aware": false,
                              "Async Capable": false,
                              "Join Type": "Inner",
                              "Startup Cost": 2343.96,
                              "Total Cost": 186367.90,
                              "Plan Rows": 188,
                              "Plan Width": 29,
                              "Actual Startup Time": 111.039,
                              "Actual Total Time": 2528.662,
                              "Actual Rows": 116277,
                              "Actual Loops": 1,
                              "Output": ["mc.movie_id", "mi.movie_id", "t.title", "t.id"],
                              "Inner Unique": true,
                              "Plans": [
                                {
                                  "Node Type": "Nested Loop",
                                  "Parent Relationship": "Outer",
                                  "Parallel Aware": false,
                                  "Async Capable": false,
                                  "Join Type": "Inner",
                                  "Startup Cost": 2343.54,
                                  "Total Cost": 185744.31,
                                  "Plan Rows": 516,
                                  "Plan Width": 33,
                                  "Actual Startup Time": 111.025,
                                  "Actual Total Time": 2290.261,
                                  "Actual Rows": 124224,
                                  "Actual Loops": 1,
                                  "Output": ["mi.movie_id", "mc.movie_id", "mc.company_id", "t.title", "t.id"],
                                  "Inner Unique": false,
                                  "Plans": [
                                    {
                                      "Node Type": "Nested Loop",
                                      "Parent Relationship": "Outer",
                                      "Parallel Aware": false,
                                      "Async Capable": false,
                                      "Join Type": "Inner",
                                      "Startup Cost": 2343.11,
                                      "Total Cost": 183221.22,
                                      "Plan Rows": 942,
                                      "Plan Width": 25,
                                      "Actual Startup Time": 111.006,
                                      "Actual Total Time": 1664.015,
                                      "Actual Rows": 298255,
                                      "Actual Loops": 1,
                                      "Output": ["mi.movie_id", "t.title", "t.id"],
                                      "Inner Unique": true,
                                      "Plans": [
                                        {
                                          "Node Type": "Nested Loop",
                                          "Parent Relationship": "Outer",
                                          "Parallel Aware": false,
                                          "Async Capable": false,
                                          "Join Type": "Inner",
                                          "Startup Cost": 2342.68,
                                          "Total Cost": 176821.89,
                                          "Plan Rows": 4088,
                                          "Plan Width": 4,
                                          "Actual Startup Time": 110.982,
                                          "Actual Total Time": 680.442,
                                          "Actual Rows": 451039,
                                          "Actual Loops": 1,
                                          "Output": ["mi.movie_id"],
                                          "Inner Unique": false,
                                          "Plans": [
                                            {
                                              "Node Type": "Seq Scan",
                                              "Parent Relationship": "Outer",
                                              "Parallel Aware": false,
                                              "Async Capable": false,
                                              "Relation Name": "info_type",
                                              "Schema": "public",
                                              "Alias": "it",
                                              "Startup Cost": 0.00,
                                              "Total Cost": 2.41,
                                              "Plan Rows": 1,
                                              "Plan Width": 4,
                                              "Actual Startup Time": 24.486,
                                              "Actual Total Time": 24.494,
                                              "Actual Rows": 1,
                                              "Actual Loops": 1,
                                              "Output": ["it.id", "it.info"],
                                              "Filter": "((it.info)::text = 'release dates'::text)",
                                              "Rows Removed by Filter": 112
                                            },
                                            {
                                              "Node Type": "Bitmap Heap Scan",
                                              "Parent Relationship": "Inner",
                                              "Parallel Aware": false,
                                              "Async Capable": false,
                                              "Relation Name": "movie_info",
                                              "Schema": "public",
                                              "Alias": "mi",
                                              "Startup Cost": 2342.68,
                                              "Total Cost": 176752.53,
                                              "Plan Rows": 6695,
                                              "Plan Width": 8,
                                              "Actual Startup Time": 86.487,
                                              "Actual Total Time": 618.368,
                                              "Actual Rows": 451039,
                                              "Actual Loops": 1,
                                              "Output": ["mi.id", "mi.movie_id", "mi.info_type_id", "mi.info", "mi.note"],
                                              "Recheck Cond": "(mi.info_type_id = it.id)",
                                              "Rows Removed by Index Recheck": 0,
                                              "Filter": "((mi.info IS NOT NULL) AND (((mi.info)::text ~~ 'Japan:%200%'::text) OR ((mi.info)::text ~~ 'USA:%200%'::text)))",
                                              "Rows Removed by Filter": 2585680,
                                              "Exact Heap Blocks": 25448,
                                              "Lossy Heap Blocks": 0,
                                              "Plans": [
                                                {
                                                  "Node Type": "Bitmap Index Scan",
                                                  "Parent Relationship": "Outer",
                                                  "Parallel Aware": false,
                                                  "Async Capable": false,
                                                  "Index Name": "info_type_id_movie_info",
                                                  "Startup Cost": 0.00,
                                                  "Total Cost": 2341.01,
                                                  "Plan Rows": 215010,
                                                  "Plan Width": 0,
                                                  "Actual Startup Time": 81.818,
                                                  "Actual Total Time": 81.818,
                                                  "Actual Rows": 3036719,
                                                  "Actual Loops": 1,
                                                  "Index Cond": "(mi.info_type_id = it.id)"
                                                }
                                              ]
                                            }
                                          ]
                                        },
                                        {
                                          "Node Type": "Index Scan",
                                          "Parent Relationship": "Inner",
                                          "Parallel Aware": false,
                                          "Async Capable": false,
                                          "Scan Direction": "Forward",
                                          "Index Name": "title_pkey",
                                          "Relation Name": "title",
                                          "Schema": "public",
                                          "Alias": "t",
                                          "Startup Cost": 0.43,
                                          "Total Cost": 1.57,
                                          "Plan Rows": 1,
                                          "Plan Width": 21,
                                          "Actual Startup Time": 0.002,
                                          "Actual Total Time": 0.002,
                                          "Actual Rows": 1,
                                          "Actual Loops": 451039,
                                          "Output": ["t.id", "t.title", "t.imdb_index", "t.kind_id", "t.production_year", "t.imdb_id", "t.phonetic_code", "t.episode_of_id", "t.season_nr", "t.episode_nr", "t.series_years", "t.md5sum"],
                                          "Index Cond": "(t.id = mi.movie_id)",
                                          "Rows Removed by Index Recheck": 0,
                                          "Filter": "((t.production_year >= 2005) AND (t.production_year <= 2009))",
                                          "Rows Removed by Filter": 0
                                        }
                                      ]
                                    },
                                    {
                                      "Node Type": "Index Scan",
                                      "Parent Relationship": "Inner",
                                      "Parallel Aware": false,
                                      "Async Capable": false,
                                      "Scan Direction": "Forward",
                                      "Index Name": "movie_id_movie_companies",
                                      "Relation Name": "movie_companies",
                                      "Schema": "public",
                                      "Alias": "mc",
                                      "Startup Cost": 0.43,
                                      "Total Cost": 2.67,
                                      "Plan Rows": 1,
                                      "Plan Width": 8,
                                      "Actual Startup Time": 0.002,
                                      "Actual Total Time": 0.002,
                                      "Actual Rows": 0,
                                      "Actual Loops": 298255,
                                      "Output": ["mc.id", "mc.movie_id", "mc.company_id", "mc.company_type_id", "mc.note"],
                                      "Index Cond": "(mc.movie_id = t.id)",
                                      "Rows Removed by Index Recheck": 0,
                                      "Filter": "((mc.note IS NOT NULL) AND (((mc.note)::text ~~ '%(USA)%'::text) OR ((mc.note)::text ~~ '%(worldwide)%'::text)))",
                                      "Rows Removed by Filter": 1
                                    }
                                  ]
                                },
                                {
                                  "Node Type": "Index Scan",
                                  "Parent Relationship": "Inner",
                                  "Parallel Aware": false,
                                  "Async Capable": false,
                                  "Scan Direction": "Forward",
                                  "Index Name": "company_name_pkey",
                                  "Relation Name": "company_name",
                                  "Schema": "public",
                                  "Alias": "cn",
                                  "Startup Cost": 0.42,
                                  "Total Cost": 1.21,
                                  "Plan Rows": 1,
                                  "Plan Width": 4,
                                  "Actual Startup Time": 0.002,
                                  "Actual Total Time": 0.002,
                                  "Actual Rows": 1,
                                  "Actual Loops": 124224,
                                  "Output": ["cn.id", "cn.name", "cn.country_code", "cn.imdb_id", "cn.name_pcode_nf", "cn.name_pcode_sf", "cn.md5sum"],
                                  "Index Cond": "(cn.id = mc.company_id)",
                                  "Rows Removed by Index Recheck": 0,
                                  "Filter": "((cn.country_code)::text = '[us]'::text)",
                                  "Rows Removed by Filter": 0
                                }
                              ]
                            },
                            {
                              "Node Type": "Index Scan",
                              "Parent Relationship": "Inner",
                              "Parallel Aware": false,
                              "Async Capable": false,
                              "Scan Direction": "Forward",
                              "Index Name": "movie_id_cast_info",
                              "Relation Name": "cast_info",
                              "Schema": "public",
                              "Alias": "ci",
                              "Startup Cost": 0.44,
                              "Total Cost": 25.03,
                              "Plan Rows": 1,
                              "Plan Width": 16,
                              "Actual Startup Time": 0.021,
                              "Actual Total Time": 0.025,
                              "Actual Rows": 1,
                              "Actual Loops": 116277,
                              "Output": ["ci.id", "ci.person_id", "ci.movie_id", "ci.person_role_id", "ci.note", "ci.nr_order", "ci.role_id"],
                              "Index Cond": "(ci.movie_id = t.id)",
                              "Rows Removed by Index Recheck": 0,
                              "Filter": "((ci.note)::text = ANY ('{(voice),\"(voice: Japanese version)\",\"(voice) (uncredited)\",\"(voice: English version)\"}'::text[]))",
                              "Rows Removed by Filter": 46
                            }
                          ]
                        },
                        {
                          "Node Type": "Memoize",
                          "Parent Relationship": "Inner",
                          "Parallel Aware": false,
                          "Async Capable": false,
                          "Startup Cost": 0.16,
                          "Total Cost": 0.18,
                          "Plan Rows": 1,
                          "Plan Width": 4,
                          "Actual Startup Time": 0.000,
                          "Actual Total Time": 0.000,
                          "Actual Rows": 0,
                          "Actual Loops": 130077,
                          "Output": ["rt.id"],
                          "Cache Key": "ci.role_id",
                          "Cache Mode": "logical",
                          "Cache Hits": 130073,
                          "Cache Misses": 4,
                          "Cache Evictions": 0,
                          "Cache Overflows": 0,
                          "Peak Memory Usage": 1,
                          "Plans": [
                            {
                              "Node Type": "Index Scan",
                              "Parent Relationship": "Outer",
                              "Parallel Aware": false,
                              "Async Capable": false,
                              "Scan Direction": "Forward",
                              "Index Name": "role_type_pkey",
                              "Relation Name": "role_type",
                              "Schema": "public",
                              "Alias": "rt",
                              "Startup Cost": 0.15,
                              "Total Cost": 0.17,
                              "Plan Rows": 1,
                              "Plan Width": 4,
                              "Actual Startup Time": 0.006,
                              "Actual Total Time": 0.006,
                              "Actual Rows": 0,
                              "Actual Loops": 4,
                              "Output": ["rt.id"],
                              "Index Cond": "(rt.id = ci.role_id)",
                              "Rows Removed by Index Recheck": 0,
                              "Filter": "((rt.role)::text = 'actress'::text)",
                              "Rows Removed by Filter": 1
                            }
                          ]
                        }
                      ]
                    },
                    {
                      "Node Type": "Index Only Scan",
                      "Parent Relationship": "Inner",
                      "Parallel Aware": false,
                      "Async Capable": false,
                      "Scan Direction": "Forward",
                      "Index Name": "char_name_pkey",
                      "Relation Name": "char_name",
                      "Schema": "public",
                      "Alias": "chn",
                      "Startup Cost": 0.43,
                      "Total Cost": 0.91,
                      "Plan Rows": 1,
                      "Plan Width": 4,
                      "Actual Startup Time": 0.002,
                      "Actual Total Time": 0.002,
                      "Actual Rows": 1,
                      "Actual Loops": 40272,
                      "Output": ["chn.id"],
                      "Index Cond": "(chn.id = ci.person_role_id)",
                      "Rows Removed by Index Recheck": 0,
                      "Heap Fetches": 0
                    }
                  ]
                },
                {
                  "Node Type": "Index Only Scan",
                  "Parent Relationship": "Inner",
                  "Parallel Aware": false,
                  "Async Capable": false,
                  "Scan Direction": "Forward",
                  "Index Name": "person_id_aka_name",
                  "Relation Name": "aka_name",
                  "Schema": "public",
                  "Alias": "an",
                  "Startup Cost": 0.42,
                  "Total Cost": 0.84,
                  "Plan Rows": 2,
                  "Plan Width": 4,
                  "Actual Startup Time": 0.001,
                  "Actual Total Time": 0.002,
                  "Actual Rows": 2,
                  "Actual Loops": 35604,
                  "Output": ["an.person_id"],
                  "Index Cond": "(an.person_id = ci.person_id)",
                  "Rows Removed by Index Recheck": 0,
                  "Heap Fetches": 0
                }
              ]
            },
            {
              "Node Type": "Index Scan",
              "Parent Relationship": "Inner",
              "Parallel Aware": false,
              "Async Capable": false,
              "Scan Direction": "Forward",
              "Index Name": "name_pkey",
              "Relation Name": "name",
              "Schema": "public",
              "Alias": "n",
              "Startup Cost": 0.43,
              "Total Cost": 1.58,
              "Plan Rows": 1,
              "Plan Width": 19,
              "Actual Startup Time": 0.002,
              "Actual Total Time": 0.002,
              "Actual Rows": 0,
              "Actual Loops": 67025,
              "Output": ["n.id", "n.name", "n.imdb_index", "n.imdb_id", "n.gender", "n.name_pcode_cf", "n.name_pcode_nf", "n.surname_pcode", "n.md5sum"],
              "Index Cond": "(n.id = an.person_id)",
              "Rows Removed by Index Recheck": 0,
              "Filter": "(((n.name)::text ~~ '%Ang%'::text) AND ((n.gender)::text = 'f'::text))",
              "Rows Removed by Filter": 1
            }
          ]
        }
      ]
    },
    "Planning Time": 23.104,
    "Triggers": [
    ],
    "JIT": {
      "Functions": 64,
      "Options": {
        "Inlining": false,
        "Optimization": false,
        "Expressions": true,
        "Deforming": true
      },
      "Timing": {
        "Generation": 2.085,
        "Inlining": 0.000,
        "Optimization": 0.957,
        "Emission": 23.625,
        "Total": 26.666
      }
    },
    "Execution Time": 5811.947
  }
]
