[
  {
    "Plan": {
      "Node Type": "Aggregate",
      "Strategy": "Plain",
      "Partial Mode": "Simple",
      "Parallel Aware": false,
      "Async Capable": false,
      "Startup Cost": 55702.36,
      "Total Cost": 55702.37,
      "Plan Rows": 1,
      "Plan Width": 64,
      "Actual Startup Time": 168.789,
      "Actual Total Time": 173.226,
      "Actual Rows": 1,
      "Actual Loops": 1,
      "Output": ["min((n.name)::text)", "min((t.title)::text)"],
      "Plans": [
        {
          "Node Type": "Nested Loop",
          "Parent Relationship": "Outer",
          "Parallel Aware": false,
          "Async Capable": false,
          "Join Type": "Inner",
          "Startup Cost": 1003.30,
          "Total Cost": 55702.35,
          "Plan Rows": 1,
          "Plan Width": 32,
          "Actual Startup Time": 155.035,
          "Actual Total Time": 173.214,
          "Actual Rows": 15,
          "Actual Loops": 1,
          "Output": ["n.name", "t.title"],
          "Inner Unique": true,
          "Plans": [
            {
              "Node Type": "Nested Loop",
              "Parent Relationship": "Outer",
              "Parallel Aware": false,
              "Async Capable": false,
              "Join Type": "Inner",
              "Startup Cost": 1003.15,
              "Total Cost": 55702.18,
              "Plan Rows": 1,
              "Plan Width": 36,
              "Actual Startup Time": 155.025,
              "Actual Total Time": 173.186,
              "Actual Rows": 15,
              "Actual Loops": 1,
              "Output": ["ci.role_id", "n.name", "t.title"],
              "Inner Unique": true,
              "Join Filter": "(ci.person_id = n.id)",
              "Rows Removed by Join Filter": 0,
              "Plans": [
                {
                  "Node Type": "Nested Loop",
                  "Parent Relationship": "Outer",
                  "Parallel Aware": false,
                  "Async Capable": false,
                  "Join Type": "Inner",
                  "Startup Cost": 1002.72,
                  "Total Cost": 55700.59,
                  "Plan Rows": 1,
                  "Plan Width": 29,
                  "Actual Startup Time": 149.732,
                  "Actual Total Time": 172.627,
                  "Actual Rows": 275,
                  "Actual Loops": 1,
                  "Output": ["an.person_id", "ci.person_id", "ci.role_id", "t.title"],
                  "Inner Unique": true,
                  "Plans": [
                    {
                      "Node Type": "Nested Loop",
                      "Parent Relationship": "Outer",
                      "Parallel Aware": false,
                      "Async Capable": false,
                      "Join Type": "Inner",
                      "Startup Cost": 1002.58,
                      "Total Cost": 55700.40,
                      "Plan Rows": 1,
                      "Plan Width": 33,
                      "Actual Startup Time": 149.715,
                      "Actual Total Time": 172.307,
                      "Actual Rows": 275,
                      "Actual Loops": 1,
                      "Output": ["an.person_id", "ci.person_id", "ci.role_id", "mi.info_type_id", "t.title"],
                      "Inner Unique": false,
                      "Join Filter": "(t.id = mi.movie_id)",
                      "Rows Removed by Join Filter": 0,
                      "Plans": [
                        {
                          "Node Type": "Nested Loop",
                          "Parent Relationship": "Outer",
                          "Parallel Aware": false,
                          "Async Capable": false,
                          "Join Type": "Inner",
                          "Startup Cost": 1002.14,
                          "Total Cost": 55679.18,
                          "Plan Rows": 1,
                          "Plan Width": 41,
                          "Actual Startup Time": 149.685,
                          "Actual Total Time": 155.693,
                          "Actual Rows": 275,
                          "Actual Loops": 1,
                          "Output": ["an.person_id", "ci.movie_id", "ci.person_id", "ci.role_id", "mc.movie_id", "t.title", "t.id"],
                          "Inner Unique": true,
                          "Plans": [
                            {
                              "Node Type": "Nested Loop",
                              "Parent Relationship": "Outer",
                              "Parallel Aware": false,
                              "Async Capable": false,
                              "Join Type": "Inner",
                              "Startup Cost": 1001.72,
                              "Total Cost": 55677.88,
                              "Plan Rows": 1,
                              "Plan Width": 45,
                              "Actual Startup Time": 149.662,
                              "Actual Total Time": 155.232,
                              "Actual Rows": 275,
                              "Actual Loops": 1,
                              "Output": ["an.person_id", "ci.movie_id", "ci.person_id", "ci.role_id", "mc.movie_id", "mc.company_id", "t.title", "t.id"],
                              "Inner Unique": true,
                              "Plans": [
                                {
                                  "Node Type": "Nested Loop",
                                  "Parent Relationship": "Outer",
                                  "Parallel Aware": false,
                                  "Async Capable": false,
                                  "Join Type": "Inner",
                                  "Startup Cost": 1001.29,
                                  "Total Cost": 55676.96,
                                  "Plan Rows": 1,
                                  "Plan Width": 49,
                                  "Actual Startup Time": 149.650,
                                  "Actual Total Time": 154.756,
                                  "Actual Rows": 275,
                                  "Actual Loops": 1,
                                  "Output": ["an.person_id", "ci.movie_id", "ci.person_id", "ci.role_id", "ci.person_role_id", "mc.movie_id", "mc.company_id", "t.title", "t.id"],
                                  "Inner Unique": false,
                                  "Plans": [
                                    {
                                      "Node Type": "Nested Loop",
                                      "Parent Relationship": "Outer",
                                      "Parallel Aware": false,
                                      "Async Capable": false,
                                      "Join Type": "Inner",
                                      "Startup Cost": 1000.87,
                                      "Total Cost": 55676.10,
                                      "Plan Rows": 1,
                                      "Plan Width": 45,
                                      "Actual Startup Time": 149.636,
                                      "Actual Total Time": 154.469,
                                      "Actual Rows": 100,
                                      "Actual Loops": 1,
                                      "Output": ["ci.movie_id", "ci.person_id", "ci.role_id", "ci.person_role_id", "mc.movie_id", "mc.company_id", "t.title", "t.id"],
                                      "Inner Unique": false,
                                      "Join Filter": "(t.id = ci.movie_id)",
                                      "Rows Removed by Join Filter": 0,
                                      "Plans": [
                                        {
                                          "Node Type": "Gather",
                                          "Parent Relationship": "Outer",
                                          "Parallel Aware": false,
                                          "Async Capable": false,
                                          "Startup Cost": 1000.43,
                                          "Total Cost": 55644.48,
                                          "Plan Rows": 1,
                                          "Plan Width": 29,
                                          "Actual Startup Time": 149.601,
                                          "Actual Total Time": 154.033,
                                          "Actual Rows": 4,
                                          "Actual Loops": 1,
                                          "Output": ["mc.movie_id", "mc.company_id", "t.title", "t.id"],
                                          "Workers Planned": 2,
                                          "Workers Launched": 2,
                                          "Single Copy": false,
                                          "Plans": [
                                            {
                                              "Node Type": "Nested Loop",
                                              "Parent Relationship": "Outer",
                                              "Parallel Aware": false,
                                              "Async Capable": false,
                                              "Join Type": "Inner",
                                              "Startup Cost": 0.43,
                                              "Total Cost": 54644.38,
                                              "Plan Rows": 1,
                                              "Plan Width": 29,
                                              "Actual Startup Time": 135.133,
                                              "Actual Total Time": 143.781,
                                              "Actual Rows": 1,
                                              "Actual Loops": 3,
                                              "Output": ["mc.movie_id", "mc.company_id", "t.title", "t.id"],
                                              "Inner Unique": false,
                                              "Workers": [
                                                {
                                                  "Worker Number": 0,
                                                  "Actual Startup Time": 140.612,
                                                  "Actual Total Time": 140.613,
                                                  "Actual Rows": 0,
                                                  "Actual Loops": 1
                                                },
                                                {
                                                  "Worker Number": 1,
                                                  "Actual Startup Time": 115.428,
                                                  "Actual Total Time": 141.370,
                                                  "Actual Rows": 4,
                                                  "Actual Loops": 1
                                                }
                                              ],
                                              "Plans": [
                                                {
                                                  "Node Type": "Seq Scan",
                                                  "Parent Relationship": "Outer",
                                                  "Parallel Aware": true,
                                                  "Async Capable": false,
                                                  "Relation Name": "title",
                                                  "Schema": "public",
                                                  "Alias": "t",
                                                  "Startup Cost": 0.00,
                                                  "Total Cost": 54433.61,
                                                  "Plan Rows": 10,
                                                  "Plan Width": 21,
                                                  "Actual Startup Time": 57.258,
                                                  "Actual Total Time": 143.726,
                                                  "Actual Rows": 2,
                                                  "Actual Loops": 3,
                                                  "Output": ["t.id", "t.title", "t.imdb_index", "t.kind_id", "t.production_year", "t.imdb_id", "t.phonetic_code", "t.episode_of_id", "t.season_nr", "t.episode_nr", "t.series_years", "t.md5sum"],
                                                  "Filter": "((t.production_year >= 2007) AND (t.production_year <= 2008) AND ((t.title)::text ~~ '%Kung%Fu%Panda%'::text))",
                                                  "Rows Removed by Filter": 842768,
                                                  "Workers": [
                                                    {
                                                      "Worker Number": 0,
                                                      "Actual Startup Time": 140.611,
                                                      "Actual Total Time": 140.612,
                                                      "Actual Rows": 0,
                                                      "Actual Loops": 1
                                                    },
                                                    {
                                                      "Worker Number": 1,
                                                      "Actual Startup Time": 13.749,
                                                      "Actual Total Time": 141.281,
                                                      "Actual Rows": 3,
                                                      "Actual Loops": 1
                                                    }
                                                  ]
                                                },
                                                {
                                                  "Node Type": "Index Scan",
                                                  "Parent Relationship": "Inner",
                                                  "Parallel Aware": false,
                                                  "Async Capable": false,
                                                  "Scan Direction": "Forward",
                                                  "Index Name": "movie_id_movie_companies",
                                                  "Relation Name": "movie_companies",
                                                  "Schema": "public",
                                                  "Alias": "mc",
                                                  "Startup Cost": 0.43,
                                                  "Total Cost": 21.07,
                                                  "Plan Rows": 1,
                                                  "Plan Width": 8,
                                                  "Actual Startup Time": 0.019,
                                                  "Actual Total Time": 0.020,
                                                  "Actual Rows": 1,
                                                  "Actual Loops": 7,
                                                  "Output": ["mc.id", "mc.movie_id", "mc.company_id", "mc.company_type_id", "mc.note"],
                                                  "Index Cond": "(mc.movie_id = t.id)",
                                                  "Rows Removed by Index Recheck": 0,
                                                  "Filter": "(((mc.note)::text ~~ '%(200%)%'::text) AND (((mc.note)::text ~~ '%(USA)%'::text) OR ((mc.note)::text ~~ '%(worldwide)%'::text)))",
                                                  "Rows Removed by Filter": 6,
                                                  "Workers": [
                                                    {
                                                      "Worker Number": 1,
                                                      "Actual Startup Time": 0.022,
                                                      "Actual Total Time": 0.026,
                                                      "Actual Rows": 1,
                                                      "Actual Loops": 3
                                                    }
                                                  ]
                                                }
                                              ]
                                            }
                                          ]
                                        },
                                        {
                                          "Node Type": "Index Scan",
                                          "Parent Relationship": "Inner",
                                          "Parallel Aware": false,
                                          "Async Capable": false,
                                          "Scan Direction": "Forward",
                                          "Index Name": "movie_id_cast_info",
                                          "Relation Name": "cast_info",
                                          "Schema": "public",
                                          "Alias": "ci",
                                          "Startup Cost": 0.44,
                                          "Total Cost": 31.61,
                                          "Plan Rows": 1,
                                          "Plan Width": 16,
                                          "Actual Startup Time": 0.010,
                                          "Actual Total Time": 0.102,
                                          "Actual Rows": 25,
                                          "Actual Loops": 4,
                                          "Output": ["ci.id", "ci.person_id", "ci.movie_id", "ci.person_role_id", "ci.note", "ci.nr_order", "ci.role_id"],
                                          "Index Cond": "(ci.movie_id = mc.movie_id)",
                                          "Rows Removed by Index Recheck": 0,
                                          "Filter": "((ci.note)::text = '(voice)'::text)",
                                          "Rows Removed by Filter": 127
                                        }
                                      ]
                                    },
                                    {
                                      "Node Type": "Index Only Scan",
                                      "Parent Relationship": "Inner",
                                      "Parallel Aware": false,
                                      "Async Capable": false,
                                      "Scan Direction": "Forward",
                                      "Index Name": "person_id_aka_name",
                                      "Relation Name": "aka_name",
                                      "Schema": "public",
                                      "Alias": "an",
                                      "Startup Cost": 0.42,
                                      "Total Cost": 0.84,
                                      "Plan Rows": 2,
                                      "Plan Width": 4,
                                      "Actual Startup Time": 0.002,
                                      "Actual Total Time": 0.002,
                                      "Actual Rows": 3,
                                      "Actual Loops": 100,
                                      "Output": ["an.person_id"],
                                      "Index Cond": "(an.person_id = ci.person_id)",
                                      "Rows Removed by Index Recheck": 0,
                                      "Heap Fetches": 0
                                    }
                                  ]
                                },
                                {
                                  "Node Type": "Index Only Scan",
                                  "Parent Relationship": "Inner",
                                  "Parallel Aware": false,
                                  "Async Capable": false,
                                  "Scan Direction": "Forward",
                                  "Index Name": "char_name_pkey",
                                  "Relation Name": "char_name",
                                  "Schema": "public",
                                  "Alias": "chn",
                                  "Startup Cost": 0.43,
                                  "Total Cost": 0.92,
                                  "Plan Rows": 1,
                                  "Plan Width": 4,
                                  "Actual Startup Time": 0.001,
                                  "Actual Total Time": 0.001,
                                  "Actual Rows": 1,
                                  "Actual Loops": 275,
                                  "Output": ["chn.id"],
                                  "Index Cond": "(chn.id = ci.person_role_id)",
                                  "Rows Removed by Index Recheck": 0,
                                  "Heap Fetches": 0
                                }
                              ]
                            },
                            {
                              "Node Type": "Index Scan",
                              "Parent Relationship": "Inner",
                              "Parallel Aware": false,
                              "Async Capable": false,
                              "Scan Direction": "Forward",
                              "Index Name": "company_name_pkey",
                              "Relation Name": "company_name",
                              "Schema": "public",
                              "Alias": "cn",
                              "Startup Cost": 0.42,
                              "Total Cost": 1.29,
                              "Plan Rows": 1,
                              "Plan Width": 4,
                              "Actual Startup Time": 0.001,
                              "Actual Total Time": 0.001,
                              "Actual Rows": 1,
                              "Actual Loops": 275,
                              "Output": ["cn.id", "cn.name", "cn.country_code", "cn.imdb_id", "cn.name_pcode_nf", "cn.name_pcode_sf", "cn.md5sum"],
                              "Index Cond": "(cn.id = mc.company_id)",
                              "Rows Removed by Index Recheck": 0,
                              "Filter": "((cn.country_code)::text = '[us]'::text)",
                              "Rows Removed by Filter": 0
                            }
                          ]
                        },
                        {
                          "Node Type": "Index Scan",
                          "Parent Relationship": "Inner",
                          "Parallel Aware": false,
                          "Async Capable": false,
                          "Scan Direction": "Forward",
                          "Index Name": "movie_id_movie_info",
                          "Relation Name": "movie_info",
                          "Schema": "public",
                          "Alias": "mi",
                          "Startup Cost": 0.43,
                          "Total Cost": 21.22,
                          "Plan Rows": 1,
                          "Plan Width": 8,
                          "Actual Startup Time": 0.007,
                          "Actual Total Time": 0.060,
                          "Actual Rows": 1,
                          "Actual Loops": 275,
                          "Output": ["mi.id", "mi.movie_id", "mi.info_type_id", "mi.info", "mi.note"],
                          "Index Cond": "(mi.movie_id = ci.movie_id)",
                          "Rows Removed by Index Recheck": 0,
                          "Filter": "((mi.info IS NOT NULL) AND (((mi.info)::text ~~ 'Japan:%2007%'::text) OR ((mi.info)::text ~~ 'USA:%2008%'::text)))",
                          "Rows Removed by Filter": 295
                        }
                      ]
                    },
                    {
                      "Node Type": "Index Scan",
                      "Parent Relationship": "Inner",
                      "Parallel Aware": false,
                      "Async Capable": false,
                      "Scan Direction": "Forward",
                      "Index Name": "info_type_pkey",
                      "Relation Name": "info_type",
                      "Schema": "public",
                      "Alias": "it",
                      "Startup Cost": 0.14,
                      "Total Cost": 0.16,
                      "Plan Rows": 1,
                      "Plan Width": 4,
                      "Actual Startup Time": 0.001,
                      "Actual Total Time": 0.001,
                      "Actual Rows": 1,
                      "Actual Loops": 275,
                      "Output": ["it.id", "it.info"],
                      "Index Cond": "(it.id = mi.info_type_id)",
                      "Rows Removed by Index Recheck": 0,
                      "Filter": "((it.info)::text = 'release dates'::text)",
                      "Rows Removed by Filter": 0
                    }
                  ]
                },
                {
                  "Node Type": "Index Scan",
                  "Parent Relationship": "Inner",
                  "Parallel Aware": false,
                  "Async Capable": false,
                  "Scan Direction": "Forward",
                  "Index Name": "name_pkey",
                  "Relation Name": "name",
                  "Schema": "public",
                  "Alias": "n",
                  "Startup Cost": 0.43,
                  "Total Cost": 1.58,
                  "Plan Rows": 1,
                  "Plan Width": 19,
                  "Actual Startup Time": 0.002,
                  "Actual Total Time": 0.002,
                  "Actual Rows": 0,
                  "Actual Loops": 275,
                  "Output": ["n.id", "n.name", "n.imdb_index", "n.imdb_id", "n.gender", "n.name_pcode_cf", "n.name_pcode_nf", "n.surname_pcode", "n.md5sum"],
                  "Index Cond": "(n.id = an.person_id)",
                  "Rows Removed by Index Recheck": 0,
                  "Filter": "(((n.name)::text ~~ '%Angel%'::text) AND ((n.gender)::text = 'f'::text))",
                  "Rows Removed by Filter": 1
                }
              ]
            },
            {
              "Node Type": "Index Scan",
              "Parent Relationship": "Inner",
              "Parallel Aware": false,
              "Async Capable": false,
              "Scan Direction": "Forward",
              "Index Name": "role_type_pkey",
              "Relation Name": "role_type",
              "Schema": "public",
              "Alias": "rt",
              "Startup Cost": 0.15,
              "Total Cost": 0.17,
              "Plan Rows": 1,
              "Plan Width": 4,
              "Actual Startup Time": 0.001,
              "Actual Total Time": 0.001,
              "Actual Rows": 1,
              "Actual Loops": 15,
              "Output": ["rt.id", "rt.role"],
              "Index Cond": "(rt.id = ci.role_id)",
              "Rows Removed by Index Recheck": 0,
              "Filter": "((rt.role)::text = 'actress'::text)",
              "Rows Removed by Filter": 0
            }
          ]
        }
      ]
    },
    "Planning Time": 19.377,
    "Triggers": [
    ],
    "Execution Time": 173.325
  }
]
