[
  {
    "Plan": {
      "Node Type": "Aggregate",
      "Strategy": "Plain",
      "Partial Mode": "Finalize",
      "Parallel Aware": false,
      "Async Capable": false,
      "Startup Cost": 19488.04,
      "Total Cost": 19488.05,
      "Plan Rows": 1,
      "Plan Width": 68,
      "Actual Startup Time": 83.556,
      "Actual Total Time": 91.957,
      "Actual Rows": 1,
      "Actual Loops": 1,
      "Output": ["min((mc.note)::text)", "min((t.title)::text)", "min(t.production_year)"],
      "Plans": [
        {
          "Node Type": "Gather",
          "Parent Relationship": "Outer",
          "Parallel Aware": false,
          "Async Capable": false,
          "Startup Cost": 19487.82,
          "Total Cost": 19488.03,
          "Plan Rows": 2,
          "Plan Width": 68,
          "Actual Startup Time": 80.114,
          "Actual Total Time": 91.950,
          "Actual Rows": 3,
          "Actual Loops": 1,
          "Output": ["(PARTIAL min((mc.note)::text))", "(PARTIAL min((t.title)::text))", "(PARTIAL min(t.production_year))"],
          "Workers Planned": 2,
          "Workers Launched": 2,
          "Single Copy": false,
          "Plans": [
            {
              "Node Type": "Aggregate",
              "Strategy": "Plain",
              "Partial Mode": "Partial",
              "Parent Relationship": "Outer",
              "Parallel Aware": false,
              "Async Capable": false,
              "Startup Cost": 18487.82,
              "Total Cost": 18487.83,
              "Plan Rows": 1,
              "Plan Width": 68,
              "Actual Startup Time": 75.839,
              "Actual Total Time": 75.842,
              "Actual Rows": 1,
              "Actual Loops": 3,
              "Output": ["PARTIAL min((mc.note)::text)", "PARTIAL min((t.title)::text)", "PARTIAL min(t.production_year)"],
              "Workers": [
                {
                  "Worker Number": 0,
                  "Actual Startup Time": 74.857,
                  "Actual Total Time": 74.860,
                  "Actual Rows": 1,
                  "Actual Loops": 1
                },
                {
                  "Worker Number": 1,
                  "Actual Startup Time": 72.823,
                  "Actual Total Time": 72.827,
                  "Actual Rows": 1,
                  "Actual Loops": 1
                }
              ],
              "Plans": [
                {
                  "Node Type": "Nested Loop",
                  "Parent Relationship": "Outer",
                  "Parallel Aware": false,
                  "Async Capable": false,
                  "Join Type": "Inner",
                  "Startup Cost": 3.45,
                  "Total Cost": 18487.81,
                  "Plan Rows": 1,
                  "Plan Width": 45,
                  "Actual Startup Time": 72.663,
                  "Actual Total Time": 75.822,
                  "Actual Rows": 47,
                  "Actual Loops": 3,
                  "Output": ["mc.note", "t.title", "t.production_year"],
                  "Inner Unique": true,
                  "Join Filter": "(mc.movie_id = t.id)",
                  "Rows Removed by Join Filter": 0,
                  "Workers": [
                    {
                      "Worker Number": 0,
                      "Actual Startup Time": 68.436,
                      "Actual Total Time": 74.826,
                      "Actual Rows": 95,
                      "Actual Loops": 1
                    },
                    {
                      "Worker Number": 1,
                      "Actual Startup Time": 72.819,
                      "Actual Total Time": 72.823,
                      "Actual Rows": 0,
                      "Actual Loops": 1
                    }
                  ],
                  "Plans": [
                    {
                      "Node Type": "Nested Loop",
                      "Parent Relationship": "Outer",
                      "Parallel Aware": false,
                      "Async Capable": false,
                      "Join Type": "Inner",
                      "Startup Cost": 3.02,
                      "Total Cost": 18487.22,
                      "Plan Rows": 1,
                      "Plan Width": 32,
                      "Actual Startup Time": 72.635,
                      "Actual Total Time": 75.272,
                      "Actual Rows": 47,
                      "Actual Loops": 3,
                      "Output": ["mc.note", "mc.movie_id", "mi_idx.movie_id"],
                      "Inner Unique": true,
                      "Workers": [
                        {
                          "Worker Number": 0,
                          "Actual Startup Time": 68.385,
                          "Actual Total Time": 73.722,
                          "Actual Rows": 95,
                          "Actual Loops": 1
                        },
                        {
                          "Worker Number": 1,
                          "Actual Startup Time": 72.819,
                          "Actual Total Time": 72.822,
                          "Actual Rows": 0,
                          "Actual Loops": 1
                        }
                      ],
                      "Plans": [
                        {
                          "Node Type": "Nested Loop",
                          "Parent Relationship": "Outer",
                          "Parallel Aware": false,
                          "Async Capable": false,
                          "Join Type": "Inner",
                          "Startup Cost": 2.86,
                          "Total Cost": 18481.86,
                          "Plan Rows": 194,
                          "Plan Width": 36,
                          "Actual Startup Time": 72.620,
                          "Actual Total Time": 75.233,
                          "Actual Rows": 49,
                          "Actual Loops": 3,
                          "Output": ["mi_idx.movie_id", "mc.note", "mc.company_type_id", "mc.movie_id"],
                          "Inner Unique": false,
                          "Workers": [
                            {
                              "Worker Number": 0,
                              "Actual Startup Time": 68.355,
                              "Actual Total Time": 73.649,
                              "Actual Rows": 95,
                              "Actual Loops": 1
                            },
                            {
                              "Worker Number": 1,
                              "Actual Startup Time": 72.818,
                              "Actual Total Time": 72.821,
                              "Actual Rows": 0,
                              "Actual Loops": 1
                            }
                          ],
                          "Plans": [
                            {
                              "Node Type": "Hash Join",
                              "Parent Relationship": "Outer",
                              "Parallel Aware": false,
                              "Async Capable": false,
                              "Join Type": "Inner",
                              "Startup Cost": 2.43,
                              "Total Cost": 15253.60,
                              "Plan Rows": 5089,
                              "Plan Width": 4,
                              "Actual Startup Time": 72.572,
                              "Actual Total Time": 72.603,
                              "Actual Rows": 83,
                              "Actual Loops": 3,
                              "Output": ["mi_idx.movie_id"],
                              "Inner Unique": true,
                              "Hash Cond": "(mi_idx.info_type_id = it.id)",
                              "Workers": [
                                {
                                  "Worker Number": 0,
                                  "Actual Startup Time": 68.264,
                                  "Actual Total Time": 68.321,
                                  "Actual Rows": 162,
                                  "Actual Loops": 1
                                },
                                {
                                  "Worker Number": 1,
                                  "Actual Startup Time": 72.818,
                                  "Actual Total Time": 72.819,
                                  "Actual Rows": 0,
                                  "Actual Loops": 1
                                }
                              ],
                              "Plans": [
                                {
                                  "Node Type": "Seq Scan",
                                  "Parent Relationship": "Outer",
                                  "Parallel Aware": true,
                                  "Async Capable": false,
                                  "Relation Name": "movie_info_idx",
                                  "Schema": "public",
                                  "Alias": "mi_idx",
                                  "Startup Cost": 0.00,
                                  "Total Cost": 13685.15,
                                  "Plan Rows": 575015,
                                  "Plan Width": 8,
                                  "Actual Startup Time": 0.016,
                                  "Actual Total Time": 35.104,
                                  "Actual Rows": 460012,
                                  "Actual Loops": 3,
                                  "Output": ["mi_idx.id", "mi_idx.movie_id", "mi_idx.info_type_id", "mi_idx.info", "mi_idx.note"],
                                  "Workers": [
                                    {
                                      "Worker Number": 0,
                                      "Actual Startup Time": 0.032,
                                      "Actual Total Time": 33.324,
                                      "Actual Rows": 414462,
                                      "Actual Loops": 1
                                    },
                                    {
                                      "Worker Number": 1,
                                      "Actual Startup Time": 0.014,
                                      "Actual Total Time": 35.622,
                                      "Actual Rows": 461785,
                                      "Actual Loops": 1
                                    }
                                  ]
                                },
                                {
                                  "Node Type": "Hash",
                                  "Parent Relationship": "Inner",
                                  "Parallel Aware": false,
                                  "Async Capable": false,
                                  "Startup Cost": 2.41,
                                  "Total Cost": 2.41,
                                  "Plan Rows": 1,
                                  "Plan Width": 4,
                                  "Actual Startup Time": 0.041,
                                  "Actual Total Time": 0.042,
                                  "Actual Rows": 1,
                                  "Actual Loops": 3,
                                  "Output": ["it.id"],
                                  "Hash Buckets": 1024,
                                  "Original Hash Buckets": 1024,
                                  "Hash Batches": 1,
                                  "Original Hash Batches": 1,
                                  "Peak Memory Usage": 9,
                                  "Workers": [
                                    {
                                      "Worker Number": 0,
                                      "Actual Startup Time": 0.074,
                                      "Actual Total Time": 0.075,
                                      "Actual Rows": 1,
                                      "Actual Loops": 1
                                    },
                                    {
                                      "Worker Number": 1,
                                      "Actual Startup Time": 0.033,
                                      "Actual Total Time": 0.034,
                                      "Actual Rows": 1,
                                      "Actual Loops": 1
                                    }
                                  ],
                                  "Plans": [
                                    {
                                      "Node Type": "Seq Scan",
                                      "Parent Relationship": "Outer",
                                      "Parallel Aware": false,
                                      "Async Capable": false,
                                      "Relation Name": "info_type",
                                      "Schema": "public",
                                      "Alias": "it",
                                      "Startup Cost": 0.00,
                                      "Total Cost": 2.41,
                                      "Plan Rows": 1,
                                      "Plan Width": 4,
                                      "Actual Startup Time": 0.036,
                                      "Actual Total Time": 0.037,
                                      "Actual Rows": 1,
                                      "Actual Loops": 3,
                                      "Output": ["it.id"],
                                      "Filter": "((it.info)::text = 'top 250 rank'::text)",
                                      "Rows Removed by Filter": 112,
                                      "Workers": [
                                        {
                                          "Worker Number": 0,
                                          "Actual Startup Time": 0.066,
                                          "Actual Total Time": 0.068,
                                          "Actual Rows": 1,
                                          "Actual Loops": 1
                                        },
                                        {
                                          "Worker Number": 1,
                                          "Actual Startup Time": 0.030,
                                          "Actual Total Time": 0.031,
                                          "Actual Rows": 1,
                                          "Actual Loops": 1
                                        }
                                      ]
                                    }
                                  ]
                                }
                              ]
                            },
                            {
                              "Node Type": "Index Scan",
                              "Parent Relationship": "Inner",
                              "Parallel Aware": false,
                              "Async Capable": false,
                              "Scan Direction": "Forward",
                              "Index Name": "movie_id_movie_companies",
                              "Relation Name": "movie_companies",
                              "Schema": "public",
                              "Alias": "mc",
                              "Startup Cost": 0.43,
                              "Total Cost": 0.62,
                              "Plan Rows": 1,
                              "Plan Width": 32,
                              "Actual Startup Time": 0.031,
                              "Actual Total Time": 0.031,
                              "Actual Rows": 1,
                              "Actual Loops": 250,
                              "Output": ["mc.id", "mc.movie_id", "mc.company_id", "mc.company_type_id", "mc.note"],
                              "Index Cond": "(mc.movie_id = mi_idx.movie_id)",
                              "Rows Removed by Index Recheck": 0,
                              "Filter": "(((mc.note)::text !~~ '%(as Metro-Goldwyn-Mayer Pictures)%'::text) AND (((mc.note)::text ~~ '%(co-production)%'::text) OR ((mc.note)::text ~~ '%(presents)%'::text)))",
                              "Rows Removed by Filter": 33,
                              "Workers": [
                                {
                                  "Worker Number": 0,
                                  "Actual Startup Time": 0.032,
                                  "Actual Total Time": 0.033,
                                  "Actual Rows": 1,
                                  "Actual Loops": 162
                                }
                              ]
                            }
                          ]
                        },
                        {
                          "Node Type": "Memoize",
                          "Parent Relationship": "Inner",
                          "Parallel Aware": false,
                          "Async Capable": false,
                          "Startup Cost": 0.16,
                          "Total Cost": 0.18,
                          "Plan Rows": 1,
                          "Plan Width": 4,
                          "Actual Startup Time": 0.000,
                          "Actual Total Time": 0.000,
                          "Actual Rows": 1,
                          "Actual Loops": 147,
                          "Output": ["ct.id"],
                          "Cache Key": "mc.company_type_id",
                          "Cache Mode": "logical",
                          "Cache Hits": 50,
                          "Cache Misses": 2,
                          "Cache Evictions": 0,
                          "Cache Overflows": 0,
                          "Peak Memory Usage": 1,
                          "Workers": [
                            {
                              "Worker Number": 0,
                              "Actual Startup Time": 0.000,
                              "Actual Total Time": 0.000,
                              "Actual Rows": 1,
                              "Actual Loops": 95,
                              "Cache Hits": 94,
                              "Cache Misses": 1,
                              "Cache Evictions": 0,
                              "Cache Overflows": 0,
                              "Peak Memory Usage": 1
                            }
                          ],
                          "Plans": [
                            {
                              "Node Type": "Index Scan",
                              "Parent Relationship": "Outer",
                              "Parallel Aware": false,
                              "Async Capable": false,
                              "Scan Direction": "Forward",
                              "Index Name": "company_type_pkey",
                              "Relation Name": "company_type",
                              "Schema": "public",
                              "Alias": "ct",
                              "Startup Cost": 0.15,
                              "Total Cost": 0.17,
                              "Plan Rows": 1,
                              "Plan Width": 4,
                              "Actual Startup Time": 0.012,
                              "Actual Total Time": 0.012,
                              "Actual Rows": 1,
                              "Actual Loops": 3,
                              "Output": ["ct.id"],
                              "Index Cond": "(ct.id = mc.company_type_id)",
                              "Rows Removed by Index Recheck": 0,
                              "Filter": "((ct.kind)::text = 'production companies'::text)",
                              "Rows Removed by Filter": 0,
                              "Workers": [
                                {
                                  "Worker Number": 0,
                                  "Actual Startup Time": 0.024,
                                  "Actual Total Time": 0.024,
                                  "Actual Rows": 1,
                                  "Actual Loops": 1
                                }
                              ]
                            }
                          ]
                        }
                      ]
                    },
                    {
                      "Node Type": "Index Scan",
                      "Parent Relationship": "Inner",
                      "Parallel Aware": false,
                      "Async Capable": false,
                      "Scan Direction": "Forward",
                      "Index Name": "title_pkey",
                      "Relation Name": "title",
                      "Schema": "public",
                      "Alias": "t",
                      "Startup Cost": 0.43,
                      "Total Cost": 0.58,
                      "Plan Rows": 1,
                      "Plan Width": 25,
                      "Actual Startup Time": 0.011,
                      "Actual Total Time": 0.011,
                      "Actual Rows": 1,
                      "Actual Loops": 142,
                      "Output": ["t.id", "t.title", "t.imdb_index", "t.kind_id", "t.production_year", "t.imdb_id", "t.phonetic_code", "t.episode_of_id", "t.season_nr", "t.episode_nr", "t.series_years", "t.md5sum"],
                      "Index Cond": "(t.id = mi_idx.movie_id)",
                      "Rows Removed by Index Recheck": 0,
                      "Workers": [
                        {
                          "Worker Number": 0,
                          "Actual Startup Time": 0.011,
                          "Actual Total Time": 0.011,
                          "Actual Rows": 1,
                          "Actual Loops": 95
                        }
                      ]
                    }
                  ]
                }
              ]
            }
          ]
        }
      ]
    },
    "Planning Time": 0.971,
    "Triggers": [
    ],
    "Execution Time": 92.007
  }
]
