[
  {
    "Plan": {
      "Node Type": "Aggregate",
      "Strategy": "Plain",
      "Partial Mode": "Finalize",
      "Parallel Aware": false,
      "Async Capable": false,
      "Startup Cost": 19556.99,
      "Total Cost": 19557.00,
      "Plan Rows": 1,
      "Plan Width": 68,
      "Actual Startup Time": 75.073,
      "Actual Total Time": 83.363,
      "Actual Rows": 1,
      "Actual Loops": 1,
      "Output": ["min((mc.note)::text)", "min((t.title)::text)", "min(t.production_year)"],
      "Plans": [
        {
          "Node Type": "Gather",
          "Parent Relationship": "Outer",
          "Parallel Aware": false,
          "Async Capable": false,
          "Startup Cost": 19556.77,
          "Total Cost": 19556.98,
          "Plan Rows": 2,
          "Plan Width": 68,
          "Actual Startup Time": 74.519,
          "Actual Total Time": 83.355,
          "Actual Rows": 3,
          "Actual Loops": 1,
          "Output": ["(PARTIAL min((mc.note)::text))", "(PARTIAL min((t.title)::text))", "(PARTIAL min(t.production_year))"],
          "Workers Planned": 2,
          "Workers Launched": 2,
          "Single Copy": false,
          "Plans": [
            {
              "Node Type": "Aggregate",
              "Strategy": "Plain",
              "Partial Mode": "Partial",
              "Parent Relationship": "Outer",
              "Parallel Aware": false,
              "Async Capable": false,
              "Startup Cost": 18556.77,
              "Total Cost": 18556.78,
              "Plan Rows": 1,
              "Plan Width": 68,
              "Actual Startup Time": 71.430,
              "Actual Total Time": 71.433,
              "Actual Rows": 1,
              "Actual Loops": 3,
              "Output": ["PARTIAL min((mc.note)::text)", "PARTIAL min((t.title)::text)", "PARTIAL min(t.production_year)"],
              "Workers": [
                {
                  "Worker Number": 0,
                  "Actual Startup Time": 69.598,
                  "Actual Total Time": 69.603,
                  "Actual Rows": 1,
                  "Actual Loops": 1
                },
                {
                  "Worker Number": 1,
                  "Actual Startup Time": 70.695,
                  "Actual Total Time": 70.697,
                  "Actual Rows": 1,
                  "Actual Loops": 1
                }
              ],
              "Plans": [
                {
                  "Node Type": "Nested Loop",
                  "Parent Relationship": "Outer",
                  "Parallel Aware": false,
                  "Async Capable": false,
                  "Join Type": "Inner",
                  "Startup Cost": 22.21,
                  "Total Cost": 18556.60,
                  "Plan Rows": 22,
                  "Plan Width": 45,
                  "Actual Startup Time": 71.422,
                  "Actual Total Time": 71.427,
                  "Actual Rows": 1,
                  "Actual Loops": 3,
                  "Output": ["mc.note", "t.title", "t.production_year"],
                  "Inner Unique": true,
                  "Workers": [
                    {
                      "Worker Number": 0,
                      "Actual Startup Time": 69.595,
                      "Actual Total Time": 69.599,
                      "Actual Rows": 0,
                      "Actual Loops": 1
                    },
                    {
                      "Worker Number": 1,
                      "Actual Startup Time": 70.680,
                      "Actual Total Time": 70.688,
                      "Actual Rows": 3,
                      "Actual Loops": 1
                    }
                  ],
                  "Plans": [
                    {
                      "Node Type": "Hash Join",
                      "Parent Relationship": "Outer",
                      "Parallel Aware": false,
                      "Async Capable": false,
                      "Join Type": "Inner",
                      "Startup Cost": 21.78,
                      "Total Cost": 18511.47,
                      "Plan Rows": 77,
                      "Plan Width": 32,
                      "Actual Startup Time": 71.335,
                      "Actual Total Time": 71.394,
                      "Actual Rows": 2,
                      "Actual Loops": 3,
                      "Output": ["mc.note", "mc.movie_id", "mi_idx.movie_id"],
                      "Inner Unique": true,
                      "Hash Cond": "(mc.company_type_id = ct.id)",
                      "Workers": [
                        {
                          "Worker Number": 0,
                          "Actual Startup Time": 69.595,
                          "Actual Total Time": 69.598,
                          "Actual Rows": 0,
                          "Actual Loops": 1
                        },
                        {
                          "Worker Number": 1,
                          "Actual Startup Time": 70.420,
                          "Actual Total Time": 70.592,
                          "Actual Rows": 5,
                          "Actual Loops": 1
                        }
                      ],
                      "Plans": [
                        {
                          "Node Type": "Nested Loop",
                          "Parent Relationship": "Outer",
                          "Parallel Aware": false,
                          "Async Capable": false,
                          "Join Type": "Inner",
                          "Startup Cost": 2.86,
                          "Total Cost": 18456.42,
                          "Plan Rows": 13683,
                          "Plan Width": 36,
                          "Actual Startup Time": 71.278,
                          "Actual Total Time": 71.372,
                          "Actual Rows": 33,
                          "Actual Loops": 3,
                          "Output": ["mi_idx.movie_id", "mc.note", "mc.company_type_id", "mc.movie_id"],
                          "Inner Unique": false,
                          "Workers": [
                            {
                              "Worker Number": 0,
                              "Actual Startup Time": 69.594,
                              "Actual Total Time": 69.597,
                              "Actual Rows": 0,
                              "Actual Loops": 1
                            },
                            {
                              "Worker Number": 1,
                              "Actual Startup Time": 70.248,
                              "Actual Total Time": 70.527,
                              "Actual Rows": 100,
                              "Actual Loops": 1
                            }
                          ],
                          "Plans": [
                            {
                              "Node Type": "Hash Join",
                              "Parent Relationship": "Outer",
                              "Parallel Aware": false,
                              "Async Capable": false,
                              "Join Type": "Inner",
                              "Startup Cost": 2.43,
                              "Total Cost": 15253.60,
                              "Plan Rows": 5089,
                              "Plan Width": 4,
                              "Actual Startup Time": 71.263,
                              "Actual Total Time": 71.266,
                              "Actual Rows": 3,
                              "Actual Loops": 3,
                              "Output": ["mi_idx.movie_id"],
                              "Inner Unique": true,
                              "Hash Cond": "(mi_idx.info_type_id = it.id)",
                              "Workers": [
                                {
                                  "Worker Number": 0,
                                  "Actual Startup Time": 69.593,
                                  "Actual Total Time": 69.595,
                                  "Actual Rows": 0,
                                  "Actual Loops": 1
                                },
                                {
                                  "Worker Number": 1,
                                  "Actual Startup Time": 70.205,
                                  "Actual Total Time": 70.210,
                                  "Actual Rows": 10,
                                  "Actual Loops": 1
                                }
                              ],
                              "Plans": [
                                {
                                  "Node Type": "Seq Scan",
                                  "Parent Relationship": "Outer",
                                  "Parallel Aware": true,
                                  "Async Capable": false,
                                  "Relation Name": "movie_info_idx",
                                  "Schema": "public",
                                  "Alias": "mi_idx",
                                  "Startup Cost": 0.00,
                                  "Total Cost": 13685.15,
                                  "Plan Rows": 575015,
                                  "Plan Width": 8,
                                  "Actual Startup Time": 0.009,
                                  "Actual Total Time": 33.529,
                                  "Actual Rows": 460012,
                                  "Actual Loops": 3,
                                  "Output": ["mi_idx.id", "mi_idx.movie_id", "mi_idx.info_type_id", "mi_idx.info", "mi_idx.note"],
                                  "Workers": [
                                    {
                                      "Worker Number": 0,
                                      "Actual Startup Time": 0.010,
                                      "Actual Total Time": 33.496,
                                      "Actual Rows": 437605,
                                      "Actual Loops": 1
                                    },
                                    {
                                      "Worker Number": 1,
                                      "Actual Startup Time": 0.013,
                                      "Actual Total Time": 33.744,
                                      "Actual Rows": 443434,
                                      "Actual Loops": 1
                                    }
                                  ]
                                },
                                {
                                  "Node Type": "Hash",
                                  "Parent Relationship": "Inner",
                                  "Parallel Aware": false,
                                  "Async Capable": false,
                                  "Startup Cost": 2.41,
                                  "Total Cost": 2.41,
                                  "Plan Rows": 1,
                                  "Plan Width": 4,
                                  "Actual Startup Time": 0.034,
                                  "Actual Total Time": 0.034,
                                  "Actual Rows": 1,
                                  "Actual Loops": 3,
                                  "Output": ["it.id"],
                                  "Hash Buckets": 1024,
                                  "Original Hash Buckets": 1024,
                                  "Hash Batches": 1,
                                  "Original Hash Batches": 1,
                                  "Peak Memory Usage": 9,
                                  "Workers": [
                                    {
                                      "Worker Number": 0,
                                      "Actual Startup Time": 0.036,
                                      "Actual Total Time": 0.037,
                                      "Actual Rows": 1,
                                      "Actual Loops": 1
                                    },
                                    {
                                      "Worker Number": 1,
                                      "Actual Startup Time": 0.035,
                                      "Actual Total Time": 0.035,
                                      "Actual Rows": 1,
                                      "Actual Loops": 1
                                    }
                                  ],
                                  "Plans": [
                                    {
                                      "Node Type": "Seq Scan",
                                      "Parent Relationship": "Outer",
                                      "Parallel Aware": false,
                                      "Async Capable": false,
                                      "Relation Name": "info_type",
                                      "Schema": "public",
                                      "Alias": "it",
                                      "Startup Cost": 0.00,
                                      "Total Cost": 2.41,
                                      "Plan Rows": 1,
                                      "Plan Width": 4,
                                      "Actual Startup Time": 0.030,
                                      "Actual Total Time": 0.031,
                                      "Actual Rows": 1,
                                      "Actual Loops": 3,
                                      "Output": ["it.id"],
                                      "Filter": "((it.info)::text = 'bottom 10 rank'::text)",
                                      "Rows Removed by Filter": 112,
                                      "Workers": [
                                        {
                                          "Worker Number": 0,
                                          "Actual Startup Time": 0.032,
                                          "Actual Total Time": 0.033,
                                          "Actual Rows": 1,
                                          "Actual Loops": 1
                                        },
                                        {
                                          "Worker Number": 1,
                                          "Actual Startup Time": 0.032,
                                          "Actual Total Time": 0.032,
                                          "Actual Rows": 1,
                                          "Actual Loops": 1
                                        }
                                      ]
                                    }
                                  ]
                                }
                              ]
                            },
                            {
                              "Node Type": "Index Scan",
                              "Parent Relationship": "Inner",
                              "Parallel Aware": false,
                              "Async Capable": false,
                              "Scan Direction": "Forward",
                              "Index Name": "movie_id_movie_companies",
                              "Relation Name": "movie_companies",
                              "Schema": "public",
                              "Alias": "mc",
                              "Startup Cost": 0.43,
                              "Total Cost": 0.60,
                              "Plan Rows": 3,
                              "Plan Width": 32,
                              "Actual Startup Time": 0.023,
                              "Actual Total Time": 0.030,
                              "Actual Rows": 10,
                              "Actual Loops": 10,
                              "Output": ["mc.id", "mc.movie_id", "mc.company_id", "mc.company_type_id", "mc.note"],
                              "Index Cond": "(mc.movie_id = mi_idx.movie_id)",
                              "Rows Removed by Index Recheck": 0,
                              "Filter": "((mc.note)::text !~~ '%(as Metro-Goldwyn-Mayer Pictures)%'::text)",
                              "Rows Removed by Filter": 2,
                              "Workers": [
                                {
                                  "Worker Number": 1,
                                  "Actual Startup Time": 0.023,
                                  "Actual Total Time": 0.030,
                                  "Actual Rows": 10,
                                  "Actual Loops": 10
                                }
                              ]
                            }
                          ]
                        },
                        {
                          "Node Type": "Hash",
                          "Parent Relationship": "Inner",
                          "Parallel Aware": false,
                          "Async Capable": false,
                          "Startup Cost": 18.88,
                          "Total Cost": 18.88,
                          "Plan Rows": 4,
                          "Plan Width": 4,
                          "Actual Startup Time": 0.040,
                          "Actual Total Time": 0.040,
                          "Actual Rows": 1,
                          "Actual Loops": 1,
                          "Output": ["ct.id"],
                          "Hash Buckets": 1024,
                          "Original Hash Buckets": 1024,
                          "Hash Batches": 1,
                          "Original Hash Batches": 1,
                          "Peak Memory Usage": 9,
                          "Workers": [
                            {
                              "Worker Number": 1,
                              "Actual Startup Time": 0.040,
                              "Actual Total Time": 0.040,
                              "Actual Rows": 1,
                              "Actual Loops": 1
                            }
                          ],
                          "Plans": [
                            {
                              "Node Type": "Seq Scan",
                              "Parent Relationship": "Outer",
                              "Parallel Aware": false,
                              "Async Capable": false,
                              "Relation Name": "company_type",
                              "Schema": "public",
                              "Alias": "ct",
                              "Startup Cost": 0.00,
                              "Total Cost": 18.88,
                              "Plan Rows": 4,
                              "Plan Width": 4,
                              "Actual Startup Time": 0.031,
                              "Actual Total Time": 0.032,
                              "Actual Rows": 1,
                              "Actual Loops": 1,
                              "Output": ["ct.id"],
                              "Filter": "((ct.kind)::text = 'production companies'::text)",
                              "Rows Removed by Filter": 3,
                              "Workers": [
                                {
                                  "Worker Number": 1,
                                  "Actual Startup Time": 0.031,
                                  "Actual Total Time": 0.032,
                                  "Actual Rows": 1,
                                  "Actual Loops": 1
                                }
                              ]
                            }
                          ]
                        }
                      ]
                    },
                    {
                      "Node Type": "Index Scan",
                      "Parent Relationship": "Inner",
                      "Parallel Aware": false,
                      "Async Capable": false,
                      "Scan Direction": "Forward",
                      "Index Name": "title_pkey",
                      "Relation Name": "title",
                      "Schema": "public",
                      "Alias": "t",
                      "Startup Cost": 0.43,
                      "Total Cost": 0.59,
                      "Plan Rows": 1,
                      "Plan Width": 25,
                      "Actual Startup Time": 0.018,
                      "Actual Total Time": 0.018,
                      "Actual Rows": 1,
                      "Actual Loops": 5,
                      "Output": ["t.id", "t.title", "t.imdb_index", "t.kind_id", "t.production_year", "t.imdb_id", "t.phonetic_code", "t.episode_of_id", "t.season_nr", "t.episode_nr", "t.series_years", "t.md5sum"],
                      "Index Cond": "(t.id = mc.movie_id)",
                      "Rows Removed by Index Recheck": 0,
                      "Filter": "((t.production_year >= 2005) AND (t.production_year <= 2010))",
                      "Rows Removed by Filter": 0,
                      "Workers": [
                        {
                          "Worker Number": 1,
                          "Actual Startup Time": 0.018,
                          "Actual Total Time": 0.018,
                          "Actual Rows": 1,
                          "Actual Loops": 5
                        }
                      ]
                    }
                  ]
                }
              ]
            }
          ]
        }
      ]
    },
    "Planning Time": 1.982,
    "Triggers": [
    ],
    "Execution Time": 83.450
  }
]
