[
  {
    "Plan": {
      "Node Type": "Aggregate",
      "Strategy": "Plain",
      "Partial Mode": "Simple",
      "Parallel Aware": false,
      "Async Capable": false,
      "Startup Cost": 19421.99,
      "Total Cost": 19422.00,
      "Plan Rows": 1,
      "Plan Width": 68,
      "Actual Startup Time": 80.168,
      "Actual Total Time": 88.750,
      "Actual Rows": 1,
      "Actual Loops": 1,
      "Output": ["min((mc.note)::text)", "min((t.title)::text)", "min(t.production_year)"],
      "Plans": [
        {
          "Node Type": "Nested Loop",
          "Parent Relationship": "Outer",
          "Parallel Aware": false,
          "Async Capable": false,
          "Join Type": "Inner",
          "Startup Cost": 1003.44,
          "Total Cost": 19421.98,
          "Plan Rows": 1,
          "Plan Width": 45,
          "Actual Startup Time": 77.478,
          "Actual Total Time": 88.741,
          "Actual Rows": 3,
          "Actual Loops": 1,
          "Output": ["mc.note", "t.title", "t.production_year"],
          "Inner Unique": true,
          "Join Filter": "(mc.movie_id = t.id)",
          "Rows Removed by Join Filter": 0,
          "Plans": [
            {
              "Node Type": "Gather",
              "Parent Relationship": "Outer",
              "Parallel Aware": false,
              "Async Capable": false,
              "Startup Cost": 1003.01,
              "Total Cost": 19421.39,
              "Plan Rows": 1,
              "Plan Width": 32,
              "Actual Startup Time": 75.613,
              "Actual Total Time": 88.655,
              "Actual Rows": 23,
              "Actual Loops": 1,
              "Output": ["mc.note", "mc.movie_id", "mi_idx.movie_id"],
              "Workers Planned": 2,
              "Workers Launched": 2,
              "Single Copy": false,
              "Plans": [
                {
                  "Node Type": "Nested Loop",
                  "Parent Relationship": "Outer",
                  "Parallel Aware": false,
                  "Async Capable": false,
                  "Join Type": "Inner",
                  "Startup Cost": 3.02,
                  "Total Cost": 18421.29,
                  "Plan Rows": 1,
                  "Plan Width": 32,
                  "Actual Startup Time": 73.124,
                  "Actual Total Time": 74.863,
                  "Actual Rows": 8,
                  "Actual Loops": 3,
                  "Output": ["mc.note", "mc.movie_id", "mi_idx.movie_id"],
                  "Inner Unique": true,
                  "Workers": [
                    {
                      "Worker Number": 0,
                      "Actual Startup Time": 72.863,
                      "Actual Total Time": 73.584,
                      "Actual Rows": 1,
                      "Actual Loops": 1
                    },
                    {
                      "Worker Number": 1,
                      "Actual Startup Time": 71.533,
                      "Actual Total Time": 76.024,
                      "Actual Rows": 22,
                      "Actual Loops": 1
                    }
                  ],
                  "Plans": [
                    {
                      "Node Type": "Nested Loop",
                      "Parent Relationship": "Outer",
                      "Parallel Aware": false,
                      "Async Capable": false,
                      "Join Type": "Inner",
                      "Startup Cost": 2.86,
                      "Total Cost": 18418.25,
                      "Plan Rows": 101,
                      "Plan Width": 36,
                      "Actual Startup Time": 73.100,
                      "Actual Total Time": 74.835,
                      "Actual Rows": 8,
                      "Actual Loops": 3,
                      "Output": ["mi_idx.movie_id", "mc.note", "mc.company_type_id", "mc.movie_id"],
                      "Inner Unique": false,
                      "Workers": [
                        {
                          "Worker Number": 0,
                          "Actual Startup Time": 72.831,
                          "Actual Total Time": 73.550,
                          "Actual Rows": 1,
                          "Actual Loops": 1
                        },
                        {
                          "Worker Number": 1,
                          "Actual Startup Time": 71.494,
                          "Actual Total Time": 75.974,
                          "Actual Rows": 22,
                          "Actual Loops": 1
                        }
                      ],
                      "Plans": [
                        {
                          "Node Type": "Hash Join",
                          "Parent Relationship": "Outer",
                          "Parallel Aware": false,
                          "Async Capable": false,
                          "Join Type": "Inner",
                          "Startup Cost": 2.43,
                          "Total Cost": 15253.60,
                          "Plan Rows": 5089,
                          "Plan Width": 4,
                          "Actual Startup Time": 72.387,
                          "Actual Total Time": 72.416,
                          "Actual Rows": 83,
                          "Actual Loops": 3,
                          "Output": ["mi_idx.movie_id"],
                          "Inner Unique": true,
                          "Hash Cond": "(mi_idx.info_type_id = it.id)",
                          "Workers": [
                            {
                              "Worker Number": 0,
                              "Actual Startup Time": 70.916,
                              "Actual Total Time": 70.947,
                              "Actual Rows": 88,
                              "Actual Loops": 1
                            },
                            {
                              "Worker Number": 1,
                              "Actual Startup Time": 71.270,
                              "Actual Total Time": 71.323,
                              "Actual Rows": 162,
                              "Actual Loops": 1
                            }
                          ],
                          "Plans": [
                            {
                              "Node Type": "Seq Scan",
                              "Parent Relationship": "Outer",
                              "Parallel Aware": true,
                              "Async Capable": false,
                              "Relation Name": "movie_info_idx",
                              "Schema": "public",
                              "Alias": "mi_idx",
                              "Startup Cost": 0.00,
                              "Total Cost": 13685.15,
                              "Plan Rows": 575015,
                              "Plan Width": 8,
                              "Actual Startup Time": 0.009,
                              "Actual Total Time": 34.637,
                              "Actual Rows": 460012,
                              "Actual Loops": 3,
                              "Output": ["mi_idx.id", "mi_idx.movie_id", "mi_idx.info_type_id", "mi_idx.info", "mi_idx.note"],
                              "Workers": [
                                {
                                  "Worker Number": 0,
                                  "Actual Startup Time": 0.013,
                                  "Actual Total Time": 35.062,
                                  "Actual Rows": 433012,
                                  "Actual Loops": 1
                                },
                                {
                                  "Worker Number": 1,
                                  "Actual Startup Time": 0.010,
                                  "Actual Total Time": 35.248,
                                  "Actual Rows": 437913,
                                  "Actual Loops": 1
                                }
                              ]
                            },
                            {
                              "Node Type": "Hash",
                              "Parent Relationship": "Inner",
                              "Parallel Aware": false,
                              "Async Capable": false,
                              "Startup Cost": 2.41,
                              "Total Cost": 2.41,
                              "Plan Rows": 1,
                              "Plan Width": 4,
                              "Actual Startup Time": 0.030,
                              "Actual Total Time": 0.031,
                              "Actual Rows": 1,
                              "Actual Loops": 3,
                              "Output": ["it.id"],
                              "Hash Buckets": 1024,
                              "Original Hash Buckets": 1024,
                              "Hash Batches": 1,
                              "Original Hash Batches": 1,
                              "Peak Memory Usage": 9,
                              "Workers": [
                                {
                                  "Worker Number": 0,
                                  "Actual Startup Time": 0.030,
                                  "Actual Total Time": 0.031,
                                  "Actual Rows": 1,
                                  "Actual Loops": 1
                                },
                                {
                                  "Worker Number": 1,
                                  "Actual Startup Time": 0.033,
                                  "Actual Total Time": 0.034,
                                  "Actual Rows": 1,
                                  "Actual Loops": 1
                                }
                              ],
                              "Plans": [
                                {
                                  "Node Type": "Seq Scan",
                                  "Parent Relationship": "Outer",
                                  "Parallel Aware": false,
                                  "Async Capable": false,
                                  "Relation Name": "info_type",
                                  "Schema": "public",
                                  "Alias": "it",
                                  "Startup Cost": 0.00,
                                  "Total Cost": 2.41,
                                  "Plan Rows": 1,
                                  "Plan Width": 4,
                                  "Actual Startup Time": 0.026,
                                  "Actual Total Time": 0.027,
                                  "Actual Rows": 1,
                                  "Actual Loops": 3,
                                  "Output": ["it.id"],
                                  "Filter": "((it.info)::text = 'top 250 rank'::text)",
                                  "Rows Removed by Filter": 112,
                                  "Workers": [
                                    {
                                      "Worker Number": 0,
                                      "Actual Startup Time": 0.027,
                                      "Actual Total Time": 0.028,
                                      "Actual Rows": 1,
                                      "Actual Loops": 1
                                    },
                                    {
                                      "Worker Number": 1,
                                      "Actual Startup Time": 0.030,
                                      "Actual Total Time": 0.031,
                                      "Actual Rows": 1,
                                      "Actual Loops": 1
                                    }
                                  ]
                                }
                              ]
                            }
                          ]
                        },
                        {
                          "Node Type": "Index Scan",
                          "Parent Relationship": "Inner",
                          "Parallel Aware": false,
                          "Async Capable": false,
                          "Scan Direction": "Forward",
                          "Index Name": "movie_id_movie_companies",
                          "Relation Name": "movie_companies",
                          "Schema": "public",
                          "Alias": "mc",
                          "Startup Cost": 0.43,
                          "Total Cost": 0.61,
                          "Plan Rows": 1,
                          "Plan Width": 32,
                          "Actual Startup Time": 0.029,
                          "Actual Total Time": 0.029,
                          "Actual Rows": 0,
                          "Actual Loops": 250,
                          "Output": ["mc.id", "mc.movie_id", "mc.company_id", "mc.company_type_id", "mc.note"],
                          "Index Cond": "(mc.movie_id = mi_idx.movie_id)",
                          "Rows Removed by Index Recheck": 0,
                          "Filter": "(((mc.note)::text !~~ '%(as Metro-Goldwyn-Mayer Pictures)%'::text) AND ((mc.note)::text ~~ '%(co-production)%'::text))",
                          "Rows Removed by Filter": 33,
                          "Workers": [
                            {
                              "Worker Number": 0,
                              "Actual Startup Time": 0.029,
                              "Actual Total Time": 0.029,
                              "Actual Rows": 0,
                              "Actual Loops": 88
                            },
                            {
                              "Worker Number": 1,
                              "Actual Startup Time": 0.028,
                              "Actual Total Time": 0.028,
                              "Actual Rows": 0,
                              "Actual Loops": 162
                            }
                          ]
                        }
                      ]
                    },
                    {
                      "Node Type": "Memoize",
                      "Parent Relationship": "Inner",
                      "Parallel Aware": false,
                      "Async Capable": false,
                      "Startup Cost": 0.16,
                      "Total Cost": 0.18,
                      "Plan Rows": 1,
                      "Plan Width": 4,
                      "Actual Startup Time": 0.003,
                      "Actual Total Time": 0.003,
                      "Actual Rows": 1,
                      "Actual Loops": 23,
                      "Output": ["ct.id"],
                      "Cache Key": "mc.company_type_id",
                      "Cache Mode": "logical",
                      "Workers": [
                        {
                          "Worker Number": 0,
                          "Actual Startup Time": 0.026,
                          "Actual Total Time": 0.027,
                          "Actual Rows": 1,
                          "Actual Loops": 1,
                          "Cache Hits": 0,
                          "Cache Misses": 1,
                          "Cache Evictions": 0,
                          "Cache Overflows": 0,
                          "Peak Memory Usage": 1
                        },
                        {
                          "Worker Number": 1,
                          "Actual Startup Time": 0.002,
                          "Actual Total Time": 0.002,
                          "Actual Rows": 1,
                          "Actual Loops": 22,
                          "Cache Hits": 21,
                          "Cache Misses": 1,
                          "Cache Evictions": 0,
                          "Cache Overflows": 0,
                          "Peak Memory Usage": 1
                        }
                      ],
                      "Plans": [
                        {
                          "Node Type": "Index Scan",
                          "Parent Relationship": "Outer",
                          "Parallel Aware": false,
                          "Async Capable": false,
                          "Scan Direction": "Forward",
                          "Index Name": "company_type_pkey",
                          "Relation Name": "company_type",
                          "Schema": "public",
                          "Alias": "ct",
                          "Startup Cost": 0.15,
                          "Total Cost": 0.17,
                          "Plan Rows": 1,
                          "Plan Width": 4,
                          "Actual Startup Time": 0.026,
                          "Actual Total Time": 0.026,
                          "Actual Rows": 1,
                          "Actual Loops": 2,
                          "Output": ["ct.id"],
                          "Index Cond": "(ct.id = mc.company_type_id)",
                          "Rows Removed by Index Recheck": 0,
                          "Filter": "((ct.kind)::text = 'production companies'::text)",
                          "Rows Removed by Filter": 0,
                          "Workers": [
                            {
                              "Worker Number": 0,
                              "Actual Startup Time": 0.024,
                              "Actual Total Time": 0.024,
                              "Actual Rows": 1,
                              "Actual Loops": 1
                            },
                            {
                              "Worker Number": 1,
                              "Actual Startup Time": 0.029,
                              "Actual Total Time": 0.029,
                              "Actual Rows": 1,
                              "Actual Loops": 1
                            }
                          ]
                        }
                      ]
                    }
                  ]
                }
              ]
            },
            {
              "Node Type": "Index Scan",
              "Parent Relationship": "Inner",
              "Parallel Aware": false,
              "Async Capable": false,
              "Scan Direction": "Forward",
              "Index Name": "title_pkey",
              "Relation Name": "title",
              "Schema": "public",
              "Alias": "t",
              "Startup Cost": 0.43,
              "Total Cost": 0.58,
              "Plan Rows": 1,
              "Plan Width": 25,
              "Actual Startup Time": 0.003,
              "Actual Total Time": 0.003,
              "Actual Rows": 0,
              "Actual Loops": 23,
              "Output": ["t.id", "t.title", "t.imdb_index", "t.kind_id", "t.production_year", "t.imdb_id", "t.phonetic_code", "t.episode_of_id", "t.season_nr", "t.episode_nr", "t.series_years", "t.md5sum"],
              "Index Cond": "(t.id = mi_idx.movie_id)",
              "Rows Removed by Index Recheck": 0,
              "Filter": "(t.production_year > 2010)",
              "Rows Removed by Filter": 1
            }
          ]
        }
      ]
    },
    "Planning Time": 1.538,
    "Triggers": [
    ],
    "Execution Time": 88.814
  }
]
