[
  {
    "Plan": {
      "Node Type": "Aggregate",
      "Strategy": "Plain",
      "Partial Mode": "Simple",
      "Parallel Aware": false,
      "Async Capable": false,
      "Startup Cost": 2469.65,
      "Total Cost": 2469.66,
      "Plan Rows": 1,
      "Plan Width": 32,
      "Actual Startup Time": 133496.465,
      "Actual Total Time": 133496.471,
      "Actual Rows": 1,
      "Actual Loops": 1,
      "Output": ["min((t.title)::text)"],
      "Plans": [
        {
          "Node Type": "Nested Loop",
          "Parent Relationship": "Outer",
          "Parallel Aware": false,
          "Async Capable": false,
          "Join Type": "Inner",
          "Startup Cost": 21.78,
          "Total Cost": 2469.65,
          "Plan Rows": 1,
          "Plan Width": 17,
          "Actual Startup Time": 28340.154,
          "Actual Total Time": 133496.442,
          "Actual Rows": 33,
          "Actual Loops": 1,
          "Output": ["t.title"],
          "Inner Unique": true,
          "Plans": [
            {
              "Node Type": "Nested Loop",
              "Parent Relationship": "Outer",
              "Parallel Aware": false,
              "Async Capable": false,
              "Join Type": "Inner",
              "Startup Cost": 21.35,
              "Total Cost": 2469.20,
              "Plan Rows": 1,
              "Plan Width": 21,
              "Actual Startup Time": 28340.134,
              "Actual Total Time": 133496.292,
              "Actual Rows": 33,
              "Actual Loops": 1,
              "Output": ["ci.person_id", "t.title"],
              "Inner Unique": true,
              "Plans": [
                {
                  "Node Type": "Nested Loop",
                  "Parent Relationship": "Outer",
                  "Parallel Aware": false,
                  "Async Capable": false,
                  "Join Type": "Inner",
                  "Startup Cost": 20.93,
                  "Total Cost": 2468.75,
                  "Plan Rows": 1,
                  "Plan Width": 25,
                  "Actual Startup Time": 28330.602,
                  "Actual Total Time": 133491.453,
                  "Actual Rows": 1314,
                  "Actual Loops": 1,
                  "Output": ["ci.person_id", "mk.keyword_id", "t.title"],
                  "Inner Unique": true,
                  "Plans": [
                    {
                      "Node Type": "Nested Loop",
                      "Parent Relationship": "Outer",
                      "Parallel Aware": false,
                      "Async Capable": false,
                      "Join Type": "Inner",
                      "Startup Cost": 20.50,
                      "Total Cost": 2468.29,
                      "Plan Rows": 1,
                      "Plan Width": 29,
                      "Actual Startup Time": 0.090,
                      "Actual Total Time": 47418.878,
                      "Actual Rows": 87986607,
                      "Actual Loops": 1,
                      "Output": ["ci.person_role_id", "ci.person_id", "mk.keyword_id", "t.title"],
                      "Inner Unique": false,
                      "Join Filter": "(t.id = ci.movie_id)",
                      "Rows Removed by Join Filter": 0,
                      "Plans": [
                        {
                          "Node Type": "Nested Loop",
                          "Parent Relationship": "Outer",
                          "Parallel Aware": false,
                          "Async Capable": false,
                          "Join Type": "Inner",
                          "Startup Cost": 20.06,
                          "Total Cost": 2466.45,
                          "Plan Rows": 1,
                          "Plan Width": 33,
                          "Actual Startup Time": 0.078,
                          "Actual Total Time": 994.898,
                          "Actual Rows": 978322,
                          "Actual Loops": 1,
                          "Output": ["cc.movie_id", "mk.movie_id", "mk.keyword_id", "t.title", "t.id"],
                          "Inner Unique": false,
                          "Plans": [
                            {
                              "Node Type": "Nested Loop",
                              "Parent Relationship": "Outer",
                              "Parallel Aware": false,
                              "Async Capable": false,
                              "Join Type": "Inner",
                              "Startup Cost": 19.63,
                              "Total Cost": 2464.68,
                              "Plan Rows": 1,
                              "Plan Width": 25,
                              "Actual Startup Time": 0.064,
                              "Actual Total Time": 552.424,
                              "Actual Rows": 28583,
                              "Actual Loops": 1,
                              "Output": ["cc.movie_id", "t.title", "t.id"],
                              "Inner Unique": true,
                              "Plans": [
                                {
                                  "Node Type": "Nested Loop",
                                  "Parent Relationship": "Outer",
                                  "Parallel Aware": false,
                                  "Async Capable": false,
                                  "Join Type": "Inner",
                                  "Startup Cost": 19.48,
                                  "Total Cost": 2464.50,
                                  "Plan Rows": 1,
                                  "Plan Width": 29,
                                  "Actual Startup Time": 0.061,
                                  "Actual Total Time": 478.884,
                                  "Actual Rows": 73560,
                                  "Actual Loops": 1,
                                  "Output": ["cc.movie_id", "t.title", "t.kind_id", "t.id"],
                                  "Inner Unique": true,
                                  "Plans": [
                                    {
                                      "Node Type": "Nested Loop",
                                      "Parent Relationship": "Outer",
                                      "Parallel Aware": false,
                                      "Async Capable": false,
                                      "Join Type": "Inner",
                                      "Startup Cost": 19.05,
                                      "Total Cost": 2462.72,
                                      "Plan Rows": 1,
                                      "Plan Width": 4,
                                      "Actual Startup Time": 0.050,
                                      "Actual Total Time": 93.289,
                                      "Actual Rows": 85941,
                                      "Actual Loops": 1,
                                      "Output": ["cc.movie_id"],
                                      "Inner Unique": true,
                                      "Plans": [
                                        {
                                          "Node Type": "Hash Join",
                                          "Parent Relationship": "Outer",
                                          "Parallel Aware": false,
                                          "Async Capable": false,
                                          "Join Type": "Inner",
                                          "Startup Cost": 18.89,
                                          "Total Cost": 2457.46,
                                          "Plan Rows": 190,
                                          "Plan Width": 8,
                                          "Actual Startup Time": 0.042,
                                          "Actual Total Time": 46.607,
                                          "Actual Rows": 135086,
                                          "Actual Loops": 1,
                                          "Output": ["cc.movie_id", "cc.subject_id"],
                                          "Inner Unique": true,
                                          "Hash Cond": "(cc.status_id = cct2.id)",
                                          "Plans": [
                                            {
                                              "Node Type": "Seq Scan",
                                              "Parent Relationship": "Outer",
                                              "Parallel Aware": false,
                                              "Async Capable": false,
                                              "Relation Name": "complete_cast",
                                              "Schema": "public",
                                              "Alias": "cc",
                                              "Startup Cost": 0.00,
                                              "Total Cost": 2081.86,
                                              "Plan Rows": 135086,
                                              "Plan Width": 12,
                                              "Actual Startup Time": 0.014,
                                              "Actual Total Time": 13.605,
                                              "Actual Rows": 135086,
                                              "Actual Loops": 1,
                                              "Output": ["cc.id", "cc.movie_id", "cc.subject_id", "cc.status_id"]
                                            },
                                            {
                                              "Node Type": "Hash",
                                              "Parent Relationship": "Inner",
                                              "Parallel Aware": false,
                                              "Async Capable": false,
                                              "Startup Cost": 18.88,
                                              "Total Cost": 18.88,
                                              "Plan Rows": 1,
                                              "Plan Width": 4,
                                              "Actual Startup Time": 0.011,
                                              "Actual Total Time": 0.012,
                                              "Actual Rows": 2,
                                              "Actual Loops": 1,
                                              "Output": ["cct2.id"],
                                              "Hash Buckets": 1024,
                                              "Original Hash Buckets": 1024,
                                              "Hash Batches": 1,
                                              "Original Hash Batches": 1,
                                              "Peak Memory Usage": 9,
                                              "Plans": [
                                                {
                                                  "Node Type": "Seq Scan",
                                                  "Parent Relationship": "Outer",
                                                  "Parallel Aware": false,
                                                  "Async Capable": false,
                                                  "Relation Name": "comp_cast_type",
                                                  "Schema": "public",
                                                  "Alias": "cct2",
                                                  "Startup Cost": 0.00,
                                                  "Total Cost": 18.88,
                                                  "Plan Rows": 1,
                                                  "Plan Width": 4,
                                                  "Actual Startup Time": 0.005,
                                                  "Actual Total Time": 0.006,
                                                  "Actual Rows": 2,
                                                  "Actual Loops": 1,
                                                  "Output": ["cct2.id"],
                                                  "Filter": "((cct2.kind)::text ~~ '%complete%'::text)",
                                                  "Rows Removed by Filter": 2
                                                }
                                              ]
                                            }
                                          ]
                                        },
                                        {
                                          "Node Type": "Memoize",
                                          "Parent Relationship": "Inner",
                                          "Parallel Aware": false,
                                          "Async Capable": false,
                                          "Startup Cost": 0.16,
                                          "Total Cost": 0.18,
                                          "Plan Rows": 1,
                                          "Plan Width": 4,
                                          "Actual Startup Time": 0.000,
                                          "Actual Total Time": 0.000,
                                          "Actual Rows": 1,
                                          "Actual Loops": 135086,
                                          "Output": ["cct1.id"],
                                          "Cache Key": "cc.subject_id",
                                          "Cache Mode": "logical",
                                          "Cache Hits": 135084,
                                          "Cache Misses": 2,
                                          "Cache Evictions": 0,
                                          "Cache Overflows": 0,
                                          "Peak Memory Usage": 1,
                                          "Plans": [
                                            {
                                              "Node Type": "Index Scan",
                                              "Parent Relationship": "Outer",
                                              "Parallel Aware": false,
                                              "Async Capable": false,
                                              "Scan Direction": "Forward",
                                              "Index Name": "comp_cast_type_pkey",
                                              "Relation Name": "comp_cast_type",
                                              "Schema": "public",
                                              "Alias": "cct1",
                                              "Startup Cost": 0.15,
                                              "Total Cost": 0.17,
                                              "Plan Rows": 1,
                                              "Plan Width": 4,
                                              "Actual Startup Time": 0.008,
                                              "Actual Total Time": 0.008,
                                              "Actual Rows": 0,
                                              "Actual Loops": 2,
                                              "Output": ["cct1.id"],
                                              "Index Cond": "(cct1.id = cc.subject_id)",
                                              "Rows Removed by Index Recheck": 0,
                                              "Filter": "((cct1.kind)::text = 'cast'::text)",
                                              "Rows Removed by Filter": 0
                                            }
                                          ]
                                        }
                                      ]
                                    },
                                    {
                                      "Node Type": "Index Scan",
                                      "Parent Relationship": "Inner",
                                      "Parallel Aware": false,
                                      "Async Capable": false,
                                      "Scan Direction": "Forward",
                                      "Index Name": "title_pkey",
                                      "Relation Name": "title",
                                      "Schema": "public",
                                      "Alias": "t",
                                      "Startup Cost": 0.43,
                                      "Total Cost": 1.78,
                                      "Plan Rows": 1,
                                      "Plan Width": 25,
                                      "Actual Startup Time": 0.004,
                                      "Actual Total Time": 0.004,
                                      "Actual Rows": 1,
                                      "Actual Loops": 85941,
                                      "Output": ["t.id", "t.title", "t.imdb_index", "t.kind_id", "t.production_year", "t.imdb_id", "t.phonetic_code", "t.episode_of_id", "t.season_nr", "t.episode_nr", "t.series_years", "t.md5sum"],
                                      "Index Cond": "(t.id = cc.movie_id)",
                                      "Rows Removed by Index Recheck": 0,
                                      "Filter": "(t.production_year > 1950)",
                                      "Rows Removed by Filter": 0
                                    }
                                  ]
                                },
                                {
                                  "Node Type": "Index Scan",
                                  "Parent Relationship": "Inner",
                                  "Parallel Aware": false,
                                  "Async Capable": false,
                                  "Scan Direction": "Forward",
                                  "Index Name": "kind_type_pkey",
                                  "Relation Name": "kind_type",
                                  "Schema": "public",
                                  "Alias": "kt",
                                  "Startup Cost": 0.15,
                                  "Total Cost": 0.17,
                                  "Plan Rows": 1,
                                  "Plan Width": 4,
                                  "Actual Startup Time": 0.001,
                                  "Actual Total Time": 0.001,
                                  "Actual Rows": 0,
                                  "Actual Loops": 73560,
                                  "Output": ["kt.id", "kt.kind"],
                                  "Index Cond": "(kt.id = t.kind_id)",
                                  "Rows Removed by Index Recheck": 0,
                                  "Filter": "((kt.kind)::text = 'movie'::text)",
                                  "Rows Removed by Filter": 1
                                }
                              ]
                            },
                            {
                              "Node Type": "Index Scan",
                              "Parent Relationship": "Inner",
                              "Parallel Aware": false,
                              "Async Capable": false,
                              "Scan Direction": "Forward",
                              "Index Name": "movie_id_movie_keyword",
                              "Relation Name": "movie_keyword",
                              "Schema": "public",
                              "Alias": "mk",
                              "Startup Cost": 0.43,
                              "Total Cost": 1.31,
                              "Plan Rows": 47,
                              "Plan Width": 8,
                              "Actual Startup Time": 0.004,
                              "Actual Total Time": 0.010,
                              "Actual Rows": 34,
                              "Actual Loops": 28583,
                              "Output": ["mk.id", "mk.movie_id", "mk.keyword_id"],
                              "Index Cond": "(mk.movie_id = t.id)",
                              "Rows Removed by Index Recheck": 0
                            }
                          ]
                        },
                        {
                          "Node Type": "Index Scan",
                          "Parent Relationship": "Inner",
                          "Parallel Aware": false,
                          "Async Capable": false,
                          "Scan Direction": "Forward",
                          "Index Name": "movie_id_cast_info",
                          "Relation Name": "cast_info",
                          "Schema": "public",
                          "Alias": "ci",
                          "Startup Cost": 0.44,
                          "Total Cost": 1.36,
                          "Plan Rows": 38,
                          "Plan Width": 12,
                          "Actual Startup Time": 0.002,
                          "Actual Total Time": 0.033,
                          "Actual Rows": 90,
                          "Actual Loops": 978322,
                          "Output": ["ci.id", "ci.person_id", "ci.movie_id", "ci.person_role_id", "ci.note", "ci.nr_order", "ci.role_id"],
                          "Index Cond": "(ci.movie_id = mk.movie_id)",
                          "Rows Removed by Index Recheck": 0
                        }
                      ]
                    },
                    {
                      "Node Type": "Index Scan",
                      "Parent Relationship": "Inner",
                      "Parallel Aware": false,
                      "Async Capable": false,
                      "Scan Direction": "Forward",
                      "Index Name": "char_name_pkey",
                      "Relation Name": "char_name",
                      "Schema": "public",
                      "Alias": "chn",
                      "Startup Cost": 0.43,
                      "Total Cost": 0.46,
                      "Plan Rows": 1,
                      "Plan Width": 4,
                      "Actual Startup Time": 0.001,
                      "Actual Total Time": 0.001,
                      "Actual Rows": 0,
                      "Actual Loops": 87986607,
                      "Output": ["chn.id", "chn.name", "chn.imdb_index", "chn.imdb_id", "chn.name_pcode_nf", "chn.surname_pcode", "chn.md5sum"],
                      "Index Cond": "(chn.id = ci.person_role_id)",
                      "Rows Removed by Index Recheck": 0,
                      "Filter": "(((chn.name)::text !~~ '%Sherlock%'::text) AND (((chn.name)::text ~~ '%Tony%Stark%'::text) OR ((chn.name)::text ~~ '%Iron%Man%'::text)))",
                      "Rows Removed by Filter": 0
                    }
                  ]
                },
                {
                  "Node Type": "Index Scan",
                  "Parent Relationship": "Inner",
                  "Parallel Aware": false,
                  "Async Capable": false,
                  "Scan Direction": "Forward",
                  "Index Name": "keyword_pkey",
                  "Relation Name": "keyword",
                  "Schema": "public",
                  "Alias": "k",
                  "Startup Cost": 0.42,
                  "Total Cost": 0.45,
                  "Plan Rows": 1,
                  "Plan Width": 4,
                  "Actual Startup Time": 0.003,
                  "Actual Total Time": 0.003,
                  "Actual Rows": 0,
                  "Actual Loops": 1314,
                  "Output": ["k.id", "k.keyword", "k.phonetic_code"],
                  "Index Cond": "(k.id = mk.keyword_id)",
                  "Rows Removed by Index Recheck": 0,
                  "Filter": "((k.keyword)::text = ANY ('{superhero,sequel,second-part,marvel-comics,based-on-comic,tv-special,fight,violence}'::text[]))",
                  "Rows Removed by Filter": 1
                }
              ]
            },
            {
              "Node Type": "Index Only Scan",
              "Parent Relationship": "Inner",
              "Parallel Aware": false,
              "Async Capable": false,
              "Scan Direction": "Forward",
              "Index Name": "name_pkey",
              "Relation Name": "name",
              "Schema": "public",
              "Alias": "n",
              "Startup Cost": 0.43,
              "Total Cost": 0.45,
              "Plan Rows": 1,
              "Plan Width": 4,
              "Actual Startup Time": 0.004,
              "Actual Total Time": 0.004,
              "Actual Rows": 1,
              "Actual Loops": 33,
              "Output": ["n.id"],
              "Index Cond": "(n.id = ci.person_id)",
              "Rows Removed by Index Recheck": 0,
              "Heap Fetches": 0
            }
          ]
        }
      ]
    },
    "Planning Time": 14.604,
    "Triggers": [
    ],
    "Execution Time": 133496.606
  }
]
