[
  {
    "Plan": {
      "Node Type": "Aggregate",
      "Strategy": "Plain",
      "Partial Mode": "Simple",
      "Parallel Aware": false,
      "Async Capable": false,
      "Startup Cost": 7492.60,
      "Total Cost": 7492.61,
      "Plan Rows": 1,
      "Plan Width": 96,
      "Actual Startup Time": 2459.082,
      "Actual Total Time": 2459.088,
      "Actual Rows": 1,
      "Actual Loops": 1,
      "Output": ["min((cn.name)::text)", "min((mi_idx.info)::text)", "min((t.title)::text)"],
      "Plans": [
        {
          "Node Type": "Nested Loop",
          "Parent Relationship": "Outer",
          "Parallel Aware": false,
          "Async Capable": false,
          "Join Type": "Inner",
          "Startup Cost": 8.92,
          "Total Cost": 7492.59,
          "Plan Rows": 1,
          "Plan Width": 42,
          "Actual Startup Time": 4.106,
          "Actual Total Time": 2453.171,
          "Actual Rows": 21489,
          "Actual Loops": 1,
          "Output": ["cn.name", "mi_idx.info", "t.title"],
          "Inner Unique": true,
          "Join Filter": "(mi_idx.info_type_id = it2.id)",
          "Rows Removed by Join Filter": 42593,
          "Plans": [
            {
              "Node Type": "Nested Loop",
              "Parent Relationship": "Outer",
              "Parallel Aware": false,
              "Async Capable": false,
              "Join Type": "Inner",
              "Startup Cost": 8.92,
              "Total Cost": 7490.16,
              "Plan Rows": 1,
              "Plan Width": 46,
              "Actual Startup Time": 3.801,
              "Actual Total Time": 1878.509,
              "Actual Rows": 64082,
              "Actual Loops": 1,
              "Output": ["cn.name", "mi_idx.info", "mi_idx.info_type_id", "t.title"],
              "Inner Unique": false,
              "Join Filter": "(t.id = mi_idx.movie_id)",
              "Rows Removed by Join Filter": 0,
              "Plans": [
                {
                  "Node Type": "Nested Loop",
                  "Parent Relationship": "Outer",
                  "Parallel Aware": false,
                  "Async Capable": false,
                  "Join Type": "Inner",
                  "Startup Cost": 8.50,
                  "Total Cost": 7489.63,
                  "Plan Rows": 1,
                  "Plan Width": 52,
                  "Actual Startup Time": 3.792,
                  "Actual Total Time": 1818.478,
                  "Actual Rows": 21827,
                  "Actual Loops": 1,
                  "Output": ["cn.name", "mc.movie_id", "mi.movie_id", "mk.movie_id", "t.title", "t.id"],
                  "Inner Unique": true,
                  "Join Filter": "(mi.info_type_id = it1.id)",
                  "Rows Removed by Join Filter": 3193,
                  "Plans": [
                    {
                      "Node Type": "Nested Loop",
                      "Parent Relationship": "Outer",
                      "Parallel Aware": false,
                      "Async Capable": false,
                      "Join Type": "Inner",
                      "Startup Cost": 8.50,
                      "Total Cost": 7487.21,
                      "Plan Rows": 1,
                      "Plan Width": 56,
                      "Actual Startup Time": 3.787,
                      "Actual Total Time": 1735.920,
                      "Actual Rows": 25020,
                      "Actual Loops": 1,
                      "Output": ["cn.name", "mc.movie_id", "mi.movie_id", "mi.info_type_id", "mk.movie_id", "t.title", "t.id"],
                      "Inner Unique": false,
                      "Join Filter": "(t.id = mi.movie_id)",
                      "Rows Removed by Join Filter": 0,
                      "Plans": [
                        {
                          "Node Type": "Nested Loop",
                          "Parent Relationship": "Outer",
                          "Parallel Aware": false,
                          "Async Capable": false,
                          "Join Type": "Inner",
                          "Startup Cost": 8.06,
                          "Total Cost": 7485.39,
                          "Plan Rows": 1,
                          "Plan Width": 48,
                          "Actual Startup Time": 3.759,
                          "Actual Total Time": 294.091,
                          "Actual Rows": 23902,
                          "Actual Loops": 1,
                          "Output": ["cn.name", "mc.movie_id", "mk.movie_id", "t.title", "t.id"],
                          "Inner Unique": true,
                          "Join Filter": "(mc.company_type_id = ct.id)",
                          "Rows Removed by Join Filter": 0,
                          "Plans": [
                            {
                              "Node Type": "Nested Loop",
                              "Parent Relationship": "Outer",
                              "Parallel Aware": false,
                              "Async Capable": false,
                              "Join Type": "Inner",
                              "Startup Cost": 8.06,
                              "Total Cost": 7459.41,
                              "Plan Rows": 1,
                              "Plan Width": 52,
                              "Actual Startup Time": 3.756,
                              "Actual Total Time": 272.203,
                              "Actual Rows": 23902,
                              "Actual Loops": 1,
                              "Output": ["cn.name", "mc.movie_id", "mc.company_type_id", "mk.movie_id", "t.title", "t.id"],
                              "Inner Unique": true,
                              "Plans": [
                                {
                                  "Node Type": "Nested Loop",
                                  "Parent Relationship": "Outer",
                                  "Parallel Aware": false,
                                  "Async Capable": false,
                                  "Join Type": "Inner",
                                  "Startup Cost": 7.64,
                                  "Total Cost": 7458.88,
                                  "Plan Rows": 1,
                                  "Plan Width": 37,
                                  "Actual Startup Time": 3.750,
                                  "Actual Total Time": 217.804,
                                  "Actual Rows": 25853,
                                  "Actual Loops": 1,
                                  "Output": ["mk.movie_id", "mc.movie_id", "mc.company_type_id", "mc.company_id", "t.title", "t.id"],
                                  "Inner Unique": false,
                                  "Join Filter": "(t.id = mc.movie_id)",
                                  "Rows Removed by Join Filter": 0,
                                  "Plans": [
                                    {
                                      "Node Type": "Nested Loop",
                                      "Parent Relationship": "Outer",
                                      "Parallel Aware": false,
                                      "Async Capable": false,
                                      "Join Type": "Inner",
                                      "Startup Cost": 7.21,
                                      "Total Cost": 7458.30,
                                      "Plan Rows": 1,
                                      "Plan Width": 25,
                                      "Actual Startup Time": 3.462,
                                      "Actual Total Time": 161.091,
                                      "Actual Rows": 8073,
                                      "Actual Loops": 1,
                                      "Output": ["mk.movie_id", "t.title", "t.id"],
                                      "Inner Unique": true,
                                      "Join Filter": "(t.kind_id = kt.id)",
                                      "Rows Removed by Join Filter": 4332,
                                      "Plans": [
                                        {
                                          "Node Type": "Nested Loop",
                                          "Parent Relationship": "Outer",
                                          "Parallel Aware": false,
                                          "Async Capable": false,
                                          "Join Type": "Inner",
                                          "Startup Cost": 7.21,
                                          "Total Cost": 7427.27,
                                          "Plan Rows": 55,
                                          "Plan Width": 29,
                                          "Actual Startup Time": 3.439,
                                          "Actual Total Time": 158.228,
                                          "Actual Rows": 9739,
                                          "Actual Loops": 1,
                                          "Output": ["mk.movie_id", "t.title", "t.kind_id", "t.id"],
                                          "Inner Unique": true,
                                          "Plans": [
                                            {
                                              "Node Type": "Nested Loop",
                                              "Parent Relationship": "Outer",
                                              "Parallel Aware": false,
                                              "Async Capable": false,
                                              "Join Type": "Inner",
                                              "Startup Cost": 6.78,
                                              "Total Cost": 7361.15,
                                              "Plan Rows": 135,
                                              "Plan Width": 4,
                                              "Actual Startup Time": 3.429,
                                              "Actual Total Time": 62.308,
                                              "Actual Rows": 37091,
                                              "Actual Loops": 1,
                                              "Output": ["mk.movie_id"],
                                              "Inner Unique": false,
                                              "Plans": [
                                                {
                                                  "Node Type": "Seq Scan",
                                                  "Parent Relationship": "Outer",
                                                  "Parallel Aware": false,
                                                  "Async Capable": false,
                                                  "Relation Name": "keyword",
                                                  "Schema": "public",
                                                  "Alias": "k",
                                                  "Startup Cost": 0.00,
                                                  "Total Cost": 2961.55,
                                                  "Plan Rows": 4,
                                                  "Plan Width": 4,
                                                  "Actual Startup Time": 0.849,
                                                  "Actual Total Time": 18.141,
                                                  "Actual Rows": 3,
                                                  "Actual Loops": 1,
                                                  "Output": ["k.id", "k.keyword", "k.phonetic_code"],
                                                  "Filter": "((k.keyword)::text = ANY ('{murder,murder-in-title,blood,violence}'::text[]))",
                                                  "Rows Removed by Filter": 134167
                                                },
                                                {
                                                  "Node Type": "Bitmap Heap Scan",
                                                  "Parent Relationship": "Inner",
                                                  "Parallel Aware": false,
                                                  "Async Capable": false,
                                                  "Relation Name": "movie_keyword",
                                                  "Schema": "public",
                                                  "Alias": "mk",
                                                  "Startup Cost": 6.78,
                                                  "Total Cost": 1096.87,
                                                  "Plan Rows": 303,
                                                  "Plan Width": 8,
                                                  "Actual Startup Time": 2.568,
                                                  "Actual Total Time": 13.585,
                                                  "Actual Rows": 12364,
                                                  "Actual Loops": 3,
                                                  "Output": ["mk.id", "mk.movie_id", "mk.keyword_id"],
                                                  "Recheck Cond": "(mk.keyword_id = k.id)",
                                                  "Rows Removed by Index Recheck": 0,
                                                  "Exact Heap Blocks": 26312,
                                                  "Lossy Heap Blocks": 0,
                                                  "Plans": [
                                                    {
                                                      "Node Type": "Bitmap Index Scan",
                                                      "Parent Relationship": "Outer",
                                                      "Parallel Aware": false,
                                                      "Async Capable": false,
                                                      "Index Name": "keyword_id_movie_keyword",
                                                      "Startup Cost": 0.00,
                                                      "Total Cost": 6.71,
                                                      "Plan Rows": 303,
                                                      "Plan Width": 0,
                                                      "Actual Startup Time": 1.218,
                                                      "Actual Total Time": 1.218,
                                                      "Actual Rows": 12364,
                                                      "Actual Loops": 3,
                                                      "Index Cond": "(mk.keyword_id = k.id)"
                                                    }
                                                  ]
                                                }
                                              ]
                                            },
                                            {
                                              "Node Type": "Index Scan",
                                              "Parent Relationship": "Inner",
                                              "Parallel Aware": false,
                                              "Async Capable": false,
                                              "Scan Direction": "Forward",
                                              "Index Name": "title_pkey",
                                              "Relation Name": "title",
                                              "Schema": "public",
                                              "Alias": "t",
                                              "Startup Cost": 0.43,
                                              "Total Cost": 0.49,
                                              "Plan Rows": 1,
                                              "Plan Width": 25,
                                              "Actual Startup Time": 0.002,
                                              "Actual Total Time": 0.002,
                                              "Actual Rows": 0,
                                              "Actual Loops": 37091,
                                              "Output": ["t.id", "t.title", "t.imdb_index", "t.kind_id", "t.production_year", "t.imdb_id", "t.phonetic_code", "t.episode_of_id", "t.season_nr", "t.episode_nr", "t.series_years", "t.md5sum"],
                                              "Index Cond": "(t.id = mk.movie_id)",
                                              "Rows Removed by Index Recheck": 0,
                                              "Filter": "(t.production_year > 2005)",
                                              "Rows Removed by Filter": 1
                                            }
                                          ]
                                        },
                                        {
                                          "Node Type": "Materialize",
                                          "Parent Relationship": "Inner",
                                          "Parallel Aware": false,
                                          "Async Capable": false,
                                          "Startup Cost": 0.00,
                                          "Total Cost": 22.80,
                                          "Plan Rows": 10,
                                          "Plan Width": 4,
                                          "Actual Startup Time": 0.000,
                                          "Actual Total Time": 0.000,
                                          "Actual Rows": 1,
                                          "Actual Loops": 9739,
                                          "Output": ["kt.id"],
                                          "Plans": [
                                            {
                                              "Node Type": "Seq Scan",
                                              "Parent Relationship": "Outer",
                                              "Parallel Aware": false,
                                              "Async Capable": false,
                                              "Relation Name": "kind_type",
                                              "Schema": "public",
                                              "Alias": "kt",
                                              "Startup Cost": 0.00,
                                              "Total Cost": 22.75,
                                              "Plan Rows": 10,
                                              "Plan Width": 4,
                                              "Actual Startup Time": 0.005,
                                              "Actual Total Time": 0.006,
                                              "Actual Rows": 2,
                                              "Actual Loops": 1,
                                              "Output": ["kt.id"],
                                              "Filter": "((kt.kind)::text = ANY ('{movie,episode}'::text[]))",
                                              "Rows Removed by Filter": 5
                                            }
                                          ]
                                        }
                                      ]
                                    },
                                    {
                                      "Node Type": "Index Scan",
                                      "Parent Relationship": "Inner",
                                      "Parallel Aware": false,
                                      "Async Capable": false,
                                      "Scan Direction": "Forward",
                                      "Index Name": "movie_id_movie_companies",
                                      "Relation Name": "movie_companies",
                                      "Schema": "public",
                                      "Alias": "mc",
                                      "Startup Cost": 0.43,
                                      "Total Cost": 0.56,
                                      "Plan Rows": 1,
                                      "Plan Width": 12,
                                      "Actual Startup Time": 0.004,
                                      "Actual Total Time": 0.006,
                                      "Actual Rows": 3,
                                      "Actual Loops": 8073,
                                      "Output": ["mc.id", "mc.movie_id", "mc.company_id", "mc.company_type_id", "mc.note"],
                                      "Index Cond": "(mc.movie_id = mk.movie_id)",
                                      "Rows Removed by Index Recheck": 0,
                                      "Filter": "(((mc.note)::text !~~ '%(USA)%'::text) AND ((mc.note)::text ~~ '%(200%)%'::text))",
                                      "Rows Removed by Filter": 7
                                    }
                                  ]
                                },
                                {
                                  "Node Type": "Index Scan",
                                  "Parent Relationship": "Inner",
                                  "Parallel Aware": false,
                                  "Async Capable": false,
                                  "Scan Direction": "Forward",
                                  "Index Name": "company_name_pkey",
                                  "Relation Name": "company_name",
                                  "Schema": "public",
                                  "Alias": "cn",
                                  "Startup Cost": 0.42,
                                  "Total Cost": 0.54,
                                  "Plan Rows": 1,
                                  "Plan Width": 23,
                                  "Actual Startup Time": 0.002,
                                  "Actual Total Time": 0.002,
                                  "Actual Rows": 1,
                                  "Actual Loops": 25853,
                                  "Output": ["cn.id", "cn.name", "cn.country_code", "cn.imdb_id", "cn.name_pcode_nf", "cn.name_pcode_sf", "cn.md5sum"],
                                  "Index Cond": "(cn.id = mc.company_id)",
                                  "Rows Removed by Index Recheck": 0,
                                  "Filter": "((cn.country_code)::text <> '[us]'::text)",
                                  "Rows Removed by Filter": 0
                                }
                              ]
                            },
                            {
                              "Node Type": "Seq Scan",
                              "Parent Relationship": "Inner",
                              "Parallel Aware": false,
                              "Async Capable": false,
                              "Relation Name": "company_type",
                              "Schema": "public",
                              "Alias": "ct",
                              "Startup Cost": 0.00,
                              "Total Cost": 17.10,
                              "Plan Rows": 710,
                              "Plan Width": 4,
                              "Actual Startup Time": 0.000,
                              "Actual Total Time": 0.000,
                              "Actual Rows": 1,
                              "Actual Loops": 23902,
                              "Output": ["ct.id", "ct.kind"]
                            }
                          ]
                        },
                        {
                          "Node Type": "Index Scan",
                          "Parent Relationship": "Inner",
                          "Parallel Aware": false,
                          "Async Capable": false,
                          "Scan Direction": "Forward",
                          "Index Name": "movie_id_movie_info",
                          "Relation Name": "movie_info",
                          "Schema": "public",
                          "Alias": "mi",
                          "Startup Cost": 0.43,
                          "Total Cost": 1.79,
                          "Plan Rows": 2,
                          "Plan Width": 8,
                          "Actual Startup Time": 0.050,
                          "Actual Total Time": 0.060,
                          "Actual Rows": 1,
                          "Actual Loops": 23902,
                          "Output": ["mi.id", "mi.movie_id", "mi.info_type_id", "mi.info", "mi.note"],
                          "Index Cond": "(mi.movie_id = mk.movie_id)",
                          "Rows Removed by Index Recheck": 0,
                          "Filter": "((mi.info)::text = ANY ('{Sweden,Norway,Germany,Denmark,Swedish,Danish,Norwegian,German,USA,American}'::text[]))",
                          "Rows Removed by Filter": 184
                        }
                      ]
                    },
                    {
                      "Node Type": "Seq Scan",
                      "Parent Relationship": "Inner",
                      "Parallel Aware": false,
                      "Async Capable": false,
                      "Relation Name": "info_type",
                      "Schema": "public",
                      "Alias": "it1",
                      "Startup Cost": 0.00,
                      "Total Cost": 2.41,
                      "Plan Rows": 1,
                      "Plan Width": 4,
                      "Actual Startup Time": 0.002,
                      "Actual Total Time": 0.003,
                      "Actual Rows": 1,
                      "Actual Loops": 25020,
                      "Output": ["it1.id", "it1.info"],
                      "Filter": "((it1.info)::text = 'countries'::text)",
                      "Rows Removed by Filter": 20
                    }
                  ]
                },
                {
                  "Node Type": "Index Scan",
                  "Parent Relationship": "Inner",
                  "Parallel Aware": false,
                  "Async Capable": false,
                  "Scan Direction": "Forward",
                  "Index Name": "movie_id_movie_info_idx",
                  "Relation Name": "movie_info_idx",
                  "Schema": "public",
                  "Alias": "mi_idx",
                  "Startup Cost": 0.43,
                  "Total Cost": 0.50,
                  "Plan Rows": 3,
                  "Plan Width": 14,
                  "Actual Startup Time": 0.001,
                  "Actual Total Time": 0.002,
                  "Actual Rows": 3,
                  "Actual Loops": 21827,
                  "Output": ["mi_idx.id", "mi_idx.movie_id", "mi_idx.info_type_id", "mi_idx.info", "mi_idx.note"],
                  "Index Cond": "(mi_idx.movie_id = mk.movie_id)",
                  "Rows Removed by Index Recheck": 0,
                  "Filter": "((mi_idx.info)::text < '8.5'::text)",
                  "Rows Removed by Filter": 0
                }
              ]
            },
            {
              "Node Type": "Seq Scan",
              "Parent Relationship": "Inner",
              "Parallel Aware": false,
              "Async Capable": false,
              "Relation Name": "info_type",
              "Schema": "public",
              "Alias": "it2",
              "Startup Cost": 0.00,
              "Total Cost": 2.41,
              "Plan Rows": 1,
              "Plan Width": 4,
              "Actual Startup Time": 0.008,
              "Actual Total Time": 0.008,
              "Actual Rows": 1,
              "Actual Loops": 64082,
              "Output": ["it2.id", "it2.info"],
              "Filter": "((it2.info)::text = 'rating'::text)",
              "Rows Removed by Filter": 108
            }
          ]
        }
      ]
    },
    "Planning Time": 36.721,
    "Triggers": [
    ],
    "Execution Time": 2459.184
  }
]
