[
  {
    "Plan": {
      "Node Type": "Aggregate",
      "Strategy": "Plain",
      "Partial Mode": "Simple",
      "Parallel Aware": false,
      "Async Capable": false,
      "Startup Cost": 6760.47,
      "Total Cost": 6760.48,
      "Plan Rows": 1,
      "Plan Width": 96,
      "Actual Startup Time": 135.702,
      "Actual Total Time": 135.708,
      "Actual Rows": 1,
      "Actual Loops": 1,
      "Output": ["min((chn.name)::text)", "min((n.name)::text)", "min((t.title)::text)"],
      "Plans": [
        {
          "Node Type": "Nested Loop",
          "Parent Relationship": "Outer",
          "Parallel Aware": false,
          "Async Capable": false,
          "Join Type": "Inner",
          "Startup Cost": 10.22,
          "Total Cost": 6760.47,
          "Plan Rows": 1,
          "Plan Width": 48,
          "Actual Startup Time": 15.369,
          "Actual Total Time": 135.637,
          "Actual Rows": 275,
          "Actual Loops": 1,
          "Output": ["chn.name", "n.name", "t.title"],
          "Inner Unique": true,
          "Plans": [
            {
              "Node Type": "Nested Loop",
              "Parent Relationship": "Outer",
              "Parallel Aware": false,
              "Async Capable": false,
              "Join Type": "Inner",
              "Startup Cost": 9.79,
              "Total Cost": 6758.72,
              "Plan Rows": 1,
              "Plan Width": 36,
              "Actual Startup Time": 15.229,
              "Actual Total Time": 135.179,
              "Actual Rows": 277,
              "Actual Loops": 1,
              "Output": ["n.name", "t.title", "ci.person_role_id"],
              "Inner Unique": false,
              "Join Filter": "(n.id = an.person_id)",
              "Rows Removed by Join Filter": 0,
              "Plans": [
                {
                  "Node Type": "Nested Loop",
                  "Parent Relationship": "Outer",
                  "Parallel Aware": false,
                  "Async Capable": false,
                  "Join Type": "Inner",
                  "Startup Cost": 9.37,
                  "Total Cost": 6757.71,
                  "Plan Rows": 1,
                  "Plan Width": 44,
                  "Actual Startup Time": 6.444,
                  "Actual Total Time": 134.885,
                  "Actual Rows": 143,
                  "Actual Loops": 1,
                  "Output": ["n.name", "n.id", "t.title", "ci.person_id", "ci.person_role_id"],
                  "Inner Unique": true,
                  "Plans": [
                    {
                      "Node Type": "Nested Loop",
                      "Parent Relationship": "Outer",
                      "Parallel Aware": false,
                      "Async Capable": false,
                      "Join Type": "Inner",
                      "Startup Cost": 8.95,
                      "Total Cost": 6756.23,
                      "Plan Rows": 1,
                      "Plan Width": 48,
                      "Actual Startup Time": 6.434,
                      "Actual Total Time": 134.173,
                      "Actual Rows": 303,
                      "Actual Loops": 1,
                      "Output": ["n.name", "n.id", "t.title", "ci.person_id", "ci.person_role_id", "mc.company_id"],
                      "Inner Unique": true,
                      "Join Filter": "(ci.role_id = rt.id)",
                      "Rows Removed by Join Filter": 0,
                      "Plans": [
                        {
                          "Node Type": "Nested Loop",
                          "Parent Relationship": "Outer",
                          "Parallel Aware": false,
                          "Async Capable": false,
                          "Join Type": "Inner",
                          "Startup Cost": 8.95,
                          "Total Cost": 6737.30,
                          "Plan Rows": 1,
                          "Plan Width": 52,
                          "Actual Startup Time": 6.429,
                          "Actual Total Time": 133.812,
                          "Actual Rows": 303,
                          "Actual Loops": 1,
                          "Output": ["n.name", "n.id", "t.title", "ci.person_id", "ci.role_id", "ci.person_role_id", "mc.company_id"],
                          "Inner Unique": false,
                          "Join Filter": "(t.id = mc.movie_id)",
                          "Rows Removed by Join Filter": 0,
                          "Plans": [
                            {
                              "Node Type": "Nested Loop",
                              "Parent Relationship": "Outer",
                              "Parallel Aware": false,
                              "Async Capable": false,
                              "Join Type": "Inner",
                              "Startup Cost": 8.52,
                              "Total Cost": 6733.93,
                              "Plan Rows": 1,
                              "Plan Width": 64,
                              "Actual Startup Time": 6.422,
                              "Actual Total Time": 133.556,
                              "Actual Rows": 37,
                              "Actual Loops": 1,
                              "Output": ["n.name", "n.id", "mk.movie_id", "t.title", "t.id", "mi.movie_id", "ci.movie_id", "ci.person_id", "ci.role_id", "ci.person_role_id"],
                              "Inner Unique": true,
                              "Plans": [
                                {
                                  "Node Type": "Nested Loop",
                                  "Parent Relationship": "Outer",
                                  "Parallel Aware": false,
                                  "Async Capable": false,
                                  "Join Type": "Inner",
                                  "Startup Cost": 8.09,
                                  "Total Cost": 6732.07,
                                  "Plan Rows": 1,
                                  "Plan Width": 45,
                                  "Actual Startup Time": 0.869,
                                  "Actual Total Time": 123.072,
                                  "Actual Rows": 4439,
                                  "Actual Loops": 1,
                                  "Output": ["mk.movie_id", "t.title", "t.id", "mi.movie_id", "ci.movie_id", "ci.person_id", "ci.role_id", "ci.person_role_id"],
                                  "Inner Unique": false,
                                  "Join Filter": "(t.id = ci.movie_id)",
                                  "Rows Removed by Join Filter": 0,
                                  "Plans": [
                                    {
                                      "Node Type": "Nested Loop",
                                      "Parent Relationship": "Outer",
                                      "Parallel Aware": false,
                                      "Async Capable": false,
                                      "Join Type": "Inner",
                                      "Startup Cost": 7.65,
                                      "Total Cost": 6702.84,
                                      "Plan Rows": 1,
                                      "Plan Width": 29,
                                      "Actual Startup Time": 0.723,
                                      "Actual Total Time": 66.903,
                                      "Actual Rows": 738,
                                      "Actual Loops": 1,
                                      "Output": ["mk.movie_id", "t.title", "t.id", "mi.movie_id"],
                                      "Inner Unique": false,
                                      "Join Filter": "(it.id = mi.info_type_id)",
                                      "Rows Removed by Join Filter": 0,
                                      "Plans": [
                                        {
                                          "Node Type": "Seq Scan",
                                          "Parent Relationship": "Outer",
                                          "Parallel Aware": false,
                                          "Async Capable": false,
                                          "Relation Name": "info_type",
                                          "Schema": "public",
                                          "Alias": "it",
                                          "Startup Cost": 0.00,
                                          "Total Cost": 2.41,
                                          "Plan Rows": 1,
                                          "Plan Width": 4,
                                          "Actual Startup Time": 0.007,
                                          "Actual Total Time": 0.014,
                                          "Actual Rows": 1,
                                          "Actual Loops": 1,
                                          "Output": ["it.id", "it.info"],
                                          "Filter": "((it.info)::text = 'release dates'::text)",
                                          "Rows Removed by Filter": 112
                                        },
                                        {
                                          "Node Type": "Nested Loop",
                                          "Parent Relationship": "Inner",
                                          "Parallel Aware": false,
                                          "Async Capable": false,
                                          "Join Type": "Inner",
                                          "Startup Cost": 7.65,
                                          "Total Cost": 6700.41,
                                          "Plan Rows": 1,
                                          "Plan Width": 33,
                                          "Actual Startup Time": 0.715,
                                          "Actual Total Time": 66.757,
                                          "Actual Rows": 738,
                                          "Actual Loops": 1,
                                          "Output": ["mk.movie_id", "t.title", "t.id", "mi.movie_id", "mi.info_type_id"],
                                          "Inner Unique": false,
                                          "Join Filter": "(t.id = mi.movie_id)",
                                          "Rows Removed by Join Filter": 0,
                                          "Plans": [
                                            {
                                              "Node Type": "Nested Loop",
                                              "Parent Relationship": "Outer",
                                              "Parallel Aware": false,
                                              "Async Capable": false,
                                              "Join Type": "Inner",
                                              "Startup Cost": 7.21,
                                              "Total Cost": 6276.51,
                                              "Plan Rows": 16,
                                              "Plan Width": 25,
                                              "Actual Startup Time": 0.707,
                                              "Actual Total Time": 53.076,
                                              "Actual Rows": 495,
                                              "Actual Loops": 1,
                                              "Output": ["mk.movie_id", "t.title", "t.id"],
                                              "Inner Unique": true,
                                              "Plans": [
                                                {
                                                  "Node Type": "Nested Loop",
                                                  "Parent Relationship": "Outer",
                                                  "Parallel Aware": false,
                                                  "Async Capable": false,
                                                  "Join Type": "Inner",
                                                  "Startup Cost": 6.78,
                                                  "Total Cost": 6114.56,
                                                  "Plan Rows": 101,
                                                  "Plan Width": 4,
                                                  "Actual Startup Time": 0.670,
                                                  "Actual Total Time": 27.294,
                                                  "Actual Rows": 9696,
                                                  "Actual Loops": 1,
                                                  "Output": ["mk.movie_id"],
                                                  "Inner Unique": false,
                                                  "Plans": [
                                                    {
                                                      "Node Type": "Seq Scan",
                                                      "Parent Relationship": "Outer",
                                                      "Parallel Aware": false,
                                                      "Async Capable": false,
                                                      "Relation Name": "keyword",
                                                      "Schema": "public",
                                                      "Alias": "k",
                                                      "Startup Cost": 0.00,
                                                      "Total Cost": 2793.84,
                                                      "Plan Rows": 3,
                                                      "Plan Width": 4,
                                                      "Actual Startup Time": 0.008,
                                                      "Actual Total Time": 16.358,
                                                      "Actual Rows": 3,
                                                      "Actual Loops": 1,
                                                      "Output": ["k.id", "k.keyword", "k.phonetic_code"],
                                                      "Filter": "((k.keyword)::text = ANY ('{hero,martial-arts,hand-to-hand-combat}'::text[]))",
                                                      "Rows Removed by Filter": 134167
                                                    },
                                                    {
                                                      "Node Type": "Bitmap Heap Scan",
                                                      "Parent Relationship": "Inner",
                                                      "Parallel Aware": false,
                                                      "Async Capable": false,
                                                      "Relation Name": "movie_keyword",
                                                      "Schema": "public",
                                                      "Alias": "mk",
                                                      "Startup Cost": 6.78,
                                                      "Total Cost": 1103.88,
                                                      "Plan Rows": 303,
                                                      "Plan Width": 8,
                                                      "Actual Startup Time": 0.648,
                                                      "Actual Total Time": 3.368,
                                                      "Actual Rows": 3232,
                                                      "Actual Loops": 3,
                                                      "Output": ["mk.id", "mk.movie_id", "mk.keyword_id"],
                                                      "Recheck Cond": "(mk.keyword_id = k.id)",
                                                      "Rows Removed by Index Recheck": 0,
                                                      "Exact Heap Blocks": 7446,
                                                      "Lossy Heap Blocks": 0,
                                                      "Plans": [
                                                        {
                                                          "Node Type": "Bitmap Index Scan",
                                                          "Parent Relationship": "Outer",
                                                          "Parallel Aware": false,
                                                          "Async Capable": false,
                                                          "Index Name": "keyword_id_movie_keyword",
                                                          "Startup Cost": 0.00,
                                                          "Total Cost": 6.71,
                                                          "Plan Rows": 303,
                                                          "Plan Width": 0,
                                                          "Actual Startup Time": 0.313,
                                                          "Actual Total Time": 0.313,
                                                          "Actual Rows": 3232,
                                                          "Actual Loops": 3,
                                                          "Index Cond": "(mk.keyword_id = k.id)"
                                                        }
                                                      ]
                                                    }
                                                  ]
                                                },
                                                {
                                                  "Node Type": "Index Scan",
                                                  "Parent Relationship": "Inner",
                                                  "Parallel Aware": false,
                                                  "Async Capable": false,
                                                  "Scan Direction": "Forward",
                                                  "Index Name": "title_pkey",
                                                  "Relation Name": "title",
                                                  "Schema": "public",
                                                  "Alias": "t",
                                                  "Startup Cost": 0.43,
                                                  "Total Cost": 1.60,
                                                  "Plan Rows": 1,
                                                  "Plan Width": 21,
                                                  "Actual Startup Time": 0.002,
                                                  "Actual Total Time": 0.002,
                                                  "Actual Rows": 0,
                                                  "Actual Loops": 9696,
                                                  "Output": ["t.id", "t.title", "t.imdb_index", "t.kind_id", "t.production_year", "t.imdb_id", "t.phonetic_code", "t.episode_of_id", "t.season_nr", "t.episode_nr", "t.series_years", "t.md5sum"],
                                                  "Index Cond": "(t.id = mk.movie_id)",
                                                  "Rows Removed by Index Recheck": 0,
                                                  "Filter": "(t.production_year > 2010)",
                                                  "Rows Removed by Filter": 1
                                                }
                                              ]
                                            },
                                            {
                                              "Node Type": "Index Scan",
                                              "Parent Relationship": "Inner",
                                              "Parallel Aware": false,
                                              "Async Capable": false,
                                              "Scan Direction": "Forward",
                                              "Index Name": "movie_id_movie_info",
                                              "Relation Name": "movie_info",
                                              "Schema": "public",
                                              "Alias": "mi",
                                              "Startup Cost": 0.43,
                                              "Total Cost": 26.48,
                                              "Plan Rows": 1,
                                              "Plan Width": 8,
                                              "Actual Startup Time": 0.009,
                                              "Actual Total Time": 0.027,
                                              "Actual Rows": 1,
                                              "Actual Loops": 495,
                                              "Output": ["mi.id", "mi.movie_id", "mi.info_type_id", "mi.info", "mi.note"],
                                              "Index Cond": "(mi.movie_id = mk.movie_id)",
                                              "Rows Removed by Index Recheck": 0,
                                              "Filter": "((mi.info IS NOT NULL) AND (((mi.info)::text ~~ 'Japan:%201%'::text) OR ((mi.info)::text ~~ 'USA:%201%'::text)))",
                                              "Rows Removed by Filter": 70
                                            }
                                          ]
                                        }
                                      ]
                                    },
                                    {
                                      "Node Type": "Index Scan",
                                      "Parent Relationship": "Inner",
                                      "Parallel Aware": false,
                                      "Async Capable": false,
                                      "Scan Direction": "Forward",
                                      "Index Name": "movie_id_cast_info",
                                      "Relation Name": "cast_info",
                                      "Schema": "public",
                                      "Alias": "ci",
                                      "Startup Cost": 0.44,
                                      "Total Cost": 29.22,
                                      "Plan Rows": 1,
                                      "Plan Width": 16,
                                      "Actual Startup Time": 0.048,
                                      "Actual Total Time": 0.075,
                                      "Actual Rows": 6,
                                      "Actual Loops": 738,
                                      "Output": ["ci.id", "ci.person_id", "ci.movie_id", "ci.person_role_id", "ci.note", "ci.nr_order", "ci.role_id"],
                                      "Index Cond": "(ci.movie_id = mk.movie_id)",
                                      "Rows Removed by Index Recheck": 0,
                                      "Filter": "((ci.note)::text = ANY ('{(voice),\"(voice: Japanese version)\",\"(voice) (uncredited)\",\"(voice: English version)\"}'::text[]))",
                                      "Rows Removed by Filter": 128
                                    }
                                  ]
                                },
                                {
                                  "Node Type": "Index Scan",
                                  "Parent Relationship": "Inner",
                                  "Parallel Aware": false,
                                  "Async Capable": false,
                                  "Scan Direction": "Forward",
                                  "Index Name": "name_pkey",
                                  "Relation Name": "name",
                                  "Schema": "public",
                                  "Alias": "n",
                                  "Startup Cost": 0.43,
                                  "Total Cost": 1.86,
                                  "Plan Rows": 1,
                                  "Plan Width": 19,
                                  "Actual Startup Time": 0.002,
                                  "Actual Total Time": 0.002,
                                  "Actual Rows": 0,
                                  "Actual Loops": 4439,
                                  "Output": ["n.id", "n.name", "n.imdb_index", "n.imdb_id", "n.gender", "n.name_pcode_cf", "n.name_pcode_nf", "n.surname_pcode", "n.md5sum"],
                                  "Index Cond": "(n.id = ci.person_id)",
                                  "Rows Removed by Index Recheck": 0,
                                  "Filter": "(((n.name)::text ~~ '%An%'::text) AND ((n.gender)::text = 'f'::text))",
                                  "Rows Removed by Filter": 1
                                }
                              ]
                            },
                            {
                              "Node Type": "Index Scan",
                              "Parent Relationship": "Inner",
                              "Parallel Aware": false,
                              "Async Capable": false,
                              "Scan Direction": "Forward",
                              "Index Name": "movie_id_movie_companies",
                              "Relation Name": "movie_companies",
                              "Schema": "public",
                              "Alias": "mc",
                              "Startup Cost": 0.43,
                              "Total Cost": 3.31,
                              "Plan Rows": 5,
                              "Plan Width": 8,
                              "Actual Startup Time": 0.003,
                              "Actual Total Time": 0.005,
                              "Actual Rows": 8,
                              "Actual Loops": 37,
                              "Output": ["mc.id", "mc.movie_id", "mc.company_id", "mc.company_type_id", "mc.note"],
                              "Index Cond": "(mc.movie_id = mk.movie_id)",
                              "Rows Removed by Index Recheck": 0
                            }
                          ]
                        },
                        {
                          "Node Type": "Seq Scan",
                          "Parent Relationship": "Inner",
                          "Parallel Aware": false,
                          "Async Capable": false,
                          "Relation Name": "role_type",
                          "Schema": "public",
                          "Alias": "rt",
                          "Startup Cost": 0.00,
                          "Total Cost": 18.88,
                          "Plan Rows": 4,
                          "Plan Width": 4,
                          "Actual Startup Time": 0.001,
                          "Actual Total Time": 0.001,
                          "Actual Rows": 1,
                          "Actual Loops": 303,
                          "Output": ["rt.id", "rt.role"],
                          "Filter": "((rt.role)::text = 'actress'::text)",
                          "Rows Removed by Filter": 1
                        }
                      ]
                    },
                    {
                      "Node Type": "Index Scan",
                      "Parent Relationship": "Inner",
                      "Parallel Aware": false,
                      "Async Capable": false,
                      "Scan Direction": "Forward",
                      "Index Name": "company_name_pkey",
                      "Relation Name": "company_name",
                      "Schema": "public",
                      "Alias": "cn",
                      "Startup Cost": 0.42,
                      "Total Cost": 1.48,
                      "Plan Rows": 1,
                      "Plan Width": 4,
                      "Actual Startup Time": 0.002,
                      "Actual Total Time": 0.002,
                      "Actual Rows": 0,
                      "Actual Loops": 303,
                      "Output": ["cn.id", "cn.name", "cn.country_code", "cn.imdb_id", "cn.name_pcode_nf", "cn.name_pcode_sf", "cn.md5sum"],
                      "Index Cond": "(cn.id = mc.company_id)",
                      "Rows Removed by Index Recheck": 0,
                      "Filter": "((cn.country_code)::text = '[us]'::text)",
                      "Rows Removed by Filter": 1
                    }
                  ]
                },
                {
                  "Node Type": "Index Only Scan",
                  "Parent Relationship": "Inner",
                  "Parallel Aware": false,
                  "Async Capable": false,
                  "Scan Direction": "Forward",
                  "Index Name": "person_id_aka_name",
                  "Relation Name": "aka_name",
                  "Schema": "public",
                  "Alias": "an",
                  "Startup Cost": 0.42,
                  "Total Cost": 0.99,
                  "Plan Rows": 2,
                  "Plan Width": 4,
                  "Actual Startup Time": 0.001,
                  "Actual Total Time": 0.002,
                  "Actual Rows": 2,
                  "Actual Loops": 143,
                  "Output": ["an.person_id"],
                  "Index Cond": "(an.person_id = ci.person_id)",
                  "Rows Removed by Index Recheck": 0,
                  "Heap Fetches": 0
                }
              ]
            },
            {
              "Node Type": "Index Scan",
              "Parent Relationship": "Inner",
              "Parallel Aware": false,
              "Async Capable": false,
              "Scan Direction": "Forward",
              "Index Name": "char_name_pkey",
              "Relation Name": "char_name",
              "Schema": "public",
              "Alias": "chn",
              "Startup Cost": 0.43,
              "Total Cost": 1.75,
              "Plan Rows": 1,
              "Plan Width": 20,
              "Actual Startup Time": 0.001,
              "Actual Total Time": 0.001,
              "Actual Rows": 1,
              "Actual Loops": 277,
              "Output": ["chn.id", "chn.name", "chn.imdb_index", "chn.imdb_id", "chn.name_pcode_nf", "chn.surname_pcode", "chn.md5sum"],
              "Index Cond": "(chn.id = ci.person_role_id)",
              "Rows Removed by Index Recheck": 0
            }
          ]
        }
      ]
    },
    "Planning Time": 85.567,
    "Triggers": [
    ],
    "Execution Time": 135.794
  }
]
