[
  {
    "Plan": {
      "Node Type": "Aggregate",
      "Strategy": "Plain",
      "Partial Mode": "Simple",
      "Parallel Aware": false,
      "Async Capable": false,
      "Startup Cost": 6506.85,
      "Total Cost": 6506.86,
      "Plan Rows": 1,
      "Plan Width": 96,
      "Actual Startup Time": 25.556,
      "Actual Total Time": 30.475,
      "Actual Rows": 1,
      "Actual Loops": 1,
      "Output": ["min((chn.name)::text)", "min((n.name)::text)", "min((t.title)::text)"],
      "Plans": [
        {
          "Node Type": "Nested Loop",
          "Parent Relationship": "Outer",
          "Parallel Aware": false,
          "Async Capable": false,
          "Join Type": "Inner",
          "Startup Cost": 1004.18,
          "Total Cost": 6506.84,
          "Plan Rows": 1,
          "Plan Width": 48,
          "Actual Startup Time": 9.123,
          "Actual Total Time": 30.456,
          "Actual Rows": 45,
          "Actual Loops": 1,
          "Output": ["chn.name", "n.name", "t.title"],
          "Inner Unique": true,
          "Plans": [
            {
              "Node Type": "Nested Loop",
              "Parent Relationship": "Outer",
              "Parallel Aware": false,
              "Async Capable": false,
              "Join Type": "Inner",
              "Startup Cost": 1004.04,
              "Total Cost": 6506.66,
              "Plan Rows": 1,
              "Plan Width": 52,
              "Actual Startup Time": 9.117,
              "Actual Total Time": 30.403,
              "Actual Rows": 45,
              "Actual Loops": 1,
              "Output": ["t.title", "n.name", "chn.name", "mi.info_type_id"],
              "Inner Unique": false,
              "Join Filter": "(t.id = mi.movie_id)",
              "Rows Removed by Join Filter": 0,
              "Plans": [
                {
                  "Node Type": "Nested Loop",
                  "Parent Relationship": "Outer",
                  "Parallel Aware": false,
                  "Async Capable": false,
                  "Join Type": "Inner",
                  "Startup Cost": 1003.61,
                  "Total Cost": 6480.16,
                  "Plan Rows": 1,
                  "Plan Width": 64,
                  "Actual Startup Time": 9.100,
                  "Actual Total Time": 29.752,
                  "Actual Rows": 25,
                  "Actual Loops": 1,
                  "Output": ["mc.movie_id", "t.title", "t.id", "ci.movie_id", "n.name", "mk.movie_id", "chn.name"],
                  "Inner Unique": true,
                  "Plans": [
                    {
                      "Node Type": "Gather",
                      "Parent Relationship": "Outer",
                      "Parallel Aware": false,
                      "Async Capable": false,
                      "Startup Cost": 1003.18,
                      "Total Cost": 6478.42,
                      "Plan Rows": 1,
                      "Plan Width": 52,
                      "Actual Startup Time": 9.090,
                      "Actual Total Time": 29.700,
                      "Actual Rows": 25,
                      "Actual Loops": 1,
                      "Output": ["mc.movie_id", "t.title", "t.id", "ci.movie_id", "ci.person_role_id", "n.name", "mk.movie_id"],
                      "Workers Planned": 1,
                      "Workers Launched": 1,
                      "Single Copy": false,
                      "Plans": [
                        {
                          "Node Type": "Nested Loop",
                          "Parent Relationship": "Outer",
                          "Parallel Aware": false,
                          "Async Capable": false,
                          "Join Type": "Inner",
                          "Startup Cost": 3.18,
                          "Total Cost": 5478.32,
                          "Plan Rows": 1,
                          "Plan Width": 52,
                          "Actual Startup Time": 11.958,
                          "Actual Total Time": 19.771,
                          "Actual Rows": 12,
                          "Actual Loops": 2,
                          "Output": ["mc.movie_id", "t.title", "t.id", "ci.movie_id", "ci.person_role_id", "n.name", "mk.movie_id"],
                          "Inner Unique": true,
                          "Workers": [
                            {
                              "Worker Number": 0,
                              "Actual Startup Time": 15.191,
                              "Actual Total Time": 15.194,
                              "Actual Rows": 0,
                              "Actual Loops": 1
                            }
                          ],
                          "Plans": [
                            {
                              "Node Type": "Nested Loop",
                              "Parent Relationship": "Outer",
                              "Parallel Aware": false,
                              "Async Capable": false,
                              "Join Type": "Inner",
                              "Startup Cost": 2.75,
                              "Total Cost": 5476.83,
                              "Plan Rows": 1,
                              "Plan Width": 56,
                              "Actual Startup Time": 11.906,
                              "Actual Total Time": 19.623,
                              "Actual Rows": 185,
                              "Actual Loops": 2,
                              "Output": ["mc.movie_id", "t.title", "t.id", "ci.movie_id", "ci.person_role_id", "n.name", "mk.movie_id", "mk.keyword_id"],
                              "Inner Unique": false,
                              "Join Filter": "(t.id = mk.movie_id)",
                              "Rows Removed by Join Filter": 0,
                              "Workers": [
                                {
                                  "Worker Number": 0,
                                  "Actual Startup Time": 15.191,
                                  "Actual Total Time": 15.193,
                                  "Actual Rows": 0,
                                  "Actual Loops": 1
                                }
                              ],
                              "Plans": [
                                {
                                  "Node Type": "Nested Loop",
                                  "Parent Relationship": "Outer",
                                  "Parallel Aware": false,
                                  "Async Capable": false,
                                  "Join Type": "Inner",
                                  "Startup Cost": 2.31,
                                  "Total Cost": 5473.87,
                                  "Plan Rows": 1,
                                  "Plan Width": 48,
                                  "Actual Startup Time": 11.901,
                                  "Actual Total Time": 19.541,
                                  "Actual Rows": 8,
                                  "Actual Loops": 2,
                                  "Output": ["mc.movie_id", "t.title", "t.id", "ci.movie_id", "ci.person_role_id", "n.name"],
                                  "Inner Unique": true,
                                  "Join Filter": "(ci.person_id = n.id)",
                                  "Rows Removed by Join Filter": 0,
                                  "Workers": [
                                    {
                                      "Worker Number": 0,
                                      "Actual Startup Time": 15.190,
                                      "Actual Total Time": 15.192,
                                      "Actual Rows": 0,
                                      "Actual Loops": 1
                                    }
                                  ],
                                  "Plans": [
                                    {
                                      "Node Type": "Nested Loop",
                                      "Parent Relationship": "Outer",
                                      "Parallel Aware": false,
                                      "Async Capable": false,
                                      "Join Type": "Inner",
                                      "Startup Cost": 1.89,
                                      "Total Cost": 5472.01,
                                      "Plan Rows": 1,
                                      "Plan Width": 41,
                                      "Actual Startup Time": 11.896,
                                      "Actual Total Time": 19.501,
                                      "Actual Rows": 16,
                                      "Actual Loops": 2,
                                      "Output": ["an.person_id", "mc.movie_id", "t.title", "t.id", "ci.movie_id", "ci.person_id", "ci.person_role_id"],
                                      "Inner Unique": true,
                                      "Workers": [
                                        {
                                          "Worker Number": 0,
                                          "Actual Startup Time": 15.190,
                                          "Actual Total Time": 15.192,
                                          "Actual Rows": 0,
                                          "Actual Loops": 1
                                        }
                                      ],
                                      "Plans": [
                                        {
                                          "Node Type": "Nested Loop",
                                          "Parent Relationship": "Outer",
                                          "Parallel Aware": false,
                                          "Async Capable": false,
                                          "Join Type": "Inner",
                                          "Startup Cost": 1.73,
                                          "Total Cost": 5471.42,
                                          "Plan Rows": 1,
                                          "Plan Width": 45,
                                          "Actual Startup Time": 11.821,
                                          "Actual Total Time": 19.471,
                                          "Actual Rows": 70,
                                          "Actual Loops": 2,
                                          "Output": ["an.person_id", "mc.movie_id", "t.title", "t.id", "ci.movie_id", "ci.person_id", "ci.role_id", "ci.person_role_id"],
                                          "Inner Unique": false,
                                          "Workers": [
                                            {
                                              "Worker Number": 0,
                                              "Actual Startup Time": 15.190,
                                              "Actual Total Time": 15.191,
                                              "Actual Rows": 0,
                                              "Actual Loops": 1
                                            }
                                          ],
                                          "Plans": [
                                            {
                                              "Node Type": "Nested Loop",
                                              "Parent Relationship": "Outer",
                                              "Parallel Aware": false,
                                              "Async Capable": false,
                                              "Join Type": "Inner",
                                              "Startup Cost": 1.30,
                                              "Total Cost": 5470.41,
                                              "Plan Rows": 1,
                                              "Plan Width": 41,
                                              "Actual Startup Time": 11.814,
                                              "Actual Total Time": 19.387,
                                              "Actual Rows": 28,
                                              "Actual Loops": 2,
                                              "Output": ["mc.movie_id", "t.title", "t.id", "ci.movie_id", "ci.person_id", "ci.role_id", "ci.person_role_id"],
                                              "Inner Unique": false,
                                              "Join Filter": "(t.id = ci.movie_id)",
                                              "Rows Removed by Join Filter": 0,
                                              "Workers": [
                                                {
                                                  "Worker Number": 0,
                                                  "Actual Startup Time": 15.189,
                                                  "Actual Total Time": 15.191,
                                                  "Actual Rows": 0,
                                                  "Actual Loops": 1
                                                }
                                              ],
                                              "Plans": [
                                                {
                                                  "Node Type": "Nested Loop",
                                                  "Parent Relationship": "Outer",
                                                  "Parallel Aware": false,
                                                  "Async Capable": false,
                                                  "Join Type": "Inner",
                                                  "Startup Cost": 0.86,
                                                  "Total Cost": 5441.07,
                                                  "Plan Rows": 1,
                                                  "Plan Width": 25,
                                                  "Actual Startup Time": 11.736,
                                                  "Actual Total Time": 19.266,
                                                  "Actual Rows": 2,
                                                  "Actual Loops": 2,
                                                  "Output": ["mc.movie_id", "t.title", "t.id"],
                                                  "Inner Unique": true,
                                                  "Workers": [
                                                    {
                                                      "Worker Number": 0,
                                                      "Actual Startup Time": 15.189,
                                                      "Actual Total Time": 15.190,
                                                      "Actual Rows": 0,
                                                      "Actual Loops": 1
                                                    }
                                                  ],
                                                  "Plans": [
                                                    {
                                                      "Node Type": "Nested Loop",
                                                      "Parent Relationship": "Outer",
                                                      "Parallel Aware": false,
                                                      "Async Capable": false,
                                                      "Join Type": "Inner",
                                                      "Startup Cost": 0.43,
                                                      "Total Cost": 5431.26,
                                                      "Plan Rows": 6,
                                                      "Plan Width": 4,
                                                      "Actual Startup Time": 11.698,
                                                      "Actual Total Time": 19.102,
                                                      "Actual Rows": 50,
                                                      "Actual Loops": 2,
                                                      "Output": ["mc.movie_id"],
                                                      "Inner Unique": false,
                                                      "Workers": [
                                                        {
                                                          "Worker Number": 0,
                                                          "Actual Startup Time": 15.189,
                                                          "Actual Total Time": 15.189,
                                                          "Actual Rows": 0,
                                                          "Actual Loops": 1
                                                        }
                                                      ],
                                                      "Plans": [
                                                        {
                                                          "Node Type": "Seq Scan",
                                                          "Parent Relationship": "Outer",
                                                          "Parallel Aware": true,
                                                          "Async Capable": false,
                                                          "Relation Name": "company_name",
                                                          "Schema": "public",
                                                          "Alias": "cn",
                                                          "Startup Cost": 0.00,
                                                          "Total Cost": 5068.50,
                                                          "Plan Rows": 1,
                                                          "Plan Width": 4,
                                                          "Actual Startup Time": 11.691,
                                                          "Actual Total Time": 19.055,
                                                          "Actual Rows": 0,
                                                          "Actual Loops": 2,
                                                          "Output": ["cn.id", "cn.name", "cn.country_code", "cn.imdb_id", "cn.name_pcode_nf", "cn.name_pcode_sf", "cn.md5sum"],
                                                          "Filter": "(((cn.country_code)::text = '[us]'::text) AND ((cn.name)::text = 'DreamWorks Animation'::text))",
                                                          "Rows Removed by Filter": 117498,
                                                          "Workers": [
                                                            {
                                                              "Worker Number": 0,
                                                              "Actual Startup Time": 15.188,
                                                              "Actual Total Time": 15.188,
                                                              "Actual Rows": 0,
                                                              "Actual Loops": 1
                                                            }
                                                          ]
                                                        },
                                                        {
                                                          "Node Type": "Index Scan",
                                                          "Parent Relationship": "Inner",
                                                          "Parallel Aware": false,
                                                          "Async Capable": false,
                                                          "Scan Direction": "Forward",
                                                          "Index Name": "company_id_movie_companies",
                                                          "Relation Name": "movie_companies",
                                                          "Schema": "public",
                                                          "Alias": "mc",
                                                          "Startup Cost": 0.43,
                                                          "Total Cost": 361.43,
                                                          "Plan Rows": 133,
                                                          "Plan Width": 8,
                                                          "Actual Startup Time": 0.012,
                                                          "Actual Total Time": 0.080,
                                                          "Actual Rows": 99,
                                                          "Actual Loops": 1,
                                                          "Output": ["mc.id", "mc.movie_id", "mc.company_id", "mc.company_type_id", "mc.note"],
                                                          "Index Cond": "(mc.company_id = cn.id)",
                                                          "Rows Removed by Index Recheck": 0,
                                                          "Workers": [
                                                          ]
                                                        }
                                                      ]
                                                    },
                                                    {
                                                      "Node Type": "Index Scan",
                                                      "Parent Relationship": "Inner",
                                                      "Parallel Aware": false,
                                                      "Async Capable": false,
                                                      "Scan Direction": "Forward",
                                                      "Index Name": "title_pkey",
                                                      "Relation Name": "title",
                                                      "Schema": "public",
                                                      "Alias": "t",
                                                      "Startup Cost": 0.43,
                                                      "Total Cost": 1.62,
                                                      "Plan Rows": 1,
                                                      "Plan Width": 21,
                                                      "Actual Startup Time": 0.003,
                                                      "Actual Total Time": 0.003,
                                                      "Actual Rows": 0,
                                                      "Actual Loops": 99,
                                                      "Output": ["t.id", "t.title", "t.imdb_index", "t.kind_id", "t.production_year", "t.imdb_id", "t.phonetic_code", "t.episode_of_id", "t.season_nr", "t.episode_nr", "t.series_years", "t.md5sum"],
                                                      "Index Cond": "(t.id = mc.movie_id)",
                                                      "Rows Removed by Index Recheck": 0,
                                                      "Filter": "((t.production_year > 2010) AND ((t.title)::text ~~ 'Kung Fu Panda%'::text))",
                                                      "Rows Removed by Filter": 1,
                                                      "Workers": [
                                                      ]
                                                    }
                                                  ]
                                                },
                                                {
                                                  "Node Type": "Index Scan",
                                                  "Parent Relationship": "Inner",
                                                  "Parallel Aware": false,
                                                  "Async Capable": false,
                                                  "Scan Direction": "Forward",
                                                  "Index Name": "movie_id_cast_info",
                                                  "Relation Name": "cast_info",
                                                  "Schema": "public",
                                                  "Alias": "ci",
                                                  "Startup Cost": 0.44,
                                                  "Total Cost": 29.33,
                                                  "Plan Rows": 1,
                                                  "Plan Width": 16,
                                                  "Actual Startup Time": 0.009,
                                                  "Actual Total Time": 0.057,
                                                  "Actual Rows": 14,
                                                  "Actual Loops": 4,
                                                  "Output": ["ci.id", "ci.person_id", "ci.movie_id", "ci.person_role_id", "ci.note", "ci.nr_order", "ci.role_id"],
                                                  "Index Cond": "(ci.movie_id = mc.movie_id)",
                                                  "Rows Removed by Index Recheck": 0,
                                                  "Filter": "((ci.note)::text = ANY ('{(voice),\"(voice: Japanese version)\",\"(voice) (uncredited)\",\"(voice: English version)\"}'::text[]))",
                                                  "Rows Removed by Filter": 45,
                                                  "Workers": [
                                                  ]
                                                }
                                              ]
                                            },
                                            {
                                              "Node Type": "Index Only Scan",
                                              "Parent Relationship": "Inner",
                                              "Parallel Aware": false,
                                              "Async Capable": false,
                                              "Scan Direction": "Forward",
                                              "Index Name": "person_id_aka_name",
                                              "Relation Name": "aka_name",
                                              "Schema": "public",
                                              "Alias": "an",
                                              "Startup Cost": 0.42,
                                              "Total Cost": 0.99,
                                              "Plan Rows": 2,
                                              "Plan Width": 4,
                                              "Actual Startup Time": 0.002,
                                              "Actual Total Time": 0.002,
                                              "Actual Rows": 2,
                                              "Actual Loops": 57,
                                              "Output": ["an.person_id"],
                                              "Index Cond": "(an.person_id = ci.person_id)",
                                              "Rows Removed by Index Recheck": 0,
                                              "Heap Fetches": 0,
                                              "Workers": [
                                              ]
                                            }
                                          ]
                                        },
                                        {
                                          "Node Type": "Memoize",
                                          "Parent Relationship": "Inner",
                                          "Parallel Aware": false,
                                          "Async Capable": false,
                                          "Startup Cost": 0.16,
                                          "Total Cost": 0.58,
                                          "Plan Rows": 1,
                                          "Plan Width": 4,
                                          "Actual Startup Time": 0.000,
                                          "Actual Total Time": 0.000,
                                          "Actual Rows": 0,
                                          "Actual Loops": 140,
                                          "Output": ["rt.id"],
                                          "Cache Key": "ci.role_id",
                                          "Cache Mode": "logical",
                                          "Cache Hits": 138,
                                          "Cache Misses": 2,
                                          "Cache Evictions": 0,
                                          "Cache Overflows": 0,
                                          "Peak Memory Usage": 1,
                                          "Workers": [
                                          ],
                                          "Plans": [
                                            {
                                              "Node Type": "Index Scan",
                                              "Parent Relationship": "Outer",
                                              "Parallel Aware": false,
                                              "Async Capable": false,
                                              "Scan Direction": "Forward",
                                              "Index Name": "role_type_pkey",
                                              "Relation Name": "role_type",
                                              "Schema": "public",
                                              "Alias": "rt",
                                              "Startup Cost": 0.15,
                                              "Total Cost": 0.57,
                                              "Plan Rows": 1,
                                              "Plan Width": 4,
                                              "Actual Startup Time": 0.004,
                                              "Actual Total Time": 0.004,
                                              "Actual Rows": 0,
                                              "Actual Loops": 2,
                                              "Output": ["rt.id"],
                                              "Index Cond": "(rt.id = ci.role_id)",
                                              "Rows Removed by Index Recheck": 0,
                                              "Filter": "((rt.role)::text = 'actress'::text)",
                                              "Rows Removed by Filter": 0,
                                              "Workers": [
                                              ]
                                            }
                                          ]
                                        }
                                      ]
                                    },
                                    {
                                      "Node Type": "Index Scan",
                                      "Parent Relationship": "Inner",
                                      "Parallel Aware": false,
                                      "Async Capable": false,
                                      "Scan Direction": "Forward",
                                      "Index Name": "name_pkey",
                                      "Relation Name": "name",
                                      "Schema": "public",
                                      "Alias": "n",
                                      "Startup Cost": 0.43,
                                      "Total Cost": 1.84,
                                      "Plan Rows": 1,
                                      "Plan Width": 19,
                                      "Actual Startup Time": 0.002,
                                      "Actual Total Time": 0.002,
                                      "Actual Rows": 0,
                                      "Actual Loops": 32,
                                      "Output": ["n.id", "n.name", "n.imdb_index", "n.imdb_id", "n.gender", "n.name_pcode_cf", "n.name_pcode_nf", "n.surname_pcode", "n.md5sum"],
                                      "Index Cond": "(n.id = an.person_id)",
                                      "Rows Removed by Index Recheck": 0,
                                      "Filter": "(((n.name)::text ~~ '%An%'::text) AND ((n.gender)::text = 'f'::text))",
                                      "Rows Removed by Filter": 1,
                                      "Workers": [
                                      ]
                                    }
                                  ]
                                },
                                {
                                  "Node Type": "Index Scan",
                                  "Parent Relationship": "Inner",
                                  "Parallel Aware": false,
                                  "Async Capable": false,
                                  "Scan Direction": "Forward",
                                  "Index Name": "movie_id_movie_keyword",
                                  "Relation Name": "movie_keyword",
                                  "Schema": "public",
                                  "Alias": "mk",
                                  "Startup Cost": 0.43,
                                  "Total Cost": 2.37,
                                  "Plan Rows": 47,
                                  "Plan Width": 8,
                                  "Actual Startup Time": 0.002,
                                  "Actual Total Time": 0.006,
                                  "Actual Rows": 25,
                                  "Actual Loops": 15,
                                  "Output": ["mk.id", "mk.movie_id", "mk.keyword_id"],
                                  "Index Cond": "(mk.movie_id = mc.movie_id)",
                                  "Rows Removed by Index Recheck": 0,
                                  "Workers": [
                                  ]
                                }
                              ]
                            },
                            {
                              "Node Type": "Memoize",
                              "Parent Relationship": "Inner",
                              "Parallel Aware": false,
                              "Async Capable": false,
                              "Startup Cost": 0.43,
                              "Total Cost": 1.48,
                              "Plan Rows": 1,
                              "Plan Width": 4,
                              "Actual Startup Time": 0.001,
                              "Actual Total Time": 0.001,
                              "Actual Rows": 0,
                              "Actual Loops": 370,
                              "Output": ["k.id"],
                              "Cache Key": "mk.keyword_id",
                              "Cache Mode": "logical",
                              "Cache Hits": 315,
                              "Cache Misses": 55,
                              "Cache Evictions": 0,
                              "Cache Overflows": 0,
                              "Peak Memory Usage": 4,
                              "Workers": [
                              ],
                              "Plans": [
                                {
                                  "Node Type": "Index Scan",
                                  "Parent Relationship": "Outer",
                                  "Parallel Aware": false,
                                  "Async Capable": false,
                                  "Scan Direction": "Forward",
                                  "Index Name": "keyword_pkey",
                                  "Relation Name": "keyword",
                                  "Schema": "public",
                                  "Alias": "k",
                                  "Startup Cost": 0.42,
                                  "Total Cost": 1.47,
                                  "Plan Rows": 1,
                                  "Plan Width": 4,
                                  "Actual Startup Time": 0.003,
                                  "Actual Total Time": 0.003,
                                  "Actual Rows": 0,
                                  "Actual Loops": 55,
                                  "Output": ["k.id"],
                                  "Index Cond": "(k.id = mk.keyword_id)",
                                  "Rows Removed by Index Recheck": 0,
                                  "Filter": "((k.keyword)::text = ANY ('{hero,martial-arts,hand-to-hand-combat,computer-animated-movie}'::text[]))",
                                  "Rows Removed by Filter": 1,
                                  "Workers": [
                                  ]
                                }
                              ]
                            }
                          ]
                        }
                      ]
                    },
                    {
                      "Node Type": "Index Scan",
                      "Parent Relationship": "Inner",
                      "Parallel Aware": false,
                      "Async Capable": false,
                      "Scan Direction": "Forward",
                      "Index Name": "char_name_pkey",
                      "Relation Name": "char_name",
                      "Schema": "public",
                      "Alias": "chn",
                      "Startup Cost": 0.43,
                      "Total Cost": 1.75,
                      "Plan Rows": 1,
                      "Plan Width": 20,
                      "Actual Startup Time": 0.002,
                      "Actual Total Time": 0.002,
                      "Actual Rows": 1,
                      "Actual Loops": 25,
                      "Output": ["chn.id", "chn.name", "chn.imdb_index", "chn.imdb_id", "chn.name_pcode_nf", "chn.surname_pcode", "chn.md5sum"],
                      "Index Cond": "(chn.id = ci.person_role_id)",
                      "Rows Removed by Index Recheck": 0
                    }
                  ]
                },
                {
                  "Node Type": "Index Scan",
                  "Parent Relationship": "Inner",
                  "Parallel Aware": false,
                  "Async Capable": false,
                  "Scan Direction": "Forward",
                  "Index Name": "movie_id_movie_info",
                  "Relation Name": "movie_info",
                  "Schema": "public",
                  "Alias": "mi",
                  "Startup Cost": 0.43,
                  "Total Cost": 26.48,
                  "Plan Rows": 1,
                  "Plan Width": 8,
                  "Actual Startup Time": 0.004,
                  "Actual Total Time": 0.026,
                  "Actual Rows": 2,
                  "Actual Loops": 25,
                  "Output": ["mi.id", "mi.movie_id", "mi.info_type_id", "mi.info", "mi.note"],
                  "Index Cond": "(mi.movie_id = mk.movie_id)",
                  "Rows Removed by Index Recheck": 0,
                  "Filter": "((mi.info IS NOT NULL) AND (((mi.info)::text ~~ 'Japan:%201%'::text) OR ((mi.info)::text ~~ 'USA:%201%'::text)))",
                  "Rows Removed by Filter": 104
                }
              ]
            },
            {
              "Node Type": "Index Scan",
              "Parent Relationship": "Inner",
              "Parallel Aware": false,
              "Async Capable": false,
              "Scan Direction": "Forward",
              "Index Name": "info_type_pkey",
              "Relation Name": "info_type",
              "Schema": "public",
              "Alias": "it",
              "Startup Cost": 0.14,
              "Total Cost": 0.16,
              "Plan Rows": 1,
              "Plan Width": 4,
              "Actual Startup Time": 0.001,
              "Actual Total Time": 0.001,
              "Actual Rows": 1,
              "Actual Loops": 45,
              "Output": ["it.id", "it.info"],
              "Index Cond": "(it.id = mi.info_type_id)",
              "Rows Removed by Index Recheck": 0,
              "Filter": "((it.info)::text = 'release dates'::text)",
              "Rows Removed by Filter": 0
            }
          ]
        }
      ]
    },
    "Planning Time": 84.421,
    "Triggers": [
    ],
    "Execution Time": 30.562
  }
]
