[
  {
    "Plan": {
      "Node Type": "Aggregate",
      "Strategy": "Plain",
      "Partial Mode": "Simple",
      "Parallel Aware": false,
      "Async Capable": false,
      "Startup Cost": 8018.43,
      "Total Cost": 8018.44,
      "Plan Rows": 1,
      "Plan Width": 128,
      "Actual Startup Time": 1134.082,
      "Actual Total Time": 1134.172,
      "Actual Rows": 1,
      "Actual Loops": 1,
      "Output": ["min((mi.info)::text)", "min((mi_idx.info)::text)", "min((n.name)::text)", "min((t.title)::text)"],
      "Plans": [
        {
          "Node Type": "Nested Loop",
          "Parent Relationship": "Outer",
          "Parallel Aware": false,
          "Async Capable": false,
          "Join Type": "Inner",
          "Startup Cost": 1011.93,
          "Total Cost": 8018.42,
          "Plan Rows": 1,
          "Plan Width": 81,
          "Actual Startup Time": 27.753,
          "Actual Total Time": 1132.402,
          "Actual Rows": 4407,
          "Actual Loops": 1,
          "Output": ["mi.info", "mi_idx.info", "n.name", "t.title"],
          "Inner Unique": true,
          "Join Filter": "(mi.movie_id = t.id)",
          "Rows Removed by Join Filter": 0,
          "Plans": [
            {
              "Node Type": "Nested Loop",
              "Parent Relationship": "Outer",
              "Parallel Aware": false,
              "Async Capable": false,
              "Join Type": "Inner",
              "Startup Cost": 1011.50,
              "Total Cost": 8017.57,
              "Plan Rows": 1,
              "Plan Width": 80,
              "Actual Startup Time": 27.743,
              "Actual Total Time": 1117.265,
              "Actual Rows": 4407,
              "Actual Loops": 1,
              "Output": ["ci.movie_id", "mi.info", "mi.movie_id", "mi_idx.info", "mi_idx.movie_id", "mk.movie_id", "n.name"],
              "Inner Unique": true,
              "Plans": [
                {
                  "Node Type": "Nested Loop",
                  "Parent Relationship": "Outer",
                  "Parallel Aware": false,
                  "Async Capable": false,
                  "Join Type": "Inner",
                  "Startup Cost": 1011.07,
                  "Total Cost": 8016.49,
                  "Plan Rows": 1,
                  "Plan Width": 69,
                  "Actual Startup Time": 10.572,
                  "Actual Total Time": 1080.105,
                  "Actual Rows": 7112,
                  "Actual Loops": 1,
                  "Output": ["ci.movie_id", "ci.person_id", "mi.info", "mi.movie_id", "mi_idx.info", "mi_idx.movie_id", "mk.movie_id"],
                  "Inner Unique": true,
                  "Plans": [
                    {
                      "Node Type": "Nested Loop",
                      "Parent Relationship": "Outer",
                      "Parallel Aware": false,
                      "Async Capable": false,
                      "Join Type": "Inner",
                      "Startup Cost": 1010.93,
                      "Total Cost": 8016.30,
                      "Plan Rows": 1,
                      "Plan Width": 73,
                      "Actual Startup Time": 10.568,
                      "Actual Total Time": 1070.805,
                      "Actual Rows": 7740,
                      "Actual Loops": 1,
                      "Output": ["ci.movie_id", "ci.person_id", "mi.info", "mi.movie_id", "mi.info_type_id", "mi_idx.info", "mi_idx.movie_id", "mk.movie_id"],
                      "Inner Unique": false,
                      "Join Filter": "(mi.movie_id = ci.movie_id)",
                      "Rows Removed by Join Filter": 0,
                      "Plans": [
                        {
                          "Node Type": "Gather",
                          "Parent Relationship": "Outer",
                          "Parallel Aware": false,
                          "Async Capable": false,
                          "Startup Cost": 1010.49,
                          "Total Cost": 8000.70,
                          "Plan Rows": 1,
                          "Plan Width": 65,
                          "Actual Startup Time": 4.353,
                          "Actual Total Time": 405.812,
                          "Actual Rows": 12260,
                          "Actual Loops": 1,
                          "Output": ["mi_idx.info", "mi_idx.movie_id", "mi.info", "mi.movie_id", "mi.info_type_id", "mk.movie_id"],
                          "Workers Planned": 2,
                          "Workers Launched": 2,
                          "Single Copy": false,
                          "Plans": [
                            {
                              "Node Type": "Nested Loop",
                              "Parent Relationship": "Outer",
                              "Parallel Aware": false,
                              "Async Capable": false,
                              "Join Type": "Inner",
                              "Startup Cost": 10.49,
                              "Total Cost": 7000.60,
                              "Plan Rows": 1,
                              "Plan Width": 65,
                              "Actual Startup Time": 6.215,
                              "Actual Total Time": 536.287,
                              "Actual Rows": 4087,
                              "Actual Loops": 3,
                              "Output": ["mi_idx.info", "mi_idx.movie_id", "mi.info", "mi.movie_id", "mi.info_type_id", "mk.movie_id"],
                              "Inner Unique": false,
                              "Join Filter": "(mi_idx.movie_id = mi.movie_id)",
                              "Rows Removed by Join Filter": 0,
                              "Workers": [
                                {
                                  "Worker Number": 0,
                                  "Actual Startup Time": 9.705,
                                  "Actual Total Time": 514.106,
                                  "Actual Rows": 2084,
                                  "Actual Loops": 1
                                },
                                {
                                  "Worker Number": 1,
                                  "Actual Startup Time": 4.866,
                                  "Actual Total Time": 690.854,
                                  "Actual Rows": 6863,
                                  "Actual Loops": 1
                                }
                              ],
                              "Plans": [
                                {
                                  "Node Type": "Hash Join",
                                  "Parent Relationship": "Outer",
                                  "Parallel Aware": false,
                                  "Async Capable": false,
                                  "Join Type": "Inner",
                                  "Startup Cost": 10.05,
                                  "Total Cost": 6978.07,
                                  "Plan Rows": 2,
                                  "Plan Width": 14,
                                  "Actual Startup Time": 5.145,
                                  "Actual Total Time": 137.028,
                                  "Actual Rows": 16920,
                                  "Actual Loops": 3,
                                  "Output": ["mi_idx.info", "mi_idx.movie_id", "mk.movie_id"],
                                  "Inner Unique": true,
                                  "Hash Cond": "(mi_idx.info_type_id = it2.id)",
                                  "Workers": [
                                    {
                                      "Worker Number": 0,
                                      "Actual Startup Time": 6.630,
                                      "Actual Total Time": 183.254,
                                      "Actual Rows": 14995,
                                      "Actual Loops": 1
                                    },
                                    {
                                      "Worker Number": 1,
                                      "Actual Startup Time": 4.810,
                                      "Actual Total Time": 136.630,
                                      "Actual Rows": 19299,
                                      "Actual Loops": 1
                                    }
                                  ],
                                  "Plans": [
                                    {
                                      "Node Type": "Nested Loop",
                                      "Parent Relationship": "Outer",
                                      "Parallel Aware": false,
                                      "Async Capable": false,
                                      "Join Type": "Inner",
                                      "Startup Cost": 7.63,
                                      "Total Cost": 6975.07,
                                      "Plan Rows": 212,
                                      "Plan Width": 18,
                                      "Actual Startup Time": 4.814,
                                      "Actual Total Time": 129.926,
                                      "Actual Rows": 50907,
                                      "Actual Loops": 3,
                                      "Output": ["mk.movie_id", "mi_idx.info", "mi_idx.movie_id", "mi_idx.info_type_id"],
                                      "Inner Unique": false,
                                      "Workers": [
                                        {
                                          "Worker Number": 0,
                                          "Actual Startup Time": 6.166,
                                          "Actual Total Time": 176.627,
                                          "Actual Rows": 45033,
                                          "Actual Loops": 1
                                        },
                                        {
                                          "Worker Number": 1,
                                          "Actual Startup Time": 4.305,
                                          "Actual Total Time": 128.367,
                                          "Actual Rows": 58150,
                                          "Actual Loops": 1
                                        }
                                      ],
                                      "Plans": [
                                        {
                                          "Node Type": "Nested Loop",
                                          "Parent Relationship": "Outer",
                                          "Parallel Aware": false,
                                          "Async Capable": false,
                                          "Join Type": "Inner",
                                          "Startup Cost": 7.20,
                                          "Total Cost": 6920.11,
                                          "Plan Rows": 70,
                                          "Plan Width": 4,
                                          "Actual Startup Time": 4.769,
                                          "Actual Total Time": 65.004,
                                          "Actual Rows": 20699,
                                          "Actual Loops": 3,
                                          "Output": ["mk.movie_id"],
                                          "Inner Unique": false,
                                          "Workers": [
                                            {
                                              "Worker Number": 0,
                                              "Actual Startup Time": 6.102,
                                              "Actual Total Time": 113.243,
                                              "Actual Rows": 20522,
                                              "Actual Loops": 1
                                            },
                                            {
                                              "Worker Number": 1,
                                              "Actual Startup Time": 4.248,
                                              "Actual Total Time": 51.065,
                                              "Actual Rows": 22046,
                                              "Actual Loops": 1
                                            }
                                          ],
                                          "Plans": [
                                            {
                                              "Node Type": "Index Scan",
                                              "Parent Relationship": "Outer",
                                              "Parallel Aware": true,
                                              "Async Capable": false,
                                              "Scan Direction": "Forward",
                                              "Index Name": "keyword_pkey",
                                              "Relation Name": "keyword",
                                              "Schema": "public",
                                              "Alias": "k",
                                              "Startup Cost": 0.42,
                                              "Total Cost": 4734.33,
                                              "Plan Rows": 2,
                                              "Plan Width": 4,
                                              "Actual Startup Time": 0.751,
                                              "Actual Total Time": 19.964,
                                              "Actual Rows": 2,
                                              "Actual Loops": 3,
                                              "Output": ["k.id", "k.keyword", "k.phonetic_code"],
                                              "Filter": "((k.keyword)::text = ANY ('{murder,blood,gore,death,female-nudity}'::text[]))",
                                              "Rows Removed by Filter": 44722,
                                              "Workers": [
                                                {
                                                  "Worker Number": 0,
                                                  "Actual Startup Time": 0.770,
                                                  "Actual Total Time": 58.136,
                                                  "Actual Rows": 1,
                                                  "Actual Loops": 1
                                                },
                                                {
                                                  "Worker Number": 1,
                                                  "Actual Startup Time": 1.382,
                                                  "Actual Total Time": 1.560,
                                                  "Actual Rows": 3,
                                                  "Actual Loops": 1
                                                }
                                              ]
                                            },
                                            {
                                              "Node Type": "Bitmap Heap Scan",
                                              "Parent Relationship": "Inner",
                                              "Parallel Aware": false,
                                              "Async Capable": false,
                                              "Relation Name": "movie_keyword",
                                              "Schema": "public",
                                              "Alias": "mk",
                                              "Startup Cost": 6.78,
                                              "Total Cost": 1089.86,
                                              "Plan Rows": 303,
                                              "Plan Width": 8,
                                              "Actual Startup Time": 3.154,
                                              "Actual Total Time": 25.737,
                                              "Actual Rows": 12419,
                                              "Actual Loops": 5,
                                              "Output": ["mk.id", "mk.movie_id", "mk.keyword_id"],
                                              "Recheck Cond": "(mk.keyword_id = k.id)",
                                              "Rows Removed by Index Recheck": 0,
                                              "Exact Heap Blocks": 12389,
                                              "Lossy Heap Blocks": 0,
                                              "Workers": [
                                                {
                                                  "Worker Number": 0,
                                                  "Actual Startup Time": 5.326,
                                                  "Actual Total Time": 52.970,
                                                  "Actual Rows": 20522,
                                                  "Actual Loops": 1
                                                },
                                                {
                                                  "Worker Number": 1,
                                                  "Actual Startup Time": 2.196,
                                                  "Actual Total Time": 15.725,
                                                  "Actual Rows": 7349,
                                                  "Actual Loops": 3
                                                }
                                              ],
                                              "Plans": [
                                                {
                                                  "Node Type": "Bitmap Index Scan",
                                                  "Parent Relationship": "Outer",
                                                  "Parallel Aware": false,
                                                  "Async Capable": false,
                                                  "Index Name": "keyword_id_movie_keyword",
                                                  "Startup Cost": 0.00,
                                                  "Total Cost": 6.71,
                                                  "Plan Rows": 303,
                                                  "Plan Width": 0,
                                                  "Actual Startup Time": 1.880,
                                                  "Actual Total Time": 1.880,
                                                  "Actual Rows": 12419,
                                                  "Actual Loops": 5,
                                                  "Index Cond": "(mk.keyword_id = k.id)",
                                                  "Workers": [
                                                    {
                                                      "Worker Number": 0,
                                                      "Actual Startup Time": 3.572,
                                                      "Actual Total Time": 3.573,
                                                      "Actual Rows": 20522,
                                                      "Actual Loops": 1
                                                    },
                                                    {
                                                      "Worker Number": 1,
                                                      "Actual Startup Time": 1.299,
                                                      "Actual Total Time": 1.299,
                                                      "Actual Rows": 7349,
                                                      "Actual Loops": 3
                                                    }
                                                  ]
                                                }
                                              ]
                                            }
                                          ]
                                        },
                                        {
                                          "Node Type": "Index Scan",
                                          "Parent Relationship": "Inner",
                                          "Parallel Aware": false,
                                          "Async Capable": false,
                                          "Scan Direction": "Forward",
                                          "Index Name": "movie_id_movie_info_idx",
                                          "Relation Name": "movie_info_idx",
                                          "Schema": "public",
                                          "Alias": "mi_idx",
                                          "Startup Cost": 0.43,
                                          "Total Cost": 0.76,
                                          "Plan Rows": 3,
                                          "Plan Width": 14,
                                          "Actual Startup Time": 0.002,
                                          "Actual Total Time": 0.003,
                                          "Actual Rows": 2,
                                          "Actual Loops": 62096,
                                          "Output": ["mi_idx.id", "mi_idx.movie_id", "mi_idx.info_type_id", "mi_idx.info", "mi_idx.note"],
                                          "Index Cond": "(mi_idx.movie_id = mk.movie_id)",
                                          "Rows Removed by Index Recheck": 0,
                                          "Workers": [
                                            {
                                              "Worker Number": 0,
                                              "Actual Startup Time": 0.002,
                                              "Actual Total Time": 0.003,
                                              "Actual Rows": 2,
                                              "Actual Loops": 20522
                                            },
                                            {
                                              "Worker Number": 1,
                                              "Actual Startup Time": 0.003,
                                              "Actual Total Time": 0.003,
                                              "Actual Rows": 3,
                                              "Actual Loops": 22046
                                            }
                                          ]
                                        }
                                      ]
                                    },
                                    {
                                      "Node Type": "Hash",
                                      "Parent Relationship": "Inner",
                                      "Parallel Aware": false,
                                      "Async Capable": false,
                                      "Startup Cost": 2.41,
                                      "Total Cost": 2.41,
                                      "Plan Rows": 1,
                                      "Plan Width": 4,
                                      "Actual Startup Time": 0.064,
                                      "Actual Total Time": 0.065,
                                      "Actual Rows": 1,
                                      "Actual Loops": 3,
                                      "Output": ["it2.id"],
                                      "Hash Buckets": 1024,
                                      "Original Hash Buckets": 1024,
                                      "Hash Batches": 1,
                                      "Original Hash Batches": 1,
                                      "Peak Memory Usage": 9,
                                      "Workers": [
                                        {
                                          "Worker Number": 0,
                                          "Actual Startup Time": 0.081,
                                          "Actual Total Time": 0.081,
                                          "Actual Rows": 1,
                                          "Actual Loops": 1
                                        },
                                        {
                                          "Worker Number": 1,
                                          "Actual Startup Time": 0.094,
                                          "Actual Total Time": 0.095,
                                          "Actual Rows": 1,
                                          "Actual Loops": 1
                                        }
                                      ],
                                      "Plans": [
                                        {
                                          "Node Type": "Seq Scan",
                                          "Parent Relationship": "Outer",
                                          "Parallel Aware": false,
                                          "Async Capable": false,
                                          "Relation Name": "info_type",
                                          "Schema": "public",
                                          "Alias": "it2",
                                          "Startup Cost": 0.00,
                                          "Total Cost": 2.41,
                                          "Plan Rows": 1,
                                          "Plan Width": 4,
                                          "Actual Startup Time": 0.055,
                                          "Actual Total Time": 0.059,
                                          "Actual Rows": 1,
                                          "Actual Loops": 3,
                                          "Output": ["it2.id"],
                                          "Filter": "((it2.info)::text = 'votes'::text)",
                                          "Rows Removed by Filter": 112,
                                          "Workers": [
                                            {
                                              "Worker Number": 0,
                                              "Actual Startup Time": 0.070,
                                              "Actual Total Time": 0.074,
                                              "Actual Rows": 1,
                                              "Actual Loops": 1
                                            },
                                            {
                                              "Worker Number": 1,
                                              "Actual Startup Time": 0.082,
                                              "Actual Total Time": 0.086,
                                              "Actual Rows": 1,
                                              "Actual Loops": 1
                                            }
                                          ]
                                        }
                                      ]
                                    }
                                  ]
                                },
                                {
                                  "Node Type": "Index Scan",
                                  "Parent Relationship": "Inner",
                                  "Parallel Aware": false,
                                  "Async Capable": false,
                                  "Scan Direction": "Forward",
                                  "Index Name": "movie_id_movie_info",
                                  "Relation Name": "movie_info",
                                  "Schema": "public",
                                  "Alias": "mi",
                                  "Startup Cost": 0.43,
                                  "Total Cost": 11.25,
                                  "Plan Rows": 1,
                                  "Plan Width": 51,
                                  "Actual Startup Time": 0.023,
                                  "Actual Total Time": 0.023,
                                  "Actual Rows": 0,
                                  "Actual Loops": 50760,
                                  "Output": ["mi.id", "mi.movie_id", "mi.info_type_id", "mi.info", "mi.note"],
                                  "Index Cond": "(mi.movie_id = mk.movie_id)",
                                  "Rows Removed by Index Recheck": 0,
                                  "Filter": "((mi.info)::text = 'Horror'::text)",
                                  "Rows Removed by Filter": 56,
                                  "Workers": [
                                    {
                                      "Worker Number": 0,
                                      "Actual Startup Time": 0.022,
                                      "Actual Total Time": 0.022,
                                      "Actual Rows": 0,
                                      "Actual Loops": 14995
                                    },
                                    {
                                      "Worker Number": 1,
                                      "Actual Startup Time": 0.028,
                                      "Actual Total Time": 0.028,
                                      "Actual Rows": 0,
                                      "Actual Loops": 19299
                                    }
                                  ]
                                }
                              ]
                            }
                          ]
                        },
                        {
                          "Node Type": "Index Scan",
                          "Parent Relationship": "Inner",
                          "Parallel Aware": false,
                          "Async Capable": false,
                          "Scan Direction": "Forward",
                          "Index Name": "movie_id_cast_info",
                          "Relation Name": "cast_info",
                          "Schema": "public",
                          "Alias": "ci",
                          "Startup Cost": 0.44,
                          "Total Cost": 15.59,
                          "Plan Rows": 1,
                          "Plan Width": 8,
                          "Actual Startup Time": 0.045,
                          "Actual Total Time": 0.054,
                          "Actual Rows": 1,
                          "Actual Loops": 12260,
                          "Output": ["ci.id", "ci.person_id", "ci.movie_id", "ci.person_role_id", "ci.note", "ci.nr_order", "ci.role_id"],
                          "Index Cond": "(ci.movie_id = mk.movie_id)",
                          "Rows Removed by Index Recheck": 0,
                          "Filter": "((ci.note)::text = ANY ('{(writer),\"(head writer)\",\"(written by)\",(story),\"(story editor)\"}'::text[]))",
                          "Rows Removed by Filter": 47
                        }
                      ]
                    },
                    {
                      "Node Type": "Index Scan",
                      "Parent Relationship": "Inner",
                      "Parallel Aware": false,
                      "Async Capable": false,
                      "Scan Direction": "Forward",
                      "Index Name": "info_type_pkey",
                      "Relation Name": "info_type",
                      "Schema": "public",
                      "Alias": "it1",
                      "Startup Cost": 0.14,
                      "Total Cost": 0.16,
                      "Plan Rows": 1,
                      "Plan Width": 4,
                      "Actual Startup Time": 0.001,
                      "Actual Total Time": 0.001,
                      "Actual Rows": 1,
                      "Actual Loops": 7740,
                      "Output": ["it1.id", "it1.info"],
                      "Index Cond": "(it1.id = mi.info_type_id)",
                      "Rows Removed by Index Recheck": 0,
                      "Filter": "((it1.info)::text = 'genres'::text)",
                      "Rows Removed by Filter": 0
                    }
                  ]
                },
                {
                  "Node Type": "Index Scan",
                  "Parent Relationship": "Inner",
                  "Parallel Aware": false,
                  "Async Capable": false,
                  "Scan Direction": "Forward",
                  "Index Name": "name_pkey",
                  "Relation Name": "name",
                  "Schema": "public",
                  "Alias": "n",
                  "Startup Cost": 0.43,
                  "Total Cost": 1.08,
                  "Plan Rows": 1,
                  "Plan Width": 19,
                  "Actual Startup Time": 0.005,
                  "Actual Total Time": 0.005,
                  "Actual Rows": 1,
                  "Actual Loops": 7112,
                  "Output": ["n.id", "n.name", "n.imdb_index", "n.imdb_id", "n.gender", "n.name_pcode_cf", "n.name_pcode_nf", "n.surname_pcode", "n.md5sum"],
                  "Index Cond": "(n.id = ci.person_id)",
                  "Rows Removed by Index Recheck": 0,
                  "Filter": "((n.gender)::text = 'm'::text)",
                  "Rows Removed by Filter": 0
                }
              ]
            },
            {
              "Node Type": "Index Scan",
              "Parent Relationship": "Inner",
              "Parallel Aware": false,
              "Async Capable": false,
              "Scan Direction": "Forward",
              "Index Name": "title_pkey",
              "Relation Name": "title",
              "Schema": "public",
              "Alias": "t",
              "Startup Cost": 0.43,
              "Total Cost": 0.84,
              "Plan Rows": 1,
              "Plan Width": 21,
              "Actual Startup Time": 0.003,
              "Actual Total Time": 0.003,
              "Actual Rows": 1,
              "Actual Loops": 4407,
              "Output": ["t.id", "t.title", "t.imdb_index", "t.kind_id", "t.production_year", "t.imdb_id", "t.phonetic_code", "t.episode_of_id", "t.season_nr", "t.episode_nr", "t.series_years", "t.md5sum"],
              "Index Cond": "(t.id = mk.movie_id)",
              "Rows Removed by Index Recheck": 0
            }
          ]
        }
      ]
    },
    "Planning Time": 11.544,
    "Triggers": [
    ],
    "Execution Time": 1134.252
  }
]
