[
  {
    "Plan": {
      "Node Type": "Aggregate",
      "Strategy": "Plain",
      "Partial Mode": "Simple",
      "Parallel Aware": false,
      "Async Capable": false,
      "Startup Cost": 8008.03,
      "Total Cost": 8008.04,
      "Plan Rows": 1,
      "Plan Width": 128,
      "Actual Startup Time": 225.838,
      "Actual Total Time": 265.757,
      "Actual Rows": 1,
      "Actual Loops": 1,
      "Output": ["min((mi.info)::text)", "min((mi_idx.info)::text)", "min((n.name)::text)", "min((t.title)::text)"],
      "Plans": [
        {
          "Node Type": "Nested Loop",
          "Parent Relationship": "Outer",
          "Parallel Aware": false,
          "Async Capable": false,
          "Join Type": "Inner",
          "Startup Cost": 1011.93,
          "Total Cost": 8008.02,
          "Plan Rows": 1,
          "Plan Width": 81,
          "Actual Startup Time": 171.136,
          "Actual Total Time": 265.737,
          "Actual Rows": 6,
          "Actual Loops": 1,
          "Output": ["mi.info", "mi_idx.info", "n.name", "t.title"],
          "Inner Unique": true,
          "Plans": [
            {
              "Node Type": "Nested Loop",
              "Parent Relationship": "Outer",
              "Parallel Aware": false,
              "Async Capable": false,
              "Join Type": "Inner",
              "Startup Cost": 1011.50,
              "Total Cost": 8006.93,
              "Plan Rows": 1,
              "Plan Width": 70,
              "Actual Startup Time": 171.126,
              "Actual Total Time": 265.703,
              "Actual Rows": 6,
              "Actual Loops": 1,
              "Output": ["ci.person_id", "mi.info", "mi_idx.info", "t.title"],
              "Inner Unique": true,
              "Plans": [
                {
                  "Node Type": "Nested Loop",
                  "Parent Relationship": "Outer",
                  "Parallel Aware": false,
                  "Async Capable": false,
                  "Join Type": "Inner",
                  "Startup Cost": 1011.36,
                  "Total Cost": 8006.75,
                  "Plan Rows": 1,
                  "Plan Width": 74,
                  "Actual Startup Time": 171.120,
                  "Actual Total Time": 265.682,
                  "Actual Rows": 6,
                  "Actual Loops": 1,
                  "Output": ["ci.person_id", "mi.info", "mi.info_type_id", "mi_idx.info", "t.title"],
                  "Inner Unique": false,
                  "Join Filter": "(t.id = mi.movie_id)",
                  "Rows Removed by Join Filter": 0,
                  "Plans": [
                    {
                      "Node Type": "Nested Loop",
                      "Parent Relationship": "Outer",
                      "Parallel Aware": false,
                      "Async Capable": false,
                      "Join Type": "Inner",
                      "Startup Cost": 1010.92,
                      "Total Cost": 7995.48,
                      "Plan Rows": 1,
                      "Plan Width": 43,
                      "Actual Startup Time": 171.093,
                      "Actual Total Time": 265.564,
                      "Actual Rows": 6,
                      "Actual Loops": 1,
                      "Output": ["ci.movie_id", "ci.person_id", "mi_idx.info", "mi_idx.movie_id", "mk.movie_id", "t.title", "t.id"],
                      "Inner Unique": false,
                      "Join Filter": "(t.id = ci.movie_id)",
                      "Rows Removed by Join Filter": 0,
                      "Plans": [
                        {
                          "Node Type": "Gather",
                          "Parent Relationship": "Outer",
                          "Parallel Aware": false,
                          "Async Capable": false,
                          "Startup Cost": 1010.48,
                          "Total Cost": 7979.88,
                          "Plan Rows": 1,
                          "Plan Width": 35,
                          "Actual Startup Time": 110.480,
                          "Actual Total Time": 265.333,
                          "Actual Rows": 9,
                          "Actual Loops": 1,
                          "Output": ["mi_idx.info", "mi_idx.movie_id", "mk.movie_id", "t.title", "t.id"],
                          "Workers Planned": 2,
                          "Workers Launched": 2,
                          "Single Copy": false,
                          "Plans": [
                            {
                              "Node Type": "Nested Loop",
                              "Parent Relationship": "Outer",
                              "Parallel Aware": false,
                              "Async Capable": false,
                              "Join Type": "Inner",
                              "Startup Cost": 10.48,
                              "Total Cost": 6979.78,
                              "Plan Rows": 1,
                              "Plan Width": 35,
                              "Actual Startup Time": 129.798,
                              "Actual Total Time": 187.002,
                              "Actual Rows": 3,
                              "Actual Loops": 3,
                              "Output": ["mi_idx.info", "mi_idx.movie_id", "mk.movie_id", "t.title", "t.id"],
                              "Inner Unique": true,
                              "Join Filter": "(mi_idx.movie_id = t.id)",
                              "Rows Removed by Join Filter": 0,
                              "Workers": [
                                {
                                  "Worker Number": 0,
                                  "Actual Startup Time": 105.145,
                                  "Actual Total Time": 216.206,
                                  "Actual Rows": 8,
                                  "Actual Loops": 1
                                },
                                {
                                  "Worker Number": 1,
                                  "Actual Startup Time": 174.061,
                                  "Actual Total Time": 174.064,
                                  "Actual Rows": 0,
                                  "Actual Loops": 1
                                }
                              ],
                              "Plans": [
                                {
                                  "Node Type": "Hash Join",
                                  "Parent Relationship": "Outer",
                                  "Parallel Aware": false,
                                  "Async Capable": false,
                                  "Join Type": "Inner",
                                  "Startup Cost": 10.05,
                                  "Total Cost": 6978.07,
                                  "Plan Rows": 2,
                                  "Plan Width": 14,
                                  "Actual Startup Time": 4.759,
                                  "Actual Total Time": 129.434,
                                  "Actual Rows": 16920,
                                  "Actual Loops": 3,
                                  "Output": ["mi_idx.info", "mi_idx.movie_id", "mk.movie_id"],
                                  "Inner Unique": true,
                                  "Hash Cond": "(mi_idx.info_type_id = it2.id)",
                                  "Workers": [
                                    {
                                      "Worker Number": 0,
                                      "Actual Startup Time": 4.050,
                                      "Actual Total Time": 141.033,
                                      "Actual Rows": 19299,
                                      "Actual Loops": 1
                                    },
                                    {
                                      "Worker Number": 1,
                                      "Actual Startup Time": 6.212,
                                      "Actual Total Time": 116.138,
                                      "Actual Rows": 14995,
                                      "Actual Loops": 1
                                    }
                                  ],
                                  "Plans": [
                                    {
                                      "Node Type": "Nested Loop",
                                      "Parent Relationship": "Outer",
                                      "Parallel Aware": false,
                                      "Async Capable": false,
                                      "Join Type": "Inner",
                                      "Startup Cost": 7.63,
                                      "Total Cost": 6975.07,
                                      "Plan Rows": 212,
                                      "Plan Width": 18,
                                      "Actual Startup Time": 4.465,
                                      "Actual Total Time": 122.915,
                                      "Actual Rows": 50907,
                                      "Actual Loops": 3,
                                      "Output": ["mk.movie_id", "mi_idx.info", "mi_idx.movie_id", "mi_idx.info_type_id"],
                                      "Inner Unique": false,
                                      "Workers": [
                                        {
                                          "Worker Number": 0,
                                          "Actual Startup Time": 3.612,
                                          "Actual Total Time": 133.308,
                                          "Actual Rows": 58150,
                                          "Actual Loops": 1
                                        },
                                        {
                                          "Worker Number": 1,
                                          "Actual Startup Time": 5.792,
                                          "Actual Total Time": 110.016,
                                          "Actual Rows": 45033,
                                          "Actual Loops": 1
                                        }
                                      ],
                                      "Plans": [
                                        {
                                          "Node Type": "Nested Loop",
                                          "Parent Relationship": "Outer",
                                          "Parallel Aware": false,
                                          "Async Capable": false,
                                          "Join Type": "Inner",
                                          "Startup Cost": 7.20,
                                          "Total Cost": 6920.11,
                                          "Plan Rows": 70,
                                          "Plan Width": 4,
                                          "Actual Startup Time": 4.439,
                                          "Actual Total Time": 58.739,
                                          "Actual Rows": 20699,
                                          "Actual Loops": 3,
                                          "Output": ["mk.movie_id"],
                                          "Inner Unique": false,
                                          "Workers": [
                                            {
                                              "Worker Number": 0,
                                              "Actual Startup Time": 3.581,
                                              "Actual Total Time": 53.900,
                                              "Actual Rows": 22046,
                                              "Actual Loops": 1
                                            },
                                            {
                                              "Worker Number": 1,
                                              "Actual Startup Time": 5.755,
                                              "Actual Total Time": 45.942,
                                              "Actual Rows": 20522,
                                              "Actual Loops": 1
                                            }
                                          ],
                                          "Plans": [
                                            {
                                              "Node Type": "Index Scan",
                                              "Parent Relationship": "Outer",
                                              "Parallel Aware": true,
                                              "Async Capable": false,
                                              "Scan Direction": "Forward",
                                              "Index Name": "keyword_pkey",
                                              "Relation Name": "keyword",
                                              "Schema": "public",
                                              "Alias": "k",
                                              "Startup Cost": 0.42,
                                              "Total Cost": 4734.33,
                                              "Plan Rows": 2,
                                              "Plan Width": 4,
                                              "Actual Startup Time": 0.709,
                                              "Actual Total Time": 19.279,
                                              "Actual Rows": 2,
                                              "Actual Loops": 3,
                                              "Output": ["k.id", "k.keyword", "k.phonetic_code"],
                                              "Filter": "((k.keyword)::text = ANY ('{murder,blood,gore,death,female-nudity}'::text[]))",
                                              "Rows Removed by Filter": 44722,
                                              "Workers": [
                                                {
                                                  "Worker Number": 0,
                                                  "Actual Startup Time": 1.280,
                                                  "Actual Total Time": 1.456,
                                                  "Actual Rows": 3,
                                                  "Actual Loops": 1
                                                },
                                                {
                                                  "Worker Number": 1,
                                                  "Actual Startup Time": 0.740,
                                                  "Actual Total Time": 0.876,
                                                  "Actual Rows": 1,
                                                  "Actual Loops": 1
                                                }
                                              ]
                                            },
                                            {
                                              "Node Type": "Bitmap Heap Scan",
                                              "Parent Relationship": "Inner",
                                              "Parallel Aware": false,
                                              "Async Capable": false,
                                              "Relation Name": "movie_keyword",
                                              "Schema": "public",
                                              "Alias": "mk",
                                              "Startup Cost": 6.78,
                                              "Total Cost": 1089.86,
                                              "Plan Rows": 303,
                                              "Plan Width": 8,
                                              "Actual Startup Time": 2.961,
                                              "Actual Total Time": 22.512,
                                              "Actual Rows": 12419,
                                              "Actual Loops": 5,
                                              "Output": ["mk.id", "mk.movie_id", "mk.keyword_id"],
                                              "Recheck Cond": "(mk.keyword_id = k.id)",
                                              "Rows Removed by Index Recheck": 0,
                                              "Exact Heap Blocks": 12389,
                                              "Lossy Heap Blocks": 0,
                                              "Workers": [
                                                {
                                                  "Worker Number": 0,
                                                  "Actual Startup Time": 1.975,
                                                  "Actual Total Time": 16.775,
                                                  "Actual Rows": 7349,
                                                  "Actual Loops": 3
                                                },
                                                {
                                                  "Worker Number": 1,
                                                  "Actual Startup Time": 5.010,
                                                  "Actual Total Time": 43.207,
                                                  "Actual Rows": 20522,
                                                  "Actual Loops": 1
                                                }
                                              ],
                                              "Plans": [
                                                {
                                                  "Node Type": "Bitmap Index Scan",
                                                  "Parent Relationship": "Outer",
                                                  "Parallel Aware": false,
                                                  "Async Capable": false,
                                                  "Index Name": "keyword_id_movie_keyword",
                                                  "Startup Cost": 0.00,
                                                  "Total Cost": 6.71,
                                                  "Plan Rows": 303,
                                                  "Plan Width": 0,
                                                  "Actual Startup Time": 1.682,
                                                  "Actual Total Time": 1.682,
                                                  "Actual Rows": 12419,
                                                  "Actual Loops": 5,
                                                  "Index Cond": "(mk.keyword_id = k.id)",
                                                  "Workers": [
                                                    {
                                                      "Worker Number": 0,
                                                      "Actual Startup Time": 1.075,
                                                      "Actual Total Time": 1.075,
                                                      "Actual Rows": 7349,
                                                      "Actual Loops": 3
                                                    },
                                                    {
                                                      "Worker Number": 1,
                                                      "Actual Startup Time": 3.262,
                                                      "Actual Total Time": 3.262,
                                                      "Actual Rows": 20522,
                                                      "Actual Loops": 1
                                                    }
                                                  ]
                                                }
                                              ]
                                            }
                                          ]
                                        },
                                        {
                                          "Node Type": "Index Scan",
                                          "Parent Relationship": "Inner",
                                          "Parallel Aware": false,
                                          "Async Capable": false,
                                          "Scan Direction": "Forward",
                                          "Index Name": "movie_id_movie_info_idx",
                                          "Relation Name": "movie_info_idx",
                                          "Schema": "public",
                                          "Alias": "mi_idx",
                                          "Startup Cost": 0.43,
                                          "Total Cost": 0.76,
                                          "Plan Rows": 3,
                                          "Plan Width": 14,
                                          "Actual Startup Time": 0.002,
                                          "Actual Total Time": 0.003,
                                          "Actual Rows": 2,
                                          "Actual Loops": 62096,
                                          "Output": ["mi_idx.id", "mi_idx.movie_id", "mi_idx.info_type_id", "mi_idx.info", "mi_idx.note"],
                                          "Index Cond": "(mi_idx.movie_id = mk.movie_id)",
                                          "Rows Removed by Index Recheck": 0,
                                          "Workers": [
                                            {
                                              "Worker Number": 0,
                                              "Actual Startup Time": 0.003,
                                              "Actual Total Time": 0.003,
                                              "Actual Rows": 3,
                                              "Actual Loops": 22046
                                            },
                                            {
                                              "Worker Number": 1,
                                              "Actual Startup Time": 0.002,
                                              "Actual Total Time": 0.003,
                                              "Actual Rows": 2,
                                              "Actual Loops": 20522
                                            }
                                          ]
                                        }
                                      ]
                                    },
                                    {
                                      "Node Type": "Hash",
                                      "Parent Relationship": "Inner",
                                      "Parallel Aware": false,
                                      "Async Capable": false,
                                      "Startup Cost": 2.41,
                                      "Total Cost": 2.41,
                                      "Plan Rows": 1,
                                      "Plan Width": 4,
                                      "Actual Startup Time": 0.061,
                                      "Actual Total Time": 0.062,
                                      "Actual Rows": 1,
                                      "Actual Loops": 3,
                                      "Output": ["it2.id"],
                                      "Hash Buckets": 1024,
                                      "Original Hash Buckets": 1024,
                                      "Hash Batches": 1,
                                      "Original Hash Batches": 1,
                                      "Peak Memory Usage": 9,
                                      "Workers": [
                                        {
                                          "Worker Number": 0,
                                          "Actual Startup Time": 0.084,
                                          "Actual Total Time": 0.085,
                                          "Actual Rows": 1,
                                          "Actual Loops": 1
                                        },
                                        {
                                          "Worker Number": 1,
                                          "Actual Startup Time": 0.079,
                                          "Actual Total Time": 0.080,
                                          "Actual Rows": 1,
                                          "Actual Loops": 1
                                        }
                                      ],
                                      "Plans": [
                                        {
                                          "Node Type": "Seq Scan",
                                          "Parent Relationship": "Outer",
                                          "Parallel Aware": false,
                                          "Async Capable": false,
                                          "Relation Name": "info_type",
                                          "Schema": "public",
                                          "Alias": "it2",
                                          "Startup Cost": 0.00,
                                          "Total Cost": 2.41,
                                          "Plan Rows": 1,
                                          "Plan Width": 4,
                                          "Actual Startup Time": 0.052,
                                          "Actual Total Time": 0.055,
                                          "Actual Rows": 1,
                                          "Actual Loops": 3,
                                          "Output": ["it2.id"],
                                          "Filter": "((it2.info)::text = 'votes'::text)",
                                          "Rows Removed by Filter": 112,
                                          "Workers": [
                                            {
                                              "Worker Number": 0,
                                              "Actual Startup Time": 0.073,
                                              "Actual Total Time": 0.077,
                                              "Actual Rows": 1,
                                              "Actual Loops": 1
                                            },
                                            {
                                              "Worker Number": 1,
                                              "Actual Startup Time": 0.069,
                                              "Actual Total Time": 0.073,
                                              "Actual Rows": 1,
                                              "Actual Loops": 1
                                            }
                                          ]
                                        }
                                      ]
                                    }
                                  ]
                                },
                                {
                                  "Node Type": "Index Scan",
                                  "Parent Relationship": "Inner",
                                  "Parallel Aware": false,
                                  "Async Capable": false,
                                  "Scan Direction": "Forward",
                                  "Index Name": "title_pkey",
                                  "Relation Name": "title",
                                  "Schema": "public",
                                  "Alias": "t",
                                  "Startup Cost": 0.43,
                                  "Total Cost": 0.84,
                                  "Plan Rows": 1,
                                  "Plan Width": 21,
                                  "Actual Startup Time": 0.003,
                                  "Actual Total Time": 0.003,
                                  "Actual Rows": 0,
                                  "Actual Loops": 50760,
                                  "Output": ["t.id", "t.title", "t.imdb_index", "t.kind_id", "t.production_year", "t.imdb_id", "t.phonetic_code", "t.episode_of_id", "t.season_nr", "t.episode_nr", "t.series_years", "t.md5sum"],
                                  "Index Cond": "(t.id = mk.movie_id)",
                                  "Rows Removed by Index Recheck": 0,
                                  "Filter": "((t.production_year > 2010) AND ((t.title)::text ~~ 'Vampire%'::text))",
                                  "Rows Removed by Filter": 1,
                                  "Workers": [
                                    {
                                      "Worker Number": 0,
                                      "Actual Startup Time": 0.004,
                                      "Actual Total Time": 0.004,
                                      "Actual Rows": 0,
                                      "Actual Loops": 19299
                                    },
                                    {
                                      "Worker Number": 1,
                                      "Actual Startup Time": 0.004,
                                      "Actual Total Time": 0.004,
                                      "Actual Rows": 0,
                                      "Actual Loops": 14995
                                    }
                                  ]
                                }
                              ]
                            }
                          ]
                        },
                        {
                          "Node Type": "Index Scan",
                          "Parent Relationship": "Inner",
                          "Parallel Aware": false,
                          "Async Capable": false,
                          "Scan Direction": "Forward",
                          "Index Name": "movie_id_cast_info",
                          "Relation Name": "cast_info",
                          "Schema": "public",
                          "Alias": "ci",
                          "Startup Cost": 0.44,
                          "Total Cost": 15.59,
                          "Plan Rows": 1,
                          "Plan Width": 8,
                          "Actual Startup Time": 0.020,
                          "Actual Total Time": 0.024,
                          "Actual Rows": 1,
                          "Actual Loops": 9,
                          "Output": ["ci.id", "ci.person_id", "ci.movie_id", "ci.person_role_id", "ci.note", "ci.nr_order", "ci.role_id"],
                          "Index Cond": "(ci.movie_id = mk.movie_id)",
                          "Rows Removed by Index Recheck": 0,
                          "Filter": "((ci.note)::text = ANY ('{(writer),\"(head writer)\",\"(written by)\",(story),\"(story editor)\"}'::text[]))",
                          "Rows Removed by Filter": 21
                        }
                      ]
                    },
                    {
                      "Node Type": "Index Scan",
                      "Parent Relationship": "Inner",
                      "Parallel Aware": false,
                      "Async Capable": false,
                      "Scan Direction": "Forward",
                      "Index Name": "movie_id_movie_info",
                      "Relation Name": "movie_info",
                      "Schema": "public",
                      "Alias": "mi",
                      "Startup Cost": 0.43,
                      "Total Cost": 11.25,
                      "Plan Rows": 1,
                      "Plan Width": 51,
                      "Actual Startup Time": 0.018,
                      "Actual Total Time": 0.018,
                      "Actual Rows": 1,
                      "Actual Loops": 6,
                      "Output": ["mi.id", "mi.movie_id", "mi.info_type_id", "mi.info", "mi.note"],
                      "Index Cond": "(mi.movie_id = mk.movie_id)",
                      "Rows Removed by Index Recheck": 0,
                      "Filter": "((mi.info)::text = 'Horror'::text)",
                      "Rows Removed by Filter": 20
                    }
                  ]
                },
                {
                  "Node Type": "Index Scan",
                  "Parent Relationship": "Inner",
                  "Parallel Aware": false,
                  "Async Capable": false,
                  "Scan Direction": "Forward",
                  "Index Name": "info_type_pkey",
                  "Relation Name": "info_type",
                  "Schema": "public",
                  "Alias": "it1",
                  "Startup Cost": 0.14,
                  "Total Cost": 0.16,
                  "Plan Rows": 1,
                  "Plan Width": 4,
                  "Actual Startup Time": 0.002,
                  "Actual Total Time": 0.002,
                  "Actual Rows": 1,
                  "Actual Loops": 6,
                  "Output": ["it1.id", "it1.info"],
                  "Index Cond": "(it1.id = mi.info_type_id)",
                  "Rows Removed by Index Recheck": 0,
                  "Filter": "((it1.info)::text = 'genres'::text)",
                  "Rows Removed by Filter": 0
                }
              ]
            },
            {
              "Node Type": "Index Scan",
              "Parent Relationship": "Inner",
              "Parallel Aware": false,
              "Async Capable": false,
              "Scan Direction": "Forward",
              "Index Name": "name_pkey",
              "Relation Name": "name",
              "Schema": "public",
              "Alias": "n",
              "Startup Cost": 0.43,
              "Total Cost": 1.08,
              "Plan Rows": 1,
              "Plan Width": 19,
              "Actual Startup Time": 0.004,
              "Actual Total Time": 0.004,
              "Actual Rows": 1,
              "Actual Loops": 6,
              "Output": ["n.id", "n.name", "n.imdb_index", "n.imdb_id", "n.gender", "n.name_pcode_cf", "n.name_pcode_nf", "n.surname_pcode", "n.md5sum"],
              "Index Cond": "(n.id = ci.person_id)",
              "Rows Removed by Index Recheck": 0,
              "Filter": "((n.gender)::text = 'm'::text)",
              "Rows Removed by Filter": 0
            }
          ]
        }
      ]
    },
    "Planning Time": 17.112,
    "Triggers": [
    ],
    "Execution Time": 265.864
  }
]
