[
  {
    "Plan": {
      "Node Type": "Aggregate",
      "Strategy": "Plain",
      "Partial Mode": "Simple",
      "Parallel Aware": false,
      "Async Capable": false,
      "Startup Cost": 2476.84,
      "Total Cost": 2476.85,
      "Plan Rows": 1,
      "Plan Width": 96,
      "Actual Startup Time": 1468.397,
      "Actual Total Time": 1468.402,
      "Actual Rows": 1,
      "Actual Loops": 1,
      "Output": ["min((chn.name)::text)", "min((mi_idx.info)::text)", "min((t.title)::text)"],
      "Plans": [
        {
          "Node Type": "Nested Loop",
          "Parent Relationship": "Outer",
          "Parallel Aware": false,
          "Async Capable": false,
          "Join Type": "Inner",
          "Startup Cost": 22.37,
          "Total Cost": 2476.83,
          "Plan Rows": 1,
          "Plan Width": 39,
          "Actual Startup Time": 2.173,
          "Actual Total Time": 1466.971,
          "Actual Rows": 5400,
          "Actual Loops": 1,
          "Output": ["chn.name", "mi_idx.info", "t.title"],
          "Inner Unique": true,
          "Plans": [
            {
              "Node Type": "Nested Loop",
              "Parent Relationship": "Outer",
              "Parallel Aware": false,
              "Async Capable": false,
              "Join Type": "Inner",
              "Startup Cost": 21.94,
              "Total Cost": 2476.38,
              "Plan Rows": 1,
              "Plan Width": 43,
              "Actual Startup Time": 2.167,
              "Actual Total Time": 1449.075,
              "Actual Rows": 5400,
              "Actual Loops": 1,
              "Output": ["chn.name", "t.title", "mi_idx.info", "ci.person_id"],
              "Inner Unique": true,
              "Plans": [
                {
                  "Node Type": "Nested Loop",
                  "Parent Relationship": "Outer",
                  "Parallel Aware": false,
                  "Async Capable": false,
                  "Join Type": "Inner",
                  "Startup Cost": 21.51,
                  "Total Cost": 2469.97,
                  "Plan Rows": 14,
                  "Plan Width": 31,
                  "Actual Startup Time": 0.296,
                  "Actual Total Time": 1187.756,
                  "Actual Rows": 189738,
                  "Actual Loops": 1,
                  "Output": ["t.title", "mi_idx.info", "ci.person_role_id", "ci.person_id"],
                  "Inner Unique": false,
                  "Join Filter": "(t.id = ci.movie_id)",
                  "Rows Removed by Join Filter": 0,
                  "Plans": [
                    {
                      "Node Type": "Nested Loop",
                      "Parent Relationship": "Outer",
                      "Parallel Aware": false,
                      "Async Capable": false,
                      "Join Type": "Inner",
                      "Startup Cost": 21.07,
                      "Total Cost": 2468.14,
                      "Plan Rows": 1,
                      "Plan Width": 39,
                      "Actual Startup Time": 0.286,
                      "Actual Total Time": 988.829,
                      "Actual Rows": 1261,
                      "Actual Loops": 1,
                      "Output": ["cc.movie_id", "t.title", "t.id", "mk.movie_id", "mi_idx.info", "mi_idx.movie_id"],
                      "Inner Unique": true,
                      "Plans": [
                        {
                          "Node Type": "Nested Loop",
                          "Parent Relationship": "Outer",
                          "Parallel Aware": false,
                          "Async Capable": false,
                          "Join Type": "Inner",
                          "Startup Cost": 20.93,
                          "Total Cost": 2467.95,
                          "Plan Rows": 1,
                          "Plan Width": 43,
                          "Actual Startup Time": 0.279,
                          "Actual Total Time": 984.271,
                          "Actual Rows": 3831,
                          "Actual Loops": 1,
                          "Output": ["cc.movie_id", "t.title", "t.id", "mk.movie_id", "mi_idx.info", "mi_idx.movie_id", "mi_idx.info_type_id"],
                          "Inner Unique": false,
                          "Join Filter": "(t.id = mi_idx.movie_id)",
                          "Rows Removed by Join Filter": 0,
                          "Plans": [
                            {
                              "Node Type": "Nested Loop",
                              "Parent Relationship": "Outer",
                              "Parallel Aware": false,
                              "Async Capable": false,
                              "Join Type": "Inner",
                              "Startup Cost": 20.50,
                              "Total Cost": 2467.43,
                              "Plan Rows": 1,
                              "Plan Width": 29,
                              "Actual Startup Time": 0.270,
                              "Actual Total Time": 977.924,
                              "Actual Rows": 1267,
                              "Actual Loops": 1,
                              "Output": ["cc.movie_id", "t.title", "t.id", "mk.movie_id"],
                              "Inner Unique": true,
                              "Plans": [
                                {
                                  "Node Type": "Nested Loop",
                                  "Parent Relationship": "Outer",
                                  "Parallel Aware": false,
                                  "Async Capable": false,
                                  "Join Type": "Inner",
                                  "Startup Cost": 20.06,
                                  "Total Cost": 2466.49,
                                  "Plan Rows": 2,
                                  "Plan Width": 33,
                                  "Actual Startup Time": 0.070,
                                  "Actual Total Time": 434.040,
                                  "Actual Rows": 294672,
                                  "Actual Loops": 1,
                                  "Output": ["cc.movie_id", "t.title", "t.id", "mk.movie_id", "mk.keyword_id"],
                                  "Inner Unique": false,
                                  "Plans": [
                                    {
                                      "Node Type": "Nested Loop",
                                      "Parent Relationship": "Outer",
                                      "Parallel Aware": false,
                                      "Async Capable": false,
                                      "Join Type": "Inner",
                                      "Startup Cost": 19.63,
                                      "Total Cost": 2464.68,
                                      "Plan Rows": 1,
                                      "Plan Width": 25,
                                      "Actual Startup Time": 0.062,
                                      "Actual Total Time": 323.610,
                                      "Actual Rows": 4696,
                                      "Actual Loops": 1,
                                      "Output": ["cc.movie_id", "t.title", "t.id"],
                                      "Inner Unique": true,
                                      "Plans": [
                                        {
                                          "Node Type": "Nested Loop",
                                          "Parent Relationship": "Outer",
                                          "Parallel Aware": false,
                                          "Async Capable": false,
                                          "Join Type": "Inner",
                                          "Startup Cost": 19.48,
                                          "Total Cost": 2464.50,
                                          "Plan Rows": 1,
                                          "Plan Width": 29,
                                          "Actual Startup Time": 0.060,
                                          "Actual Total Time": 301.563,
                                          "Actual Rows": 23557,
                                          "Actual Loops": 1,
                                          "Output": ["cc.movie_id", "t.title", "t.kind_id", "t.id"],
                                          "Inner Unique": true,
                                          "Plans": [
                                            {
                                              "Node Type": "Nested Loop",
                                              "Parent Relationship": "Outer",
                                              "Parallel Aware": false,
                                              "Async Capable": false,
                                              "Join Type": "Inner",
                                              "Startup Cost": 19.05,
                                              "Total Cost": 2462.72,
                                              "Plan Rows": 1,
                                              "Plan Width": 4,
                                              "Actual Startup Time": 0.027,
                                              "Actual Total Time": 84.709,
                                              "Actual Rows": 85941,
                                              "Actual Loops": 1,
                                              "Output": ["cc.movie_id"],
                                              "Inner Unique": true,
                                              "Plans": [
                                                {
                                                  "Node Type": "Hash Join",
                                                  "Parent Relationship": "Outer",
                                                  "Parallel Aware": false,
                                                  "Async Capable": false,
                                                  "Join Type": "Inner",
                                                  "Startup Cost": 18.89,
                                                  "Total Cost": 2457.46,
                                                  "Plan Rows": 190,
                                                  "Plan Width": 8,
                                                  "Actual Startup Time": 0.017,
                                                  "Actual Total Time": 41.916,
                                                  "Actual Rows": 135086,
                                                  "Actual Loops": 1,
                                                  "Output": ["cc.movie_id", "cc.subject_id"],
                                                  "Inner Unique": true,
                                                  "Hash Cond": "(cc.status_id = cct2.id)",
                                                  "Plans": [
                                                    {
                                                      "Node Type": "Seq Scan",
                                                      "Parent Relationship": "Outer",
                                                      "Parallel Aware": false,
                                                      "Async Capable": false,
                                                      "Relation Name": "complete_cast",
                                                      "Schema": "public",
                                                      "Alias": "cc",
                                                      "Startup Cost": 0.00,
                                                      "Total Cost": 2081.86,
                                                      "Plan Rows": 135086,
                                                      "Plan Width": 12,
                                                      "Actual Startup Time": 0.006,
                                                      "Actual Total Time": 8.868,
                                                      "Actual Rows": 135086,
                                                      "Actual Loops": 1,
                                                      "Output": ["cc.id", "cc.movie_id", "cc.subject_id", "cc.status_id"]
                                                    },
                                                    {
                                                      "Node Type": "Hash",
                                                      "Parent Relationship": "Inner",
                                                      "Parallel Aware": false,
                                                      "Async Capable": false,
                                                      "Startup Cost": 18.88,
                                                      "Total Cost": 18.88,
                                                      "Plan Rows": 1,
                                                      "Plan Width": 4,
                                                      "Actual Startup Time": 0.007,
                                                      "Actual Total Time": 0.008,
                                                      "Actual Rows": 2,
                                                      "Actual Loops": 1,
                                                      "Output": ["cct2.id"],
                                                      "Hash Buckets": 1024,
                                                      "Original Hash Buckets": 1024,
                                                      "Hash Batches": 1,
                                                      "Original Hash Batches": 1,
                                                      "Peak Memory Usage": 9,
                                                      "Plans": [
                                                        {
                                                          "Node Type": "Seq Scan",
                                                          "Parent Relationship": "Outer",
                                                          "Parallel Aware": false,
                                                          "Async Capable": false,
                                                          "Relation Name": "comp_cast_type",
                                                          "Schema": "public",
                                                          "Alias": "cct2",
                                                          "Startup Cost": 0.00,
                                                          "Total Cost": 18.88,
                                                          "Plan Rows": 1,
                                                          "Plan Width": 4,
                                                          "Actual Startup Time": 0.004,
                                                          "Actual Total Time": 0.005,
                                                          "Actual Rows": 2,
                                                          "Actual Loops": 1,
                                                          "Output": ["cct2.id"],
                                                          "Filter": "((cct2.kind)::text ~~ '%complete%'::text)",
                                                          "Rows Removed by Filter": 2
                                                        }
                                                      ]
                                                    }
                                                  ]
                                                },
                                                {
                                                  "Node Type": "Memoize",
                                                  "Parent Relationship": "Inner",
                                                  "Parallel Aware": false,
                                                  "Async Capable": false,
                                                  "Startup Cost": 0.16,
                                                  "Total Cost": 0.18,
                                                  "Plan Rows": 1,
                                                  "Plan Width": 4,
                                                  "Actual Startup Time": 0.000,
                                                  "Actual Total Time": 0.000,
                                                  "Actual Rows": 1,
                                                  "Actual Loops": 135086,
                                                  "Output": ["cct1.id"],
                                                  "Cache Key": "cc.subject_id",
                                                  "Cache Mode": "logical",
                                                  "Cache Hits": 135084,
                                                  "Cache Misses": 2,
                                                  "Cache Evictions": 0,
                                                  "Cache Overflows": 0,
                                                  "Peak Memory Usage": 1,
                                                  "Plans": [
                                                    {
                                                      "Node Type": "Index Scan",
                                                      "Parent Relationship": "Outer",
                                                      "Parallel Aware": false,
                                                      "Async Capable": false,
                                                      "Scan Direction": "Forward",
                                                      "Index Name": "comp_cast_type_pkey",
                                                      "Relation Name": "comp_cast_type",
                                                      "Schema": "public",
                                                      "Alias": "cct1",
                                                      "Startup Cost": 0.15,
                                                      "Total Cost": 0.17,
                                                      "Plan Rows": 1,
                                                      "Plan Width": 4,
                                                      "Actual Startup Time": 0.005,
                                                      "Actual Total Time": 0.006,
                                                      "Actual Rows": 0,
                                                      "Actual Loops": 2,
                                                      "Output": ["cct1.id"],
                                                      "Index Cond": "(cct1.id = cc.subject_id)",
                                                      "Rows Removed by Index Recheck": 0,
                                                      "Filter": "((cct1.kind)::text = 'cast'::text)",
                                                      "Rows Removed by Filter": 0
                                                    }
                                                  ]
                                                }
                                              ]
                                            },
                                            {
                                              "Node Type": "Index Scan",
                                              "Parent Relationship": "Inner",
                                              "Parallel Aware": false,
                                              "Async Capable": false,
                                              "Scan Direction": "Forward",
                                              "Index Name": "title_pkey",
                                              "Relation Name": "title",
                                              "Schema": "public",
                                              "Alias": "t",
                                              "Startup Cost": 0.43,
                                              "Total Cost": 1.78,
                                              "Plan Rows": 1,
                                              "Plan Width": 25,
                                              "Actual Startup Time": 0.002,
                                              "Actual Total Time": 0.002,
                                              "Actual Rows": 0,
                                              "Actual Loops": 85941,
                                              "Output": ["t.id", "t.title", "t.imdb_index", "t.kind_id", "t.production_year", "t.imdb_id", "t.phonetic_code", "t.episode_of_id", "t.season_nr", "t.episode_nr", "t.series_years", "t.md5sum"],
                                              "Index Cond": "(t.id = cc.movie_id)",
                                              "Rows Removed by Index Recheck": 0,
                                              "Filter": "(t.production_year > 2000)",
                                              "Rows Removed by Filter": 1
                                            }
                                          ]
                                        },
                                        {
                                          "Node Type": "Index Scan",
                                          "Parent Relationship": "Inner",
                                          "Parallel Aware": false,
                                          "Async Capable": false,
                                          "Scan Direction": "Forward",
                                          "Index Name": "kind_type_pkey",
                                          "Relation Name": "kind_type",
                                          "Schema": "public",
                                          "Alias": "kt",
                                          "Startup Cost": 0.15,
                                          "Total Cost": 0.17,
                                          "Plan Rows": 1,
                                          "Plan Width": 4,
                                          "Actual Startup Time": 0.001,
                                          "Actual Total Time": 0.001,
                                          "Actual Rows": 0,
                                          "Actual Loops": 23557,
                                          "Output": ["kt.id", "kt.kind"],
                                          "Index Cond": "(kt.id = t.kind_id)",
                                          "Rows Removed by Index Recheck": 0,
                                          "Filter": "((kt.kind)::text = 'movie'::text)",
                                          "Rows Removed by Filter": 1
                                        }
                                      ]
                                    },
                                    {
                                      "Node Type": "Index Scan",
                                      "Parent Relationship": "Inner",
                                      "Parallel Aware": false,
                                      "Async Capable": false,
                                      "Scan Direction": "Forward",
                                      "Index Name": "movie_id_movie_keyword",
                                      "Relation Name": "movie_keyword",
                                      "Schema": "public",
                                      "Alias": "mk",
                                      "Startup Cost": 0.43,
                                      "Total Cost": 1.34,
                                      "Plan Rows": 47,
                                      "Plan Width": 8,
                                      "Actual Startup Time": 0.003,
                                      "Actual Total Time": 0.016,
                                      "Actual Rows": 63,
                                      "Actual Loops": 4696,
                                      "Output": ["mk.id", "mk.movie_id", "mk.keyword_id"],
                                      "Index Cond": "(mk.movie_id = t.id)",
                                      "Rows Removed by Index Recheck": 0
                                    }
                                  ]
                                },
                                {
                                  "Node Type": "Index Scan",
                                  "Parent Relationship": "Inner",
                                  "Parallel Aware": false,
                                  "Async Capable": false,
                                  "Scan Direction": "Forward",
                                  "Index Name": "keyword_pkey",
                                  "Relation Name": "keyword",
                                  "Schema": "public",
                                  "Alias": "k",
                                  "Startup Cost": 0.45,
                                  "Total Cost": 0.47,
                                  "Plan Rows": 1,
                                  "Plan Width": 4,
                                  "Actual Startup Time": 0.002,
                                  "Actual Total Time": 0.002,
                                  "Actual Rows": 0,
                                  "Actual Loops": 294672,
                                  "Output": ["k.id", "k.keyword", "k.phonetic_code"],
                                  "Index Cond": "(k.id = mk.keyword_id)",
                                  "Rows Removed by Index Recheck": 0,
                                  "Filter": "((k.keyword)::text = ANY ('{superhero,marvel-comics,based-on-comic,tv-special,fight,violence,magnet,web,claw,laser}'::text[]))",
                                  "Rows Removed by Filter": 1
                                }
                              ]
                            },
                            {
                              "Node Type": "Index Scan",
                              "Parent Relationship": "Inner",
                              "Parallel Aware": false,
                              "Async Capable": false,
                              "Scan Direction": "Forward",
                              "Index Name": "movie_id_movie_info_idx",
                              "Relation Name": "movie_info_idx",
                              "Schema": "public",
                              "Alias": "mi_idx",
                              "Startup Cost": 0.43,
                              "Total Cost": 0.49,
                              "Plan Rows": 3,
                              "Plan Width": 14,
                              "Actual Startup Time": 0.003,
                              "Actual Total Time": 0.004,
                              "Actual Rows": 3,
                              "Actual Loops": 1267,
                              "Output": ["mi_idx.id", "mi_idx.movie_id", "mi_idx.info_type_id", "mi_idx.info", "mi_idx.note"],
                              "Index Cond": "(mi_idx.movie_id = mk.movie_id)",
                              "Rows Removed by Index Recheck": 0
                            }
                          ]
                        },
                        {
                          "Node Type": "Index Scan",
                          "Parent Relationship": "Inner",
                          "Parallel Aware": false,
                          "Async Capable": false,
                          "Scan Direction": "Forward",
                          "Index Name": "info_type_pkey",
                          "Relation Name": "info_type",
                          "Schema": "public",
                          "Alias": "it2",
                          "Startup Cost": 0.14,
                          "Total Cost": 0.16,
                          "Plan Rows": 1,
                          "Plan Width": 4,
                          "Actual Startup Time": 0.001,
                          "Actual Total Time": 0.001,
                          "Actual Rows": 0,
                          "Actual Loops": 3831,
                          "Output": ["it2.id", "it2.info"],
                          "Index Cond": "(it2.id = mi_idx.info_type_id)",
                          "Rows Removed by Index Recheck": 0,
                          "Filter": "((it2.info)::text = 'rating'::text)",
                          "Rows Removed by Filter": 1
                        }
                      ]
                    },
                    {
                      "Node Type": "Index Scan",
                      "Parent Relationship": "Inner",
                      "Parallel Aware": false,
                      "Async Capable": false,
                      "Scan Direction": "Forward",
                      "Index Name": "movie_id_cast_info",
                      "Relation Name": "cast_info",
                      "Schema": "public",
                      "Alias": "ci",
                      "Startup Cost": 0.44,
                      "Total Cost": 1.36,
                      "Plan Rows": 38,
                      "Plan Width": 12,
                      "Actual Startup Time": 0.004,
                      "Actual Total Time": 0.133,
                      "Actual Rows": 150,
                      "Actual Loops": 1261,
                      "Output": ["ci.id", "ci.person_id", "ci.movie_id", "ci.person_role_id", "ci.note", "ci.nr_order", "ci.role_id"],
                      "Index Cond": "(ci.movie_id = mk.movie_id)",
                      "Rows Removed by Index Recheck": 0
                    }
                  ]
                },
                {
                  "Node Type": "Index Scan",
                  "Parent Relationship": "Inner",
                  "Parallel Aware": false,
                  "Async Capable": false,
                  "Scan Direction": "Forward",
                  "Index Name": "char_name_pkey",
                  "Relation Name": "char_name",
                  "Schema": "public",
                  "Alias": "chn",
                  "Startup Cost": 0.43,
                  "Total Cost": 0.46,
                  "Plan Rows": 1,
                  "Plan Width": 20,
                  "Actual Startup Time": 0.001,
                  "Actual Total Time": 0.001,
                  "Actual Rows": 0,
                  "Actual Loops": 189738,
                  "Output": ["chn.id", "chn.name", "chn.imdb_index", "chn.imdb_id", "chn.name_pcode_nf", "chn.surname_pcode", "chn.md5sum"],
                  "Index Cond": "(chn.id = ci.person_role_id)",
                  "Rows Removed by Index Recheck": 0,
                  "Filter": "((chn.name IS NOT NULL) AND (((chn.name)::text ~~ '%man%'::text) OR ((chn.name)::text ~~ '%Man%'::text)))",
                  "Rows Removed by Filter": 0
                }
              ]
            },
            {
              "Node Type": "Index Only Scan",
              "Parent Relationship": "Inner",
              "Parallel Aware": false,
              "Async Capable": false,
              "Scan Direction": "Forward",
              "Index Name": "name_pkey",
              "Relation Name": "name",
              "Schema": "public",
              "Alias": "n",
              "Startup Cost": 0.43,
              "Total Cost": 0.45,
              "Plan Rows": 1,
              "Plan Width": 4,
              "Actual Startup Time": 0.003,
              "Actual Total Time": 0.003,
              "Actual Rows": 1,
              "Actual Loops": 5400,
              "Output": ["n.id"],
              "Index Cond": "(n.id = ci.person_id)",
              "Rows Removed by Index Recheck": 0,
              "Heap Fetches": 0
            }
          ]
        }
      ]
    },
    "Planning Time": 69.240,
    "Triggers": [
    ],
    "Execution Time": 1468.496
  }
]
