[
  {
    "Plan": {
      "Node Type": "Aggregate",
      "Strategy": "Plain",
      "Partial Mode": "Simple",
      "Parallel Aware": false,
      "Async Capable": false,
      "Startup Cost": 2491.70,
      "Total Cost": 2491.71,
      "Plan Rows": 1,
      "Plan Width": 96,
      "Actual Startup Time": 8745.986,
      "Actual Total Time": 8745.992,
      "Actual Rows": 1,
      "Actual Loops": 1,
      "Output": ["min((cn.name)::text)", "min((mi_idx.info)::text)", "min((t.title)::text)"],
      "Plans": [
        {
          "Node Type": "Nested Loop",
          "Parent Relationship": "Outer",
          "Parallel Aware": false,
          "Async Capable": false,
          "Join Type": "Inner",
          "Startup Cost": 22.66,
          "Total Cost": 2491.70,
          "Plan Rows": 1,
          "Plan Width": 42,
          "Actual Startup Time": 11.230,
          "Actual Total Time": 8743.805,
          "Actual Rows": 8373,
          "Actual Loops": 1,
          "Output": ["cn.name", "mi_idx.info", "t.title"],
          "Inner Unique": true,
          "Plans": [
            {
              "Node Type": "Nested Loop",
              "Parent Relationship": "Outer",
              "Parallel Aware": false,
              "Async Capable": false,
              "Join Type": "Inner",
              "Startup Cost": 22.52,
              "Total Cost": 2491.51,
              "Plan Rows": 1,
              "Plan Width": 46,
              "Actual Startup Time": 0.774,
              "Actual Total Time": 8718.298,
              "Actual Rows": 24803,
              "Actual Loops": 1,
              "Output": ["cn.name", "t.title", "mi_idx.info", "mi_idx.info_type_id"],
              "Inner Unique": true,
              "Plans": [
                {
                  "Node Type": "Nested Loop",
                  "Parent Relationship": "Outer",
                  "Parallel Aware": false,
                  "Async Capable": false,
                  "Join Type": "Inner",
                  "Startup Cost": 22.38,
                  "Total Cost": 2491.33,
                  "Plan Rows": 1,
                  "Plan Width": 50,
                  "Actual Startup Time": 0.772,
                  "Actual Total Time": 8687.036,
                  "Actual Rows": 28220,
                  "Actual Loops": 1,
                  "Output": ["cn.name", "t.title", "mi_idx.info", "mi_idx.info_type_id", "mi.info_type_id"],
                  "Inner Unique": false,
                  "Join Filter": "(t.id = mi.movie_id)",
                  "Rows Removed by Join Filter": 0,
                  "Plans": [
                    {
                      "Node Type": "Nested Loop",
                      "Parent Relationship": "Outer",
                      "Parallel Aware": false,
                      "Async Capable": false,
                      "Join Type": "Inner",
                      "Startup Cost": 21.95,
                      "Total Cost": 2489.51,
                      "Plan Rows": 1,
                      "Plan Width": 66,
                      "Actual Startup Time": 0.701,
                      "Actual Total Time": 7048.058,
                      "Actual Rows": 24221,
                      "Actual Loops": 1,
                      "Output": ["cn.name", "cc.movie_id", "t.title", "t.id", "mi_idx.info", "mi_idx.movie_id", "mi_idx.info_type_id", "mc.movie_id", "mk.movie_id"],
                      "Inner Unique": true,
                      "Plans": [
                        {
                          "Node Type": "Nested Loop",
                          "Parent Relationship": "Outer",
                          "Parallel Aware": false,
                          "Async Capable": false,
                          "Join Type": "Inner",
                          "Startup Cost": 21.52,
                          "Total Cost": 2488.61,
                          "Plan Rows": 2,
                          "Plan Width": 70,
                          "Actual Startup Time": 0.500,
                          "Actual Total Time": 1517.637,
                          "Actual Rows": 3351604,
                          "Actual Loops": 1,
                          "Output": ["cn.name", "cc.movie_id", "t.title", "t.id", "mi_idx.info", "mi_idx.movie_id", "mi_idx.info_type_id", "mc.movie_id", "mk.movie_id", "mk.keyword_id"],
                          "Inner Unique": false,
                          "Plans": [
                            {
                              "Node Type": "Nested Loop",
                              "Parent Relationship": "Outer",
                              "Parallel Aware": false,
                              "Async Capable": false,
                              "Join Type": "Inner",
                              "Startup Cost": 21.09,
                              "Total Cost": 2486.77,
                              "Plan Rows": 1,
                              "Plan Width": 62,
                              "Actual Startup Time": 0.284,
                              "Actual Total Time": 501.764,
                              "Actual Rows": 38387,
                              "Actual Loops": 1,
                              "Output": ["cn.name", "cc.movie_id", "t.title", "t.id", "mi_idx.info", "mi_idx.movie_id", "mi_idx.info_type_id", "mc.movie_id"],
                              "Inner Unique": true,
                              "Plans": [
                                {
                                  "Node Type": "Nested Loop",
                                  "Parent Relationship": "Outer",
                                  "Parallel Aware": false,
                                  "Async Capable": false,
                                  "Join Type": "Inner",
                                  "Startup Cost": 20.94,
                                  "Total Cost": 2486.60,
                                  "Plan Rows": 1,
                                  "Plan Width": 66,
                                  "Actual Startup Time": 0.087,
                                  "Actual Total Time": 457.418,
                                  "Actual Rows": 40350,
                                  "Actual Loops": 1,
                                  "Output": ["cn.name", "cc.movie_id", "t.title", "t.kind_id", "t.id", "mi_idx.info", "mi_idx.movie_id", "mi_idx.info_type_id", "mc.movie_id"],
                                  "Inner Unique": true,
                                  "Plans": [
                                    {
                                      "Node Type": "Nested Loop",
                                      "Parent Relationship": "Outer",
                                      "Parallel Aware": false,
                                      "Async Capable": false,
                                      "Join Type": "Inner",
                                      "Startup Cost": 20.79,
                                      "Total Cost": 2486.43,
                                      "Plan Rows": 1,
                                      "Plan Width": 70,
                                      "Actual Startup Time": 0.081,
                                      "Actual Total Time": 415.009,
                                      "Actual Rows": 40350,
                                      "Actual Loops": 1,
                                      "Output": ["cn.name", "cc.movie_id", "t.title", "t.kind_id", "t.id", "mi_idx.info", "mi_idx.movie_id", "mi_idx.info_type_id", "mc.movie_id", "mc.company_type_id"],
                                      "Inner Unique": true,
                                      "Plans": [
                                        {
                                          "Node Type": "Nested Loop",
                                          "Parent Relationship": "Outer",
                                          "Parallel Aware": false,
                                          "Async Capable": false,
                                          "Join Type": "Inner",
                                          "Startup Cost": 20.37,
                                          "Total Cost": 2485.90,
                                          "Plan Rows": 1,
                                          "Plan Width": 55,
                                          "Actual Startup Time": 0.077,
                                          "Actual Total Time": 330.252,
                                          "Actual Rows": 42789,
                                          "Actual Loops": 1,
                                          "Output": ["cc.movie_id", "t.title", "t.kind_id", "t.id", "mi_idx.info", "mi_idx.movie_id", "mi_idx.info_type_id", "mc.movie_id", "mc.company_type_id", "mc.company_id"],
                                          "Inner Unique": false,
                                          "Join Filter": "(t.id = mc.movie_id)",
                                          "Rows Removed by Join Filter": 0,
                                          "Plans": [
                                            {
                                              "Node Type": "Nested Loop",
                                              "Parent Relationship": "Outer",
                                              "Parallel Aware": false,
                                              "Async Capable": false,
                                              "Join Type": "Inner",
                                              "Startup Cost": 19.94,
                                              "Total Cost": 2485.27,
                                              "Plan Rows": 1,
                                              "Plan Width": 43,
                                              "Actual Startup Time": 0.068,
                                              "Actual Total Time": 245.435,
                                              "Actual Rows": 19778,
                                              "Actual Loops": 1,
                                              "Output": ["cc.movie_id", "t.title", "t.kind_id", "t.id", "mi_idx.info", "mi_idx.movie_id", "mi_idx.info_type_id"],
                                              "Inner Unique": false,
                                              "Plans": [
                                                {
                                                  "Node Type": "Nested Loop",
                                                  "Parent Relationship": "Outer",
                                                  "Parallel Aware": false,
                                                  "Async Capable": false,
                                                  "Join Type": "Inner",
                                                  "Startup Cost": 19.52,
                                                  "Total Cost": 2484.15,
                                                  "Plan Rows": 2,
                                                  "Plan Width": 29,
                                                  "Actual Startup Time": 0.061,
                                                  "Actual Total Time": 212.716,
                                                  "Actual Rows": 14467,
                                                  "Actual Loops": 1,
                                                  "Output": ["cc.movie_id", "t.title", "t.kind_id", "t.id"],
                                                  "Inner Unique": true,
                                                  "Plans": [
                                                    {
                                                      "Node Type": "Nested Loop",
                                                      "Parent Relationship": "Outer",
                                                      "Parallel Aware": false,
                                                      "Async Capable": false,
                                                      "Join Type": "Inner",
                                                      "Startup Cost": 19.09,
                                                      "Total Cost": 2477.02,
                                                      "Plan Rows": 4,
                                                      "Plan Width": 4,
                                                      "Actual Startup Time": 0.025,
                                                      "Actual Total Time": 62.172,
                                                      "Actual Rows": 68062,
                                                      "Actual Loops": 1,
                                                      "Output": ["cc.movie_id"],
                                                      "Inner Unique": true,
                                                      "Plans": [
                                                        {
                                                          "Node Type": "Hash Join",
                                                          "Parent Relationship": "Outer",
                                                          "Parallel Aware": false,
                                                          "Async Capable": false,
                                                          "Join Type": "Inner",
                                                          "Startup Cost": 18.93,
                                                          "Total Cost": 2457.50,
                                                          "Plan Rows": 761,
                                                          "Plan Width": 8,
                                                          "Actual Startup Time": 0.016,
                                                          "Actual Total Time": 32.956,
                                                          "Actual Rows": 85941,
                                                          "Actual Loops": 1,
                                                          "Output": ["cc.movie_id", "cc.status_id"],
                                                          "Inner Unique": true,
                                                          "Hash Cond": "(cc.subject_id = cct1.id)",
                                                          "Plans": [
                                                            {
                                                              "Node Type": "Seq Scan",
                                                              "Parent Relationship": "Outer",
                                                              "Parallel Aware": false,
                                                              "Async Capable": false,
                                                              "Relation Name": "complete_cast",
                                                              "Schema": "public",
                                                              "Alias": "cc",
                                                              "Startup Cost": 0.00,
                                                              "Total Cost": 2081.86,
                                                              "Plan Rows": 135086,
                                                              "Plan Width": 12,
                                                              "Actual Startup Time": 0.005,
                                                              "Actual Total Time": 8.531,
                                                              "Actual Rows": 135086,
                                                              "Actual Loops": 1,
                                                              "Output": ["cc.id", "cc.movie_id", "cc.subject_id", "cc.status_id"]
                                                            },
                                                            {
                                                              "Node Type": "Hash",
                                                              "Parent Relationship": "Inner",
                                                              "Parallel Aware": false,
                                                              "Async Capable": false,
                                                              "Startup Cost": 18.88,
                                                              "Total Cost": 18.88,
                                                              "Plan Rows": 4,
                                                              "Plan Width": 4,
                                                              "Actual Startup Time": 0.006,
                                                              "Actual Total Time": 0.007,
                                                              "Actual Rows": 1,
                                                              "Actual Loops": 1,
                                                              "Output": ["cct1.id"],
                                                              "Hash Buckets": 1024,
                                                              "Original Hash Buckets": 1024,
                                                              "Hash Batches": 1,
                                                              "Original Hash Batches": 1,
                                                              "Peak Memory Usage": 9,
                                                              "Plans": [
                                                                {
                                                                  "Node Type": "Seq Scan",
                                                                  "Parent Relationship": "Outer",
                                                                  "Parallel Aware": false,
                                                                  "Async Capable": false,
                                                                  "Relation Name": "comp_cast_type",
                                                                  "Schema": "public",
                                                                  "Alias": "cct1",
                                                                  "Startup Cost": 0.00,
                                                                  "Total Cost": 18.88,
                                                                  "Plan Rows": 4,
                                                                  "Plan Width": 4,
                                                                  "Actual Startup Time": 0.004,
                                                                  "Actual Total Time": 0.005,
                                                                  "Actual Rows": 1,
                                                                  "Actual Loops": 1,
                                                                  "Output": ["cct1.id"],
                                                                  "Filter": "((cct1.kind)::text = 'cast'::text)",
                                                                  "Rows Removed by Filter": 3
                                                                }
                                                              ]
                                                            }
                                                          ]
                                                        },
                                                        {
                                                          "Node Type": "Memoize",
                                                          "Parent Relationship": "Inner",
                                                          "Parallel Aware": false,
                                                          "Async Capable": false,
                                                          "Startup Cost": 0.16,
                                                          "Total Cost": 0.18,
                                                          "Plan Rows": 1,
                                                          "Plan Width": 4,
                                                          "Actual Startup Time": 0.000,
                                                          "Actual Total Time": 0.000,
                                                          "Actual Rows": 1,
                                                          "Actual Loops": 85941,
                                                          "Output": ["cct2.id"],
                                                          "Cache Key": "cc.status_id",
                                                          "Cache Mode": "logical",
                                                          "Cache Hits": 85939,
                                                          "Cache Misses": 2,
                                                          "Cache Evictions": 0,
                                                          "Cache Overflows": 0,
                                                          "Peak Memory Usage": 1,
                                                          "Plans": [
                                                            {
                                                              "Node Type": "Index Scan",
                                                              "Parent Relationship": "Outer",
                                                              "Parallel Aware": false,
                                                              "Async Capable": false,
                                                              "Scan Direction": "Forward",
                                                              "Index Name": "comp_cast_type_pkey",
                                                              "Relation Name": "comp_cast_type",
                                                              "Schema": "public",
                                                              "Alias": "cct2",
                                                              "Startup Cost": 0.15,
                                                              "Total Cost": 0.17,
                                                              "Plan Rows": 1,
                                                              "Plan Width": 4,
                                                              "Actual Startup Time": 0.003,
                                                              "Actual Total Time": 0.003,
                                                              "Actual Rows": 0,
                                                              "Actual Loops": 2,
                                                              "Output": ["cct2.id"],
                                                              "Index Cond": "(cct2.id = cc.status_id)",
                                                              "Rows Removed by Index Recheck": 0,
                                                              "Filter": "((cct2.kind)::text = 'complete'::text)",
                                                              "Rows Removed by Filter": 0
                                                            }
                                                          ]
                                                        }
                                                      ]
                                                    },
                                                    {
                                                      "Node Type": "Index Scan",
                                                      "Parent Relationship": "Inner",
                                                      "Parallel Aware": false,
                                                      "Async Capable": false,
                                                      "Scan Direction": "Forward",
                                                      "Index Name": "title_pkey",
                                                      "Relation Name": "title",
                                                      "Schema": "public",
                                                      "Alias": "t",
                                                      "Startup Cost": 0.43,
                                                      "Total Cost": 1.78,
                                                      "Plan Rows": 1,
                                                      "Plan Width": 25,
                                                      "Actual Startup Time": 0.002,
                                                      "Actual Total Time": 0.002,
                                                      "Actual Rows": 0,
                                                      "Actual Loops": 68062,
                                                      "Output": ["t.id", "t.title", "t.imdb_index", "t.kind_id", "t.production_year", "t.imdb_id", "t.phonetic_code", "t.episode_of_id", "t.season_nr", "t.episode_nr", "t.series_years", "t.md5sum"],
                                                      "Index Cond": "(t.id = cc.movie_id)",
                                                      "Rows Removed by Index Recheck": 0,
                                                      "Filter": "(t.production_year > 2005)",
                                                      "Rows Removed by Filter": 1
                                                    }
                                                  ]
                                                },
                                                {
                                                  "Node Type": "Index Scan",
                                                  "Parent Relationship": "Inner",
                                                  "Parallel Aware": false,
                                                  "Async Capable": false,
                                                  "Scan Direction": "Forward",
                                                  "Index Name": "movie_id_movie_info_idx",
                                                  "Relation Name": "movie_info_idx",
                                                  "Schema": "public",
                                                  "Alias": "mi_idx",
                                                  "Startup Cost": 0.43,
                                                  "Total Cost": 0.53,
                                                  "Plan Rows": 3,
                                                  "Plan Width": 14,
                                                  "Actual Startup Time": 0.002,
                                                  "Actual Total Time": 0.002,
                                                  "Actual Rows": 1,
                                                  "Actual Loops": 14467,
                                                  "Output": ["mi_idx.id", "mi_idx.movie_id", "mi_idx.info_type_id", "mi_idx.info", "mi_idx.note"],
                                                  "Index Cond": "(mi_idx.movie_id = t.id)",
                                                  "Rows Removed by Index Recheck": 0,
                                                  "Filter": "((mi_idx.info)::text < '8.5'::text)",
                                                  "Rows Removed by Filter": 0
                                                }
                                              ]
                                            },
                                            {
                                              "Node Type": "Index Scan",
                                              "Parent Relationship": "Inner",
                                              "Parallel Aware": false,
                                              "Async Capable": false,
                                              "Scan Direction": "Forward",
                                              "Index Name": "movie_id_movie_companies",
                                              "Relation Name": "movie_companies",
                                              "Schema": "public",
                                              "Alias": "mc",
                                              "Startup Cost": 0.43,
                                              "Total Cost": 0.61,
                                              "Plan Rows": 1,
                                              "Plan Width": 12,
                                              "Actual Startup Time": 0.002,
                                              "Actual Total Time": 0.004,
                                              "Actual Rows": 2,
                                              "Actual Loops": 19778,
                                              "Output": ["mc.id", "mc.movie_id", "mc.company_id", "mc.company_type_id", "mc.note"],
                                              "Index Cond": "(mc.movie_id = mi_idx.movie_id)",
                                              "Rows Removed by Index Recheck": 0,
                                              "Filter": "(((mc.note)::text !~~ '%(USA)%'::text) AND ((mc.note)::text ~~ '%(200%)%'::text))",
                                              "Rows Removed by Filter": 4
                                            }
                                          ]
                                        },
                                        {
                                          "Node Type": "Index Scan",
                                          "Parent Relationship": "Inner",
                                          "Parallel Aware": false,
                                          "Async Capable": false,
                                          "Scan Direction": "Forward",
                                          "Index Name": "company_name_pkey",
                                          "Relation Name": "company_name",
                                          "Schema": "public",
                                          "Alias": "cn",
                                          "Startup Cost": 0.42,
                                          "Total Cost": 0.54,
                                          "Plan Rows": 1,
                                          "Plan Width": 23,
                                          "Actual Startup Time": 0.002,
                                          "Actual Total Time": 0.002,
                                          "Actual Rows": 1,
                                          "Actual Loops": 42789,
                                          "Output": ["cn.id", "cn.name", "cn.country_code", "cn.imdb_id", "cn.name_pcode_nf", "cn.name_pcode_sf", "cn.md5sum"],
                                          "Index Cond": "(cn.id = mc.company_id)",
                                          "Rows Removed by Index Recheck": 0,
                                          "Filter": "((cn.country_code)::text <> '[us]'::text)",
                                          "Rows Removed by Filter": 0
                                        }
                                      ]
                                    },
                                    {
                                      "Node Type": "Index Only Scan",
                                      "Parent Relationship": "Inner",
                                      "Parallel Aware": false,
                                      "Async Capable": false,
                                      "Scan Direction": "Forward",
                                      "Index Name": "company_type_pkey",
                                      "Relation Name": "company_type",
                                      "Schema": "public",
                                      "Alias": "ct",
                                      "Startup Cost": 0.15,
                                      "Total Cost": 0.17,
                                      "Plan Rows": 1,
                                      "Plan Width": 4,
                                      "Actual Startup Time": 0.001,
                                      "Actual Total Time": 0.001,
                                      "Actual Rows": 1,
                                      "Actual Loops": 40350,
                                      "Output": ["ct.id"],
                                      "Index Cond": "(ct.id = mc.company_type_id)",
                                      "Rows Removed by Index Recheck": 0,
                                      "Heap Fetches": 40350
                                    }
                                  ]
                                },
                                {
                                  "Node Type": "Index Scan",
                                  "Parent Relationship": "Inner",
                                  "Parallel Aware": false,
                                  "Async Capable": false,
                                  "Scan Direction": "Forward",
                                  "Index Name": "kind_type_pkey",
                                  "Relation Name": "kind_type",
                                  "Schema": "public",
                                  "Alias": "kt",
                                  "Startup Cost": 0.15,
                                  "Total Cost": 0.17,
                                  "Plan Rows": 1,
                                  "Plan Width": 4,
                                  "Actual Startup Time": 0.001,
                                  "Actual Total Time": 0.001,
                                  "Actual Rows": 1,
                                  "Actual Loops": 40350,
                                  "Output": ["kt.id", "kt.kind"],
                                  "Index Cond": "(kt.id = t.kind_id)",
                                  "Rows Removed by Index Recheck": 0,
                                  "Filter": "((kt.kind)::text = ANY ('{movie,episode}'::text[]))",
                                  "Rows Removed by Filter": 0
                                }
                              ]
                            },
                            {
                              "Node Type": "Index Scan",
                              "Parent Relationship": "Inner",
                              "Parallel Aware": false,
                              "Async Capable": false,
                              "Scan Direction": "Forward",
                              "Index Name": "movie_id_movie_keyword",
                              "Relation Name": "movie_keyword",
                              "Schema": "public",
                              "Alias": "mk",
                              "Startup Cost": 0.43,
                              "Total Cost": 1.37,
                              "Plan Rows": 47,
                              "Plan Width": 8,
                              "Actual Startup Time": 0.002,
                              "Actual Total Time": 0.013,
                              "Actual Rows": 87,
                              "Actual Loops": 38387,
                              "Output": ["mk.id", "mk.movie_id", "mk.keyword_id"],
                              "Index Cond": "(mk.movie_id = t.id)",
                              "Rows Removed by Index Recheck": 0
                            }
                          ]
                        },
                        {
                          "Node Type": "Index Scan",
                          "Parent Relationship": "Inner",
                          "Parallel Aware": false,
                          "Async Capable": false,
                          "Scan Direction": "Forward",
                          "Index Name": "keyword_pkey",
                          "Relation Name": "keyword",
                          "Schema": "public",
                          "Alias": "k",
                          "Startup Cost": 0.42,
                          "Total Cost": 0.44,
                          "Plan Rows": 1,
                          "Plan Width": 4,
                          "Actual Startup Time": 0.001,
                          "Actual Total Time": 0.001,
                          "Actual Rows": 0,
                          "Actual Loops": 3351604,
                          "Output": ["k.id", "k.keyword", "k.phonetic_code"],
                          "Index Cond": "(k.id = mk.keyword_id)",
                          "Rows Removed by Index Recheck": 0,
                          "Filter": "((k.keyword)::text = ANY ('{murder,murder-in-title,blood,violence}'::text[]))",
                          "Rows Removed by Filter": 1
                        }
                      ]
                    },
                    {
                      "Node Type": "Index Scan",
                      "Parent Relationship": "Inner",
                      "Parallel Aware": false,
                      "Async Capable": false,
                      "Scan Direction": "Forward",
                      "Index Name": "movie_id_movie_info",
                      "Relation Name": "movie_info",
                      "Schema": "public",
                      "Alias": "mi",
                      "Startup Cost": 0.43,
                      "Total Cost": 1.79,
                      "Plan Rows": 2,
                      "Plan Width": 8,
                      "Actual Startup Time": 0.056,
                      "Actual Total Time": 0.067,
                      "Actual Rows": 1,
                      "Actual Loops": 24221,
                      "Output": ["mi.id", "mi.movie_id", "mi.info_type_id", "mi.info", "mi.note"],
                      "Index Cond": "(mi.movie_id = mk.movie_id)",
                      "Rows Removed by Index Recheck": 0,
                      "Filter": "((mi.info)::text = ANY ('{Sweden,Norway,Germany,Denmark,Swedish,Danish,Norwegian,German,USA,American}'::text[]))",
                      "Rows Removed by Filter": 211
                    }
                  ]
                },
                {
                  "Node Type": "Index Scan",
                  "Parent Relationship": "Inner",
                  "Parallel Aware": false,
                  "Async Capable": false,
                  "Scan Direction": "Forward",
                  "Index Name": "info_type_pkey",
                  "Relation Name": "info_type",
                  "Schema": "public",
                  "Alias": "it1",
                  "Startup Cost": 0.14,
                  "Total Cost": 0.16,
                  "Plan Rows": 1,
                  "Plan Width": 4,
                  "Actual Startup Time": 0.001,
                  "Actual Total Time": 0.001,
                  "Actual Rows": 1,
                  "Actual Loops": 28220,
                  "Output": ["it1.id", "it1.info"],
                  "Index Cond": "(it1.id = mi.info_type_id)",
                  "Rows Removed by Index Recheck": 0,
                  "Filter": "((it1.info)::text = 'countries'::text)",
                  "Rows Removed by Filter": 0
                }
              ]
            },
            {
              "Node Type": "Index Scan",
              "Parent Relationship": "Inner",
              "Parallel Aware": false,
              "Async Capable": false,
              "Scan Direction": "Forward",
              "Index Name": "info_type_pkey",
              "Relation Name": "info_type",
              "Schema": "public",
              "Alias": "it2",
              "Startup Cost": 0.14,
              "Total Cost": 0.16,
              "Plan Rows": 1,
              "Plan Width": 4,
              "Actual Startup Time": 0.001,
              "Actual Total Time": 0.001,
              "Actual Rows": 0,
              "Actual Loops": 24803,
              "Output": ["it2.id", "it2.info"],
              "Index Cond": "(it2.id = mi_idx.info_type_id)",
              "Rows Removed by Index Recheck": 0,
              "Filter": "((it2.info)::text = 'rating'::text)",
              "Rows Removed by Filter": 1
            }
          ]
        }
      ]
    },
    "Planning Time": 86.723,
    "Triggers": [
    ],
    "Execution Time": 8746.102
  }
]
