[
  {
    "Plan": {
      "Node Type": "Aggregate",
      "Strategy": "Plain",
      "Partial Mode": "Simple",
      "Parallel Aware": false,
      "Async Capable": false,
      "Startup Cost": 2743.43,
      "Total Cost": 2743.44,
      "Plan Rows": 1,
      "Plan Width": 96,
      "Actual Startup Time": 832.132,
      "Actual Total Time": 832.142,
      "Actual Rows": 1,
      "Actual Loops": 1,
      "Output": ["min((chn.name)::text)", "min((n.name)::text)", "min((t.title)::text)"],
      "Plans": [
        {
          "Node Type": "Nested Loop",
          "Parent Relationship": "Outer",
          "Parallel Aware": false,
          "Async Capable": false,
          "Join Type": "Inner",
          "Startup Cost": 24.25,
          "Total Cost": 2743.43,
          "Plan Rows": 1,
          "Plan Width": 48,
          "Actual Startup Time": 525.950,
          "Actual Total Time": 831.748,
          "Actual Rows": 1620,
          "Actual Loops": 1,
          "Output": ["chn.name", "n.name", "t.title"],
          "Inner Unique": true,
          "Plans": [
            {
              "Node Type": "Nested Loop",
              "Parent Relationship": "Outer",
              "Parallel Aware": false,
              "Async Capable": false,
              "Join Type": "Inner",
              "Startup Cost": 23.83,
              "Total Cost": 2741.40,
              "Plan Rows": 1,
              "Plan Width": 52,
              "Actual Startup Time": 525.942,
              "Actual Total Time": 820.707,
              "Actual Rows": 7128,
              "Actual Loops": 1,
              "Output": ["chn.name", "n.name", "t.title", "mc.company_id"],
              "Inner Unique": false,
              "Join Filter": "(t.id = mc.movie_id)",
              "Rows Removed by Join Filter": 0,
              "Plans": [
                {
                  "Node Type": "Nested Loop",
                  "Parent Relationship": "Outer",
                  "Parallel Aware": false,
                  "Async Capable": false,
                  "Join Type": "Inner",
                  "Startup Cost": 23.40,
                  "Total Cost": 2736.63,
                  "Plan Rows": 1,
                  "Plan Width": 68,
                  "Actual Startup Time": 525.934,
                  "Actual Total Time": 818.027,
                  "Actual Rows": 324,
                  "Actual Loops": 1,
                  "Output": ["chn.name", "cc.movie_id", "ci.movie_id", "n.name", "mk.movie_id", "mi.movie_id", "t.title", "t.id"],
                  "Inner Unique": true,
                  "Join Filter": "(mi.movie_id = t.id)",
                  "Rows Removed by Join Filter": 0,
                  "Plans": [
                    {
                      "Node Type": "Nested Loop",
                      "Parent Relationship": "Outer",
                      "Parallel Aware": false,
                      "Async Capable": false,
                      "Join Type": "Inner",
                      "Startup Cost": 22.97,
                      "Total Cost": 2734.48,
                      "Plan Rows": 1,
                      "Plan Width": 47,
                      "Actual Startup Time": 525.918,
                      "Actual Total Time": 817.432,
                      "Actual Rows": 324,
                      "Actual Loops": 1,
                      "Output": ["chn.name", "cc.movie_id", "ci.movie_id", "n.name", "mk.movie_id", "mi.movie_id"],
                      "Inner Unique": true,
                      "Plans": [
                        {
                          "Node Type": "Nested Loop",
                          "Parent Relationship": "Outer",
                          "Parallel Aware": false,
                          "Async Capable": false,
                          "Join Type": "Inner",
                          "Startup Cost": 22.83,
                          "Total Cost": 2734.30,
                          "Plan Rows": 1,
                          "Plan Width": 51,
                          "Actual Startup Time": 525.915,
                          "Actual Total Time": 817.091,
                          "Actual Rows": 324,
                          "Actual Loops": 1,
                          "Output": ["chn.name", "cc.movie_id", "ci.movie_id", "n.name", "mk.movie_id", "mi.movie_id", "mi.info_type_id"],
                          "Inner Unique": true,
                          "Plans": [
                            {
                              "Node Type": "Nested Loop",
                              "Parent Relationship": "Outer",
                              "Parallel Aware": false,
                              "Async Capable": false,
                              "Join Type": "Inner",
                              "Startup Cost": 22.69,
                              "Total Cost": 2734.11,
                              "Plan Rows": 1,
                              "Plan Width": 55,
                              "Actual Startup Time": 525.906,
                              "Actual Total Time": 816.104,
                              "Actual Rows": 978,
                              "Actual Loops": 1,
                              "Output": ["chn.name", "cc.movie_id", "ci.movie_id", "n.name", "mk.movie_id", "mi.movie_id", "mi.info_type_id", "pi.info_type_id"],
                              "Inner Unique": false,
                              "Join Filter": "(n.id = pi.person_id)",
                              "Rows Removed by Join Filter": 0,
                              "Plans": [
                                {
                                  "Node Type": "Nested Loop",
                                  "Parent Relationship": "Outer",
                                  "Parallel Aware": false,
                                  "Async Capable": false,
                                  "Join Type": "Inner",
                                  "Startup Cost": 22.26,
                                  "Total Cost": 2713.99,
                                  "Plan Rows": 1,
                                  "Plan Width": 63,
                                  "Actual Startup Time": 525.896,
                                  "Actual Total Time": 815.745,
                                  "Actual Rows": 6,
                                  "Actual Loops": 1,
                                  "Output": ["chn.name", "an.person_id", "cc.movie_id", "ci.movie_id", "ci.person_id", "n.name", "n.id", "mk.movie_id", "mi.movie_id", "mi.info_type_id"],
                                  "Inner Unique": false,
                                  "Join Filter": "(ci.movie_id = mi.movie_id)",
                                  "Rows Removed by Join Filter": 0,
                                  "Plans": [
                                    {
                                      "Node Type": "Nested Loop",
                                      "Parent Relationship": "Outer",
                                      "Parallel Aware": false,
                                      "Async Capable": false,
                                      "Join Type": "Inner",
                                      "Startup Cost": 21.82,
                                      "Total Cost": 2676.94,
                                      "Plan Rows": 1,
                                      "Plan Width": 55,
                                      "Actual Startup Time": 40.886,
                                      "Actual Total Time": 815.085,
                                      "Actual Rows": 8,
                                      "Actual Loops": 1,
                                      "Output": ["chn.name", "an.person_id", "cc.movie_id", "ci.movie_id", "ci.person_id", "n.name", "n.id", "mk.movie_id"],
                                      "Inner Unique": true,
                                      "Plans": [
                                        {
                                          "Node Type": "Nested Loop",
                                          "Parent Relationship": "Outer",
                                          "Parallel Aware": false,
                                          "Async Capable": false,
                                          "Join Type": "Inner",
                                          "Startup Cost": 21.39,
                                          "Total Cost": 2666.74,
                                          "Plan Rows": 5,
                                          "Plan Width": 59,
                                          "Actual Startup Time": 40.772,
                                          "Actual Total Time": 814.244,
                                          "Actual Rows": 894,
                                          "Actual Loops": 1,
                                          "Output": ["chn.name", "an.person_id", "cc.movie_id", "ci.movie_id", "ci.person_id", "n.name", "n.id", "mk.movie_id", "mk.keyword_id"],
                                          "Inner Unique": false,
                                          "Plans": [
                                            {
                                              "Node Type": "Nested Loop",
                                              "Parent Relationship": "Outer",
                                              "Parallel Aware": false,
                                              "Async Capable": false,
                                              "Join Type": "Inner",
                                              "Startup Cost": 20.96,
                                              "Total Cost": 2663.30,
                                              "Plan Rows": 1,
                                              "Plan Width": 51,
                                              "Actual Startup Time": 40.763,
                                              "Actual Total Time": 813.959,
                                              "Actual Rows": 8,
                                              "Actual Loops": 1,
                                              "Output": ["chn.name", "an.person_id", "cc.movie_id", "ci.movie_id", "ci.person_id", "n.name", "n.id"],
                                              "Inner Unique": true,
                                              "Join Filter": "(ci.person_id = n.id)",
                                              "Rows Removed by Join Filter": 0,
                                              "Plans": [
                                                {
                                                  "Node Type": "Nested Loop",
                                                  "Parent Relationship": "Outer",
                                                  "Parallel Aware": false,
                                                  "Async Capable": false,
                                                  "Join Type": "Inner",
                                                  "Startup Cost": 20.53,
                                                  "Total Cost": 2660.95,
                                                  "Plan Rows": 1,
                                                  "Plan Width": 32,
                                                  "Actual Startup Time": 9.771,
                                                  "Actual Total Time": 813.894,
                                                  "Actual Rows": 17,
                                                  "Actual Loops": 1,
                                                  "Output": ["chn.name", "an.person_id", "cc.movie_id", "ci.movie_id", "ci.person_id"],
                                                  "Inner Unique": true,
                                                  "Plans": [
                                                    {
                                                      "Node Type": "Nested Loop",
                                                      "Parent Relationship": "Outer",
                                                      "Parallel Aware": false,
                                                      "Async Capable": false,
                                                      "Join Type": "Inner",
                                                      "Startup Cost": 20.10,
                                                      "Total Cost": 2656.87,
                                                      "Plan Rows": 1,
                                                      "Plan Width": 20,
                                                      "Actual Startup Time": 7.255,
                                                      "Actual Total Time": 808.313,
                                                      "Actual Rows": 2729,
                                                      "Actual Loops": 1,
                                                      "Output": ["an.person_id", "cc.movie_id", "ci.movie_id", "ci.person_id", "ci.person_role_id"],
                                                      "Inner Unique": true,
                                                      "Plans": [
                                                        {
                                                          "Node Type": "Nested Loop",
                                                          "Parent Relationship": "Outer",
                                                          "Parallel Aware": false,
                                                          "Async Capable": false,
                                                          "Join Type": "Inner",
                                                          "Startup Cost": 19.95,
                                                          "Total Cost": 2652.71,
                                                          "Plan Rows": 7,
                                                          "Plan Width": 24,
                                                          "Actual Startup Time": 0.104,
                                                          "Actual Total Time": 794.406,
                                                          "Actual Rows": 15410,
                                                          "Actual Loops": 1,
                                                          "Output": ["an.person_id", "cc.movie_id", "ci.movie_id", "ci.person_id", "ci.role_id", "ci.person_role_id"],
                                                          "Inner Unique": false,
                                                          "Plans": [
                                                            {
                                                              "Node Type": "Nested Loop",
                                                              "Parent Relationship": "Outer",
                                                              "Parallel Aware": false,
                                                              "Async Capable": false,
                                                              "Join Type": "Inner",
                                                              "Startup Cost": 19.53,
                                                              "Total Cost": 2648.86,
                                                              "Plan Rows": 3,
                                                              "Plan Width": 20,
                                                              "Actual Startup Time": 0.097,
                                                              "Actual Total Time": 775.609,
                                                              "Actual Rows": 7127,
                                                              "Actual Loops": 1,
                                                              "Output": ["cc.movie_id", "ci.movie_id", "ci.person_id", "ci.role_id", "ci.person_role_id"],
                                                              "Inner Unique": false,
                                                              "Plans": [
                                                                {
                                                                  "Node Type": "Nested Loop",
                                                                  "Parent Relationship": "Outer",
                                                                  "Parallel Aware": false,
                                                                  "Async Capable": false,
                                                                  "Join Type": "Inner",
                                                                  "Startup Cost": 19.09,
                                                                  "Total Cost": 2478.22,
                                                                  "Plan Rows": 4,
                                                                  "Plan Width": 4,
                                                                  "Actual Startup Time": 0.024,
                                                                  "Actual Total Time": 32.362,
                                                                  "Actual Rows": 17879,
                                                                  "Actual Loops": 1,
                                                                  "Output": ["cc.movie_id"],
                                                                  "Inner Unique": true,
                                                                  "Plans": [
                                                                    {
                                                                      "Node Type": "Hash Join",
                                                                      "Parent Relationship": "Outer",
                                                                      "Parallel Aware": false,
                                                                      "Async Capable": false,
                                                                      "Join Type": "Inner",
                                                                      "Startup Cost": 18.93,
                                                                      "Total Cost": 2457.50,
                                                                      "Plan Rows": 761,
                                                                      "Plan Width": 8,
                                                                      "Actual Startup Time": 0.017,
                                                                      "Actual Total Time": 23.720,
                                                                      "Actual Rows": 24592,
                                                                      "Actual Loops": 1,
                                                                      "Output": ["cc.movie_id", "cc.subject_id"],
                                                                      "Inner Unique": true,
                                                                      "Hash Cond": "(cc.status_id = cct2.id)",
                                                                      "Plans": [
                                                                        {
                                                                          "Node Type": "Seq Scan",
                                                                          "Parent Relationship": "Outer",
                                                                          "Parallel Aware": false,
                                                                          "Async Capable": false,
                                                                          "Relation Name": "complete_cast",
                                                                          "Schema": "public",
                                                                          "Alias": "cc",
                                                                          "Startup Cost": 0.00,
                                                                          "Total Cost": 2081.86,
                                                                          "Plan Rows": 135086,
                                                                          "Plan Width": 12,
                                                                          "Actual Startup Time": 0.007,
                                                                          "Actual Total Time": 8.062,
                                                                          "Actual Rows": 135086,
                                                                          "Actual Loops": 1,
                                                                          "Output": ["cc.id", "cc.movie_id", "cc.subject_id", "cc.status_id"]
                                                                        },
                                                                        {
                                                                          "Node Type": "Hash",
                                                                          "Parent Relationship": "Inner",
                                                                          "Parallel Aware": false,
                                                                          "Async Capable": false,
                                                                          "Startup Cost": 18.88,
                                                                          "Total Cost": 18.88,
                                                                          "Plan Rows": 4,
                                                                          "Plan Width": 4,
                                                                          "Actual Startup Time": 0.006,
                                                                          "Actual Total Time": 0.007,
                                                                          "Actual Rows": 1,
                                                                          "Actual Loops": 1,
                                                                          "Output": ["cct2.id"],
                                                                          "Hash Buckets": 1024,
                                                                          "Original Hash Buckets": 1024,
                                                                          "Hash Batches": 1,
                                                                          "Original Hash Batches": 1,
                                                                          "Peak Memory Usage": 9,
                                                                          "Plans": [
                                                                            {
                                                                              "Node Type": "Seq Scan",
                                                                              "Parent Relationship": "Outer",
                                                                              "Parallel Aware": false,
                                                                              "Async Capable": false,
                                                                              "Relation Name": "comp_cast_type",
                                                                              "Schema": "public",
                                                                              "Alias": "cct2",
                                                                              "Startup Cost": 0.00,
                                                                              "Total Cost": 18.88,
                                                                              "Plan Rows": 4,
                                                                              "Plan Width": 4,
                                                                              "Actual Startup Time": 0.004,
                                                                              "Actual Total Time": 0.005,
                                                                              "Actual Rows": 1,
                                                                              "Actual Loops": 1,
                                                                              "Output": ["cct2.id"],
                                                                              "Filter": "((cct2.kind)::text = 'complete+verified'::text)",
                                                                              "Rows Removed by Filter": 3
                                                                            }
                                                                          ]
                                                                        }
                                                                      ]
                                                                    },
                                                                    {
                                                                      "Node Type": "Memoize",
                                                                      "Parent Relationship": "Inner",
                                                                      "Parallel Aware": false,
                                                                      "Async Capable": false,
                                                                      "Startup Cost": 0.16,
                                                                      "Total Cost": 0.58,
                                                                      "Plan Rows": 1,
                                                                      "Plan Width": 4,
                                                                      "Actual Startup Time": 0.000,
                                                                      "Actual Total Time": 0.000,
                                                                      "Actual Rows": 1,
                                                                      "Actual Loops": 24592,
                                                                      "Output": ["cct1.id"],
                                                                      "Cache Key": "cc.subject_id",
                                                                      "Cache Mode": "logical",
                                                                      "Cache Hits": 24590,
                                                                      "Cache Misses": 2,
                                                                      "Cache Evictions": 0,
                                                                      "Cache Overflows": 0,
                                                                      "Peak Memory Usage": 1,
                                                                      "Plans": [
                                                                        {
                                                                          "Node Type": "Index Scan",
                                                                          "Parent Relationship": "Outer",
                                                                          "Parallel Aware": false,
                                                                          "Async Capable": false,
                                                                          "Scan Direction": "Forward",
                                                                          "Index Name": "comp_cast_type_pkey",
                                                                          "Relation Name": "comp_cast_type",
                                                                          "Schema": "public",
                                                                          "Alias": "cct1",
                                                                          "Startup Cost": 0.15,
                                                                          "Total Cost": 0.57,
                                                                          "Plan Rows": 1,
                                                                          "Plan Width": 4,
                                                                          "Actual Startup Time": 0.004,
                                                                          "Actual Total Time": 0.004,
                                                                          "Actual Rows": 0,
                                                                          "Actual Loops": 2,
                                                                          "Output": ["cct1.id"],
                                                                          "Index Cond": "(cct1.id = cc.subject_id)",
                                                                          "Rows Removed by Index Recheck": 0,
                                                                          "Filter": "((cct1.kind)::text = 'cast'::text)",
                                                                          "Rows Removed by Filter": 0
                                                                        }
                                                                      ]
                                                                    }
                                                                  ]
                                                                },
                                                                {
                                                                  "Node Type": "Index Scan",
                                                                  "Parent Relationship": "Inner",
                                                                  "Parallel Aware": false,
                                                                  "Async Capable": false,
                                                                  "Scan Direction": "Forward",
                                                                  "Index Name": "movie_id_cast_info",
                                                                  "Relation Name": "cast_info",
                                                                  "Schema": "public",
                                                                  "Alias": "ci",
                                                                  "Startup Cost": 0.44,
                                                                  "Total Cost": 42.65,
                                                                  "Plan Rows": 1,
                                                                  "Plan Width": 16,
                                                                  "Actual Startup Time": 0.036,
                                                                  "Actual Total Time": 0.041,
                                                                  "Actual Rows": 0,
                                                                  "Actual Loops": 17879,
                                                                  "Output": ["ci.id", "ci.person_id", "ci.movie_id", "ci.person_role_id", "ci.note", "ci.nr_order", "ci.role_id"],
                                                                  "Index Cond": "(ci.movie_id = cc.movie_id)",
                                                                  "Rows Removed by Index Recheck": 0,
                                                                  "Filter": "((ci.note)::text = ANY ('{(voice),\"(voice) (uncredited)\",\"(voice: English version)\"}'::text[]))",
                                                                  "Rows Removed by Filter": 55
                                                                }
                                                              ]
                                                            },
                                                            {
                                                              "Node Type": "Index Only Scan",
                                                              "Parent Relationship": "Inner",
                                                              "Parallel Aware": false,
                                                              "Async Capable": false,
                                                              "Scan Direction": "Forward",
                                                              "Index Name": "person_id_aka_name",
                                                              "Relation Name": "aka_name",
                                                              "Schema": "public",
                                                              "Alias": "an",
                                                              "Startup Cost": 0.42,
                                                              "Total Cost": 1.26,
                                                              "Plan Rows": 2,
                                                              "Plan Width": 4,
                                                              "Actual Startup Time": 0.002,
                                                              "Actual Total Time": 0.002,
                                                              "Actual Rows": 2,
                                                              "Actual Loops": 7127,
                                                              "Output": ["an.person_id"],
                                                              "Index Cond": "(an.person_id = ci.person_id)",
                                                              "Rows Removed by Index Recheck": 0,
                                                              "Heap Fetches": 0
                                                            }
                                                          ]
                                                        },
                                                        {
                                                          "Node Type": "Index Scan",
                                                          "Parent Relationship": "Inner",
                                                          "Parallel Aware": false,
                                                          "Async Capable": false,
                                                          "Scan Direction": "Forward",
                                                          "Index Name": "role_type_pkey",
                                                          "Relation Name": "role_type",
                                                          "Schema": "public",
                                                          "Alias": "rt",
                                                          "Startup Cost": 0.15,
                                                          "Total Cost": 0.57,
                                                          "Plan Rows": 1,
                                                          "Plan Width": 4,
                                                          "Actual Startup Time": 0.001,
                                                          "Actual Total Time": 0.001,
                                                          "Actual Rows": 0,
                                                          "Actual Loops": 15410,
                                                          "Output": ["rt.id", "rt.role"],
                                                          "Index Cond": "(rt.id = ci.role_id)",
                                                          "Rows Removed by Index Recheck": 0,
                                                          "Filter": "((rt.role)::text = 'actress'::text)",
                                                          "Rows Removed by Filter": 1
                                                        }
                                                      ]
                                                    },
                                                    {
                                                      "Node Type": "Index Scan",
                                                      "Parent Relationship": "Inner",
                                                      "Parallel Aware": false,
                                                      "Async Capable": false,
                                                      "Scan Direction": "Forward",
                                                      "Index Name": "char_name_pkey",
                                                      "Relation Name": "char_name",
                                                      "Schema": "public",
                                                      "Alias": "chn",
                                                      "Startup Cost": 0.43,
                                                      "Total Cost": 2.26,
                                                      "Plan Rows": 1,
                                                      "Plan Width": 20,
                                                      "Actual Startup Time": 0.002,
                                                      "Actual Total Time": 0.002,
                                                      "Actual Rows": 0,
                                                      "Actual Loops": 2729,
                                                      "Output": ["chn.id", "chn.name", "chn.imdb_index", "chn.imdb_id", "chn.name_pcode_nf", "chn.surname_pcode", "chn.md5sum"],
                                                      "Index Cond": "(chn.id = ci.person_role_id)",
                                                      "Rows Removed by Index Recheck": 0,
                                                      "Filter": "((chn.name)::text = 'Queen'::text)",
                                                      "Rows Removed by Filter": 1
                                                    }
                                                  ]
                                                },
                                                {
                                                  "Node Type": "Index Scan",
                                                  "Parent Relationship": "Inner",
                                                  "Parallel Aware": false,
                                                  "Async Capable": false,
                                                  "Scan Direction": "Forward",
                                                  "Index Name": "name_pkey",
                                                  "Relation Name": "name",
                                                  "Schema": "public",
                                                  "Alias": "n",
                                                  "Startup Cost": 0.43,
                                                  "Total Cost": 2.33,
                                                  "Plan Rows": 1,
                                                  "Plan Width": 19,
                                                  "Actual Startup Time": 0.003,
                                                  "Actual Total Time": 0.003,
                                                  "Actual Rows": 0,
                                                  "Actual Loops": 17,
                                                  "Output": ["n.id", "n.name", "n.imdb_index", "n.imdb_id", "n.gender", "n.name_pcode_cf", "n.name_pcode_nf", "n.surname_pcode", "n.md5sum"],
                                                  "Index Cond": "(n.id = an.person_id)",
                                                  "Rows Removed by Index Recheck": 0,
                                                  "Filter": "(((n.name)::text ~~ '%An%'::text) AND ((n.gender)::text = 'f'::text))",
                                                  "Rows Removed by Filter": 1
                                                }
                                              ]
                                            },
                                            {
                                              "Node Type": "Index Scan",
                                              "Parent Relationship": "Inner",
                                              "Parallel Aware": false,
                                              "Async Capable": false,
                                              "Scan Direction": "Forward",
                                              "Index Name": "movie_id_movie_keyword",
                                              "Relation Name": "movie_keyword",
                                              "Schema": "public",
                                              "Alias": "mk",
                                              "Startup Cost": 0.43,
                                              "Total Cost": 2.97,
                                              "Plan Rows": 47,
                                              "Plan Width": 8,
                                              "Actual Startup Time": 0.003,
                                              "Actual Total Time": 0.019,
                                              "Actual Rows": 112,
                                              "Actual Loops": 8,
                                              "Output": ["mk.id", "mk.movie_id", "mk.keyword_id"],
                                              "Index Cond": "(mk.movie_id = ci.movie_id)",
                                              "Rows Removed by Index Recheck": 0
                                            }
                                          ]
                                        },
                                        {
                                          "Node Type": "Memoize",
                                          "Parent Relationship": "Inner",
                                          "Parallel Aware": false,
                                          "Async Capable": false,
                                          "Startup Cost": 0.43,
                                          "Total Cost": 2.03,
                                          "Plan Rows": 1,
                                          "Plan Width": 4,
                                          "Actual Startup Time": 0.001,
                                          "Actual Total Time": 0.001,
                                          "Actual Rows": 0,
                                          "Actual Loops": 894,
                                          "Output": ["k.id"],
                                          "Cache Key": "mk.keyword_id",
                                          "Cache Mode": "logical",
                                          "Cache Hits": 682,
                                          "Cache Misses": 212,
                                          "Cache Evictions": 0,
                                          "Cache Overflows": 0,
                                          "Peak Memory Usage": 15,
                                          "Plans": [
                                            {
                                              "Node Type": "Index Scan",
                                              "Parent Relationship": "Outer",
                                              "Parallel Aware": false,
                                              "Async Capable": false,
                                              "Scan Direction": "Forward",
                                              "Index Name": "keyword_pkey",
                                              "Relation Name": "keyword",
                                              "Schema": "public",
                                              "Alias": "k",
                                              "Startup Cost": 0.42,
                                              "Total Cost": 2.02,
                                              "Plan Rows": 1,
                                              "Plan Width": 4,
                                              "Actual Startup Time": 0.002,
                                              "Actual Total Time": 0.002,
                                              "Actual Rows": 0,
                                              "Actual Loops": 212,
                                              "Output": ["k.id"],
                                              "Index Cond": "(k.id = mk.keyword_id)",
                                              "Rows Removed by Index Recheck": 0,
                                              "Filter": "((k.keyword)::text = 'computer-animation'::text)",
                                              "Rows Removed by Filter": 1
                                            }
                                          ]
                                        }
                                      ]
                                    },
                                    {
                                      "Node Type": "Index Scan",
                                      "Parent Relationship": "Inner",
                                      "Parallel Aware": false,
                                      "Async Capable": false,
                                      "Scan Direction": "Forward",
                                      "Index Name": "movie_id_movie_info",
                                      "Relation Name": "movie_info",
                                      "Schema": "public",
                                      "Alias": "mi",
                                      "Startup Cost": 0.43,
                                      "Total Cost": 37.04,
                                      "Plan Rows": 1,
                                      "Plan Width": 8,
                                      "Actual Startup Time": 0.046,
                                      "Actual Total Time": 0.082,
                                      "Actual Rows": 1,
                                      "Actual Loops": 8,
                                      "Output": ["mi.id", "mi.movie_id", "mi.info_type_id", "mi.info", "mi.note"],
                                      "Index Cond": "(mi.movie_id = mk.movie_id)",
                                      "Rows Removed by Index Recheck": 0,
                                      "Filter": "((mi.info IS NOT NULL) AND (((mi.info)::text ~~ 'Japan:%200%'::text) OR ((mi.info)::text ~~ 'USA:%200%'::text)))",
                                      "Rows Removed by Filter": 361
                                    }
                                  ]
                                },
                                {
                                  "Node Type": "Index Scan",
                                  "Parent Relationship": "Inner",
                                  "Parallel Aware": false,
                                  "Async Capable": false,
                                  "Scan Direction": "Forward",
                                  "Index Name": "person_id_person_info",
                                  "Relation Name": "person_info",
                                  "Schema": "public",
                                  "Alias": "pi",
                                  "Startup Cost": 0.43,
                                  "Total Cost": 19.80,
                                  "Plan Rows": 26,
                                  "Plan Width": 8,
                                  "Actual Startup Time": 0.003,
                                  "Actual Total Time": 0.028,
                                  "Actual Rows": 163,
                                  "Actual Loops": 6,
                                  "Output": ["pi.id", "pi.person_id", "pi.info_type_id", "pi.info", "pi.note"],
                                  "Index Cond": "(pi.person_id = an.person_id)",
                                  "Rows Removed by Index Recheck": 0
                                }
                              ]
                            },
                            {
                              "Node Type": "Index Scan",
                              "Parent Relationship": "Inner",
                              "Parallel Aware": false,
                              "Async Capable": false,
                              "Scan Direction": "Forward",
                              "Index Name": "info_type_pkey",
                              "Relation Name": "info_type",
                              "Schema": "public",
                              "Alias": "it3",
                              "Startup Cost": 0.14,
                              "Total Cost": 0.16,
                              "Plan Rows": 1,
                              "Plan Width": 4,
                              "Actual Startup Time": 0.001,
                              "Actual Total Time": 0.001,
                              "Actual Rows": 0,
                              "Actual Loops": 978,
                              "Output": ["it3.id", "it3.info"],
                              "Index Cond": "(it3.id = pi.info_type_id)",
                              "Rows Removed by Index Recheck": 0,
                              "Filter": "((it3.info)::text = 'trivia'::text)",
                              "Rows Removed by Filter": 1
                            }
                          ]
                        },
                        {
                          "Node Type": "Index Scan",
                          "Parent Relationship": "Inner",
                          "Parallel Aware": false,
                          "Async Capable": false,
                          "Scan Direction": "Forward",
                          "Index Name": "info_type_pkey",
                          "Relation Name": "info_type",
                          "Schema": "public",
                          "Alias": "it",
                          "Startup Cost": 0.14,
                          "Total Cost": 0.16,
                          "Plan Rows": 1,
                          "Plan Width": 4,
                          "Actual Startup Time": 0.001,
                          "Actual Total Time": 0.001,
                          "Actual Rows": 1,
                          "Actual Loops": 324,
                          "Output": ["it.id", "it.info"],
                          "Index Cond": "(it.id = mi.info_type_id)",
                          "Rows Removed by Index Recheck": 0,
                          "Filter": "((it.info)::text = 'release dates'::text)",
                          "Rows Removed by Filter": 0
                        }
                      ]
                    },
                    {
                      "Node Type": "Index Scan",
                      "Parent Relationship": "Inner",
                      "Parallel Aware": false,
                      "Async Capable": false,
                      "Scan Direction": "Forward",
                      "Index Name": "title_pkey",
                      "Relation Name": "title",
                      "Schema": "public",
                      "Alias": "t",
                      "Startup Cost": 0.43,
                      "Total Cost": 2.14,
                      "Plan Rows": 1,
                      "Plan Width": 21,
                      "Actual Startup Time": 0.001,
                      "Actual Total Time": 0.001,
                      "Actual Rows": 1,
                      "Actual Loops": 324,
                      "Output": ["t.id", "t.title", "t.imdb_index", "t.kind_id", "t.production_year", "t.imdb_id", "t.phonetic_code", "t.episode_of_id", "t.season_nr", "t.episode_nr", "t.series_years", "t.md5sum"],
                      "Index Cond": "(t.id = mk.movie_id)",
                      "Rows Removed by Index Recheck": 0,
                      "Filter": "((t.production_year >= 2000) AND (t.production_year <= 2010) AND ((t.title)::text = 'Shrek 2'::text))",
                      "Rows Removed by Filter": 0
                    }
                  ]
                },
                {
                  "Node Type": "Index Scan",
                  "Parent Relationship": "Inner",
                  "Parallel Aware": false,
                  "Async Capable": false,
                  "Scan Direction": "Forward",
                  "Index Name": "movie_id_movie_companies",
                  "Relation Name": "movie_companies",
                  "Schema": "public",
                  "Alias": "mc",
                  "Startup Cost": 0.43,
                  "Total Cost": 4.70,
                  "Plan Rows": 5,
                  "Plan Width": 8,
                  "Actual Startup Time": 0.001,
                  "Actual Total Time": 0.004,
                  "Actual Rows": 22,
                  "Actual Loops": 324,
                  "Output": ["mc.id", "mc.movie_id", "mc.company_id", "mc.company_type_id", "mc.note"],
                  "Index Cond": "(mc.movie_id = mk.movie_id)",
                  "Rows Removed by Index Recheck": 0
                }
              ]
            },
            {
              "Node Type": "Index Scan",
              "Parent Relationship": "Inner",
              "Parallel Aware": false,
              "Async Capable": false,
              "Scan Direction": "Forward",
              "Index Name": "company_name_pkey",
              "Relation Name": "company_name",
              "Schema": "public",
              "Alias": "cn",
              "Startup Cost": 0.42,
              "Total Cost": 2.03,
              "Plan Rows": 1,
              "Plan Width": 4,
              "Actual Startup Time": 0.001,
              "Actual Total Time": 0.001,
              "Actual Rows": 0,
              "Actual Loops": 7128,
              "Output": ["cn.id", "cn.name", "cn.country_code", "cn.imdb_id", "cn.name_pcode_nf", "cn.name_pcode_sf", "cn.md5sum"],
              "Index Cond": "(cn.id = mc.company_id)",
              "Rows Removed by Index Recheck": 0,
              "Filter": "((cn.country_code)::text = '[us]'::text)",
              "Rows Removed by Filter": 1
            }
          ]
        }
      ]
    },
    "Planning Time": 111.994,
    "Triggers": [
    ],
    "Execution Time": 832.295
  }
]
