[
  {
    "Plan": {
      "Node Type": "Aggregate",
      "Strategy": "Plain",
      "Partial Mode": "Simple",
      "Parallel Aware": false,
      "Async Capable": false,
      "Startup Cost": 2738.43,
      "Total Cost": 2738.44,
      "Plan Rows": 1,
      "Plan Width": 96,
      "Actual Startup Time": 622.566,
      "Actual Total Time": 622.577,
      "Actual Rows": 1,
      "Actual Loops": 1,
      "Output": ["min((chn.name)::text)", "min((n.name)::text)", "min((t.title)::text)"],
      "Plans": [
        {
          "Node Type": "Nested Loop",
          "Parent Relationship": "Outer",
          "Parallel Aware": false,
          "Async Capable": false,
          "Join Type": "Inner",
          "Startup Cost": 24.12,
          "Total Cost": 2738.43,
          "Plan Rows": 1,
          "Plan Width": 48,
          "Actual Startup Time": 386.391,
          "Actual Total Time": 622.562,
          "Actual Rows": 15,
          "Actual Loops": 1,
          "Output": ["chn.name", "n.name", "t.title"],
          "Inner Unique": true,
          "Plans": [
            {
              "Node Type": "Nested Loop",
              "Parent Relationship": "Outer",
              "Parallel Aware": false,
              "Async Capable": false,
              "Join Type": "Inner",
              "Startup Cost": 23.70,
              "Total Cost": 2736.40,
              "Plan Rows": 1,
              "Plan Width": 52,
              "Actual Startup Time": 386.383,
              "Actual Total Time": 622.405,
              "Actual Rows": 66,
              "Actual Loops": 1,
              "Output": ["chn.name", "mc.company_id", "t.title", "n.name"],
              "Inner Unique": true,
              "Plans": [
                {
                  "Node Type": "Nested Loop",
                  "Parent Relationship": "Outer",
                  "Parallel Aware": false,
                  "Async Capable": false,
                  "Join Type": "Inner",
                  "Startup Cost": 23.56,
                  "Total Cost": 2736.21,
                  "Plan Rows": 1,
                  "Plan Width": 56,
                  "Actual Startup Time": 386.237,
                  "Actual Total Time": 612.817,
                  "Actual Rows": 10758,
                  "Actual Loops": 1,
                  "Output": ["chn.name", "mc.company_id", "t.title", "n.name", "pi.info_type_id"],
                  "Inner Unique": false,
                  "Join Filter": "(n.id = pi.person_id)",
                  "Rows Removed by Join Filter": 0,
                  "Plans": [
                    {
                      "Node Type": "Nested Loop",
                      "Parent Relationship": "Outer",
                      "Parallel Aware": false,
                      "Async Capable": false,
                      "Join Type": "Inner",
                      "Startup Cost": 23.13,
                      "Total Cost": 2716.09,
                      "Plan Rows": 1,
                      "Plan Width": 64,
                      "Actual Startup Time": 386.229,
                      "Actual Total Time": 609.454,
                      "Actual Rows": 66,
                      "Actual Loops": 1,
                      "Output": ["chn.name", "an.person_id", "mc.company_id", "t.title", "ci.person_id", "n.name", "n.id"],
                      "Inner Unique": true,
                      "Join Filter": "(ci.person_id = n.id)",
                      "Rows Removed by Join Filter": 0,
                      "Plans": [
                        {
                          "Node Type": "Nested Loop",
                          "Parent Relationship": "Outer",
                          "Parallel Aware": false,
                          "Async Capable": false,
                          "Join Type": "Inner",
                          "Startup Cost": 22.70,
                          "Total Cost": 2713.75,
                          "Plan Rows": 1,
                          "Plan Width": 45,
                          "Actual Startup Time": 386.220,
                          "Actual Total Time": 609.318,
                          "Actual Rows": 66,
                          "Actual Loops": 1,
                          "Output": ["chn.name", "an.person_id", "mc.company_id", "t.title", "ci.person_id"],
                          "Inner Unique": true,
                          "Plans": [
                            {
                              "Node Type": "Nested Loop",
                              "Parent Relationship": "Outer",
                              "Parallel Aware": false,
                              "Async Capable": false,
                              "Join Type": "Inner",
                              "Startup Cost": 22.27,
                              "Total Cost": 2709.67,
                              "Plan Rows": 2,
                              "Plan Width": 49,
                              "Actual Startup Time": 386.138,
                              "Actual Total Time": 606.782,
                              "Actual Rows": 7128,
                              "Actual Loops": 1,
                              "Output": ["chn.name", "an.person_id", "mc.company_id", "t.title", "ci.person_id", "mk.keyword_id"],
                              "Inner Unique": false,
                              "Join Filter": "(t.id = mk.movie_id)",
                              "Rows Removed by Join Filter": 0,
                              "Plans": [
                                {
                                  "Node Type": "Nested Loop",
                                  "Parent Relationship": "Outer",
                                  "Parallel Aware": false,
                                  "Async Capable": false,
                                  "Join Type": "Inner",
                                  "Startup Cost": 21.84,
                                  "Total Cost": 2706.17,
                                  "Plan Rows": 1,
                                  "Plan Width": 65,
                                  "Actual Startup Time": 386.129,
                                  "Actual Total Time": 604.532,
                                  "Actual Rows": 66,
                                  "Actual Loops": 1,
                                  "Output": ["chn.name", "an.person_id", "cc.movie_id", "mi.movie_id", "mc.movie_id", "mc.company_id", "t.title", "t.id", "ci.movie_id", "ci.person_id"],
                                  "Inner Unique": true,
                                  "Plans": [
                                    {
                                      "Node Type": "Nested Loop",
                                      "Parent Relationship": "Outer",
                                      "Parallel Aware": false,
                                      "Async Capable": false,
                                      "Join Type": "Inner",
                                      "Startup Cost": 21.69,
                                      "Total Cost": 2705.43,
                                      "Plan Rows": 1,
                                      "Plan Width": 69,
                                      "Actual Startup Time": 386.121,
                                      "Actual Total Time": 604.443,
                                      "Actual Rows": 66,
                                      "Actual Loops": 1,
                                      "Output": ["chn.name", "an.person_id", "cc.movie_id", "mi.movie_id", "mc.movie_id", "mc.company_id", "t.title", "t.id", "ci.movie_id", "ci.person_id", "ci.role_id"],
                                      "Inner Unique": true,
                                      "Plans": [
                                        {
                                          "Node Type": "Nested Loop",
                                          "Parent Relationship": "Outer",
                                          "Parallel Aware": false,
                                          "Async Capable": false,
                                          "Join Type": "Inner",
                                          "Startup Cost": 21.25,
                                          "Total Cost": 2700.87,
                                          "Plan Rows": 2,
                                          "Plan Width": 57,
                                          "Actual Startup Time": 385.920,
                                          "Actual Total Time": 603.890,
                                          "Actual Rows": 1452,
                                          "Actual Loops": 1,
                                          "Output": ["an.person_id", "cc.movie_id", "mi.movie_id", "mc.movie_id", "mc.company_id", "t.title", "t.id", "ci.movie_id", "ci.person_id", "ci.role_id", "ci.person_role_id"],
                                          "Inner Unique": false,
                                          "Plans": [
                                            {
                                              "Node Type": "Nested Loop",
                                              "Parent Relationship": "Outer",
                                              "Parallel Aware": false,
                                              "Async Capable": false,
                                              "Join Type": "Inner",
                                              "Startup Cost": 20.82,
                                              "Total Cost": 2699.59,
                                              "Plan Rows": 1,
                                              "Plan Width": 53,
                                              "Actual Startup Time": 385.902,
                                              "Actual Total Time": 602.429,
                                              "Actual Rows": 836,
                                              "Actual Loops": 1,
                                              "Output": ["cc.movie_id", "mi.movie_id", "mc.movie_id", "mc.company_id", "t.title", "t.id", "ci.movie_id", "ci.person_id", "ci.role_id", "ci.person_role_id"],
                                              "Inner Unique": false,
                                              "Join Filter": "(t.id = ci.movie_id)",
                                              "Rows Removed by Join Filter": 0,
                                              "Plans": [
                                                {
                                                  "Node Type": "Nested Loop",
                                                  "Parent Relationship": "Outer",
                                                  "Parallel Aware": false,
                                                  "Async Capable": false,
                                                  "Join Type": "Inner",
                                                  "Startup Cost": 20.38,
                                                  "Total Cost": 2660.71,
                                                  "Plan Rows": 1,
                                                  "Plan Width": 37,
                                                  "Actual Startup Time": 385.889,
                                                  "Actual Total Time": 600.156,
                                                  "Actual Rows": 22,
                                                  "Actual Loops": 1,
                                                  "Output": ["cc.movie_id", "mi.movie_id", "mc.movie_id", "mc.company_id", "t.title", "t.id"],
                                                  "Inner Unique": true,
                                                  "Join Filter": "(mi.movie_id = t.id)",
                                                  "Rows Removed by Join Filter": 0,
                                                  "Plans": [
                                                    {
                                                      "Node Type": "Nested Loop",
                                                      "Parent Relationship": "Outer",
                                                      "Parallel Aware": false,
                                                      "Async Capable": false,
                                                      "Join Type": "Inner",
                                                      "Startup Cost": 19.95,
                                                      "Total Cost": 2658.54,
                                                      "Plan Rows": 1,
                                                      "Plan Width": 16,
                                                      "Actual Startup Time": 0.093,
                                                      "Actual Total Time": 493.033,
                                                      "Actual Rows": 70369,
                                                      "Actual Loops": 1,
                                                      "Output": ["cc.movie_id", "mi.movie_id", "mc.movie_id", "mc.company_id"],
                                                      "Inner Unique": false,
                                                      "Join Filter": "(mi.info_type_id = it.id)",
                                                      "Rows Removed by Join Filter": 0,
                                                      "Plans": [
                                                        {
                                                          "Node Type": "Seq Scan",
                                                          "Parent Relationship": "Outer",
                                                          "Parallel Aware": false,
                                                          "Async Capable": false,
                                                          "Relation Name": "info_type",
                                                          "Schema": "public",
                                                          "Alias": "it",
                                                          "Startup Cost": 0.00,
                                                          "Total Cost": 2.41,
                                                          "Plan Rows": 1,
                                                          "Plan Width": 4,
                                                          "Actual Startup Time": 0.011,
                                                          "Actual Total Time": 0.020,
                                                          "Actual Rows": 1,
                                                          "Actual Loops": 1,
                                                          "Output": ["it.id", "it.info"],
                                                          "Filter": "((it.info)::text = 'release dates'::text)",
                                                          "Rows Removed by Filter": 112
                                                        },
                                                        {
                                                          "Node Type": "Nested Loop",
                                                          "Parent Relationship": "Inner",
                                                          "Parallel Aware": false,
                                                          "Async Capable": false,
                                                          "Join Type": "Inner",
                                                          "Startup Cost": 19.95,
                                                          "Total Cost": 2655.86,
                                                          "Plan Rows": 21,
                                                          "Plan Width": 20,
                                                          "Actual Startup Time": 0.081,
                                                          "Actual Total Time": 483.559,
                                                          "Actual Rows": 70369,
                                                          "Actual Loops": 1,
                                                          "Output": ["cc.movie_id", "mi.movie_id", "mi.info_type_id", "mc.movie_id", "mc.company_id"],
                                                          "Inner Unique": false,
                                                          "Plans": [
                                                            {
                                                              "Node Type": "Nested Loop",
                                                              "Parent Relationship": "Outer",
                                                              "Parallel Aware": false,
                                                              "Async Capable": false,
                                                              "Join Type": "Inner",
                                                              "Startup Cost": 19.52,
                                                              "Total Cost": 2636.37,
                                                              "Plan Rows": 4,
                                                              "Plan Width": 12,
                                                              "Actual Startup Time": 0.076,
                                                              "Actual Total Time": 452.729,
                                                              "Actual Rows": 3245,
                                                              "Actual Loops": 1,
                                                              "Output": ["cc.movie_id", "mi.movie_id", "mi.info_type_id"],
                                                              "Inner Unique": false,
                                                              "Plans": [
                                                                {
                                                                  "Node Type": "Nested Loop",
                                                                  "Parent Relationship": "Outer",
                                                                  "Parallel Aware": false,
                                                                  "Async Capable": false,
                                                                  "Join Type": "Inner",
                                                                  "Startup Cost": 19.09,
                                                                  "Total Cost": 2478.22,
                                                                  "Plan Rows": 4,
                                                                  "Plan Width": 4,
                                                                  "Actual Startup Time": 0.024,
                                                                  "Actual Total Time": 56.753,
                                                                  "Actual Rows": 17879,
                                                                  "Actual Loops": 1,
                                                                  "Output": ["cc.movie_id"],
                                                                  "Inner Unique": true,
                                                                  "Plans": [
                                                                    {
                                                                      "Node Type": "Hash Join",
                                                                      "Parent Relationship": "Outer",
                                                                      "Parallel Aware": false,
                                                                      "Async Capable": false,
                                                                      "Join Type": "Inner",
                                                                      "Startup Cost": 18.93,
                                                                      "Total Cost": 2457.50,
                                                                      "Plan Rows": 761,
                                                                      "Plan Width": 8,
                                                                      "Actual Startup Time": 0.015,
                                                                      "Actual Total Time": 30.925,
                                                                      "Actual Rows": 85941,
                                                                      "Actual Loops": 1,
                                                                      "Output": ["cc.movie_id", "cc.status_id"],
                                                                      "Inner Unique": true,
                                                                      "Hash Cond": "(cc.subject_id = cct1.id)",
                                                                      "Plans": [
                                                                        {
                                                                          "Node Type": "Seq Scan",
                                                                          "Parent Relationship": "Outer",
                                                                          "Parallel Aware": false,
                                                                          "Async Capable": false,
                                                                          "Relation Name": "complete_cast",
                                                                          "Schema": "public",
                                                                          "Alias": "cc",
                                                                          "Startup Cost": 0.00,
                                                                          "Total Cost": 2081.86,
                                                                          "Plan Rows": 135086,
                                                                          "Plan Width": 12,
                                                                          "Actual Startup Time": 0.003,
                                                                          "Actual Total Time": 8.147,
                                                                          "Actual Rows": 135086,
                                                                          "Actual Loops": 1,
                                                                          "Output": ["cc.id", "cc.movie_id", "cc.subject_id", "cc.status_id"]
                                                                        },
                                                                        {
                                                                          "Node Type": "Hash",
                                                                          "Parent Relationship": "Inner",
                                                                          "Parallel Aware": false,
                                                                          "Async Capable": false,
                                                                          "Startup Cost": 18.88,
                                                                          "Total Cost": 18.88,
                                                                          "Plan Rows": 4,
                                                                          "Plan Width": 4,
                                                                          "Actual Startup Time": 0.005,
                                                                          "Actual Total Time": 0.006,
                                                                          "Actual Rows": 1,
                                                                          "Actual Loops": 1,
                                                                          "Output": ["cct1.id"],
                                                                          "Hash Buckets": 1024,
                                                                          "Original Hash Buckets": 1024,
                                                                          "Hash Batches": 1,
                                                                          "Original Hash Batches": 1,
                                                                          "Peak Memory Usage": 9,
                                                                          "Plans": [
                                                                            {
                                                                              "Node Type": "Seq Scan",
                                                                              "Parent Relationship": "Outer",
                                                                              "Parallel Aware": false,
                                                                              "Async Capable": false,
                                                                              "Relation Name": "comp_cast_type",
                                                                              "Schema": "public",
                                                                              "Alias": "cct1",
                                                                              "Startup Cost": 0.00,
                                                                              "Total Cost": 18.88,
                                                                              "Plan Rows": 4,
                                                                              "Plan Width": 4,
                                                                              "Actual Startup Time": 0.002,
                                                                              "Actual Total Time": 0.003,
                                                                              "Actual Rows": 1,
                                                                              "Actual Loops": 1,
                                                                              "Output": ["cct1.id"],
                                                                              "Filter": "((cct1.kind)::text = 'cast'::text)",
                                                                              "Rows Removed by Filter": 3
                                                                            }
                                                                          ]
                                                                        }
                                                                      ]
                                                                    },
                                                                    {
                                                                      "Node Type": "Memoize",
                                                                      "Parent Relationship": "Inner",
                                                                      "Parallel Aware": false,
                                                                      "Async Capable": false,
                                                                      "Startup Cost": 0.16,
                                                                      "Total Cost": 0.58,
                                                                      "Plan Rows": 1,
                                                                      "Plan Width": 4,
                                                                      "Actual Startup Time": 0.000,
                                                                      "Actual Total Time": 0.000,
                                                                      "Actual Rows": 0,
                                                                      "Actual Loops": 85941,
                                                                      "Output": ["cct2.id"],
                                                                      "Cache Key": "cc.status_id",
                                                                      "Cache Mode": "logical",
                                                                      "Cache Hits": 85939,
                                                                      "Cache Misses": 2,
                                                                      "Cache Evictions": 0,
                                                                      "Cache Overflows": 0,
                                                                      "Peak Memory Usage": 1,
                                                                      "Plans": [
                                                                        {
                                                                          "Node Type": "Index Scan",
                                                                          "Parent Relationship": "Outer",
                                                                          "Parallel Aware": false,
                                                                          "Async Capable": false,
                                                                          "Scan Direction": "Forward",
                                                                          "Index Name": "comp_cast_type_pkey",
                                                                          "Relation Name": "comp_cast_type",
                                                                          "Schema": "public",
                                                                          "Alias": "cct2",
                                                                          "Startup Cost": 0.15,
                                                                          "Total Cost": 0.57,
                                                                          "Plan Rows": 1,
                                                                          "Plan Width": 4,
                                                                          "Actual Startup Time": 0.004,
                                                                          "Actual Total Time": 0.004,
                                                                          "Actual Rows": 0,
                                                                          "Actual Loops": 2,
                                                                          "Output": ["cct2.id"],
                                                                          "Index Cond": "(cct2.id = cc.status_id)",
                                                                          "Rows Removed by Index Recheck": 0,
                                                                          "Filter": "((cct2.kind)::text = 'complete+verified'::text)",
                                                                          "Rows Removed by Filter": 0
                                                                        }
                                                                      ]
                                                                    }
                                                                  ]
                                                                },
                                                                {
                                                                  "Node Type": "Index Scan",
                                                                  "Parent Relationship": "Inner",
                                                                  "Parallel Aware": false,
                                                                  "Async Capable": false,
                                                                  "Scan Direction": "Forward",
                                                                  "Index Name": "movie_id_movie_info",
                                                                  "Relation Name": "movie_info",
                                                                  "Schema": "public",
                                                                  "Alias": "mi",
                                                                  "Startup Cost": 0.43,
                                                                  "Total Cost": 39.53,
                                                                  "Plan Rows": 1,
                                                                  "Plan Width": 8,
                                                                  "Actual Startup Time": 0.019,
                                                                  "Actual Total Time": 0.022,
                                                                  "Actual Rows": 0,
                                                                  "Actual Loops": 17879,
                                                                  "Output": ["mi.id", "mi.movie_id", "mi.info_type_id", "mi.info", "mi.note"],
                                                                  "Index Cond": "(mi.movie_id = cc.movie_id)",
                                                                  "Rows Removed by Index Recheck": 0,
                                                                  "Filter": "((mi.info)::text ~~ 'USA:%200%'::text)",
                                                                  "Rows Removed by Filter": 68
                                                                }
                                                              ]
                                                            },
                                                            {
                                                              "Node Type": "Index Scan",
                                                              "Parent Relationship": "Inner",
                                                              "Parallel Aware": false,
                                                              "Async Capable": false,
                                                              "Scan Direction": "Forward",
                                                              "Index Name": "movie_id_movie_companies",
                                                              "Relation Name": "movie_companies",
                                                              "Schema": "public",
                                                              "Alias": "mc",
                                                              "Startup Cost": 0.43,
                                                              "Total Cost": 4.82,
                                                              "Plan Rows": 5,
                                                              "Plan Width": 8,
                                                              "Actual Startup Time": 0.003,
                                                              "Actual Total Time": 0.007,
                                                              "Actual Rows": 22,
                                                              "Actual Loops": 3245,
                                                              "Output": ["mc.id", "mc.movie_id", "mc.company_id", "mc.company_type_id", "mc.note"],
                                                              "Index Cond": "(mc.movie_id = mi.movie_id)",
                                                              "Rows Removed by Index Recheck": 0
                                                            }
                                                          ]
                                                        }
                                                      ]
                                                    },
                                                    {
                                                      "Node Type": "Index Scan",
                                                      "Parent Relationship": "Inner",
                                                      "Parallel Aware": false,
                                                      "Async Capable": false,
                                                      "Scan Direction": "Forward",
                                                      "Index Name": "title_pkey",
                                                      "Relation Name": "title",
                                                      "Schema": "public",
                                                      "Alias": "t",
                                                      "Startup Cost": 0.43,
                                                      "Total Cost": 2.16,
                                                      "Plan Rows": 1,
                                                      "Plan Width": 21,
                                                      "Actual Startup Time": 0.001,
                                                      "Actual Total Time": 0.001,
                                                      "Actual Rows": 0,
                                                      "Actual Loops": 70369,
                                                      "Output": ["t.id", "t.title", "t.imdb_index", "t.kind_id", "t.production_year", "t.imdb_id", "t.phonetic_code", "t.episode_of_id", "t.season_nr", "t.episode_nr", "t.series_years", "t.md5sum"],
                                                      "Index Cond": "(t.id = mc.movie_id)",
                                                      "Rows Removed by Index Recheck": 0,
                                                      "Filter": "((t.production_year >= 2000) AND (t.production_year <= 2005) AND ((t.title)::text = 'Shrek 2'::text))",
                                                      "Rows Removed by Filter": 1
                                                    }
                                                  ]
                                                },
                                                {
                                                  "Node Type": "Index Scan",
                                                  "Parent Relationship": "Inner",
                                                  "Parallel Aware": false,
                                                  "Async Capable": false,
                                                  "Scan Direction": "Forward",
                                                  "Index Name": "movie_id_cast_info",
                                                  "Relation Name": "cast_info",
                                                  "Schema": "public",
                                                  "Alias": "ci",
                                                  "Startup Cost": 0.44,
                                                  "Total Cost": 38.87,
                                                  "Plan Rows": 1,
                                                  "Plan Width": 16,
                                                  "Actual Startup Time": 0.002,
                                                  "Actual Total Time": 0.096,
                                                  "Actual Rows": 38,
                                                  "Actual Loops": 22,
                                                  "Output": ["ci.id", "ci.person_id", "ci.movie_id", "ci.person_role_id", "ci.note", "ci.nr_order", "ci.role_id"],
                                                  "Index Cond": "(ci.movie_id = mc.movie_id)",
                                                  "Rows Removed by Index Recheck": 0,
                                                  "Filter": "((ci.note)::text = ANY ('{(voice),\"(voice) (uncredited)\",\"(voice: English version)\"}'::text[]))",
                                                  "Rows Removed by Filter": 191
                                                }
                                              ]
                                            },
                                            {
                                              "Node Type": "Index Only Scan",
                                              "Parent Relationship": "Inner",
                                              "Parallel Aware": false,
                                              "Async Capable": false,
                                              "Scan Direction": "Forward",
                                              "Index Name": "person_id_aka_name",
                                              "Relation Name": "aka_name",
                                              "Schema": "public",
                                              "Alias": "an",
                                              "Startup Cost": 0.42,
                                              "Total Cost": 1.26,
                                              "Plan Rows": 2,
                                              "Plan Width": 4,
                                              "Actual Startup Time": 0.001,
                                              "Actual Total Time": 0.001,
                                              "Actual Rows": 2,
                                              "Actual Loops": 836,
                                              "Output": ["an.person_id"],
                                              "Index Cond": "(an.person_id = ci.person_id)",
                                              "Rows Removed by Index Recheck": 0,
                                              "Heap Fetches": 0
                                            }
                                          ]
                                        },
                                        {
                                          "Node Type": "Memoize",
                                          "Parent Relationship": "Inner",
                                          "Parallel Aware": false,
                                          "Async Capable": false,
                                          "Startup Cost": 0.44,
                                          "Total Cost": 2.27,
                                          "Plan Rows": 1,
                                          "Plan Width": 20,
                                          "Actual Startup Time": 0.000,
                                          "Actual Total Time": 0.000,
                                          "Actual Rows": 0,
                                          "Actual Loops": 1452,
                                          "Output": ["chn.name", "chn.id"],
                                          "Cache Key": "ci.person_role_id",
                                          "Cache Mode": "logical",
                                          "Cache Hits": 1427,
                                          "Cache Misses": 25,
                                          "Cache Evictions": 0,
                                          "Cache Overflows": 0,
                                          "Peak Memory Usage": 2,
                                          "Plans": [
                                            {
                                              "Node Type": "Index Scan",
                                              "Parent Relationship": "Outer",
                                              "Parallel Aware": false,
                                              "Async Capable": false,
                                              "Scan Direction": "Forward",
                                              "Index Name": "char_name_pkey",
                                              "Relation Name": "char_name",
                                              "Schema": "public",
                                              "Alias": "chn",
                                              "Startup Cost": 0.43,
                                              "Total Cost": 2.26,
                                              "Plan Rows": 1,
                                              "Plan Width": 20,
                                              "Actual Startup Time": 0.004,
                                              "Actual Total Time": 0.004,
                                              "Actual Rows": 0,
                                              "Actual Loops": 25,
                                              "Output": ["chn.name", "chn.id"],
                                              "Index Cond": "(chn.id = ci.person_role_id)",
                                              "Rows Removed by Index Recheck": 0,
                                              "Filter": "((chn.name)::text = 'Queen'::text)",
                                              "Rows Removed by Filter": 1
                                            }
                                          ]
                                        }
                                      ]
                                    },
                                    {
                                      "Node Type": "Index Scan",
                                      "Parent Relationship": "Inner",
                                      "Parallel Aware": false,
                                      "Async Capable": false,
                                      "Scan Direction": "Forward",
                                      "Index Name": "role_type_pkey",
                                      "Relation Name": "role_type",
                                      "Schema": "public",
                                      "Alias": "rt",
                                      "Startup Cost": 0.15,
                                      "Total Cost": 0.57,
                                      "Plan Rows": 1,
                                      "Plan Width": 4,
                                      "Actual Startup Time": 0.001,
                                      "Actual Total Time": 0.001,
                                      "Actual Rows": 1,
                                      "Actual Loops": 66,
                                      "Output": ["rt.id", "rt.role"],
                                      "Index Cond": "(rt.id = ci.role_id)",
                                      "Rows Removed by Index Recheck": 0,
                                      "Filter": "((rt.role)::text = 'actress'::text)",
                                      "Rows Removed by Filter": 0
                                    }
                                  ]
                                },
                                {
                                  "Node Type": "Index Scan",
                                  "Parent Relationship": "Inner",
                                  "Parallel Aware": false,
                                  "Async Capable": false,
                                  "Scan Direction": "Forward",
                                  "Index Name": "movie_id_movie_keyword",
                                  "Relation Name": "movie_keyword",
                                  "Schema": "public",
                                  "Alias": "mk",
                                  "Startup Cost": 0.43,
                                  "Total Cost": 2.92,
                                  "Plan Rows": 47,
                                  "Plan Width": 8,
                                  "Actual Startup Time": 0.002,
                                  "Actual Total Time": 0.016,
                                  "Actual Rows": 108,
                                  "Actual Loops": 66,
                                  "Output": ["mk.id", "mk.movie_id", "mk.keyword_id"],
                                  "Index Cond": "(mk.movie_id = mc.movie_id)",
                                  "Rows Removed by Index Recheck": 0
                                }
                              ]
                            },
                            {
                              "Node Type": "Memoize",
                              "Parent Relationship": "Inner",
                              "Parallel Aware": false,
                              "Async Capable": false,
                              "Startup Cost": 0.43,
                              "Total Cost": 2.03,
                              "Plan Rows": 1,
                              "Plan Width": 4,
                              "Actual Startup Time": 0.000,
                              "Actual Total Time": 0.000,
                              "Actual Rows": 0,
                              "Actual Loops": 7128,
                              "Output": ["k.id"],
                              "Cache Key": "mk.keyword_id",
                              "Cache Mode": "logical",
                              "Cache Hits": 7020,
                              "Cache Misses": 108,
                              "Cache Evictions": 0,
                              "Cache Overflows": 0,
                              "Peak Memory Usage": 8,
                              "Plans": [
                                {
                                  "Node Type": "Index Scan",
                                  "Parent Relationship": "Outer",
                                  "Parallel Aware": false,
                                  "Async Capable": false,
                                  "Scan Direction": "Forward",
                                  "Index Name": "keyword_pkey",
                                  "Relation Name": "keyword",
                                  "Schema": "public",
                                  "Alias": "k",
                                  "Startup Cost": 0.42,
                                  "Total Cost": 2.02,
                                  "Plan Rows": 1,
                                  "Plan Width": 4,
                                  "Actual Startup Time": 0.003,
                                  "Actual Total Time": 0.003,
                                  "Actual Rows": 0,
                                  "Actual Loops": 108,
                                  "Output": ["k.id"],
                                  "Index Cond": "(k.id = mk.keyword_id)",
                                  "Rows Removed by Index Recheck": 0,
                                  "Filter": "((k.keyword)::text = 'computer-animation'::text)",
                                  "Rows Removed by Filter": 1
                                }
                              ]
                            }
                          ]
                        },
                        {
                          "Node Type": "Index Scan",
                          "Parent Relationship": "Inner",
                          "Parallel Aware": false,
                          "Async Capable": false,
                          "Scan Direction": "Forward",
                          "Index Name": "name_pkey",
                          "Relation Name": "name",
                          "Schema": "public",
                          "Alias": "n",
                          "Startup Cost": 0.43,
                          "Total Cost": 2.33,
                          "Plan Rows": 1,
                          "Plan Width": 19,
                          "Actual Startup Time": 0.002,
                          "Actual Total Time": 0.002,
                          "Actual Rows": 1,
                          "Actual Loops": 66,
                          "Output": ["n.id", "n.name", "n.imdb_index", "n.imdb_id", "n.gender", "n.name_pcode_cf", "n.name_pcode_nf", "n.surname_pcode", "n.md5sum"],
                          "Index Cond": "(n.id = an.person_id)",
                          "Rows Removed by Index Recheck": 0,
                          "Filter": "(((n.name)::text ~~ '%An%'::text) AND ((n.gender)::text = 'f'::text))",
                          "Rows Removed by Filter": 0
                        }
                      ]
                    },
                    {
                      "Node Type": "Index Scan",
                      "Parent Relationship": "Inner",
                      "Parallel Aware": false,
                      "Async Capable": false,
                      "Scan Direction": "Forward",
                      "Index Name": "person_id_person_info",
                      "Relation Name": "person_info",
                      "Schema": "public",
                      "Alias": "pi",
                      "Startup Cost": 0.43,
                      "Total Cost": 19.80,
                      "Plan Rows": 26,
                      "Plan Width": 8,
                      "Actual Startup Time": 0.002,
                      "Actual Total Time": 0.024,
                      "Actual Rows": 163,
                      "Actual Loops": 66,
                      "Output": ["pi.id", "pi.person_id", "pi.info_type_id", "pi.info", "pi.note"],
                      "Index Cond": "(pi.person_id = an.person_id)",
                      "Rows Removed by Index Recheck": 0
                    }
                  ]
                },
                {
                  "Node Type": "Index Scan",
                  "Parent Relationship": "Inner",
                  "Parallel Aware": false,
                  "Async Capable": false,
                  "Scan Direction": "Forward",
                  "Index Name": "info_type_pkey",
                  "Relation Name": "info_type",
                  "Schema": "public",
                  "Alias": "it3",
                  "Startup Cost": 0.14,
                  "Total Cost": 0.16,
                  "Plan Rows": 1,
                  "Plan Width": 4,
                  "Actual Startup Time": 0.001,
                  "Actual Total Time": 0.001,
                  "Actual Rows": 0,
                  "Actual Loops": 10758,
                  "Output": ["it3.id", "it3.info"],
                  "Index Cond": "(it3.id = pi.info_type_id)",
                  "Rows Removed by Index Recheck": 0,
                  "Filter": "((it3.info)::text = 'height'::text)",
                  "Rows Removed by Filter": 1
                }
              ]
            },
            {
              "Node Type": "Index Scan",
              "Parent Relationship": "Inner",
              "Parallel Aware": false,
              "Async Capable": false,
              "Scan Direction": "Forward",
              "Index Name": "company_name_pkey",
              "Relation Name": "company_name",
              "Schema": "public",
              "Alias": "cn",
              "Startup Cost": 0.42,
              "Total Cost": 2.03,
              "Plan Rows": 1,
              "Plan Width": 4,
              "Actual Startup Time": 0.002,
              "Actual Total Time": 0.002,
              "Actual Rows": 0,
              "Actual Loops": 66,
              "Output": ["cn.id", "cn.name", "cn.country_code", "cn.imdb_id", "cn.name_pcode_nf", "cn.name_pcode_sf", "cn.md5sum"],
              "Index Cond": "(cn.id = mc.company_id)",
              "Rows Removed by Index Recheck": 0,
              "Filter": "((cn.country_code)::text = '[us]'::text)",
              "Rows Removed by Filter": 1
            }
          ]
        }
      ]
    },
    "Planning Time": 109.079,
    "Triggers": [
    ],
    "Execution Time": 622.707
  }
]
