[
  {
    "Plan": {
      "Node Type": "Aggregate",
      "Strategy": "Plain",
      "Partial Mode": "Simple",
      "Parallel Aware": false,
      "Async Capable": false,
      "Startup Cost": 3846.49,
      "Total Cost": 3846.50,
      "Plan Rows": 1,
      "Plan Width": 32,
      "Actual Startup Time": 411.282,
      "Actual Total Time": 411.285,
      "Actual Rows": 1,
      "Actual Loops": 1,
      "Output": ["min((t.title)::text)"],
      "Plans": [
        {
          "Node Type": "Nested Loop",
          "Parent Relationship": "Outer",
          "Parallel Aware": false,
          "Async Capable": false,
          "Join Type": "Inner",
          "Startup Cost": 8.06,
          "Total Cost": 3846.49,
          "Plan Rows": 1,
          "Plan Width": 17,
          "Actual Startup Time": 411.278,
          "Actual Total Time": 411.281,
          "Actual Rows": 0,
          "Actual Loops": 1,
          "Output": ["t.title"],
          "Inner Unique": true,
          "Join Filter": "(mc.movie_id = t.id)",
          "Rows Removed by Join Filter": 0,
          "Plans": [
            {
              "Node Type": "Nested Loop",
              "Parent Relationship": "Outer",
              "Parallel Aware": false,
              "Async Capable": false,
              "Join Type": "Inner",
              "Startup Cost": 7.63,
              "Total Cost": 3845.99,
              "Plan Rows": 1,
              "Plan Width": 8,
              "Actual Startup Time": 411.278,
              "Actual Total Time": 411.280,
              "Actual Rows": 0,
              "Actual Loops": 1,
              "Output": ["mc.movie_id", "mk.movie_id"],
              "Inner Unique": true,
              "Plans": [
                {
                  "Node Type": "Nested Loop",
                  "Parent Relationship": "Outer",
                  "Parallel Aware": false,
                  "Async Capable": false,
                  "Join Type": "Inner",
                  "Startup Cost": 7.21,
                  "Total Cost": 3767.05,
                  "Plan Rows": 177,
                  "Plan Width": 12,
                  "Actual Startup Time": 4.742,
                  "Actual Total Time": 160.140,
                  "Actual Rows": 148552,
                  "Actual Loops": 1,
                  "Output": ["mk.movie_id", "mc.company_id", "mc.movie_id"],
                  "Inner Unique": false,
                  "Plans": [
                    {
                      "Node Type": "Nested Loop",
                      "Parent Relationship": "Outer",
                      "Parallel Aware": false,
                      "Async Capable": false,
                      "Join Type": "Inner",
                      "Startup Cost": 6.78,
                      "Total Cost": 3747.04,
                      "Plan Rows": 34,
                      "Plan Width": 4,
                      "Actual Startup Time": 4.729,
                      "Actual Total Time": 36.839,
                      "Actual Rows": 41840,
                      "Actual Loops": 1,
                      "Output": ["mk.movie_id"],
                      "Inner Unique": false,
                      "Plans": [
                        {
                          "Node Type": "Seq Scan",
                          "Parent Relationship": "Outer",
                          "Parallel Aware": false,
                          "Async Capable": false,
                          "Relation Name": "keyword",
                          "Schema": "public",
                          "Alias": "k",
                          "Startup Cost": 0.00,
                          "Total Cost": 2626.12,
                          "Plan Rows": 1,
                          "Plan Width": 4,
                          "Actual Startup Time": 0.464,
                          "Actual Total Time": 10.857,
                          "Actual Rows": 1,
                          "Actual Loops": 1,
                          "Output": ["k.id", "k.keyword", "k.phonetic_code"],
                          "Filter": "((k.keyword)::text = 'character-name-in-title'::text)",
                          "Rows Removed by Filter": 134169
                        },
                        {
                          "Node Type": "Bitmap Heap Scan",
                          "Parent Relationship": "Inner",
                          "Parallel Aware": false,
                          "Async Capable": false,
                          "Relation Name": "movie_keyword",
                          "Schema": "public",
                          "Alias": "mk",
                          "Startup Cost": 6.78,
                          "Total Cost": 1117.89,
                          "Plan Rows": 303,
                          "Plan Width": 8,
                          "Actual Startup Time": 4.263,
                          "Actual Total Time": 22.178,
                          "Actual Rows": 41840,
                          "Actual Loops": 1,
                          "Output": ["mk.id", "mk.movie_id", "mk.keyword_id"],
                          "Recheck Cond": "(mk.keyword_id = k.id)",
                          "Rows Removed by Index Recheck": 0,
                          "Exact Heap Blocks": 11541,
                          "Lossy Heap Blocks": 0,
                          "Plans": [
                            {
                              "Node Type": "Bitmap Index Scan",
                              "Parent Relationship": "Outer",
                              "Parallel Aware": false,
                              "Async Capable": false,
                              "Index Name": "keyword_id_movie_keyword",
                              "Startup Cost": 0.00,
                              "Total Cost": 6.71,
                              "Plan Rows": 303,
                              "Plan Width": 0,
                              "Actual Startup Time": 2.465,
                              "Actual Total Time": 2.465,
                              "Actual Rows": 41840,
                              "Actual Loops": 1,
                              "Index Cond": "(mk.keyword_id = k.id)"
                            }
                          ]
                        }
                      ]
                    },
                    {
                      "Node Type": "Index Scan",
                      "Parent Relationship": "Inner",
                      "Parallel Aware": false,
                      "Async Capable": false,
                      "Scan Direction": "Forward",
                      "Index Name": "movie_id_movie_companies",
                      "Relation Name": "movie_companies",
                      "Schema": "public",
                      "Alias": "mc",
                      "Startup Cost": 0.43,
                      "Total Cost": 0.54,
                      "Plan Rows": 5,
                      "Plan Width": 8,
                      "Actual Startup Time": 0.002,
                      "Actual Total Time": 0.002,
                      "Actual Rows": 4,
                      "Actual Loops": 41840,
                      "Output": ["mc.id", "mc.movie_id", "mc.company_id", "mc.company_type_id", "mc.note"],
                      "Index Cond": "(mc.movie_id = mk.movie_id)",
                      "Rows Removed by Index Recheck": 0
                    }
                  ]
                },
                {
                  "Node Type": "Index Scan",
                  "Parent Relationship": "Inner",
                  "Parallel Aware": false,
                  "Async Capable": false,
                  "Scan Direction": "Forward",
                  "Index Name": "company_name_pkey",
                  "Relation Name": "company_name",
                  "Schema": "public",
                  "Alias": "cn",
                  "Startup Cost": 0.42,
                  "Total Cost": 0.45,
                  "Plan Rows": 1,
                  "Plan Width": 4,
                  "Actual Startup Time": 0.002,
                  "Actual Total Time": 0.002,
                  "Actual Rows": 0,
                  "Actual Loops": 148552,
                  "Output": ["cn.id", "cn.name", "cn.country_code", "cn.imdb_id", "cn.name_pcode_nf", "cn.name_pcode_sf", "cn.md5sum"],
                  "Index Cond": "(cn.id = mc.company_id)",
                  "Rows Removed by Index Recheck": 0,
                  "Filter": "((cn.country_code)::text = '[sm]'::text)",
                  "Rows Removed by Filter": 1
                }
              ]
            },
            {
              "Node Type": "Index Scan",
              "Parent Relationship": "Inner",
              "Parallel Aware": false,
              "Async Capable": false,
              "Scan Direction": "Forward",
              "Index Name": "title_pkey",
              "Relation Name": "title",
              "Schema": "public",
              "Alias": "t",
              "Startup Cost": 0.43,
              "Total Cost": 0.49,
              "Plan Rows": 1,
              "Plan Width": 21,
              "Actual Startup Time": 0.000,
              "Actual Total Time": 0.000,
              "Actual Rows": 0,
              "Actual Loops": 0,
              "Output": ["t.id", "t.title", "t.imdb_index", "t.kind_id", "t.production_year", "t.imdb_id", "t.phonetic_code", "t.episode_of_id", "t.season_nr", "t.episode_nr", "t.series_years", "t.md5sum"],
              "Index Cond": "(t.id = mk.movie_id)",
              "Rows Removed by Index Recheck": 0
            }
          ]
        }
      ]
    },
    "Planning Time": 0.975,
    "Triggers": [
    ],
    "Execution Time": 411.330
  }
]
