[
  {
    "Plan": {
      "Node Type": "Aggregate",
      "Strategy": "Plain",
      "Partial Mode": "Simple",
      "Parallel Aware": false,
      "Async Capable": false,
      "Startup Cost": 9503.22,
      "Total Cost": 9503.23,
      "Plan Rows": 1,
      "Plan Width": 128,
      "Actual Startup Time": 966.103,
      "Actual Total Time": 1010.658,
      "Actual Rows": 1,
      "Actual Loops": 1,
      "Output": ["min((mi.info)::text)", "min((mi_idx.info)::text)", "min((n.name)::text)", "min((t.title)::text)"],
      "Plans": [
        {
          "Node Type": "Nested Loop",
          "Parent Relationship": "Outer",
          "Parallel Aware": false,
          "Async Capable": false,
          "Join Type": "Inner",
          "Startup Cost": 1012.78,
          "Total Cost": 9503.21,
          "Plan Rows": 1,
          "Plan Width": 81,
          "Actual Startup Time": 25.195,
          "Actual Total Time": 1009.426,
          "Actual Rows": 2825,
          "Actual Loops": 1,
          "Output": ["mi.info", "mi_idx.info", "n.name", "t.title"],
          "Inner Unique": true,
          "Join Filter": "(mi.movie_id = t.id)",
          "Rows Removed by Join Filter": 0,
          "Plans": [
            {
              "Node Type": "Nested Loop",
              "Parent Relationship": "Outer",
              "Parallel Aware": false,
              "Async Capable": false,
              "Join Type": "Inner",
              "Startup Cost": 1012.35,
              "Total Cost": 9502.07,
              "Plan Rows": 1,
              "Plan Width": 84,
              "Actual Startup Time": 25.186,
              "Actual Total Time": 1002.767,
              "Actual Rows": 2825,
              "Actual Loops": 1,
              "Output": ["ci.movie_id", "mc.movie_id", "mi.info", "mi.movie_id", "mi_idx.info", "mi_idx.movie_id", "mk.movie_id", "n.name"],
              "Inner Unique": true,
              "Plans": [
                {
                  "Node Type": "Nested Loop",
                  "Parent Relationship": "Outer",
                  "Parallel Aware": false,
                  "Async Capable": false,
                  "Join Type": "Inner",
                  "Startup Cost": 1011.92,
                  "Total Cost": 9500.72,
                  "Plan Rows": 1,
                  "Plan Width": 73,
                  "Actual Startup Time": 25.177,
                  "Actual Total Time": 995.157,
                  "Actual Rows": 2825,
                  "Actual Loops": 1,
                  "Output": ["ci.movie_id", "ci.person_id", "mc.movie_id", "mi.info", "mi.movie_id", "mi_idx.info", "mi_idx.movie_id", "mk.movie_id"],
                  "Inner Unique": true,
                  "Plans": [
                    {
                      "Node Type": "Nested Loop",
                      "Parent Relationship": "Outer",
                      "Parallel Aware": false,
                      "Async Capable": false,
                      "Join Type": "Inner",
                      "Startup Cost": 1011.78,
                      "Total Cost": 9500.54,
                      "Plan Rows": 1,
                      "Plan Width": 77,
                      "Actual Startup Time": 25.171,
                      "Actual Total Time": 990.895,
                      "Actual Rows": 3007,
                      "Actual Loops": 1,
                      "Output": ["ci.movie_id", "ci.person_id", "mc.movie_id", "mi.info", "mi.movie_id", "mi.info_type_id", "mi_idx.info", "mi_idx.movie_id", "mk.movie_id"],
                      "Inner Unique": false,
                      "Join Filter": "(mi_idx.movie_id = mi.movie_id)",
                      "Rows Removed by Join Filter": 0,
                      "Plans": [
                        {
                          "Node Type": "Nested Loop",
                          "Parent Relationship": "Outer",
                          "Parallel Aware": false,
                          "Async Capable": false,
                          "Join Type": "Inner",
                          "Startup Cost": 1011.34,
                          "Total Cost": 9483.37,
                          "Plan Rows": 1,
                          "Plan Width": 26,
                          "Actual Startup Time": 13.739,
                          "Actual Total Time": 901.346,
                          "Actual Rows": 1471,
                          "Actual Loops": 1,
                          "Output": ["ci.movie_id", "ci.person_id", "mc.movie_id", "mi_idx.info", "mi_idx.movie_id", "mk.movie_id"],
                          "Inner Unique": false,
                          "Join Filter": "(mi_idx.movie_id = ci.movie_id)",
                          "Rows Removed by Join Filter": 0,
                          "Plans": [
                            {
                              "Node Type": "Gather",
                              "Parent Relationship": "Outer",
                              "Parallel Aware": false,
                              "Async Capable": false,
                              "Startup Cost": 1010.90,
                              "Total Cost": 9462.62,
                              "Plan Rows": 1,
                              "Plan Width": 18,
                              "Actual Startup Time": 13.704,
                              "Actual Total Time": 766.365,
                              "Actual Rows": 1547,
                              "Actual Loops": 1,
                              "Output": ["mc.movie_id", "mi_idx.info", "mi_idx.movie_id", "mk.movie_id"],
                              "Workers Planned": 2,
                              "Workers Launched": 2,
                              "Single Copy": false,
                              "Plans": [
                                {
                                  "Node Type": "Nested Loop",
                                  "Parent Relationship": "Outer",
                                  "Parallel Aware": false,
                                  "Async Capable": false,
                                  "Join Type": "Inner",
                                  "Startup Cost": 10.90,
                                  "Total Cost": 8462.52,
                                  "Plan Rows": 1,
                                  "Plan Width": 18,
                                  "Actual Startup Time": 10.700,
                                  "Actual Total Time": 679.367,
                                  "Actual Rows": 516,
                                  "Actual Loops": 3,
                                  "Output": ["mc.movie_id", "mi_idx.info", "mi_idx.movie_id", "mk.movie_id"],
                                  "Inner Unique": true,
                                  "Workers": [
                                    {
                                      "Worker Number": 0,
                                      "Actual Startup Time": 7.295,
                                      "Actual Total Time": 606.037,
                                      "Actual Rows": 281,
                                      "Actual Loops": 1
                                    },
                                    {
                                      "Worker Number": 1,
                                      "Actual Startup Time": 11.424,
                                      "Actual Total Time": 955.380,
                                      "Actual Rows": 964,
                                      "Actual Loops": 1
                                    }
                                  ],
                                  "Plans": [
                                    {
                                      "Node Type": "Nested Loop",
                                      "Parent Relationship": "Outer",
                                      "Parallel Aware": false,
                                      "Async Capable": false,
                                      "Join Type": "Inner",
                                      "Startup Cost": 10.48,
                                      "Total Cost": 8448.72,
                                      "Plan Rows": 14,
                                      "Plan Width": 22,
                                      "Actual Startup Time": 4.677,
                                      "Actual Total Time": 300.457,
                                      "Actual Rows": 199419,
                                      "Actual Loops": 3,
                                      "Output": ["mi_idx.info", "mi_idx.movie_id", "mc.movie_id", "mc.company_id", "mk.movie_id"],
                                      "Inner Unique": false,
                                      "Join Filter": "(mi_idx.movie_id = mc.movie_id)",
                                      "Rows Removed by Join Filter": 0,
                                      "Workers": [
                                        {
                                          "Worker Number": 0,
                                          "Actual Startup Time": 4.503,
                                          "Actual Total Time": 307.426,
                                          "Actual Rows": 150542,
                                          "Actual Loops": 1
                                        },
                                        {
                                          "Worker Number": 1,
                                          "Actual Startup Time": 5.484,
                                          "Actual Total Time": 395.778,
                                          "Actual Rows": 303631,
                                          "Actual Loops": 1
                                        }
                                      ],
                                      "Plans": [
                                        {
                                          "Node Type": "Hash Join",
                                          "Parent Relationship": "Outer",
                                          "Parallel Aware": false,
                                          "Async Capable": false,
                                          "Join Type": "Inner",
                                          "Startup Cost": 10.05,
                                          "Total Cost": 8444.47,
                                          "Plan Rows": 2,
                                          "Plan Width": 14,
                                          "Actual Startup Time": 4.652,
                                          "Actual Total Time": 157.521,
                                          "Actual Rows": 21234,
                                          "Actual Loops": 3,
                                          "Output": ["mi_idx.info", "mi_idx.movie_id", "mk.movie_id"],
                                          "Inner Unique": true,
                                          "Hash Cond": "(mi_idx.info_type_id = it2.id)",
                                          "Workers": [
                                            {
                                              "Worker Number": 0,
                                              "Actual Startup Time": 4.464,
                                              "Actual Total Time": 180.322,
                                              "Actual Rows": 19738,
                                              "Actual Loops": 1
                                            },
                                            {
                                              "Worker Number": 1,
                                              "Actual Startup Time": 5.456,
                                              "Actual Total Time": 185.506,
                                              "Actual Rows": 27497,
                                              "Actual Loops": 1
                                            }
                                          ],
                                          "Plans": [
                                            {
                                              "Node Type": "Nested Loop",
                                              "Parent Relationship": "Outer",
                                              "Parallel Aware": false,
                                              "Async Capable": false,
                                              "Join Type": "Inner",
                                              "Startup Cost": 7.63,
                                              "Total Cost": 8441.23,
                                              "Plan Rows": 297,
                                              "Plan Width": 18,
                                              "Actual Startup Time": 4.447,
                                              "Actual Total Time": 149.168,
                                              "Actual Rows": 63896,
                                              "Actual Loops": 3,
                                              "Output": ["mk.movie_id", "mi_idx.info", "mi_idx.movie_id", "mi_idx.info_type_id"],
                                              "Inner Unique": false,
                                              "Workers": [
                                                {
                                                  "Worker Number": 0,
                                                  "Actual Startup Time": 4.302,
                                                  "Actual Total Time": 172.458,
                                                  "Actual Rows": 59302,
                                                  "Actual Loops": 1
                                                },
                                                {
                                                  "Worker Number": 1,
                                                  "Actual Startup Time": 5.036,
                                                  "Actual Total Time": 174.479,
                                                  "Actual Rows": 82850,
                                                  "Actual Loops": 1
                                                }
                                              ],
                                              "Plans": [
                                                {
                                                  "Node Type": "Nested Loop",
                                                  "Parent Relationship": "Outer",
                                                  "Parallel Aware": false,
                                                  "Async Capable": false,
                                                  "Join Type": "Inner",
                                                  "Startup Cost": 7.20,
                                                  "Total Cost": 8335.07,
                                                  "Plan Rows": 98,
                                                  "Plan Width": 4,
                                                  "Actual Startup Time": 4.418,
                                                  "Actual Total Time": 68.275,
                                                  "Actual Rows": 25571,
                                                  "Actual Loops": 3,
                                                  "Output": ["mk.movie_id"],
                                                  "Inner Unique": false,
                                                  "Workers": [
                                                    {
                                                      "Worker Number": 0,
                                                      "Actual Startup Time": 4.256,
                                                      "Actual Total Time": 89.023,
                                                      "Actual Rows": 25914,
                                                      "Actual Loops": 1
                                                    },
                                                    {
                                                      "Worker Number": 1,
                                                      "Actual Startup Time": 5.005,
                                                      "Actual Total Time": 67.012,
                                                      "Actual Rows": 31272,
                                                      "Actual Loops": 1
                                                    }
                                                  ],
                                                  "Plans": [
                                                    {
                                                      "Node Type": "Index Scan",
                                                      "Parent Relationship": "Outer",
                                                      "Parallel Aware": true,
                                                      "Async Capable": false,
                                                      "Scan Direction": "Forward",
                                                      "Index Name": "keyword_pkey",
                                                      "Relation Name": "keyword",
                                                      "Schema": "public",
                                                      "Alias": "k",
                                                      "Startup Cost": 0.42,
                                                      "Total Cost": 5087.97,
                                                      "Plan Rows": 3,
                                                      "Plan Width": 4,
                                                      "Actual Startup Time": 0.611,
                                                      "Actual Total Time": 22.074,
                                                      "Actual Rows": 2,
                                                      "Actual Loops": 3,
                                                      "Output": ["k.id", "k.keyword", "k.phonetic_code"],
                                                      "Filter": "((k.keyword)::text = ANY ('{murder,violence,blood,gore,death,female-nudity,hospital}'::text[]))",
                                                      "Rows Removed by Filter": 44721,
                                                      "Workers": [
                                                        {
                                                          "Worker Number": 0,
                                                          "Actual Startup Time": 0.390,
                                                          "Actual Total Time": 37.644,
                                                          "Actual Rows": 2,
                                                          "Actual Loops": 1
                                                        },
                                                        {
                                                          "Worker Number": 1,
                                                          "Actual Startup Time": 1.324,
                                                          "Actual Total Time": 1.517,
                                                          "Actual Rows": 4,
                                                          "Actual Loops": 1
                                                        }
                                                      ]
                                                    },
                                                    {
                                                      "Node Type": "Bitmap Heap Scan",
                                                      "Parent Relationship": "Inner",
                                                      "Parallel Aware": false,
                                                      "Async Capable": false,
                                                      "Relation Name": "movie_keyword",
                                                      "Schema": "public",
                                                      "Alias": "mk",
                                                      "Startup Cost": 6.78,
                                                      "Total Cost": 1079.34,
                                                      "Plan Rows": 303,
                                                      "Plan Width": 8,
                                                      "Actual Startup Time": 2.718,
                                                      "Actual Total Time": 18.740,
                                                      "Actual Rows": 10959,
                                                      "Actual Loops": 7,
                                                      "Output": ["mk.id", "mk.movie_id", "mk.keyword_id"],
                                                      "Recheck Cond": "(mk.keyword_id = k.id)",
                                                      "Rows Removed by Index Recheck": 0,
                                                      "Exact Heap Blocks": 12389,
                                                      "Lossy Heap Blocks": 0,
                                                      "Workers": [
                                                        {
                                                          "Worker Number": 0,
                                                          "Actual Startup Time": 2.666,
                                                          "Actual Total Time": 24.444,
                                                          "Actual Rows": 12957,
                                                          "Actual Loops": 2
                                                        },
                                                        {
                                                          "Worker Number": 1,
                                                          "Actual Startup Time": 2.455,
                                                          "Actual Total Time": 15.602,
                                                          "Actual Rows": 7818,
                                                          "Actual Loops": 4
                                                        }
                                                      ],
                                                      "Plans": [
                                                        {
                                                          "Node Type": "Bitmap Index Scan",
                                                          "Parent Relationship": "Outer",
                                                          "Parallel Aware": false,
                                                          "Async Capable": false,
                                                          "Index Name": "keyword_id_movie_keyword",
                                                          "Startup Cost": 0.00,
                                                          "Total Cost": 6.71,
                                                          "Plan Rows": 303,
                                                          "Plan Width": 0,
                                                          "Actual Startup Time": 1.543,
                                                          "Actual Total Time": 1.543,
                                                          "Actual Rows": 10959,
                                                          "Actual Loops": 7,
                                                          "Index Cond": "(mk.keyword_id = k.id)",
                                                          "Workers": [
                                                            {
                                                              "Worker Number": 0,
                                                              "Actual Startup Time": 1.441,
                                                              "Actual Total Time": 1.441,
                                                              "Actual Rows": 12957,
                                                              "Actual Loops": 2
                                                            },
                                                            {
                                                              "Worker Number": 1,
                                                              "Actual Startup Time": 1.494,
                                                              "Actual Total Time": 1.494,
                                                              "Actual Rows": 7818,
                                                              "Actual Loops": 4
                                                            }
                                                          ]
                                                        }
                                                      ]
                                                    }
                                                  ]
                                                },
                                                {
                                                  "Node Type": "Index Scan",
                                                  "Parent Relationship": "Inner",
                                                  "Parallel Aware": false,
                                                  "Async Capable": false,
                                                  "Scan Direction": "Forward",
                                                  "Index Name": "movie_id_movie_info_idx",
                                                  "Relation Name": "movie_info_idx",
                                                  "Schema": "public",
                                                  "Alias": "mi_idx",
                                                  "Startup Cost": 0.43,
                                                  "Total Cost": 1.05,
                                                  "Plan Rows": 3,
                                                  "Plan Width": 14,
                                                  "Actual Startup Time": 0.002,
                                                  "Actual Total Time": 0.003,
                                                  "Actual Rows": 2,
                                                  "Actual Loops": 76714,
                                                  "Output": ["mi_idx.id", "mi_idx.movie_id", "mi_idx.info_type_id", "mi_idx.info", "mi_idx.note"],
                                                  "Index Cond": "(mi_idx.movie_id = mk.movie_id)",
                                                  "Rows Removed by Index Recheck": 0,
                                                  "Workers": [
                                                    {
                                                      "Worker Number": 0,
                                                      "Actual Startup Time": 0.002,
                                                      "Actual Total Time": 0.003,
                                                      "Actual Rows": 2,
                                                      "Actual Loops": 25914
                                                    },
                                                    {
                                                      "Worker Number": 1,
                                                      "Actual Startup Time": 0.002,
                                                      "Actual Total Time": 0.003,
                                                      "Actual Rows": 3,
                                                      "Actual Loops": 31272
                                                    }
                                                  ]
                                                }
                                              ]
                                            },
                                            {
                                              "Node Type": "Hash",
                                              "Parent Relationship": "Inner",
                                              "Parallel Aware": false,
                                              "Async Capable": false,
                                              "Startup Cost": 2.41,
                                              "Total Cost": 2.41,
                                              "Plan Rows": 1,
                                              "Plan Width": 4,
                                              "Actual Startup Time": 0.050,
                                              "Actual Total Time": 0.051,
                                              "Actual Rows": 1,
                                              "Actual Loops": 3,
                                              "Output": ["it2.id"],
                                              "Hash Buckets": 1024,
                                              "Original Hash Buckets": 1024,
                                              "Hash Batches": 1,
                                              "Original Hash Batches": 1,
                                              "Peak Memory Usage": 9,
                                              "Workers": [
                                                {
                                                  "Worker Number": 0,
                                                  "Actual Startup Time": 0.037,
                                                  "Actual Total Time": 0.038,
                                                  "Actual Rows": 1,
                                                  "Actual Loops": 1
                                                },
                                                {
                                                  "Worker Number": 1,
                                                  "Actual Startup Time": 0.090,
                                                  "Actual Total Time": 0.091,
                                                  "Actual Rows": 1,
                                                  "Actual Loops": 1
                                                }
                                              ],
                                              "Plans": [
                                                {
                                                  "Node Type": "Seq Scan",
                                                  "Parent Relationship": "Outer",
                                                  "Parallel Aware": false,
                                                  "Async Capable": false,
                                                  "Relation Name": "info_type",
                                                  "Schema": "public",
                                                  "Alias": "it2",
                                                  "Startup Cost": 0.00,
                                                  "Total Cost": 2.41,
                                                  "Plan Rows": 1,
                                                  "Plan Width": 4,
                                                  "Actual Startup Time": 0.042,
                                                  "Actual Total Time": 0.045,
                                                  "Actual Rows": 1,
                                                  "Actual Loops": 3,
                                                  "Output": ["it2.id"],
                                                  "Filter": "((it2.info)::text = 'votes'::text)",
                                                  "Rows Removed by Filter": 112,
                                                  "Workers": [
                                                    {
                                                      "Worker Number": 0,
                                                      "Actual Startup Time": 0.032,
                                                      "Actual Total Time": 0.033,
                                                      "Actual Rows": 1,
                                                      "Actual Loops": 1
                                                    },
                                                    {
                                                      "Worker Number": 1,
                                                      "Actual Startup Time": 0.078,
                                                      "Actual Total Time": 0.083,
                                                      "Actual Rows": 1,
                                                      "Actual Loops": 1
                                                    }
                                                  ]
                                                }
                                              ]
                                            }
                                          ]
                                        },
                                        {
                                          "Node Type": "Index Scan",
                                          "Parent Relationship": "Inner",
                                          "Parallel Aware": false,
                                          "Async Capable": false,
                                          "Scan Direction": "Forward",
                                          "Index Name": "movie_id_movie_companies",
                                          "Relation Name": "movie_companies",
                                          "Schema": "public",
                                          "Alias": "mc",
                                          "Startup Cost": 0.43,
                                          "Total Cost": 2.06,
                                          "Plan Rows": 5,
                                          "Plan Width": 8,
                                          "Actual Startup Time": 0.003,
                                          "Actual Total Time": 0.005,
                                          "Actual Rows": 9,
                                          "Actual Loops": 63701,
                                          "Output": ["mc.id", "mc.movie_id", "mc.company_id", "mc.company_type_id", "mc.note"],
                                          "Index Cond": "(mc.movie_id = mk.movie_id)",
                                          "Rows Removed by Index Recheck": 0,
                                          "Workers": [
                                            {
                                              "Worker Number": 0,
                                              "Actual Startup Time": 0.003,
                                              "Actual Total Time": 0.005,
                                              "Actual Rows": 8,
                                              "Actual Loops": 19738
                                            },
                                            {
                                              "Worker Number": 1,
                                              "Actual Startup Time": 0.003,
                                              "Actual Total Time": 0.006,
                                              "Actual Rows": 11,
                                              "Actual Loops": 27497
                                            }
                                          ]
                                        }
                                      ]
                                    },
                                    {
                                      "Node Type": "Index Scan",
                                      "Parent Relationship": "Inner",
                                      "Parallel Aware": false,
                                      "Async Capable": false,
                                      "Scan Direction": "Forward",
                                      "Index Name": "company_name_pkey",
                                      "Relation Name": "company_name",
                                      "Schema": "public",
                                      "Alias": "cn",
                                      "Startup Cost": 0.42,
                                      "Total Cost": 0.98,
                                      "Plan Rows": 1,
                                      "Plan Width": 4,
                                      "Actual Startup Time": 0.002,
                                      "Actual Total Time": 0.002,
                                      "Actual Rows": 0,
                                      "Actual Loops": 598256,
                                      "Output": ["cn.id", "cn.name", "cn.country_code", "cn.imdb_id", "cn.name_pcode_nf", "cn.name_pcode_sf", "cn.md5sum"],
                                      "Index Cond": "(cn.id = mc.company_id)",
                                      "Rows Removed by Index Recheck": 0,
                                      "Filter": "((cn.name)::text ~~ 'Lionsgate%'::text)",
                                      "Rows Removed by Filter": 1,
                                      "Workers": [
                                        {
                                          "Worker Number": 0,
                                          "Actual Startup Time": 0.002,
                                          "Actual Total Time": 0.002,
                                          "Actual Rows": 0,
                                          "Actual Loops": 150542
                                        },
                                        {
                                          "Worker Number": 1,
                                          "Actual Startup Time": 0.002,
                                          "Actual Total Time": 0.002,
                                          "Actual Rows": 0,
                                          "Actual Loops": 303631
                                        }
                                      ]
                                    }
                                  ]
                                }
                              ]
                            },
                            {
                              "Node Type": "Index Scan",
                              "Parent Relationship": "Inner",
                              "Parallel Aware": false,
                              "Async Capable": false,
                              "Scan Direction": "Forward",
                              "Index Name": "movie_id_cast_info",
                              "Relation Name": "cast_info",
                              "Schema": "public",
                              "Alias": "ci",
                              "Startup Cost": 0.44,
                              "Total Cost": 20.74,
                              "Plan Rows": 1,
                              "Plan Width": 8,
                              "Actual Startup Time": 0.061,
                              "Actual Total Time": 0.087,
                              "Actual Rows": 1,
                              "Actual Loops": 1547,
                              "Output": ["ci.id", "ci.person_id", "ci.movie_id", "ci.person_role_id", "ci.note", "ci.nr_order", "ci.role_id"],
                              "Index Cond": "(ci.movie_id = mk.movie_id)",
                              "Rows Removed by Index Recheck": 0,
                              "Filter": "((ci.note)::text = ANY ('{(writer),\"(head writer)\",\"(written by)\",(story),\"(story editor)\"}'::text[]))",
                              "Rows Removed by Filter": 119
                            }
                          ]
                        },
                        {
                          "Node Type": "Index Scan",
                          "Parent Relationship": "Inner",
                          "Parallel Aware": false,
                          "Async Capable": false,
                          "Scan Direction": "Forward",
                          "Index Name": "movie_id_movie_info",
                          "Relation Name": "movie_info",
                          "Schema": "public",
                          "Alias": "mi",
                          "Startup Cost": 0.43,
                          "Total Cost": 17.16,
                          "Plan Rows": 1,
                          "Plan Width": 51,
                          "Actual Startup Time": 0.058,
                          "Actual Total Time": 0.060,
                          "Actual Rows": 2,
                          "Actual Loops": 1471,
                          "Output": ["mi.id", "mi.movie_id", "mi.info_type_id", "mi.info", "mi.note"],
                          "Index Cond": "(mi.movie_id = mk.movie_id)",
                          "Rows Removed by Index Recheck": 0,
                          "Filter": "((mi.info)::text = ANY ('{Horror,Action,Sci-Fi,Thriller,Crime,War}'::text[]))",
                          "Rows Removed by Filter": 172
                        }
                      ]
                    },
                    {
                      "Node Type": "Index Scan",
                      "Parent Relationship": "Inner",
                      "Parallel Aware": false,
                      "Async Capable": false,
                      "Scan Direction": "Forward",
                      "Index Name": "info_type_pkey",
                      "Relation Name": "info_type",
                      "Schema": "public",
                      "Alias": "it1",
                      "Startup Cost": 0.14,
                      "Total Cost": 0.16,
                      "Plan Rows": 1,
                      "Plan Width": 4,
                      "Actual Startup Time": 0.001,
                      "Actual Total Time": 0.001,
                      "Actual Rows": 1,
                      "Actual Loops": 3007,
                      "Output": ["it1.id", "it1.info"],
                      "Index Cond": "(it1.id = mi.info_type_id)",
                      "Rows Removed by Index Recheck": 0,
                      "Filter": "((it1.info)::text = 'genres'::text)",
                      "Rows Removed by Filter": 0
                    }
                  ]
                },
                {
                  "Node Type": "Index Scan",
                  "Parent Relationship": "Inner",
                  "Parallel Aware": false,
                  "Async Capable": false,
                  "Scan Direction": "Forward",
                  "Index Name": "name_pkey",
                  "Relation Name": "name",
                  "Schema": "public",
                  "Alias": "n",
                  "Startup Cost": 0.43,
                  "Total Cost": 1.35,
                  "Plan Rows": 1,
                  "Plan Width": 19,
                  "Actual Startup Time": 0.002,
                  "Actual Total Time": 0.002,
                  "Actual Rows": 1,
                  "Actual Loops": 2825,
                  "Output": ["n.id", "n.name", "n.imdb_index", "n.imdb_id", "n.gender", "n.name_pcode_cf", "n.name_pcode_nf", "n.surname_pcode", "n.md5sum"],
                  "Index Cond": "(n.id = ci.person_id)",
                  "Rows Removed by Index Recheck": 0
                }
              ]
            },
            {
              "Node Type": "Index Scan",
              "Parent Relationship": "Inner",
              "Parallel Aware": false,
              "Async Capable": false,
              "Scan Direction": "Forward",
              "Index Name": "title_pkey",
              "Relation Name": "title",
              "Schema": "public",
              "Alias": "t",
              "Startup Cost": 0.43,
              "Total Cost": 1.13,
              "Plan Rows": 1,
              "Plan Width": 21,
              "Actual Startup Time": 0.002,
              "Actual Total Time": 0.002,
              "Actual Rows": 1,
              "Actual Loops": 2825,
              "Output": ["t.id", "t.title", "t.imdb_index", "t.kind_id", "t.production_year", "t.imdb_id", "t.phonetic_code", "t.episode_of_id", "t.season_nr", "t.episode_nr", "t.series_years", "t.md5sum"],
              "Index Cond": "(t.id = mk.movie_id)",
              "Rows Removed by Index Recheck": 0
            }
          ]
        }
      ]
    },
    "Planning Time": 53.518,
    "Triggers": [
    ],
    "Execution Time": 1010.791
  }
]
