[
  {
    "Plan": {
      "Node Type": "Aggregate",
      "Strategy": "Plain",
      "Partial Mode": "Simple",
      "Parallel Aware": false,
      "Async Capable": false,
      "Startup Cost": 345.20,
      "Total Cost": 345.21,
      "Plan Rows": 1,
      "Plan Width": 192,
      "Actual Startup Time": 35.477,
      "Actual Total Time": 35.481,
      "Actual Rows": 1,
      "Actual Loops": 1,
      "Output": ["min((cn1.name)::text)", "min((cn2.name)::text)", "min((mi_idx1.info)::text)", "min((mi_idx2.info)::text)", "min((t1.title)::text)", "min((t2.title)::text)"],
      "Plans": [
        {
          "Node Type": "Nested Loop",
          "Parent Relationship": "Outer",
          "Parallel Aware": false,
          "Async Capable": false,
          "Join Type": "Inner",
          "Startup Cost": 26.69,
          "Total Cost": 345.19,
          "Plan Rows": 1,
          "Plan Width": 84,
          "Actual Startup Time": 2.548,
          "Actual Total Time": 35.473,
          "Actual Rows": 4,
          "Actual Loops": 1,
          "Output": ["cn1.name", "cn2.name", "mi_idx1.info", "mi_idx2.info", "t1.title", "t2.title"],
          "Inner Unique": false,
          "Join Filter": "((t2.id = mi_idx2.movie_id) AND (it2.id = mi_idx2.info_type_id))",
          "Rows Removed by Join Filter": 4,
          "Plans": [
            {
              "Node Type": "Nested Loop",
              "Parent Relationship": "Outer",
              "Parallel Aware": false,
              "Async Capable": false,
              "Join Type": "Inner",
              "Startup Cost": 26.26,
              "Total Cost": 344.67,
              "Plan Rows": 1,
              "Plan Width": 94,
              "Actual Startup Time": 2.542,
              "Actual Total Time": 35.458,
              "Actual Rows": 4,
              "Actual Loops": 1,
              "Output": ["cn2.name", "cn1.name", "mi_idx1.info", "ml.linked_movie_id", "it2.id", "t2.title", "t2.id", "mc2.movie_id", "t1.title"],
              "Inner Unique": true,
              "Plans": [
                {
                  "Node Type": "Nested Loop",
                  "Parent Relationship": "Outer",
                  "Parallel Aware": false,
                  "Async Capable": false,
                  "Join Type": "Inner",
                  "Startup Cost": 26.11,
                  "Total Cost": 344.49,
                  "Plan Rows": 1,
                  "Plan Width": 98,
                  "Actual Startup Time": 2.540,
                  "Actual Total Time": 35.452,
                  "Actual Rows": 4,
                  "Actual Loops": 1,
                  "Output": ["cn2.name", "cn1.name", "mi_idx1.info", "ml.linked_movie_id", "it2.id", "t2.title", "t2.id", "mc2.movie_id", "t1.title", "t1.kind_id"],
                  "Inner Unique": true,
                  "Join Filter": "(ml.movie_id = t1.id)",
                  "Rows Removed by Join Filter": 0,
                  "Plans": [
                    {
                      "Node Type": "Nested Loop",
                      "Parent Relationship": "Outer",
                      "Parallel Aware": false,
                      "Async Capable": false,
                      "Join Type": "Inner",
                      "Startup Cost": 25.68,
                      "Total Cost": 343.96,
                      "Plan Rows": 1,
                      "Plan Width": 89,
                      "Actual Startup Time": 2.535,
                      "Actual Total Time": 35.441,
                      "Actual Rows": 4,
                      "Actual Loops": 1,
                      "Output": ["cn2.name", "cn1.name", "mi_idx1.info", "mi_idx1.movie_id", "ml.movie_id", "ml.linked_movie_id", "mc1.movie_id", "it2.id", "t2.title", "t2.id", "mc2.movie_id"],
                      "Inner Unique": true,
                      "Plans": [
                        {
                          "Node Type": "Nested Loop",
                          "Parent Relationship": "Outer",
                          "Parallel Aware": false,
                          "Async Capable": false,
                          "Join Type": "Inner",
                          "Startup Cost": 25.26,
                          "Total Cost": 343.52,
                          "Plan Rows": 1,
                          "Plan Width": 74,
                          "Actual Startup Time": 2.530,
                          "Actual Total Time": 35.428,
                          "Actual Rows": 4,
                          "Actual Loops": 1,
                          "Output": ["cn1.name", "mi_idx1.info", "mi_idx1.movie_id", "ml.movie_id", "ml.linked_movie_id", "mc1.movie_id", "it2.id", "t2.title", "t2.id", "mc2.company_id", "mc2.movie_id"],
                          "Inner Unique": false,
                          "Plans": [
                            {
                              "Node Type": "Nested Loop",
                              "Parent Relationship": "Outer",
                              "Parallel Aware": false,
                              "Async Capable": false,
                              "Join Type": "Inner",
                              "Startup Cost": 24.83,
                              "Total Cost": 342.17,
                              "Plan Rows": 1,
                              "Plan Width": 66,
                              "Actual Startup Time": 2.523,
                              "Actual Total Time": 35.419,
                              "Actual Rows": 1,
                              "Actual Loops": 1,
                              "Output": ["cn1.name", "mi_idx1.info", "mi_idx1.movie_id", "ml.movie_id", "ml.linked_movie_id", "mc1.movie_id", "it2.id", "t2.title", "t2.id"],
                              "Inner Unique": true,
                              "Plans": [
                                {
                                  "Node Type": "Nested Loop",
                                  "Parent Relationship": "Outer",
                                  "Parallel Aware": false,
                                  "Async Capable": false,
                                  "Join Type": "Inner",
                                  "Startup Cost": 24.68,
                                  "Total Cost": 341.99,
                                  "Plan Rows": 1,
                                  "Plan Width": 70,
                                  "Actual Startup Time": 2.517,
                                  "Actual Total Time": 35.404,
                                  "Actual Rows": 6,
                                  "Actual Loops": 1,
                                  "Output": ["cn1.name", "mi_idx1.info", "mi_idx1.movie_id", "ml.movie_id", "ml.linked_movie_id", "mc1.movie_id", "it2.id", "t2.title", "t2.id", "t2.kind_id"],
                                  "Inner Unique": true,
                                  "Plans": [
                                    {
                                      "Node Type": "Nested Loop",
                                      "Parent Relationship": "Outer",
                                      "Parallel Aware": false,
                                      "Async Capable": false,
                                      "Join Type": "Inner",
                                      "Startup Cost": 24.25,
                                      "Total Cost": 337.52,
                                      "Plan Rows": 1,
                                      "Plan Width": 45,
                                      "Actual Startup Time": 0.793,
                                      "Actual Total Time": 34.384,
                                      "Actual Rows": 477,
                                      "Actual Loops": 1,
                                      "Output": ["cn1.name", "mi_idx1.info", "mi_idx1.movie_id", "ml.movie_id", "ml.linked_movie_id", "mc1.movie_id", "it2.id"],
                                      "Inner Unique": false,
                                      "Plans": [
                                        {
                                          "Node Type": "Nested Loop",
                                          "Parent Relationship": "Outer",
                                          "Parallel Aware": false,
                                          "Async Capable": false,
                                          "Join Type": "Inner",
                                          "Startup Cost": 24.25,
                                          "Total Cost": 335.09,
                                          "Plan Rows": 1,
                                          "Plan Width": 41,
                                          "Actual Startup Time": 0.783,
                                          "Actual Total Time": 29.845,
                                          "Actual Rows": 477,
                                          "Actual Loops": 1,
                                          "Output": ["cn1.name", "mi_idx1.info", "mi_idx1.movie_id", "ml.movie_id", "ml.linked_movie_id", "mc1.movie_id"],
                                          "Inner Unique": true,
                                          "Plans": [
                                            {
                                              "Node Type": "Nested Loop",
                                              "Parent Relationship": "Outer",
                                              "Parallel Aware": false,
                                              "Async Capable": false,
                                              "Join Type": "Inner",
                                              "Startup Cost": 23.83,
                                              "Total Cost": 332.87,
                                              "Plan Rows": 5,
                                              "Plan Width": 26,
                                              "Actual Startup Time": 0.073,
                                              "Actual Total Time": 14.548,
                                              "Actual Rows": 9674,
                                              "Actual Loops": 1,
                                              "Output": ["mi_idx1.info", "mi_idx1.movie_id", "ml.movie_id", "ml.linked_movie_id", "mc1.company_id", "mc1.movie_id"],
                                              "Inner Unique": false,
                                              "Join Filter": "(ml.movie_id = mc1.movie_id)",
                                              "Rows Removed by Join Filter": 0,
                                              "Plans": [
                                                {
                                                  "Node Type": "Nested Loop",
                                                  "Parent Relationship": "Outer",
                                                  "Parallel Aware": false,
                                                  "Async Capable": false,
                                                  "Join Type": "Inner",
                                                  "Startup Cost": 23.40,
                                                  "Total Cost": 332.22,
                                                  "Plan Rows": 1,
                                                  "Plan Width": 18,
                                                  "Actual Startup Time": 0.067,
                                                  "Actual Total Time": 7.844,
                                                  "Actual Rows": 2064,
                                                  "Actual Loops": 1,
                                                  "Output": ["mi_idx1.info", "mi_idx1.movie_id", "ml.movie_id", "ml.linked_movie_id"],
                                                  "Inner Unique": true,
                                                  "Plans": [
                                                    {
                                                      "Node Type": "Nested Loop",
                                                      "Parent Relationship": "Outer",
                                                      "Parallel Aware": false,
                                                      "Async Capable": false,
                                                      "Join Type": "Inner",
                                                      "Startup Cost": 23.25,
                                                      "Total Cost": 328.24,
                                                      "Plan Rows": 127,
                                                      "Plan Width": 22,
                                                      "Actual Startup Time": 0.058,
                                                      "Actual Total Time": 5.817,
                                                      "Actual Rows": 6192,
                                                      "Actual Loops": 1,
                                                      "Output": ["mi_idx1.info", "mi_idx1.info_type_id", "mi_idx1.movie_id", "ml.movie_id", "ml.linked_movie_id"],
                                                      "Inner Unique": false,
                                                      "Plans": [
                                                        {
                                                          "Node Type": "Nested Loop",
                                                          "Parent Relationship": "Outer",
                                                          "Parallel Aware": false,
                                                          "Async Capable": false,
                                                          "Join Type": "Inner",
                                                          "Startup Cost": 22.82,
                                                          "Total Cost": 246.88,
                                                          "Plan Rows": 42,
                                                          "Plan Width": 8,
                                                          "Actual Startup Time": 0.053,
                                                          "Actual Total Time": 0.767,
                                                          "Actual Rows": 2315,
                                                          "Actual Loops": 1,
                                                          "Output": ["ml.movie_id", "ml.linked_movie_id"],
                                                          "Inner Unique": false,
                                                          "Plans": [
                                                            {
                                                              "Node Type": "Seq Scan",
                                                              "Parent Relationship": "Outer",
                                                              "Parallel Aware": false,
                                                              "Async Capable": false,
                                                              "Relation Name": "link_type",
                                                              "Schema": "public",
                                                              "Alias": "lt",
                                                              "Startup Cost": 0.00,
                                                              "Total Cost": 18.88,
                                                              "Plan Rows": 1,
                                                              "Plan Width": 4,
                                                              "Actual Startup Time": 0.005,
                                                              "Actual Total Time": 0.008,
                                                              "Actual Rows": 2,
                                                              "Actual Loops": 1,
                                                              "Output": ["lt.id", "lt.link"],
                                                              "Filter": "((lt.link)::text ~~ '%follow%'::text)",
                                                              "Rows Removed by Filter": 16
                                                            },
                                                            {
                                                              "Node Type": "Bitmap Heap Scan",
                                                              "Parent Relationship": "Inner",
                                                              "Parallel Aware": false,
                                                              "Async Capable": false,
                                                              "Relation Name": "movie_link",
                                                              "Schema": "public",
                                                              "Alias": "ml",
                                                              "Startup Cost": 22.82,
                                                              "Total Cost": 209.26,
                                                              "Plan Rows": 1875,
                                                              "Plan Width": 12,
                                                              "Actual Startup Time": 0.045,
                                                              "Actual Total Time": 0.241,
                                                              "Actual Rows": 1158,
                                                              "Actual Loops": 2,
                                                              "Output": ["ml.id", "ml.movie_id", "ml.linked_movie_id", "ml.link_type_id"],
                                                              "Recheck Cond": "(ml.link_type_id = lt.id)",
                                                              "Rows Removed by Index Recheck": 0,
                                                              "Exact Heap Blocks": 191,
                                                              "Lossy Heap Blocks": 0,
                                                              "Plans": [
                                                                {
                                                                  "Node Type": "Bitmap Index Scan",
                                                                  "Parent Relationship": "Outer",
                                                                  "Parallel Aware": false,
                                                                  "Async Capable": false,
                                                                  "Index Name": "link_type_id_movie_link",
                                                                  "Startup Cost": 0.00,
                                                                  "Total Cost": 22.35,
                                                                  "Plan Rows": 1875,
                                                                  "Plan Width": 0,
                                                                  "Actual Startup Time": 0.032,
                                                                  "Actual Total Time": 0.032,
                                                                  "Actual Rows": 1158,
                                                                  "Actual Loops": 2,
                                                                  "Index Cond": "(ml.link_type_id = lt.id)"
                                                                }
                                                              ]
                                                            }
                                                          ]
                                                        },
                                                        {
                                                          "Node Type": "Index Scan",
                                                          "Parent Relationship": "Inner",
                                                          "Parallel Aware": false,
                                                          "Async Capable": false,
                                                          "Scan Direction": "Forward",
                                                          "Index Name": "movie_id_movie_info_idx",
                                                          "Relation Name": "movie_info_idx",
                                                          "Schema": "public",
                                                          "Alias": "mi_idx1",
                                                          "Startup Cost": 0.43,
                                                          "Total Cost": 1.91,
                                                          "Plan Rows": 3,
                                                          "Plan Width": 14,
                                                          "Actual Startup Time": 0.001,
                                                          "Actual Total Time": 0.002,
                                                          "Actual Rows": 3,
                                                          "Actual Loops": 2315,
                                                          "Output": ["mi_idx1.id", "mi_idx1.movie_id", "mi_idx1.info_type_id", "mi_idx1.info", "mi_idx1.note"],
                                                          "Index Cond": "(mi_idx1.movie_id = ml.movie_id)",
                                                          "Rows Removed by Index Recheck": 0
                                                        }
                                                      ]
                                                    },
                                                    {
                                                      "Node Type": "Memoize",
                                                      "Parent Relationship": "Inner",
                                                      "Parallel Aware": false,
                                                      "Async Capable": false,
                                                      "Startup Cost": 0.15,
                                                      "Total Cost": 0.17,
                                                      "Plan Rows": 1,
                                                      "Plan Width": 4,
                                                      "Actual Startup Time": 0.000,
                                                      "Actual Total Time": 0.000,
                                                      "Actual Rows": 0,
                                                      "Actual Loops": 6192,
                                                      "Output": ["it1.id"],
                                                      "Cache Key": "mi_idx1.info_type_id",
                                                      "Cache Mode": "logical",
                                                      "Cache Hits": 6189,
                                                      "Cache Misses": 3,
                                                      "Cache Evictions": 0,
                                                      "Cache Overflows": 0,
                                                      "Peak Memory Usage": 1,
                                                      "Plans": [
                                                        {
                                                          "Node Type": "Index Scan",
                                                          "Parent Relationship": "Outer",
                                                          "Parallel Aware": false,
                                                          "Async Capable": false,
                                                          "Scan Direction": "Forward",
                                                          "Index Name": "info_type_pkey",
                                                          "Relation Name": "info_type",
                                                          "Schema": "public",
                                                          "Alias": "it1",
                                                          "Startup Cost": 0.14,
                                                          "Total Cost": 0.16,
                                                          "Plan Rows": 1,
                                                          "Plan Width": 4,
                                                          "Actual Startup Time": 0.002,
                                                          "Actual Total Time": 0.002,
                                                          "Actual Rows": 0,
                                                          "Actual Loops": 3,
                                                          "Output": ["it1.id"],
                                                          "Index Cond": "(it1.id = mi_idx1.info_type_id)",
                                                          "Rows Removed by Index Recheck": 0,
                                                          "Filter": "((it1.info)::text = 'rating'::text)",
                                                          "Rows Removed by Filter": 1
                                                        }
                                                      ]
                                                    }
                                                  ]
                                                },
                                                {
                                                  "Node Type": "Index Scan",
                                                  "Parent Relationship": "Inner",
                                                  "Parallel Aware": false,
                                                  "Async Capable": false,
                                                  "Scan Direction": "Forward",
                                                  "Index Name": "movie_id_movie_companies",
                                                  "Relation Name": "movie_companies",
                                                  "Schema": "public",
                                                  "Alias": "mc1",
                                                  "Startup Cost": 0.43,
                                                  "Total Cost": 0.59,
                                                  "Plan Rows": 5,
                                                  "Plan Width": 8,
                                                  "Actual Startup Time": 0.001,
                                                  "Actual Total Time": 0.002,
                                                  "Actual Rows": 5,
                                                  "Actual Loops": 2064,
                                                  "Output": ["mc1.id", "mc1.movie_id", "mc1.company_id", "mc1.company_type_id", "mc1.note"],
                                                  "Index Cond": "(mc1.movie_id = mi_idx1.movie_id)",
                                                  "Rows Removed by Index Recheck": 0
                                                }
                                              ]
                                            },
                                            {
                                              "Node Type": "Index Scan",
                                              "Parent Relationship": "Inner",
                                              "Parallel Aware": false,
                                              "Async Capable": false,
                                              "Scan Direction": "Forward",
                                              "Index Name": "company_name_pkey",
                                              "Relation Name": "company_name",
                                              "Schema": "public",
                                              "Alias": "cn1",
                                              "Startup Cost": 0.42,
                                              "Total Cost": 0.45,
                                              "Plan Rows": 1,
                                              "Plan Width": 23,
                                              "Actual Startup Time": 0.001,
                                              "Actual Total Time": 0.001,
                                              "Actual Rows": 0,
                                              "Actual Loops": 9674,
                                              "Output": ["cn1.id", "cn1.name", "cn1.country_code", "cn1.imdb_id", "cn1.name_pcode_nf", "cn1.name_pcode_sf", "cn1.md5sum"],
                                              "Index Cond": "(cn1.id = mc1.company_id)",
                                              "Rows Removed by Index Recheck": 0,
                                              "Filter": "((cn1.country_code)::text = '[nl]'::text)",
                                              "Rows Removed by Filter": 1
                                            }
                                          ]
                                        },
                                        {
                                          "Node Type": "Seq Scan",
                                          "Parent Relationship": "Inner",
                                          "Parallel Aware": false,
                                          "Async Capable": false,
                                          "Relation Name": "info_type",
                                          "Schema": "public",
                                          "Alias": "it2",
                                          "Startup Cost": 0.00,
                                          "Total Cost": 2.41,
                                          "Plan Rows": 1,
                                          "Plan Width": 4,
                                          "Actual Startup Time": 0.008,
                                          "Actual Total Time": 0.009,
                                          "Actual Rows": 1,
                                          "Actual Loops": 477,
                                          "Output": ["it2.id", "it2.info"],
                                          "Filter": "((it2.info)::text = 'rating'::text)",
                                          "Rows Removed by Filter": 112
                                        }
                                      ]
                                    },
                                    {
                                      "Node Type": "Index Scan",
                                      "Parent Relationship": "Inner",
                                      "Parallel Aware": false,
                                      "Async Capable": false,
                                      "Scan Direction": "Forward",
                                      "Index Name": "title_pkey",
                                      "Relation Name": "title",
                                      "Schema": "public",
                                      "Alias": "t2",
                                      "Startup Cost": 0.43,
                                      "Total Cost": 4.47,
                                      "Plan Rows": 1,
                                      "Plan Width": 25,
                                      "Actual Startup Time": 0.002,
                                      "Actual Total Time": 0.002,
                                      "Actual Rows": 0,
                                      "Actual Loops": 477,
                                      "Output": ["t2.id", "t2.title", "t2.imdb_index", "t2.kind_id", "t2.production_year", "t2.imdb_id", "t2.phonetic_code", "t2.episode_of_id", "t2.season_nr", "t2.episode_nr", "t2.series_years", "t2.md5sum"],
                                      "Index Cond": "(t2.id = ml.linked_movie_id)",
                                      "Rows Removed by Index Recheck": 0,
                                      "Filter": "(t2.production_year = 2007)",
                                      "Rows Removed by Filter": 1
                                    }
                                  ]
                                },
                                {
                                  "Node Type": "Index Scan",
                                  "Parent Relationship": "Inner",
                                  "Parallel Aware": false,
                                  "Async Capable": false,
                                  "Scan Direction": "Forward",
                                  "Index Name": "kind_type_pkey",
                                  "Relation Name": "kind_type",
                                  "Schema": "public",
                                  "Alias": "kt2",
                                  "Startup Cost": 0.15,
                                  "Total Cost": 0.17,
                                  "Plan Rows": 1,
                                  "Plan Width": 4,
                                  "Actual Startup Time": 0.002,
                                  "Actual Total Time": 0.002,
                                  "Actual Rows": 0,
                                  "Actual Loops": 6,
                                  "Output": ["kt2.id", "kt2.kind"],
                                  "Index Cond": "(kt2.id = t2.kind_id)",
                                  "Rows Removed by Index Recheck": 0,
                                  "Filter": "((kt2.kind)::text = 'tv series'::text)",
                                  "Rows Removed by Filter": 1
                                }
                              ]
                            },
                            {
                              "Node Type": "Index Scan",
                              "Parent Relationship": "Inner",
                              "Parallel Aware": false,
                              "Async Capable": false,
                              "Scan Direction": "Forward",
                              "Index Name": "movie_id_movie_companies",
                              "Relation Name": "movie_companies",
                              "Schema": "public",
                              "Alias": "mc2",
                              "Startup Cost": 0.43,
                              "Total Cost": 1.30,
                              "Plan Rows": 5,
                              "Plan Width": 8,
                              "Actual Startup Time": 0.006,
                              "Actual Total Time": 0.007,
                              "Actual Rows": 4,
                              "Actual Loops": 1,
                              "Output": ["mc2.id", "mc2.movie_id", "mc2.company_id", "mc2.company_type_id", "mc2.note"],
                              "Index Cond": "(mc2.movie_id = t2.id)",
                              "Rows Removed by Index Recheck": 0
                            }
                          ]
                        },
                        {
                          "Node Type": "Index Scan",
                          "Parent Relationship": "Inner",
                          "Parallel Aware": false,
                          "Async Capable": false,
                          "Scan Direction": "Forward",
                          "Index Name": "company_name_pkey",
                          "Relation Name": "company_name",
                          "Schema": "public",
                          "Alias": "cn2",
                          "Startup Cost": 0.42,
                          "Total Cost": 0.44,
                          "Plan Rows": 1,
                          "Plan Width": 23,
                          "Actual Startup Time": 0.002,
                          "Actual Total Time": 0.002,
                          "Actual Rows": 1,
                          "Actual Loops": 4,
                          "Output": ["cn2.id", "cn2.name", "cn2.country_code", "cn2.imdb_id", "cn2.name_pcode_nf", "cn2.name_pcode_sf", "cn2.md5sum"],
                          "Index Cond": "(cn2.id = mc2.company_id)",
                          "Rows Removed by Index Recheck": 0
                        }
                      ]
                    },
                    {
                      "Node Type": "Index Scan",
                      "Parent Relationship": "Inner",
                      "Parallel Aware": false,
                      "Async Capable": false,
                      "Scan Direction": "Forward",
                      "Index Name": "title_pkey",
                      "Relation Name": "title",
                      "Schema": "public",
                      "Alias": "t1",
                      "Startup Cost": 0.43,
                      "Total Cost": 0.52,
                      "Plan Rows": 1,
                      "Plan Width": 25,
                      "Actual Startup Time": 0.002,
                      "Actual Total Time": 0.002,
                      "Actual Rows": 1,
                      "Actual Loops": 4,
                      "Output": ["t1.id", "t1.title", "t1.imdb_index", "t1.kind_id", "t1.production_year", "t1.imdb_id", "t1.phonetic_code", "t1.episode_of_id", "t1.season_nr", "t1.episode_nr", "t1.series_years", "t1.md5sum"],
                      "Index Cond": "(t1.id = mc1.movie_id)",
                      "Rows Removed by Index Recheck": 0
                    }
                  ]
                },
                {
                  "Node Type": "Index Scan",
                  "Parent Relationship": "Inner",
                  "Parallel Aware": false,
                  "Async Capable": false,
                  "Scan Direction": "Forward",
                  "Index Name": "kind_type_pkey",
                  "Relation Name": "kind_type",
                  "Schema": "public",
                  "Alias": "kt1",
                  "Startup Cost": 0.15,
                  "Total Cost": 0.17,
                  "Plan Rows": 1,
                  "Plan Width": 4,
                  "Actual Startup Time": 0.001,
                  "Actual Total Time": 0.001,
                  "Actual Rows": 1,
                  "Actual Loops": 4,
                  "Output": ["kt1.id", "kt1.kind"],
                  "Index Cond": "(kt1.id = t1.kind_id)",
                  "Rows Removed by Index Recheck": 0,
                  "Filter": "((kt1.kind)::text = 'tv series'::text)",
                  "Rows Removed by Filter": 0
                }
              ]
            },
            {
              "Node Type": "Index Scan",
              "Parent Relationship": "Inner",
              "Parallel Aware": false,
              "Async Capable": false,
              "Scan Direction": "Forward",
              "Index Name": "movie_id_movie_info_idx",
              "Relation Name": "movie_info_idx",
              "Schema": "public",
              "Alias": "mi_idx2",
              "Startup Cost": 0.43,
              "Total Cost": 0.50,
              "Plan Rows": 1,
              "Plan Width": 14,
              "Actual Startup Time": 0.003,
              "Actual Total Time": 0.003,
              "Actual Rows": 2,
              "Actual Loops": 4,
              "Output": ["mi_idx2.id", "mi_idx2.movie_id", "mi_idx2.info_type_id", "mi_idx2.info", "mi_idx2.note"],
              "Index Cond": "(mi_idx2.movie_id = mc2.movie_id)",
              "Rows Removed by Index Recheck": 0,
              "Filter": "((mi_idx2.info)::text < '3.0'::text)",
              "Rows Removed by Filter": 1
            }
          ]
        }
      ]
    },
    "Planning Time": 88.497,
    "Triggers": [
    ],
    "Execution Time": 35.583
  }
]
