[
  {
    "Plan": {
      "Node Type": "Aggregate",
      "Strategy": "Plain",
      "Partial Mode": "Simple",
      "Parallel Aware": false,
      "Async Capable": false,
      "Startup Cost": 1625.15,
      "Total Cost": 1625.16,
      "Plan Rows": 1,
      "Plan Width": 192,
      "Actual Startup Time": 73.135,
      "Actual Total Time": 73.139,
      "Actual Rows": 1,
      "Actual Loops": 1,
      "Output": ["min((cn1.name)::text)", "min((cn2.name)::text)", "min((mi_idx1.info)::text)", "min((mi_idx2.info)::text)", "min((t1.title)::text)", "min((t2.title)::text)"],
      "Plans": [
        {
          "Node Type": "Nested Loop",
          "Parent Relationship": "Outer",
          "Parallel Aware": false,
          "Async Capable": false,
          "Join Type": "Inner",
          "Startup Cost": 23.77,
          "Total Cost": 1625.13,
          "Plan Rows": 1,
          "Plan Width": 84,
          "Actual Startup Time": 9.890,
          "Actual Total Time": 73.088,
          "Actual Rows": 114,
          "Actual Loops": 1,
          "Output": ["cn1.name", "cn2.name", "mi_idx1.info", "mi_idx2.info", "t1.title", "t2.title"],
          "Inner Unique": true,
          "Plans": [
            {
              "Node Type": "Nested Loop",
              "Parent Relationship": "Outer",
              "Parallel Aware": false,
              "Async Capable": false,
              "Join Type": "Inner",
              "Startup Cost": 23.35,
              "Total Cost": 1624.69,
              "Plan Rows": 1,
              "Plan Width": 69,
              "Actual Startup Time": 9.887,
              "Actual Total Time": 72.880,
              "Actual Rows": 114,
              "Actual Loops": 1,
              "Output": ["cn1.name", "mi_idx1.info", "mi_idx2.info", "t2.title", "t1.title", "mc2.company_id"],
              "Inner Unique": false,
              "Plans": [
                {
                  "Node Type": "Nested Loop",
                  "Parent Relationship": "Outer",
                  "Parallel Aware": false,
                  "Async Capable": false,
                  "Join Type": "Inner",
                  "Startup Cost": 22.92,
                  "Total Cost": 1624.03,
                  "Plan Rows": 1,
                  "Plan Width": 77,
                  "Actual Startup Time": 9.883,
                  "Actual Total Time": 72.736,
                  "Actual Rows": 46,
                  "Actual Loops": 1,
                  "Output": ["cn1.name", "mi_idx1.info", "ml.linked_movie_id", "mi_idx2.info", "mi_idx2.movie_id", "t2.title", "t2.id", "t1.title"],
                  "Inner Unique": true,
                  "Plans": [
                    {
                      "Node Type": "Nested Loop",
                      "Parent Relationship": "Outer",
                      "Parallel Aware": false,
                      "Async Capable": false,
                      "Join Type": "Inner",
                      "Startup Cost": 22.77,
                      "Total Cost": 1623.86,
                      "Plan Rows": 1,
                      "Plan Width": 81,
                      "Actual Startup Time": 9.876,
                      "Actual Total Time": 72.670,
                      "Actual Rows": 46,
                      "Actual Loops": 1,
                      "Output": ["cn1.name", "mi_idx1.info", "ml.linked_movie_id", "mi_idx2.info", "mi_idx2.movie_id", "t2.title", "t2.id", "t1.title", "t1.kind_id"],
                      "Inner Unique": true,
                      "Join Filter": "(ml.movie_id = t1.id)",
                      "Rows Removed by Join Filter": 0,
                      "Plans": [
                        {
                          "Node Type": "Nested Loop",
                          "Parent Relationship": "Outer",
                          "Parallel Aware": false,
                          "Async Capable": false,
                          "Join Type": "Inner",
                          "Startup Cost": 22.34,
                          "Total Cost": 1623.33,
                          "Plan Rows": 1,
                          "Plan Width": 72,
                          "Actual Startup Time": 9.871,
                          "Actual Total Time": 72.569,
                          "Actual Rows": 46,
                          "Actual Loops": 1,
                          "Output": ["cn1.name", "mi_idx1.info", "mi_idx1.movie_id", "ml.movie_id", "ml.linked_movie_id", "mc1.movie_id", "mi_idx2.info", "mi_idx2.movie_id", "t2.title", "t2.id"],
                          "Inner Unique": true,
                          "Plans": [
                            {
                              "Node Type": "Nested Loop",
                              "Parent Relationship": "Outer",
                              "Parallel Aware": false,
                              "Async Capable": false,
                              "Join Type": "Inner",
                              "Startup Cost": 22.19,
                              "Total Cost": 1623.15,
                              "Plan Rows": 1,
                              "Plan Width": 76,
                              "Actual Startup Time": 0.631,
                              "Actual Total Time": 68.614,
                              "Actual Rows": 3986,
                              "Actual Loops": 1,
                              "Output": ["cn1.name", "mi_idx1.info", "mi_idx1.movie_id", "ml.movie_id", "ml.linked_movie_id", "mc1.movie_id", "mi_idx2.info", "mi_idx2.info_type_id", "mi_idx2.movie_id", "t2.title", "t2.id"],
                              "Inner Unique": true,
                              "Plans": [
                                {
                                  "Node Type": "Nested Loop",
                                  "Parent Relationship": "Outer",
                                  "Parallel Aware": false,
                                  "Async Capable": false,
                                  "Join Type": "Inner",
                                  "Startup Cost": 22.03,
                                  "Total Cost": 1621.49,
                                  "Plan Rows": 21,
                                  "Plan Width": 80,
                                  "Actual Startup Time": 0.145,
                                  "Actual Total Time": 66.493,
                                  "Actual Rows": 4828,
                                  "Actual Loops": 1,
                                  "Output": ["cn1.name", "mi_idx1.info", "mi_idx1.movie_id", "ml.movie_id", "ml.linked_movie_id", "mc1.movie_id", "mi_idx2.info", "mi_idx2.info_type_id", "mi_idx2.movie_id", "t2.title", "t2.id", "t2.kind_id"],
                                  "Inner Unique": true,
                                  "Join Filter": "(ml.linked_movie_id = t2.id)",
                                  "Rows Removed by Join Filter": 0,
                                  "Plans": [
                                    {
                                      "Node Type": "Nested Loop",
                                      "Parent Relationship": "Outer",
                                      "Parallel Aware": false,
                                      "Async Capable": false,
                                      "Join Type": "Inner",
                                      "Startup Cost": 21.60,
                                      "Total Cost": 1584.43,
                                      "Plan Rows": 51,
                                      "Plan Width": 55,
                                      "Actual Startup Time": 0.054,
                                      "Actual Total Time": 49.693,
                                      "Actual Rows": 9593,
                                      "Actual Loops": 1,
                                      "Output": ["cn1.name", "mi_idx1.info", "mi_idx1.movie_id", "ml.movie_id", "ml.linked_movie_id", "mc1.movie_id", "mi_idx2.info", "mi_idx2.info_type_id", "mi_idx2.movie_id"],
                                      "Inner Unique": false,
                                      "Plans": [
                                        {
                                          "Node Type": "Nested Loop",
                                          "Parent Relationship": "Outer",
                                          "Parallel Aware": false,
                                          "Async Capable": false,
                                          "Join Type": "Inner",
                                          "Startup Cost": 21.18,
                                          "Total Cost": 1518.66,
                                          "Plan Rows": 34,
                                          "Plan Width": 41,
                                          "Actual Startup Time": 0.050,
                                          "Actual Total Time": 33.182,
                                          "Actual Rows": 7279,
                                          "Actual Loops": 1,
                                          "Output": ["cn1.name", "mi_idx1.info", "mi_idx1.movie_id", "ml.movie_id", "ml.linked_movie_id", "mc1.movie_id"],
                                          "Inner Unique": true,
                                          "Plans": [
                                            {
                                              "Node Type": "Nested Loop",
                                              "Parent Relationship": "Outer",
                                              "Parallel Aware": false,
                                              "Async Capable": false,
                                              "Join Type": "Inner",
                                              "Startup Cost": 20.76,
                                              "Total Cost": 1490.56,
                                              "Plan Rows": 63,
                                              "Plan Width": 26,
                                              "Actual Startup Time": 0.045,
                                              "Actual Total Time": 17.115,
                                              "Actual Rows": 9674,
                                              "Actual Loops": 1,
                                              "Output": ["mi_idx1.info", "mi_idx1.movie_id", "ml.movie_id", "ml.linked_movie_id", "mc1.company_id", "mc1.movie_id"],
                                              "Inner Unique": false,
                                              "Join Filter": "(ml.movie_id = mc1.movie_id)",
                                              "Rows Removed by Join Filter": 0,
                                              "Plans": [
                                                {
                                                  "Node Type": "Nested Loop",
                                                  "Parent Relationship": "Outer",
                                                  "Parallel Aware": false,
                                                  "Async Capable": false,
                                                  "Join Type": "Inner",
                                                  "Startup Cost": 20.33,
                                                  "Total Cost": 1482.77,
                                                  "Plan Rows": 12,
                                                  "Plan Width": 18,
                                                  "Actual Startup Time": 0.041,
                                                  "Actual Total Time": 10.217,
                                                  "Actual Rows": 2064,
                                                  "Actual Loops": 1,
                                                  "Output": ["mi_idx1.info", "mi_idx1.movie_id", "ml.movie_id", "ml.linked_movie_id"],
                                                  "Inner Unique": false,
                                                  "Join Filter": "(mi_idx1.info_type_id = it1.id)",
                                                  "Rows Removed by Join Filter": 4128,
                                                  "Plans": [
                                                    {
                                                      "Node Type": "Seq Scan",
                                                      "Parent Relationship": "Outer",
                                                      "Parallel Aware": false,
                                                      "Async Capable": false,
                                                      "Relation Name": "info_type",
                                                      "Schema": "public",
                                                      "Alias": "it1",
                                                      "Startup Cost": 0.00,
                                                      "Total Cost": 2.41,
                                                      "Plan Rows": 1,
                                                      "Plan Width": 4,
                                                      "Actual Startup Time": 0.013,
                                                      "Actual Total Time": 0.016,
                                                      "Actual Rows": 1,
                                                      "Actual Loops": 1,
                                                      "Output": ["it1.id", "it1.info"],
                                                      "Filter": "((it1.info)::text = 'rating'::text)",
                                                      "Rows Removed by Filter": 112
                                                    },
                                                    {
                                                      "Node Type": "Nested Loop",
                                                      "Parent Relationship": "Inner",
                                                      "Parallel Aware": false,
                                                      "Async Capable": false,
                                                      "Join Type": "Inner",
                                                      "Startup Cost": 20.33,
                                                      "Total Cost": 1462.82,
                                                      "Plan Rows": 1403,
                                                      "Plan Width": 22,
                                                      "Actual Startup Time": 0.025,
                                                      "Actual Total Time": 9.551,
                                                      "Actual Rows": 6192,
                                                      "Actual Loops": 1,
                                                      "Output": ["mi_idx1.info", "mi_idx1.info_type_id", "mi_idx1.movie_id", "ml.movie_id", "ml.linked_movie_id"],
                                                      "Inner Unique": false,
                                                      "Plans": [
                                                        {
                                                          "Node Type": "Hash Join",
                                                          "Parent Relationship": "Outer",
                                                          "Parallel Aware": false,
                                                          "Async Capable": false,
                                                          "Join Type": "Inner",
                                                          "Startup Cost": 19.90,
                                                          "Total Cost": 562.08,
                                                          "Plan Rows": 465,
                                                          "Plan Width": 8,
                                                          "Actual Startup Time": 0.020,
                                                          "Actual Total Time": 4.447,
                                                          "Actual Rows": 2315,
                                                          "Actual Loops": 1,
                                                          "Output": ["ml.movie_id", "ml.linked_movie_id"],
                                                          "Inner Unique": true,
                                                          "Hash Cond": "(ml.link_type_id = lt.id)",
                                                          "Plans": [
                                                            {
                                                              "Node Type": "Seq Scan",
                                                              "Parent Relationship": "Outer",
                                                              "Parallel Aware": false,
                                                              "Async Capable": false,
                                                              "Relation Name": "movie_link",
                                                              "Schema": "public",
                                                              "Alias": "ml",
                                                              "Startup Cost": 0.00,
                                                              "Total Cost": 462.97,
                                                              "Plan Rows": 29997,
                                                              "Plan Width": 12,
                                                              "Actual Startup Time": 0.003,
                                                              "Actual Total Time": 1.737,
                                                              "Actual Rows": 29997,
                                                              "Actual Loops": 1,
                                                              "Output": ["ml.id", "ml.movie_id", "ml.linked_movie_id", "ml.link_type_id"]
                                                            },
                                                            {
                                                              "Node Type": "Hash",
                                                              "Parent Relationship": "Inner",
                                                              "Parallel Aware": false,
                                                              "Async Capable": false,
                                                              "Startup Cost": 19.76,
                                                              "Total Cost": 19.76,
                                                              "Plan Rows": 11,
                                                              "Plan Width": 4,
                                                              "Actual Startup Time": 0.007,
                                                              "Actual Total Time": 0.008,
                                                              "Actual Rows": 2,
                                                              "Actual Loops": 1,
                                                              "Output": ["lt.id"],
                                                              "Hash Buckets": 1024,
                                                              "Original Hash Buckets": 1024,
                                                              "Hash Batches": 1,
                                                              "Original Hash Batches": 1,
                                                              "Peak Memory Usage": 9,
                                                              "Plans": [
                                                                {
                                                                  "Node Type": "Seq Scan",
                                                                  "Parent Relationship": "Outer",
                                                                  "Parallel Aware": false,
                                                                  "Async Capable": false,
                                                                  "Relation Name": "link_type",
                                                                  "Schema": "public",
                                                                  "Alias": "lt",
                                                                  "Startup Cost": 0.00,
                                                                  "Total Cost": 19.76,
                                                                  "Plan Rows": 11,
                                                                  "Plan Width": 4,
                                                                  "Actual Startup Time": 0.003,
                                                                  "Actual Total Time": 0.006,
                                                                  "Actual Rows": 2,
                                                                  "Actual Loops": 1,
                                                                  "Output": ["lt.id"],
                                                                  "Filter": "((lt.link)::text = ANY ('{sequel,follows,\"followed by\"}'::text[]))",
                                                                  "Rows Removed by Filter": 16
                                                                }
                                                              ]
                                                            }
                                                          ]
                                                        },
                                                        {
                                                          "Node Type": "Index Scan",
                                                          "Parent Relationship": "Inner",
                                                          "Parallel Aware": false,
                                                          "Async Capable": false,
                                                          "Scan Direction": "Forward",
                                                          "Index Name": "movie_id_movie_info_idx",
                                                          "Relation Name": "movie_info_idx",
                                                          "Schema": "public",
                                                          "Alias": "mi_idx1",
                                                          "Startup Cost": 0.43,
                                                          "Total Cost": 1.91,
                                                          "Plan Rows": 3,
                                                          "Plan Width": 14,
                                                          "Actual Startup Time": 0.001,
                                                          "Actual Total Time": 0.002,
                                                          "Actual Rows": 3,
                                                          "Actual Loops": 2315,
                                                          "Output": ["mi_idx1.id", "mi_idx1.movie_id", "mi_idx1.info_type_id", "mi_idx1.info", "mi_idx1.note"],
                                                          "Index Cond": "(mi_idx1.movie_id = ml.movie_id)",
                                                          "Rows Removed by Index Recheck": 0
                                                        }
                                                      ]
                                                    }
                                                  ]
                                                },
                                                {
                                                  "Node Type": "Index Scan",
                                                  "Parent Relationship": "Inner",
                                                  "Parallel Aware": false,
                                                  "Async Capable": false,
                                                  "Scan Direction": "Forward",
                                                  "Index Name": "movie_id_movie_companies",
                                                  "Relation Name": "movie_companies",
                                                  "Schema": "public",
                                                  "Alias": "mc1",
                                                  "Startup Cost": 0.43,
                                                  "Total Cost": 0.59,
                                                  "Plan Rows": 5,
                                                  "Plan Width": 8,
                                                  "Actual Startup Time": 0.001,
                                                  "Actual Total Time": 0.002,
                                                  "Actual Rows": 5,
                                                  "Actual Loops": 2064,
                                                  "Output": ["mc1.id", "mc1.movie_id", "mc1.company_id", "mc1.company_type_id", "mc1.note"],
                                                  "Index Cond": "(mc1.movie_id = mi_idx1.movie_id)",
                                                  "Rows Removed by Index Recheck": 0
                                                }
                                              ]
                                            },
                                            {
                                              "Node Type": "Index Scan",
                                              "Parent Relationship": "Inner",
                                              "Parallel Aware": false,
                                              "Async Capable": false,
                                              "Scan Direction": "Forward",
                                              "Index Name": "company_name_pkey",
                                              "Relation Name": "company_name",
                                              "Schema": "public",
                                              "Alias": "cn1",
                                              "Startup Cost": 0.42,
                                              "Total Cost": 0.45,
                                              "Plan Rows": 1,
                                              "Plan Width": 23,
                                              "Actual Startup Time": 0.001,
                                              "Actual Total Time": 0.001,
                                              "Actual Rows": 1,
                                              "Actual Loops": 9674,
                                              "Output": ["cn1.id", "cn1.name", "cn1.country_code", "cn1.imdb_id", "cn1.name_pcode_nf", "cn1.name_pcode_sf", "cn1.md5sum"],
                                              "Index Cond": "(cn1.id = mc1.company_id)",
                                              "Rows Removed by Index Recheck": 0,
                                              "Filter": "((cn1.country_code)::text <> '[us]'::text)",
                                              "Rows Removed by Filter": 0
                                            }
                                          ]
                                        },
                                        {
                                          "Node Type": "Index Scan",
                                          "Parent Relationship": "Inner",
                                          "Parallel Aware": false,
                                          "Async Capable": false,
                                          "Scan Direction": "Forward",
                                          "Index Name": "movie_id_movie_info_idx",
                                          "Relation Name": "movie_info_idx",
                                          "Schema": "public",
                                          "Alias": "mi_idx2",
                                          "Startup Cost": 0.43,
                                          "Total Cost": 1.91,
                                          "Plan Rows": 2,
                                          "Plan Width": 14,
                                          "Actual Startup Time": 0.001,
                                          "Actual Total Time": 0.002,
                                          "Actual Rows": 1,
                                          "Actual Loops": 7279,
                                          "Output": ["mi_idx2.id", "mi_idx2.movie_id", "mi_idx2.info_type_id", "mi_idx2.info", "mi_idx2.note"],
                                          "Index Cond": "(mi_idx2.movie_id = ml.linked_movie_id)",
                                          "Rows Removed by Index Recheck": 0,
                                          "Filter": "((mi_idx2.info)::text < '3.5'::text)",
                                          "Rows Removed by Filter": 2
                                        }
                                      ]
                                    },
                                    {
                                      "Node Type": "Index Scan",
                                      "Parent Relationship": "Inner",
                                      "Parallel Aware": false,
                                      "Async Capable": false,
                                      "Scan Direction": "Forward",
                                      "Index Name": "title_pkey",
                                      "Relation Name": "title",
                                      "Schema": "public",
                                      "Alias": "t2",
                                      "Startup Cost": 0.43,
                                      "Total Cost": 0.71,
                                      "Plan Rows": 1,
                                      "Plan Width": 25,
                                      "Actual Startup Time": 0.001,
                                      "Actual Total Time": 0.001,
                                      "Actual Rows": 1,
                                      "Actual Loops": 9593,
                                      "Output": ["t2.id", "t2.title", "t2.imdb_index", "t2.kind_id", "t2.production_year", "t2.imdb_id", "t2.phonetic_code", "t2.episode_of_id", "t2.season_nr", "t2.episode_nr", "t2.series_years", "t2.md5sum"],
                                      "Index Cond": "(t2.id = mi_idx2.movie_id)",
                                      "Rows Removed by Index Recheck": 0,
                                      "Filter": "((t2.production_year >= 2000) AND (t2.production_year <= 2010))",
                                      "Rows Removed by Filter": 0
                                    }
                                  ]
                                },
                                {
                                  "Node Type": "Memoize",
                                  "Parent Relationship": "Inner",
                                  "Parallel Aware": false,
                                  "Async Capable": false,
                                  "Startup Cost": 0.16,
                                  "Total Cost": 0.18,
                                  "Plan Rows": 1,
                                  "Plan Width": 4,
                                  "Actual Startup Time": 0.000,
                                  "Actual Total Time": 0.000,
                                  "Actual Rows": 1,
                                  "Actual Loops": 4828,
                                  "Output": ["kt2.id"],
                                  "Cache Key": "t2.kind_id",
                                  "Cache Mode": "logical",
                                  "Cache Hits": 4822,
                                  "Cache Misses": 6,
                                  "Cache Evictions": 0,
                                  "Cache Overflows": 0,
                                  "Peak Memory Usage": 1,
                                  "Plans": [
                                    {
                                      "Node Type": "Index Scan",
                                      "Parent Relationship": "Outer",
                                      "Parallel Aware": false,
                                      "Async Capable": false,
                                      "Scan Direction": "Forward",
                                      "Index Name": "kind_type_pkey",
                                      "Relation Name": "kind_type",
                                      "Schema": "public",
                                      "Alias": "kt2",
                                      "Startup Cost": 0.15,
                                      "Total Cost": 0.17,
                                      "Plan Rows": 1,
                                      "Plan Width": 4,
                                      "Actual Startup Time": 0.001,
                                      "Actual Total Time": 0.001,
                                      "Actual Rows": 0,
                                      "Actual Loops": 6,
                                      "Output": ["kt2.id"],
                                      "Index Cond": "(kt2.id = t2.kind_id)",
                                      "Rows Removed by Index Recheck": 0,
                                      "Filter": "((kt2.kind)::text = ANY ('{\"tv series\",episode}'::text[]))",
                                      "Rows Removed by Filter": 1
                                    }
                                  ]
                                }
                              ]
                            },
                            {
                              "Node Type": "Index Scan",
                              "Parent Relationship": "Inner",
                              "Parallel Aware": false,
                              "Async Capable": false,
                              "Scan Direction": "Forward",
                              "Index Name": "info_type_pkey",
                              "Relation Name": "info_type",
                              "Schema": "public",
                              "Alias": "it2",
                              "Startup Cost": 0.14,
                              "Total Cost": 0.16,
                              "Plan Rows": 1,
                              "Plan Width": 4,
                              "Actual Startup Time": 0.001,
                              "Actual Total Time": 0.001,
                              "Actual Rows": 0,
                              "Actual Loops": 3986,
                              "Output": ["it2.id", "it2.info"],
                              "Index Cond": "(it2.id = mi_idx2.info_type_id)",
                              "Rows Removed by Index Recheck": 0,
                              "Filter": "((it2.info)::text = 'rating'::text)",
                              "Rows Removed by Filter": 1
                            }
                          ]
                        },
                        {
                          "Node Type": "Index Scan",
                          "Parent Relationship": "Inner",
                          "Parallel Aware": false,
                          "Async Capable": false,
                          "Scan Direction": "Forward",
                          "Index Name": "title_pkey",
                          "Relation Name": "title",
                          "Schema": "public",
                          "Alias": "t1",
                          "Startup Cost": 0.43,
                          "Total Cost": 0.52,
                          "Plan Rows": 1,
                          "Plan Width": 25,
                          "Actual Startup Time": 0.002,
                          "Actual Total Time": 0.002,
                          "Actual Rows": 1,
                          "Actual Loops": 46,
                          "Output": ["t1.id", "t1.title", "t1.imdb_index", "t1.kind_id", "t1.production_year", "t1.imdb_id", "t1.phonetic_code", "t1.episode_of_id", "t1.season_nr", "t1.episode_nr", "t1.series_years", "t1.md5sum"],
                          "Index Cond": "(t1.id = mc1.movie_id)",
                          "Rows Removed by Index Recheck": 0
                        }
                      ]
                    },
                    {
                      "Node Type": "Index Scan",
                      "Parent Relationship": "Inner",
                      "Parallel Aware": false,
                      "Async Capable": false,
                      "Scan Direction": "Forward",
                      "Index Name": "kind_type_pkey",
                      "Relation Name": "kind_type",
                      "Schema": "public",
                      "Alias": "kt1",
                      "Startup Cost": 0.15,
                      "Total Cost": 0.17,
                      "Plan Rows": 1,
                      "Plan Width": 4,
                      "Actual Startup Time": 0.001,
                      "Actual Total Time": 0.001,
                      "Actual Rows": 1,
                      "Actual Loops": 46,
                      "Output": ["kt1.id", "kt1.kind"],
                      "Index Cond": "(kt1.id = t1.kind_id)",
                      "Rows Removed by Index Recheck": 0,
                      "Filter": "((kt1.kind)::text = ANY ('{\"tv series\",episode}'::text[]))",
                      "Rows Removed by Filter": 0
                    }
                  ]
                },
                {
                  "Node Type": "Index Scan",
                  "Parent Relationship": "Inner",
                  "Parallel Aware": false,
                  "Async Capable": false,
                  "Scan Direction": "Forward",
                  "Index Name": "movie_id_movie_companies",
                  "Relation Name": "movie_companies",
                  "Schema": "public",
                  "Alias": "mc2",
                  "Startup Cost": 0.43,
                  "Total Cost": 0.61,
                  "Plan Rows": 5,
                  "Plan Width": 8,
                  "Actual Startup Time": 0.002,
                  "Actual Total Time": 0.002,
                  "Actual Rows": 2,
                  "Actual Loops": 46,
                  "Output": ["mc2.id", "mc2.movie_id", "mc2.company_id", "mc2.company_type_id", "mc2.note"],
                  "Index Cond": "(mc2.movie_id = t2.id)",
                  "Rows Removed by Index Recheck": 0
                }
              ]
            },
            {
              "Node Type": "Index Scan",
              "Parent Relationship": "Inner",
              "Parallel Aware": false,
              "Async Capable": false,
              "Scan Direction": "Forward",
              "Index Name": "company_name_pkey",
              "Relation Name": "company_name",
              "Schema": "public",
              "Alias": "cn2",
              "Startup Cost": 0.42,
              "Total Cost": 0.44,
              "Plan Rows": 1,
              "Plan Width": 23,
              "Actual Startup Time": 0.001,
              "Actual Total Time": 0.001,
              "Actual Rows": 1,
              "Actual Loops": 114,
              "Output": ["cn2.id", "cn2.name", "cn2.country_code", "cn2.imdb_id", "cn2.name_pcode_nf", "cn2.name_pcode_sf", "cn2.md5sum"],
              "Index Cond": "(cn2.id = mc2.company_id)",
              "Rows Removed by Index Recheck": 0
            }
          ]
        }
      ]
    },
    "Planning Time": 89.553,
    "Triggers": [
    ],
    "Execution Time": 73.242
  }
]
