[
  {
    "Plan": {
      "Node Type": "Aggregate",
      "Strategy": "Plain",
      "Partial Mode": "Simple",
      "Parallel Aware": false,
      "Async Capable": false,
      "Startup Cost": 16551.77,
      "Total Cost": 16551.78,
      "Plan Rows": 1,
      "Plan Width": 32,
      "Actual Startup Time": 75.341,
      "Actual Total Time": 75.343,
      "Actual Rows": 1,
      "Actual Loops": 1,
      "Output": ["min((t.title)::text)"],
      "Plans": [
        {
          "Node Type": "Nested Loop",
          "Parent Relationship": "Outer",
          "Parallel Aware": false,
          "Async Capable": false,
          "Join Type": "Inner",
          "Startup Cost": 7.65,
          "Total Cost": 16551.77,
          "Plan Rows": 1,
          "Plan Width": 17,
          "Actual Startup Time": 4.716,
          "Actual Total Time": 75.334,
          "Actual Rows": 5,
          "Actual Loops": 1,
          "Output": ["t.title"],
          "Inner Unique": false,
          "Join Filter": "(t.id = mi.movie_id)",
          "Rows Removed by Join Filter": 0,
          "Plans": [
            {
              "Node Type": "Nested Loop",
              "Parent Relationship": "Outer",
              "Parallel Aware": false,
              "Async Capable": false,
              "Join Type": "Inner",
              "Startup Cost": 7.21,
              "Total Cost": 16454.67,
              "Plan Rows": 69,
              "Plan Width": 25,
              "Actual Startup Time": 3.189,
              "Actual Total Time": 65.912,
              "Actual Rows": 405,
              "Actual Loops": 1,
              "Output": ["mk.movie_id", "t.title", "t.id"],
              "Inner Unique": true,
              "Plans": [
                {
                  "Node Type": "Nested Loop",
                  "Parent Relationship": "Outer",
                  "Parallel Aware": false,
                  "Async Capable": false,
                  "Join Type": "Inner",
                  "Startup Cost": 6.78,
                  "Total Cost": 16240.14,
                  "Plan Rows": 438,
                  "Plan Width": 4,
                  "Actual Startup Time": 2.743,
                  "Actual Total Time": 32.486,
                  "Actual Rows": 12951,
                  "Actual Loops": 1,
                  "Output": ["mk.movie_id"],
                  "Inner Unique": false,
                  "Plans": [
                    {
                      "Node Type": "Seq Scan",
                      "Parent Relationship": "Outer",
                      "Parallel Aware": false,
                      "Async Capable": false,
                      "Relation Name": "keyword",
                      "Schema": "public",
                      "Alias": "k",
                      "Startup Cost": 0.00,
                      "Total Cost": 2626.12,
                      "Plan Rows": 13,
                      "Plan Width": 4,
                      "Actual Startup Time": 1.012,
                      "Actual Total Time": 19.396,
                      "Actual Rows": 30,
                      "Actual Loops": 1,
                      "Output": ["k.id", "k.keyword", "k.phonetic_code"],
                      "Filter": "((k.keyword)::text ~~ '%sequel%'::text)",
                      "Rows Removed by Filter": 134140
                    },
                    {
                      "Node Type": "Bitmap Heap Scan",
                      "Parent Relationship": "Inner",
                      "Parallel Aware": false,
                      "Async Capable": false,
                      "Relation Name": "movie_keyword",
                      "Schema": "public",
                      "Alias": "mk",
                      "Startup Cost": 6.78,
                      "Total Cost": 1044.20,
                      "Plan Rows": 303,
                      "Plan Width": 8,
                      "Actual Startup Time": 0.071,
                      "Actual Total Time": 0.399,
                      "Actual Rows": 432,
                      "Actual Loops": 30,
                      "Output": ["mk.id", "mk.movie_id", "mk.keyword_id"],
                      "Recheck Cond": "(mk.keyword_id = k.id)",
                      "Rows Removed by Index Recheck": 0,
                      "Exact Heap Blocks": 6979,
                      "Lossy Heap Blocks": 0,
                      "Plans": [
                        {
                          "Node Type": "Bitmap Index Scan",
                          "Parent Relationship": "Outer",
                          "Parallel Aware": false,
                          "Async Capable": false,
                          "Index Name": "keyword_id_movie_keyword",
                          "Startup Cost": 0.00,
                          "Total Cost": 6.71,
                          "Plan Rows": 303,
                          "Plan Width": 0,
                          "Actual Startup Time": 0.038,
                          "Actual Total Time": 0.038,
                          "Actual Rows": 432,
                          "Actual Loops": 30,
                          "Index Cond": "(mk.keyword_id = k.id)"
                        }
                      ]
                    }
                  ]
                },
                {
                  "Node Type": "Index Scan",
                  "Parent Relationship": "Inner",
                  "Parallel Aware": false,
                  "Async Capable": false,
                  "Scan Direction": "Forward",
                  "Index Name": "title_pkey",
                  "Relation Name": "title",
                  "Schema": "public",
                  "Alias": "t",
                  "Startup Cost": 0.43,
                  "Total Cost": 0.49,
                  "Plan Rows": 1,
                  "Plan Width": 21,
                  "Actual Startup Time": 0.002,
                  "Actual Total Time": 0.002,
                  "Actual Rows": 0,
                  "Actual Loops": 12951,
                  "Output": ["t.id", "t.title", "t.imdb_index", "t.kind_id", "t.production_year", "t.imdb_id", "t.phonetic_code", "t.episode_of_id", "t.season_nr", "t.episode_nr", "t.series_years", "t.md5sum"],
                  "Index Cond": "(t.id = mk.movie_id)",
                  "Rows Removed by Index Recheck": 0,
                  "Filter": "(t.production_year > 2010)",
                  "Rows Removed by Filter": 1
                }
              ]
            },
            {
              "Node Type": "Index Scan",
              "Parent Relationship": "Inner",
              "Parallel Aware": false,
              "Async Capable": false,
              "Scan Direction": "Forward",
              "Index Name": "movie_id_movie_info",
              "Relation Name": "movie_info",
              "Schema": "public",
              "Alias": "mi",
              "Startup Cost": 0.43,
              "Total Cost": 1.39,
              "Plan Rows": 1,
              "Plan Width": 4,
              "Actual Startup Time": 0.023,
              "Actual Total Time": 0.023,
              "Actual Rows": 0,
              "Actual Loops": 405,
              "Output": ["mi.id", "mi.movie_id", "mi.info_type_id", "mi.info", "mi.note"],
              "Index Cond": "(mi.movie_id = mk.movie_id)",
              "Rows Removed by Index Recheck": 0,
              "Filter": "((mi.info)::text = 'Bulgaria'::text)",
              "Rows Removed by Filter": 63
            }
          ]
        }
      ]
    },
    "Planning Time": 0.744,
    "Triggers": [
    ],
    "Execution Time": 75.377
  }
]
