[
  {
    "Plan": {
      "Node Type": "Aggregate",
      "Strategy": "Plain",
      "Partial Mode": "Finalize",
      "Parallel Aware": false,
      "Async Capable": false,
      "Startup Cost": 36220.64,
      "Total Cost": 36220.65,
      "Plan Rows": 1,
      "Plan Width": 32,
      "Actual Startup Time": 152.436,
      "Actual Total Time": 171.735,
      "Actual Rows": 1,
      "Actual Loops": 1,
      "Output": ["min((t.title)::text)"],
      "Plans": [
        {
          "Node Type": "Gather",
          "Parent Relationship": "Outer",
          "Parallel Aware": false,
          "Async Capable": false,
          "Startup Cost": 36220.42,
          "Total Cost": 36220.63,
          "Plan Rows": 2,
          "Plan Width": 32,
          "Actual Startup Time": 152.347,
          "Actual Total Time": 171.729,
          "Actual Rows": 3,
          "Actual Loops": 1,
          "Output": ["(PARTIAL min((t.title)::text))"],
          "Workers Planned": 2,
          "Workers Launched": 2,
          "Single Copy": false,
          "Plans": [
            {
              "Node Type": "Aggregate",
              "Strategy": "Plain",
              "Partial Mode": "Partial",
              "Parent Relationship": "Outer",
              "Parallel Aware": false,
              "Async Capable": false,
              "Startup Cost": 35220.42,
              "Total Cost": 35220.43,
              "Plan Rows": 1,
              "Plan Width": 32,
              "Actual Startup Time": 147.220,
              "Actual Total Time": 147.224,
              "Actual Rows": 1,
              "Actual Loops": 3,
              "Output": ["PARTIAL min((t.title)::text)"],
              "Workers": [
                {
                  "Worker Number": 0,
                  "Actual Startup Time": 143.502,
                  "Actual Total Time": 143.506,
                  "Actual Rows": 1,
                  "Actual Loops": 1
                },
                {
                  "Worker Number": 1,
                  "Actual Startup Time": 146.205,
                  "Actual Total Time": 146.209,
                  "Actual Rows": 1,
                  "Actual Loops": 1
                }
              ],
              "Plans": [
                {
                  "Node Type": "Nested Loop",
                  "Parent Relationship": "Outer",
                  "Parallel Aware": false,
                  "Async Capable": false,
                  "Join Type": "Inner",
                  "Startup Cost": 19.93,
                  "Total Cost": 35220.42,
                  "Plan Rows": 1,
                  "Plan Width": 17,
                  "Actual Startup Time": 147.217,
                  "Actual Total Time": 147.220,
                  "Actual Rows": 0,
                  "Actual Loops": 3,
                  "Output": ["t.title"],
                  "Inner Unique": true,
                  "Workers": [
                    {
                      "Worker Number": 0,
                      "Actual Startup Time": 143.498,
                      "Actual Total Time": 143.501,
                      "Actual Rows": 0,
                      "Actual Loops": 1
                    },
                    {
                      "Worker Number": 1,
                      "Actual Startup Time": 146.202,
                      "Actual Total Time": 146.205,
                      "Actual Rows": 0,
                      "Actual Loops": 1
                    }
                  ],
                  "Plans": [
                    {
                      "Node Type": "Nested Loop",
                      "Parent Relationship": "Outer",
                      "Parallel Aware": false,
                      "Async Capable": false,
                      "Join Type": "Inner",
                      "Startup Cost": 19.79,
                      "Total Cost": 35220.26,
                      "Plan Rows": 1,
                      "Plan Width": 21,
                      "Actual Startup Time": 147.216,
                      "Actual Total Time": 147.219,
                      "Actual Rows": 0,
                      "Actual Loops": 3,
                      "Output": ["mi.info_type_id", "t.title"],
                      "Inner Unique": false,
                      "Workers": [
                        {
                          "Worker Number": 0,
                          "Actual Startup Time": 143.497,
                          "Actual Total Time": 143.500,
                          "Actual Rows": 0,
                          "Actual Loops": 1
                        },
                        {
                          "Worker Number": 1,
                          "Actual Startup Time": 146.201,
                          "Actual Total Time": 146.204,
                          "Actual Rows": 0,
                          "Actual Loops": 1
                        }
                      ],
                      "Plans": [
                        {
                          "Node Type": "Nested Loop",
                          "Parent Relationship": "Outer",
                          "Parallel Aware": false,
                          "Async Capable": false,
                          "Join Type": "Inner",
                          "Startup Cost": 19.36,
                          "Total Cost": 35209.00,
                          "Plan Rows": 5,
                          "Plan Width": 25,
                          "Actual Startup Time": 147.216,
                          "Actual Total Time": 147.218,
                          "Actual Rows": 0,
                          "Actual Loops": 3,
                          "Output": ["mc.movie_id", "t.title", "t.id"],
                          "Inner Unique": true,
                          "Workers": [
                            {
                              "Worker Number": 0,
                              "Actual Startup Time": 143.497,
                              "Actual Total Time": 143.500,
                              "Actual Rows": 0,
                              "Actual Loops": 1
                            },
                            {
                              "Worker Number": 1,
                              "Actual Startup Time": 146.201,
                              "Actual Total Time": 146.203,
                              "Actual Rows": 0,
                              "Actual Loops": 1
                            }
                          ],
                          "Plans": [
                            {
                              "Node Type": "Hash Join",
                              "Parent Relationship": "Outer",
                              "Parallel Aware": false,
                              "Async Capable": false,
                              "Join Type": "Inner",
                              "Startup Cost": 18.93,
                              "Total Cost": 35121.82,
                              "Plan Rows": 12,
                              "Plan Width": 4,
                              "Actual Startup Time": 147.215,
                              "Actual Total Time": 147.217,
                              "Actual Rows": 0,
                              "Actual Loops": 3,
                              "Output": ["mc.movie_id"],
                              "Inner Unique": true,
                              "Hash Cond": "(mc.company_type_id = ct.id)",
                              "Workers": [
                                {
                                  "Worker Number": 0,
                                  "Actual Startup Time": 143.496,
                                  "Actual Total Time": 143.498,
                                  "Actual Rows": 0,
                                  "Actual Loops": 1
                                },
                                {
                                  "Worker Number": 1,
                                  "Actual Startup Time": 146.200,
                                  "Actual Total Time": 146.202,
                                  "Actual Rows": 0,
                                  "Actual Loops": 1
                                }
                              ],
                              "Plans": [
                                {
                                  "Node Type": "Seq Scan",
                                  "Parent Relationship": "Outer",
                                  "Parallel Aware": true,
                                  "Async Capable": false,
                                  "Relation Name": "movie_companies",
                                  "Schema": "public",
                                  "Alias": "mc",
                                  "Startup Cost": 0.00,
                                  "Total Cost": 35097.06,
                                  "Plan Rows": 2213,
                                  "Plan Width": 8,
                                  "Actual Startup Time": 6.281,
                                  "Actual Total Time": 146.597,
                                  "Actual Rows": 8008,
                                  "Actual Loops": 3,
                                  "Output": ["mc.id", "mc.movie_id", "mc.company_id", "mc.company_type_id", "mc.note"],
                                  "Filter": "(((mc.note)::text ~~ '%(theatrical)%'::text) AND ((mc.note)::text ~~ '%(France)%'::text))",
                                  "Rows Removed by Filter": 861701,
                                  "Workers": [
                                    {
                                      "Worker Number": 0,
                                      "Actual Startup Time": 10.170,
                                      "Actual Total Time": 142.869,
                                      "Actual Rows": 7626,
                                      "Actual Loops": 1
                                    },
                                    {
                                      "Worker Number": 1,
                                      "Actual Startup Time": 4.215,
                                      "Actual Total Time": 145.577,
                                      "Actual Rows": 7226,
                                      "Actual Loops": 1
                                    }
                                  ]
                                },
                                {
                                  "Node Type": "Hash",
                                  "Parent Relationship": "Inner",
                                  "Parallel Aware": false,
                                  "Async Capable": false,
                                  "Startup Cost": 18.88,
                                  "Total Cost": 18.88,
                                  "Plan Rows": 4,
                                  "Plan Width": 4,
                                  "Actual Startup Time": 0.025,
                                  "Actual Total Time": 0.025,
                                  "Actual Rows": 1,
                                  "Actual Loops": 3,
                                  "Output": ["ct.id"],
                                  "Hash Buckets": 1024,
                                  "Original Hash Buckets": 1024,
                                  "Hash Batches": 1,
                                  "Original Hash Batches": 1,
                                  "Peak Memory Usage": 9,
                                  "Workers": [
                                    {
                                      "Worker Number": 0,
                                      "Actual Startup Time": 0.032,
                                      "Actual Total Time": 0.033,
                                      "Actual Rows": 1,
                                      "Actual Loops": 1
                                    },
                                    {
                                      "Worker Number": 1,
                                      "Actual Startup Time": 0.034,
                                      "Actual Total Time": 0.034,
                                      "Actual Rows": 1,
                                      "Actual Loops": 1
                                    }
                                  ],
                                  "Plans": [
                                    {
                                      "Node Type": "Seq Scan",
                                      "Parent Relationship": "Outer",
                                      "Parallel Aware": false,
                                      "Async Capable": false,
                                      "Relation Name": "company_type",
                                      "Schema": "public",
                                      "Alias": "ct",
                                      "Startup Cost": 0.00,
                                      "Total Cost": 18.88,
                                      "Plan Rows": 4,
                                      "Plan Width": 4,
                                      "Actual Startup Time": 0.019,
                                      "Actual Total Time": 0.020,
                                      "Actual Rows": 1,
                                      "Actual Loops": 3,
                                      "Output": ["ct.id"],
                                      "Filter": "((ct.kind)::text = 'production companies'::text)",
                                      "Rows Removed by Filter": 3,
                                      "Workers": [
                                        {
                                          "Worker Number": 0,
                                          "Actual Startup Time": 0.026,
                                          "Actual Total Time": 0.027,
                                          "Actual Rows": 1,
                                          "Actual Loops": 1
                                        },
                                        {
                                          "Worker Number": 1,
                                          "Actual Startup Time": 0.027,
                                          "Actual Total Time": 0.028,
                                          "Actual Rows": 1,
                                          "Actual Loops": 1
                                        }
                                      ]
                                    }
                                  ]
                                }
                              ]
                            },
                            {
                              "Node Type": "Index Scan",
                              "Parent Relationship": "Inner",
                              "Parallel Aware": false,
                              "Async Capable": false,
                              "Scan Direction": "Forward",
                              "Index Name": "title_pkey",
                              "Relation Name": "title",
                              "Schema": "public",
                              "Alias": "t",
                              "Startup Cost": 0.43,
                              "Total Cost": 7.26,
                              "Plan Rows": 1,
                              "Plan Width": 21,
                              "Actual Startup Time": 0.000,
                              "Actual Total Time": 0.000,
                              "Actual Rows": 0,
                              "Actual Loops": 0,
                              "Output": ["t.id", "t.title", "t.imdb_index", "t.kind_id", "t.production_year", "t.imdb_id", "t.phonetic_code", "t.episode_of_id", "t.season_nr", "t.episode_nr", "t.series_years", "t.md5sum"],
                              "Index Cond": "(t.id = mc.movie_id)",
                              "Rows Removed by Index Recheck": 0,
                              "Filter": "(t.production_year > 2005)",
                              "Rows Removed by Filter": 0,
                              "Workers": [
                              ]
                            }
                          ]
                        },
                        {
                          "Node Type": "Index Scan",
                          "Parent Relationship": "Inner",
                          "Parallel Aware": false,
                          "Async Capable": false,
                          "Scan Direction": "Forward",
                          "Index Name": "movie_id_movie_info",
                          "Relation Name": "movie_info",
                          "Schema": "public",
                          "Alias": "mi",
                          "Startup Cost": 0.43,
                          "Total Cost": 2.24,
                          "Plan Rows": 1,
                          "Plan Width": 8,
                          "Actual Startup Time": 0.000,
                          "Actual Total Time": 0.000,
                          "Actual Rows": 0,
                          "Actual Loops": 0,
                          "Output": ["mi.id", "mi.movie_id", "mi.info_type_id", "mi.info", "mi.note"],
                          "Index Cond": "(mi.movie_id = t.id)",
                          "Rows Removed by Index Recheck": 0,
                          "Filter": "((mi.info)::text = ANY ('{Sweden,Norway,Germany,Denmark,Swedish,Denish,Norwegian,German}'::text[]))",
                          "Rows Removed by Filter": 0,
                          "Workers": [
                          ]
                        }
                      ]
                    },
                    {
                      "Node Type": "Index Only Scan",
                      "Parent Relationship": "Inner",
                      "Parallel Aware": false,
                      "Async Capable": false,
                      "Scan Direction": "Forward",
                      "Index Name": "info_type_pkey",
                      "Relation Name": "info_type",
                      "Schema": "public",
                      "Alias": "it",
                      "Startup Cost": 0.14,
                      "Total Cost": 0.16,
                      "Plan Rows": 1,
                      "Plan Width": 4,
                      "Actual Startup Time": 0.000,
                      "Actual Total Time": 0.000,
                      "Actual Rows": 0,
                      "Actual Loops": 0,
                      "Output": ["it.id"],
                      "Index Cond": "(it.id = mi.info_type_id)",
                      "Rows Removed by Index Recheck": 0,
                      "Heap Fetches": 0,
                      "Workers": [
                      ]
                    }
                  ]
                }
              ]
            }
          ]
        }
      ]
    },
    "Planning Time": 2.356,
    "Triggers": [
    ],
    "Execution Time": 171.804
  }
]
