[
  {
    "Plan": {
      "Node Type": "Aggregate",
      "Strategy": "Plain",
      "Partial Mode": "Simple",
      "Parallel Aware": false,
      "Async Capable": false,
      "Startup Cost": 38831.67,
      "Total Cost": 38831.68,
      "Plan Rows": 1,
      "Plan Width": 32,
      "Actual Startup Time": 148.350,
      "Actual Total Time": 168.007,
      "Actual Rows": 1,
      "Actual Loops": 1,
      "Output": ["min((t.title)::text)"],
      "Plans": [
        {
          "Node Type": "Nested Loop",
          "Parent Relationship": "Outer",
          "Parallel Aware": false,
          "Async Capable": false,
          "Join Type": "Inner",
          "Startup Cost": 1001.17,
          "Total Cost": 38831.67,
          "Plan Rows": 1,
          "Plan Width": 17,
          "Actual Startup Time": 148.346,
          "Actual Total Time": 168.003,
          "Actual Rows": 0,
          "Actual Loops": 1,
          "Output": ["t.title"],
          "Inner Unique": true,
          "Plans": [
            {
              "Node Type": "Nested Loop",
              "Parent Relationship": "Outer",
              "Parallel Aware": false,
              "Async Capable": false,
              "Join Type": "Inner",
              "Startup Cost": 1001.02,
              "Total Cost": 38831.51,
              "Plan Rows": 1,
              "Plan Width": 21,
              "Actual Startup Time": 148.346,
              "Actual Total Time": 168.002,
              "Actual Rows": 0,
              "Actual Loops": 1,
              "Output": ["mi.info_type_id", "t.title"],
              "Inner Unique": false,
              "Plans": [
                {
                  "Node Type": "Nested Loop",
                  "Parent Relationship": "Outer",
                  "Parallel Aware": false,
                  "Async Capable": false,
                  "Join Type": "Inner",
                  "Startup Cost": 1000.59,
                  "Total Cost": 38828.44,
                  "Plan Rows": 1,
                  "Plan Width": 25,
                  "Actual Startup Time": 148.345,
                  "Actual Total Time": 168.001,
                  "Actual Rows": 0,
                  "Actual Loops": 1,
                  "Output": ["mc.movie_id", "t.title", "t.id"],
                  "Inner Unique": true,
                  "Plans": [
                    {
                      "Node Type": "Gather",
                      "Parent Relationship": "Outer",
                      "Parallel Aware": false,
                      "Async Capable": false,
                      "Startup Cost": 1000.16,
                      "Total Cost": 38819.99,
                      "Plan Rows": 1,
                      "Plan Width": 4,
                      "Actual Startup Time": 148.345,
                      "Actual Total Time": 167.999,
                      "Actual Rows": 0,
                      "Actual Loops": 1,
                      "Output": ["mc.movie_id"],
                      "Workers Planned": 2,
                      "Workers Launched": 2,
                      "Single Copy": false,
                      "Plans": [
                        {
                          "Node Type": "Nested Loop",
                          "Parent Relationship": "Outer",
                          "Parallel Aware": false,
                          "Async Capable": false,
                          "Join Type": "Inner",
                          "Startup Cost": 0.16,
                          "Total Cost": 37819.89,
                          "Plan Rows": 1,
                          "Plan Width": 4,
                          "Actual Startup Time": 142.405,
                          "Actual Total Time": 142.407,
                          "Actual Rows": 0,
                          "Actual Loops": 3,
                          "Output": ["mc.movie_id"],
                          "Inner Unique": true,
                          "Workers": [
                            {
                              "Worker Number": 0,
                              "Actual Startup Time": 139.008,
                              "Actual Total Time": 139.009,
                              "Actual Rows": 0,
                              "Actual Loops": 1
                            },
                            {
                              "Worker Number": 1,
                              "Actual Startup Time": 140.159,
                              "Actual Total Time": 140.161,
                              "Actual Rows": 0,
                              "Actual Loops": 1
                            }
                          ],
                          "Plans": [
                            {
                              "Node Type": "Seq Scan",
                              "Parent Relationship": "Outer",
                              "Parallel Aware": true,
                              "Async Capable": false,
                              "Relation Name": "movie_companies",
                              "Schema": "public",
                              "Alias": "mc",
                              "Startup Cost": 0.00,
                              "Total Cost": 37814.90,
                              "Plan Rows": 14,
                              "Plan Width": 8,
                              "Actual Startup Time": 5.071,
                              "Actual Total Time": 142.207,
                              "Actual Rows": 473,
                              "Actual Loops": 3,
                              "Output": ["mc.id", "mc.movie_id", "mc.company_id", "mc.company_type_id", "mc.note"],
                              "Filter": "(((mc.note)::text ~~ '%(VHS)%'::text) AND ((mc.note)::text ~~ '%(USA)%'::text) AND ((mc.note)::text ~~ '%(1994)%'::text))",
                              "Rows Removed by Filter": 869237,
                              "Workers": [
                                {
                                  "Worker Number": 0,
                                  "Actual Startup Time": 4.498,
                                  "Actual Total Time": 138.801,
                                  "Actual Rows": 466,
                                  "Actual Loops": 1
                                },
                                {
                                  "Worker Number": 1,
                                  "Actual Startup Time": 9.376,
                                  "Actual Total Time": 139.948,
                                  "Actual Rows": 468,
                                  "Actual Loops": 1
                                }
                              ]
                            },
                            {
                              "Node Type": "Memoize",
                              "Parent Relationship": "Inner",
                              "Parallel Aware": false,
                              "Async Capable": false,
                              "Startup Cost": 0.16,
                              "Total Cost": 1.63,
                              "Plan Rows": 1,
                              "Plan Width": 4,
                              "Actual Startup Time": 0.000,
                              "Actual Total Time": 0.000,
                              "Actual Rows": 0,
                              "Actual Loops": 1418,
                              "Output": ["ct.id"],
                              "Cache Key": "mc.company_type_id",
                              "Cache Mode": "logical",
                              "Cache Hits": 483,
                              "Cache Misses": 1,
                              "Cache Evictions": 0,
                              "Cache Overflows": 0,
                              "Peak Memory Usage": 1,
                              "Workers": [
                                {
                                  "Worker Number": 0,
                                  "Actual Startup Time": 0.000,
                                  "Actual Total Time": 0.000,
                                  "Actual Rows": 0,
                                  "Actual Loops": 466,
                                  "Cache Hits": 465,
                                  "Cache Misses": 1,
                                  "Cache Evictions": 0,
                                  "Cache Overflows": 0,
                                  "Peak Memory Usage": 1
                                },
                                {
                                  "Worker Number": 1,
                                  "Actual Startup Time": 0.000,
                                  "Actual Total Time": 0.000,
                                  "Actual Rows": 0,
                                  "Actual Loops": 468,
                                  "Cache Hits": 467,
                                  "Cache Misses": 1,
                                  "Cache Evictions": 0,
                                  "Cache Overflows": 0,
                                  "Peak Memory Usage": 1
                                }
                              ],
                              "Plans": [
                                {
                                  "Node Type": "Index Scan",
                                  "Parent Relationship": "Outer",
                                  "Parallel Aware": false,
                                  "Async Capable": false,
                                  "Scan Direction": "Forward",
                                  "Index Name": "company_type_pkey",
                                  "Relation Name": "company_type",
                                  "Schema": "public",
                                  "Alias": "ct",
                                  "Startup Cost": 0.15,
                                  "Total Cost": 1.62,
                                  "Plan Rows": 1,
                                  "Plan Width": 4,
                                  "Actual Startup Time": 0.033,
                                  "Actual Total Time": 0.033,
                                  "Actual Rows": 0,
                                  "Actual Loops": 3,
                                  "Output": ["ct.id"],
                                  "Index Cond": "(ct.id = mc.company_type_id)",
                                  "Rows Removed by Index Recheck": 0,
                                  "Filter": "((ct.kind)::text = 'production companies'::text)",
                                  "Rows Removed by Filter": 1,
                                  "Workers": [
                                    {
                                      "Worker Number": 0,
                                      "Actual Startup Time": 0.043,
                                      "Actual Total Time": 0.043,
                                      "Actual Rows": 0,
                                      "Actual Loops": 1
                                    },
                                    {
                                      "Worker Number": 1,
                                      "Actual Startup Time": 0.048,
                                      "Actual Total Time": 0.048,
                                      "Actual Rows": 0,
                                      "Actual Loops": 1
                                    }
                                  ]
                                }
                              ]
                            }
                          ]
                        }
                      ]
                    },
                    {
                      "Node Type": "Index Scan",
                      "Parent Relationship": "Inner",
                      "Parallel Aware": false,
                      "Async Capable": false,
                      "Scan Direction": "Forward",
                      "Index Name": "title_pkey",
                      "Relation Name": "title",
                      "Schema": "public",
                      "Alias": "t",
                      "Startup Cost": 0.43,
                      "Total Cost": 8.45,
                      "Plan Rows": 1,
                      "Plan Width": 21,
                      "Actual Startup Time": 0.000,
                      "Actual Total Time": 0.000,
                      "Actual Rows": 0,
                      "Actual Loops": 0,
                      "Output": ["t.id", "t.title", "t.imdb_index", "t.kind_id", "t.production_year", "t.imdb_id", "t.phonetic_code", "t.episode_of_id", "t.season_nr", "t.episode_nr", "t.series_years", "t.md5sum"],
                      "Index Cond": "(t.id = mc.movie_id)",
                      "Rows Removed by Index Recheck": 0,
                      "Filter": "(t.production_year > 2010)",
                      "Rows Removed by Filter": 0
                    }
                  ]
                },
                {
                  "Node Type": "Index Scan",
                  "Parent Relationship": "Inner",
                  "Parallel Aware": false,
                  "Async Capable": false,
                  "Scan Direction": "Forward",
                  "Index Name": "movie_id_movie_info",
                  "Relation Name": "movie_info",
                  "Schema": "public",
                  "Alias": "mi",
                  "Startup Cost": 0.43,
                  "Total Cost": 3.06,
                  "Plan Rows": 1,
                  "Plan Width": 8,
                  "Actual Startup Time": 0.000,
                  "Actual Total Time": 0.000,
                  "Actual Rows": 0,
                  "Actual Loops": 0,
                  "Output": ["mi.id", "mi.movie_id", "mi.info_type_id", "mi.info", "mi.note"],
                  "Index Cond": "(mi.movie_id = t.id)",
                  "Rows Removed by Index Recheck": 0,
                  "Filter": "((mi.info)::text = ANY ('{USA,America}'::text[]))",
                  "Rows Removed by Filter": 0
                }
              ]
            },
            {
              "Node Type": "Index Only Scan",
              "Parent Relationship": "Inner",
              "Parallel Aware": false,
              "Async Capable": false,
              "Scan Direction": "Forward",
              "Index Name": "info_type_pkey",
              "Relation Name": "info_type",
              "Schema": "public",
              "Alias": "it",
              "Startup Cost": 0.14,
              "Total Cost": 0.16,
              "Plan Rows": 1,
              "Plan Width": 4,
              "Actual Startup Time": 0.000,
              "Actual Total Time": 0.000,
              "Actual Rows": 0,
              "Actual Loops": 0,
              "Output": ["it.id"],
              "Index Cond": "(it.id = mi.info_type_id)",
              "Rows Removed by Index Recheck": 0,
              "Heap Fetches": 0
            }
          ]
        }
      ]
    },
    "Planning Time": 1.068,
    "Triggers": [
    ],
    "Execution Time": 168.055
  }
]
