[
  {
    "Plan": {
      "Node Type": "Aggregate",
      "Strategy": "Plain",
      "Partial Mode": "Finalize",
      "Parallel Aware": false,
      "Async Capable": false,
      "Startup Cost": 37358.52,
      "Total Cost": 37358.53,
      "Plan Rows": 1,
      "Plan Width": 32,
      "Actual Startup Time": 171.621,
      "Actual Total Time": 190.795,
      "Actual Rows": 1,
      "Actual Loops": 1,
      "Output": ["min((t.title)::text)"],
      "Plans": [
        {
          "Node Type": "Gather",
          "Parent Relationship": "Outer",
          "Parallel Aware": false,
          "Async Capable": false,
          "Startup Cost": 37358.30,
          "Total Cost": 37358.51,
          "Plan Rows": 2,
          "Plan Width": 32,
          "Actual Startup Time": 171.536,
          "Actual Total Time": 190.788,
          "Actual Rows": 3,
          "Actual Loops": 1,
          "Output": ["(PARTIAL min((t.title)::text))"],
          "Workers Planned": 2,
          "Workers Launched": 2,
          "Single Copy": false,
          "Plans": [
            {
              "Node Type": "Aggregate",
              "Strategy": "Plain",
              "Partial Mode": "Partial",
              "Parent Relationship": "Outer",
              "Parallel Aware": false,
              "Async Capable": false,
              "Startup Cost": 36358.30,
              "Total Cost": 36358.31,
              "Plan Rows": 1,
              "Plan Width": 32,
              "Actual Startup Time": 168.329,
              "Actual Total Time": 168.332,
              "Actual Rows": 1,
              "Actual Loops": 3,
              "Output": ["PARTIAL min((t.title)::text)"],
              "Workers": [
                {
                  "Worker Number": 0,
                  "Actual Startup Time": 166.782,
                  "Actual Total Time": 166.786,
                  "Actual Rows": 1,
                  "Actual Loops": 1
                },
                {
                  "Worker Number": 1,
                  "Actual Startup Time": 167.196,
                  "Actual Total Time": 167.199,
                  "Actual Rows": 1,
                  "Actual Loops": 1
                }
              ],
              "Plans": [
                {
                  "Node Type": "Hash Join",
                  "Parent Relationship": "Outer",
                  "Parallel Aware": false,
                  "Async Capable": false,
                  "Join Type": "Inner",
                  "Startup Cost": 23.36,
                  "Total Cost": 36357.39,
                  "Plan Rows": 365,
                  "Plan Width": 17,
                  "Actual Startup Time": 111.828,
                  "Actual Total Time": 168.277,
                  "Actual Rows": 223,
                  "Actual Loops": 3,
                  "Output": ["t.title"],
                  "Inner Unique": true,
                  "Hash Cond": "(mi.info_type_id = it.id)",
                  "Workers": [
                    {
                      "Worker Number": 0,
                      "Actual Startup Time": 110.127,
                      "Actual Total Time": 166.731,
                      "Actual Rows": 216,
                      "Actual Loops": 1
                    },
                    {
                      "Worker Number": 1,
                      "Actual Startup Time": 110.544,
                      "Actual Total Time": 167.145,
                      "Actual Rows": 221,
                      "Actual Loops": 1
                    }
                  ],
                  "Plans": [
                    {
                      "Node Type": "Nested Loop",
                      "Parent Relationship": "Outer",
                      "Parallel Aware": false,
                      "Async Capable": false,
                      "Join Type": "Inner",
                      "Startup Cost": 19.82,
                      "Total Cost": 36352.86,
                      "Plan Rows": 365,
                      "Plan Width": 21,
                      "Actual Startup Time": 111.728,
                      "Actual Total Time": 168.120,
                      "Actual Rows": 223,
                      "Actual Loops": 3,
                      "Output": ["mi.info_type_id", "t.title"],
                      "Inner Unique": false,
                      "Workers": [
                        {
                          "Worker Number": 0,
                          "Actual Startup Time": 110.011,
                          "Actual Total Time": 166.559,
                          "Actual Rows": 216,
                          "Actual Loops": 1
                        },
                        {
                          "Worker Number": 1,
                          "Actual Startup Time": 110.424,
                          "Actual Total Time": 166.968,
                          "Actual Rows": 221,
                          "Actual Loops": 1
                        }
                      ],
                      "Plans": [
                        {
                          "Node Type": "Nested Loop",
                          "Parent Relationship": "Outer",
                          "Parallel Aware": false,
                          "Async Capable": false,
                          "Join Type": "Inner",
                          "Startup Cost": 19.36,
                          "Total Cost": 35884.04,
                          "Plan Rows": 262,
                          "Plan Width": 25,
                          "Actual Startup Time": 111.692,
                          "Actual Total Time": 160.569,
                          "Actual Rows": 256,
                          "Actual Loops": 3,
                          "Output": ["mc.movie_id", "t.title", "t.id"],
                          "Inner Unique": true,
                          "Workers": [
                            {
                              "Worker Number": 0,
                              "Actual Startup Time": 109.957,
                              "Actual Total Time": 158.534,
                              "Actual Rows": 270,
                              "Actual Loops": 1
                            },
                            {
                              "Worker Number": 1,
                              "Actual Startup Time": 110.392,
                              "Actual Total Time": 158.837,
                              "Actual Rows": 257,
                              "Actual Loops": 1
                            }
                          ],
                          "Plans": [
                            {
                              "Node Type": "Hash Join",
                              "Parent Relationship": "Outer",
                              "Parallel Aware": false,
                              "Async Capable": false,
                              "Join Type": "Inner",
                              "Startup Cost": 18.93,
                              "Total Cost": 35292.17,
                              "Plan Rows": 376,
                              "Plan Width": 4,
                              "Actual Startup Time": 111.651,
                              "Actual Total Time": 158.032,
                              "Actual Rows": 266,
                              "Actual Loops": 3,
                              "Output": ["mc.movie_id"],
                              "Inner Unique": true,
                              "Hash Cond": "(mc.company_type_id = ct.id)",
                              "Workers": [
                                {
                                  "Worker Number": 0,
                                  "Actual Startup Time": 109.906,
                                  "Actual Total Time": 155.757,
                                  "Actual Rows": 276,
                                  "Actual Loops": 1
                                },
                                {
                                  "Worker Number": 1,
                                  "Actual Startup Time": 110.345,
                                  "Actual Total Time": 156.049,
                                  "Actual Rows": 271,
                                  "Actual Loops": 1
                                }
                              ],
                              "Plans": [
                                {
                                  "Node Type": "Seq Scan",
                                  "Parent Relationship": "Outer",
                                  "Parallel Aware": true,
                                  "Async Capable": false,
                                  "Relation Name": "movie_companies",
                                  "Schema": "public",
                                  "Alias": "mc",
                                  "Startup Cost": 0.00,
                                  "Total Cost": 35097.06,
                                  "Plan Rows": 66720,
                                  "Plan Width": 8,
                                  "Actual Startup Time": 0.043,
                                  "Actual Total Time": 151.922,
                                  "Actual Rows": 98543,
                                  "Actual Loops": 3,
                                  "Output": ["mc.id", "mc.movie_id", "mc.company_id", "mc.company_type_id", "mc.note"],
                                  "Filter": "(((mc.note)::text !~~ '%(TV)%'::text) AND ((mc.note)::text ~~ '%(USA)%'::text))",
                                  "Rows Removed by Filter": 771167,
                                  "Workers": [
                                    {
                                      "Worker Number": 0,
                                      "Actual Startup Time": 0.107,
                                      "Actual Total Time": 149.685,
                                      "Actual Rows": 96826,
                                      "Actual Loops": 1
                                    },
                                    {
                                      "Worker Number": 1,
                                      "Actual Startup Time": 0.014,
                                      "Actual Total Time": 150.053,
                                      "Actual Rows": 96208,
                                      "Actual Loops": 1
                                    }
                                  ]
                                },
                                {
                                  "Node Type": "Hash",
                                  "Parent Relationship": "Inner",
                                  "Parallel Aware": false,
                                  "Async Capable": false,
                                  "Startup Cost": 18.88,
                                  "Total Cost": 18.88,
                                  "Plan Rows": 4,
                                  "Plan Width": 4,
                                  "Actual Startup Time": 0.013,
                                  "Actual Total Time": 0.014,
                                  "Actual Rows": 1,
                                  "Actual Loops": 3,
                                  "Output": ["ct.id"],
                                  "Hash Buckets": 1024,
                                  "Original Hash Buckets": 1024,
                                  "Hash Batches": 1,
                                  "Original Hash Batches": 1,
                                  "Peak Memory Usage": 9,
                                  "Workers": [
                                    {
                                      "Worker Number": 0,
                                      "Actual Startup Time": 0.014,
                                      "Actual Total Time": 0.015,
                                      "Actual Rows": 1,
                                      "Actual Loops": 1
                                    },
                                    {
                                      "Worker Number": 1,
                                      "Actual Startup Time": 0.018,
                                      "Actual Total Time": 0.019,
                                      "Actual Rows": 1,
                                      "Actual Loops": 1
                                    }
                                  ],
                                  "Plans": [
                                    {
                                      "Node Type": "Seq Scan",
                                      "Parent Relationship": "Outer",
                                      "Parallel Aware": false,
                                      "Async Capable": false,
                                      "Relation Name": "company_type",
                                      "Schema": "public",
                                      "Alias": "ct",
                                      "Startup Cost": 0.00,
                                      "Total Cost": 18.88,
                                      "Plan Rows": 4,
                                      "Plan Width": 4,
                                      "Actual Startup Time": 0.011,
                                      "Actual Total Time": 0.012,
                                      "Actual Rows": 1,
                                      "Actual Loops": 3,
                                      "Output": ["ct.id"],
                                      "Filter": "((ct.kind)::text = 'production companies'::text)",
                                      "Rows Removed by Filter": 3,
                                      "Workers": [
                                        {
                                          "Worker Number": 0,
                                          "Actual Startup Time": 0.012,
                                          "Actual Total Time": 0.012,
                                          "Actual Rows": 1,
                                          "Actual Loops": 1
                                        },
                                        {
                                          "Worker Number": 1,
                                          "Actual Startup Time": 0.016,
                                          "Actual Total Time": 0.016,
                                          "Actual Rows": 1,
                                          "Actual Loops": 1
                                        }
                                      ]
                                    }
                                  ]
                                }
                              ]
                            },
                            {
                              "Node Type": "Index Scan",
                              "Parent Relationship": "Inner",
                              "Parallel Aware": false,
                              "Async Capable": false,
                              "Scan Direction": "Forward",
                              "Index Name": "title_pkey",
                              "Relation Name": "title",
                              "Schema": "public",
                              "Alias": "t",
                              "Startup Cost": 0.43,
                              "Total Cost": 1.57,
                              "Plan Rows": 1,
                              "Plan Width": 21,
                              "Actual Startup Time": 0.009,
                              "Actual Total Time": 0.009,
                              "Actual Rows": 1,
                              "Actual Loops": 798,
                              "Output": ["t.id", "t.title", "t.imdb_index", "t.kind_id", "t.production_year", "t.imdb_id", "t.phonetic_code", "t.episode_of_id", "t.season_nr", "t.episode_nr", "t.series_years", "t.md5sum"],
                              "Index Cond": "(t.id = mc.movie_id)",
                              "Rows Removed by Index Recheck": 0,
                              "Filter": "(t.production_year > 1990)",
                              "Rows Removed by Filter": 0,
                              "Workers": [
                                {
                                  "Worker Number": 0,
                                  "Actual Startup Time": 0.010,
                                  "Actual Total Time": 0.010,
                                  "Actual Rows": 1,
                                  "Actual Loops": 276
                                },
                                {
                                  "Worker Number": 1,
                                  "Actual Startup Time": 0.010,
                                  "Actual Total Time": 0.010,
                                  "Actual Rows": 1,
                                  "Actual Loops": 271
                                }
                              ]
                            }
                          ]
                        },
                        {
                          "Node Type": "Index Scan",
                          "Parent Relationship": "Inner",
                          "Parallel Aware": false,
                          "Async Capable": false,
                          "Scan Direction": "Forward",
                          "Index Name": "movie_id_movie_info",
                          "Relation Name": "movie_info",
                          "Schema": "public",
                          "Alias": "mi",
                          "Startup Cost": 0.46,
                          "Total Cost": 1.77,
                          "Plan Rows": 2,
                          "Plan Width": 8,
                          "Actual Startup Time": 0.026,
                          "Actual Total Time": 0.029,
                          "Actual Rows": 1,
                          "Actual Loops": 767,
                          "Output": ["mi.id", "mi.movie_id", "mi.info_type_id", "mi.info", "mi.note"],
                          "Index Cond": "(mi.movie_id = t.id)",
                          "Rows Removed by Index Recheck": 0,
                          "Filter": "((mi.info)::text = ANY ('{Sweden,Norway,Germany,Denmark,Swedish,Denish,Norwegian,German,USA,American}'::text[]))",
                          "Rows Removed by Filter": 10,
                          "Workers": [
                            {
                              "Worker Number": 0,
                              "Actual Startup Time": 0.027,
                              "Actual Total Time": 0.029,
                              "Actual Rows": 1,
                              "Actual Loops": 270
                            },
                            {
                              "Worker Number": 1,
                              "Actual Startup Time": 0.028,
                              "Actual Total Time": 0.031,
                              "Actual Rows": 1,
                              "Actual Loops": 257
                            }
                          ]
                        }
                      ]
                    },
                    {
                      "Node Type": "Hash",
                      "Parent Relationship": "Inner",
                      "Parallel Aware": false,
                      "Async Capable": false,
                      "Startup Cost": 2.13,
                      "Total Cost": 2.13,
                      "Plan Rows": 113,
                      "Plan Width": 4,
                      "Actual Startup Time": 0.049,
                      "Actual Total Time": 0.049,
                      "Actual Rows": 113,
                      "Actual Loops": 3,
                      "Output": ["it.id"],
                      "Hash Buckets": 1024,
                      "Original Hash Buckets": 1024,
                      "Hash Batches": 1,
                      "Original Hash Batches": 1,
                      "Peak Memory Usage": 12,
                      "Workers": [
                        {
                          "Worker Number": 0,
                          "Actual Startup Time": 0.043,
                          "Actual Total Time": 0.044,
                          "Actual Rows": 113,
                          "Actual Loops": 1
                        },
                        {
                          "Worker Number": 1,
                          "Actual Startup Time": 0.044,
                          "Actual Total Time": 0.045,
                          "Actual Rows": 113,
                          "Actual Loops": 1
                        }
                      ],
                      "Plans": [
                        {
                          "Node Type": "Seq Scan",
                          "Parent Relationship": "Outer",
                          "Parallel Aware": false,
                          "Async Capable": false,
                          "Relation Name": "info_type",
                          "Schema": "public",
                          "Alias": "it",
                          "Startup Cost": 0.00,
                          "Total Cost": 2.13,
                          "Plan Rows": 113,
                          "Plan Width": 4,
                          "Actual Startup Time": 0.014,
                          "Actual Total Time": 0.027,
                          "Actual Rows": 113,
                          "Actual Loops": 3,
                          "Output": ["it.id"],
                          "Workers": [
                            {
                              "Worker Number": 0,
                              "Actual Startup Time": 0.015,
                              "Actual Total Time": 0.025,
                              "Actual Rows": 113,
                              "Actual Loops": 1
                            },
                            {
                              "Worker Number": 1,
                              "Actual Startup Time": 0.016,
                              "Actual Total Time": 0.026,
                              "Actual Rows": 113,
                              "Actual Loops": 1
                            }
                          ]
                        }
                      ]
                    }
                  ]
                }
              ]
            }
          ]
        }
      ]
    },
    "Planning Time": 2.202,
    "Triggers": [
    ],
    "Execution Time": 190.880
  }
]
