[
  {
    "Plan": {
      "Node Type": "Aggregate",
      "Strategy": "Plain",
      "Partial Mode": "Simple",
      "Parallel Aware": false,
      "Async Capable": false,
      "Startup Cost": 4121.32,
      "Total Cost": 4121.33,
      "Plan Rows": 1,
      "Plan Width": 96,
      "Actual Startup Time": 15.518,
      "Actual Total Time": 15.520,
      "Actual Rows": 1,
      "Actual Loops": 1,
      "Output": ["min((k.keyword)::text)", "min((n.name)::text)", "min((t.title)::text)"],
      "Plans": [
        {
          "Node Type": "Nested Loop",
          "Parent Relationship": "Outer",
          "Parallel Aware": false,
          "Async Capable": false,
          "Join Type": "Inner",
          "Startup Cost": 8.08,
          "Total Cost": 4121.32,
          "Plan Rows": 1,
          "Plan Width": 48,
          "Actual Startup Time": 1.075,
          "Actual Total Time": 15.513,
          "Actual Rows": 6,
          "Actual Loops": 1,
          "Output": ["k.keyword", "n.name", "t.title"],
          "Inner Unique": true,
          "Plans": [
            {
              "Node Type": "Nested Loop",
              "Parent Relationship": "Outer",
              "Parallel Aware": false,
              "Async Capable": false,
              "Join Type": "Inner",
              "Startup Cost": 7.65,
              "Total Cost": 3798.57,
              "Plan Rows": 705,
              "Plan Width": 37,
              "Actual Startup Time": 0.311,
              "Actual Total Time": 12.150,
              "Actual Rows": 1224,
              "Actual Loops": 1,
              "Output": ["ci.person_id", "k.keyword", "t.title"],
              "Inner Unique": false,
              "Join Filter": "(t.id = ci.movie_id)",
              "Rows Removed by Join Filter": 0,
              "Plans": [
                {
                  "Node Type": "Nested Loop",
                  "Parent Relationship": "Outer",
                  "Parallel Aware": false,
                  "Async Capable": false,
                  "Join Type": "Inner",
                  "Startup Cost": 7.21,
                  "Total Cost": 3763.69,
                  "Plan Rows": 19,
                  "Plan Width": 41,
                  "Actual Startup Time": 0.306,
                  "Actual Total Time": 11.182,
                  "Actual Rows": 11,
                  "Actual Loops": 1,
                  "Output": ["k.keyword", "mk.movie_id", "t.title", "t.id"],
                  "Inner Unique": true,
                  "Plans": [
                    {
                      "Node Type": "Nested Loop",
                      "Parent Relationship": "Outer",
                      "Parallel Aware": false,
                      "Async Capable": false,
                      "Join Type": "Inner",
                      "Startup Cost": 6.78,
                      "Total Cost": 3747.04,
                      "Plan Rows": 34,
                      "Plan Width": 20,
                      "Actual Startup Time": 0.300,
                      "Actual Total Time": 11.128,
                      "Actual Rows": 14,
                      "Actual Loops": 1,
                      "Output": ["k.keyword", "mk.movie_id"],
                      "Inner Unique": false,
                      "Plans": [
                        {
                          "Node Type": "Seq Scan",
                          "Parent Relationship": "Outer",
                          "Parallel Aware": false,
                          "Async Capable": false,
                          "Relation Name": "keyword",
                          "Schema": "public",
                          "Alias": "k",
                          "Startup Cost": 0.00,
                          "Total Cost": 2626.12,
                          "Plan Rows": 1,
                          "Plan Width": 20,
                          "Actual Startup Time": 0.287,
                          "Actual Total Time": 11.099,
                          "Actual Rows": 1,
                          "Actual Loops": 1,
                          "Output": ["k.id", "k.keyword", "k.phonetic_code"],
                          "Filter": "((k.keyword)::text = 'marvel-cinematic-universe'::text)",
                          "Rows Removed by Filter": 134169
                        },
                        {
                          "Node Type": "Bitmap Heap Scan",
                          "Parent Relationship": "Inner",
                          "Parallel Aware": false,
                          "Async Capable": false,
                          "Relation Name": "movie_keyword",
                          "Schema": "public",
                          "Alias": "mk",
                          "Startup Cost": 6.78,
                          "Total Cost": 1117.89,
                          "Plan Rows": 303,
                          "Plan Width": 8,
                          "Actual Startup Time": 0.011,
                          "Actual Total Time": 0.024,
                          "Actual Rows": 14,
                          "Actual Loops": 1,
                          "Output": ["mk.id", "mk.movie_id", "mk.keyword_id"],
                          "Recheck Cond": "(mk.keyword_id = k.id)",
                          "Rows Removed by Index Recheck": 0,
                          "Exact Heap Blocks": 12,
                          "Lossy Heap Blocks": 0,
                          "Plans": [
                            {
                              "Node Type": "Bitmap Index Scan",
                              "Parent Relationship": "Outer",
                              "Parallel Aware": false,
                              "Async Capable": false,
                              "Index Name": "keyword_id_movie_keyword",
                              "Startup Cost": 0.00,
                              "Total Cost": 6.71,
                              "Plan Rows": 303,
                              "Plan Width": 0,
                              "Actual Startup Time": 0.007,
                              "Actual Total Time": 0.007,
                              "Actual Rows": 14,
                              "Actual Loops": 1,
                              "Index Cond": "(mk.keyword_id = k.id)"
                            }
                          ]
                        }
                      ]
                    },
                    {
                      "Node Type": "Index Scan",
                      "Parent Relationship": "Inner",
                      "Parallel Aware": false,
                      "Async Capable": false,
                      "Scan Direction": "Forward",
                      "Index Name": "title_pkey",
                      "Relation Name": "title",
                      "Schema": "public",
                      "Alias": "t",
                      "Startup Cost": 0.43,
                      "Total Cost": 0.49,
                      "Plan Rows": 1,
                      "Plan Width": 21,
                      "Actual Startup Time": 0.003,
                      "Actual Total Time": 0.003,
                      "Actual Rows": 1,
                      "Actual Loops": 14,
                      "Output": ["t.id", "t.title", "t.imdb_index", "t.kind_id", "t.production_year", "t.imdb_id", "t.phonetic_code", "t.episode_of_id", "t.season_nr", "t.episode_nr", "t.series_years", "t.md5sum"],
                      "Index Cond": "(t.id = mk.movie_id)",
                      "Rows Removed by Index Recheck": 0,
                      "Filter": "(t.production_year > 2000)",
                      "Rows Removed by Filter": 0
                    }
                  ]
                },
                {
                  "Node Type": "Index Scan",
                  "Parent Relationship": "Inner",
                  "Parallel Aware": false,
                  "Async Capable": false,
                  "Scan Direction": "Forward",
                  "Index Name": "movie_id_cast_info",
                  "Relation Name": "cast_info",
                  "Schema": "public",
                  "Alias": "ci",
                  "Startup Cost": 0.44,
                  "Total Cost": 1.36,
                  "Plan Rows": 38,
                  "Plan Width": 8,
                  "Actual Startup Time": 0.003,
                  "Actual Total Time": 0.072,
                  "Actual Rows": 111,
                  "Actual Loops": 11,
                  "Output": ["ci.id", "ci.person_id", "ci.movie_id", "ci.person_role_id", "ci.note", "ci.nr_order", "ci.role_id"],
                  "Index Cond": "(ci.movie_id = mk.movie_id)",
                  "Rows Removed by Index Recheck": 0
                }
              ]
            },
            {
              "Node Type": "Index Scan",
              "Parent Relationship": "Inner",
              "Parallel Aware": false,
              "Async Capable": false,
              "Scan Direction": "Forward",
              "Index Name": "name_pkey",
              "Relation Name": "name",
              "Schema": "public",
              "Alias": "n",
              "Startup Cost": 0.43,
              "Total Cost": 0.46,
              "Plan Rows": 1,
              "Plan Width": 19,
              "Actual Startup Time": 0.003,
              "Actual Total Time": 0.003,
              "Actual Rows": 0,
              "Actual Loops": 1224,
              "Output": ["n.id", "n.name", "n.imdb_index", "n.imdb_id", "n.gender", "n.name_pcode_cf", "n.name_pcode_nf", "n.surname_pcode", "n.md5sum"],
              "Index Cond": "(n.id = ci.person_id)",
              "Rows Removed by Index Recheck": 0,
              "Filter": "((n.name)::text ~~ '%Downey%Robert%'::text)",
              "Rows Removed by Filter": 1
            }
          ]
        }
      ]
    },
    "Planning Time": 1.033,
    "Triggers": [
    ],
    "Execution Time": 15.561
  }
]
