[
  {
    "Plan": {
      "Node Type": "Aggregate",
      "Strategy": "Plain",
      "Partial Mode": "Simple",
      "Parallel Aware": false,
      "Async Capable": false,
      "Startup Cost": 1494.79,
      "Total Cost": 1494.80,
      "Plan Rows": 1,
      "Plan Width": 64,
      "Actual Startup Time": 158.080,
      "Actual Total Time": 158.085,
      "Actual Rows": 1,
      "Actual Loops": 1,
      "Output": ["min((n.name)::text)", "min((t.title)::text)"],
      "Plans": [
        {
          "Node Type": "Nested Loop",
          "Parent Relationship": "Outer",
          "Parallel Aware": false,
          "Async Capable": false,
          "Join Type": "Inner",
          "Startup Cost": 21.22,
          "Total Cost": 1494.78,
          "Plan Rows": 1,
          "Plan Width": 32,
          "Actual Startup Time": 3.042,
          "Actual Total Time": 158.067,
          "Actual Rows": 16,
          "Actual Loops": 1,
          "Output": ["n.name", "t.title"],
          "Inner Unique": true,
          "Plans": [
            {
              "Node Type": "Nested Loop",
              "Parent Relationship": "Outer",
              "Parallel Aware": false,
              "Async Capable": false,
              "Join Type": "Inner",
              "Startup Cost": 21.08,
              "Total Cost": 1493.80,
              "Plan Rows": 1,
              "Plan Width": 36,
              "Actual Startup Time": 3.039,
              "Actual Total Time": 158.034,
              "Actual Rows": 16,
              "Actual Loops": 1,
              "Output": ["n.name", "pi.info_type_id", "t.title"],
              "Inner Unique": false,
              "Join Filter": "(n.id = an.person_id)",
              "Rows Removed by Join Filter": 0,
              "Plans": [
                {
                  "Node Type": "Nested Loop",
                  "Parent Relationship": "Outer",
                  "Parallel Aware": false,
                  "Async Capable": false,
                  "Join Type": "Inner",
                  "Startup Cost": 20.66,
                  "Total Cost": 1493.31,
                  "Plan Rows": 1,
                  "Plan Width": 48,
                  "Actual Startup Time": 3.033,
                  "Actual Total Time": 157.975,
                  "Actual Rows": 8,
                  "Actual Loops": 1,
                  "Output": ["ci.person_id", "n.name", "n.id", "pi.person_id", "pi.info_type_id", "t.title"],
                  "Inner Unique": false,
                  "Join Filter": "(n.id = pi.person_id)",
                  "Rows Removed by Join Filter": 0,
                  "Plans": [
                    {
                      "Node Type": "Nested Loop",
                      "Parent Relationship": "Outer",
                      "Parallel Aware": false,
                      "Async Capable": false,
                      "Join Type": "Inner",
                      "Startup Cost": 20.23,
                      "Total Cost": 1489.44,
                      "Plan Rows": 4,
                      "Plan Width": 40,
                      "Actual Startup Time": 0.082,
                      "Actual Total Time": 152.216,
                      "Actual Rows": 1076,
                      "Actual Loops": 1,
                      "Output": ["ci.person_id", "n.name", "n.id", "t.title"],
                      "Inner Unique": true,
                      "Plans": [
                        {
                          "Node Type": "Nested Loop",
                          "Parent Relationship": "Outer",
                          "Parallel Aware": false,
                          "Async Capable": false,
                          "Join Type": "Inner",
                          "Startup Cost": 19.80,
                          "Total Cost": 1405.20,
                          "Plan Rows": 183,
                          "Plan Width": 21,
                          "Actual Startup Time": 0.046,
                          "Actual Total Time": 53.288,
                          "Actual Rows": 33415,
                          "Actual Loops": 1,
                          "Output": ["ci.person_id", "t.title"],
                          "Inner Unique": false,
                          "Plans": [
                            {
                              "Node Type": "Nested Loop",
                              "Parent Relationship": "Outer",
                              "Parallel Aware": false,
                              "Async Capable": false,
                              "Join Type": "Inner",
                              "Startup Cost": 19.36,
                              "Total Cost": 1317.66,
                              "Plan Rows": 5,
                              "Plan Width": 25,
                              "Actual Startup Time": 0.041,
                              "Actual Total Time": 23.308,
                              "Actual Rows": 435,
                              "Actual Loops": 1,
                              "Output": ["ml.linked_movie_id", "t.title", "t.id"],
                              "Inner Unique": true,
                              "Plans": [
                                {
                                  "Node Type": "Hash Join",
                                  "Parent Relationship": "Outer",
                                  "Parallel Aware": false,
                                  "Async Capable": false,
                                  "Join Type": "Inner",
                                  "Startup Cost": 18.93,
                                  "Total Cost": 561.10,
                                  "Plan Rows": 169,
                                  "Plan Width": 4,
                                  "Actual Startup Time": 0.033,
                                  "Actual Total Time": 5.202,
                                  "Actual Rows": 5186,
                                  "Actual Loops": 1,
                                  "Output": ["ml.linked_movie_id"],
                                  "Inner Unique": true,
                                  "Hash Cond": "(ml.link_type_id = lt.id)",
                                  "Plans": [
                                    {
                                      "Node Type": "Seq Scan",
                                      "Parent Relationship": "Outer",
                                      "Parallel Aware": false,
                                      "Async Capable": false,
                                      "Relation Name": "movie_link",
                                      "Schema": "public",
                                      "Alias": "ml",
                                      "Startup Cost": 0.00,
                                      "Total Cost": 462.97,
                                      "Plan Rows": 29997,
                                      "Plan Width": 8,
                                      "Actual Startup Time": 0.005,
                                      "Actual Total Time": 1.832,
                                      "Actual Rows": 29997,
                                      "Actual Loops": 1,
                                      "Output": ["ml.id", "ml.movie_id", "ml.linked_movie_id", "ml.link_type_id"]
                                    },
                                    {
                                      "Node Type": "Hash",
                                      "Parent Relationship": "Inner",
                                      "Parallel Aware": false,
                                      "Async Capable": false,
                                      "Startup Cost": 18.88,
                                      "Total Cost": 18.88,
                                      "Plan Rows": 4,
                                      "Plan Width": 4,
                                      "Actual Startup Time": 0.008,
                                      "Actual Total Time": 0.010,
                                      "Actual Rows": 1,
                                      "Actual Loops": 1,
                                      "Output": ["lt.id"],
                                      "Hash Buckets": 1024,
                                      "Original Hash Buckets": 1024,
                                      "Hash Batches": 1,
                                      "Original Hash Batches": 1,
                                      "Peak Memory Usage": 9,
                                      "Plans": [
                                        {
                                          "Node Type": "Seq Scan",
                                          "Parent Relationship": "Outer",
                                          "Parallel Aware": false,
                                          "Async Capable": false,
                                          "Relation Name": "link_type",
                                          "Schema": "public",
                                          "Alias": "lt",
                                          "Startup Cost": 0.00,
                                          "Total Cost": 18.88,
                                          "Plan Rows": 4,
                                          "Plan Width": 4,
                                          "Actual Startup Time": 0.005,
                                          "Actual Total Time": 0.007,
                                          "Actual Rows": 1,
                                          "Actual Loops": 1,
                                          "Output": ["lt.id"],
                                          "Filter": "((lt.link)::text = 'features'::text)",
                                          "Rows Removed by Filter": 17
                                        }
                                      ]
                                    }
                                  ]
                                },
                                {
                                  "Node Type": "Index Scan",
                                  "Parent Relationship": "Inner",
                                  "Parallel Aware": false,
                                  "Async Capable": false,
                                  "Scan Direction": "Forward",
                                  "Index Name": "title_pkey",
                                  "Relation Name": "title",
                                  "Schema": "public",
                                  "Alias": "t",
                                  "Startup Cost": 0.43,
                                  "Total Cost": 4.48,
                                  "Plan Rows": 1,
                                  "Plan Width": 21,
                                  "Actual Startup Time": 0.003,
                                  "Actual Total Time": 0.003,
                                  "Actual Rows": 0,
                                  "Actual Loops": 5186,
                                  "Output": ["t.id", "t.title", "t.imdb_index", "t.kind_id", "t.production_year", "t.imdb_id", "t.phonetic_code", "t.episode_of_id", "t.season_nr", "t.episode_nr", "t.series_years", "t.md5sum"],
                                  "Index Cond": "(t.id = ml.linked_movie_id)",
                                  "Rows Removed by Index Recheck": 0,
                                  "Filter": "((t.production_year >= 1980) AND (t.production_year <= 1984))",
                                  "Rows Removed by Filter": 1
                                }
                              ]
                            },
                            {
                              "Node Type": "Index Scan",
                              "Parent Relationship": "Inner",
                              "Parallel Aware": false,
                              "Async Capable": false,
                              "Scan Direction": "Forward",
                              "Index Name": "movie_id_cast_info",
                              "Relation Name": "cast_info",
                              "Schema": "public",
                              "Alias": "ci",
                              "Startup Cost": 0.44,
                              "Total Cost": 17.13,
                              "Plan Rows": 38,
                              "Plan Width": 8,
                              "Actual Startup Time": 0.004,
                              "Actual Total Time": 0.061,
                              "Actual Rows": 77,
                              "Actual Loops": 435,
                              "Output": ["ci.id", "ci.person_id", "ci.movie_id", "ci.person_role_id", "ci.note", "ci.nr_order", "ci.role_id"],
                              "Index Cond": "(ci.movie_id = t.id)",
                              "Rows Removed by Index Recheck": 0
                            }
                          ]
                        },
                        {
                          "Node Type": "Index Scan",
                          "Parent Relationship": "Inner",
                          "Parallel Aware": false,
                          "Async Capable": false,
                          "Scan Direction": "Forward",
                          "Index Name": "name_pkey",
                          "Relation Name": "name",
                          "Schema": "public",
                          "Alias": "n",
                          "Startup Cost": 0.43,
                          "Total Cost": 0.46,
                          "Plan Rows": 1,
                          "Plan Width": 19,
                          "Actual Startup Time": 0.003,
                          "Actual Total Time": 0.003,
                          "Actual Rows": 0,
                          "Actual Loops": 33415,
                          "Output": ["n.id", "n.name", "n.imdb_index", "n.imdb_id", "n.gender", "n.name_pcode_cf", "n.name_pcode_nf", "n.surname_pcode", "n.md5sum"],
                          "Index Cond": "(n.id = ci.person_id)",
                          "Rows Removed by Index Recheck": 0,
                          "Filter": "(((n.name_pcode_cf)::text ~~ 'D%'::text) AND ((n.gender)::text = 'm'::text))",
                          "Rows Removed by Filter": 1
                        }
                      ]
                    },
                    {
                      "Node Type": "Index Scan",
                      "Parent Relationship": "Inner",
                      "Parallel Aware": false,
                      "Async Capable": false,
                      "Scan Direction": "Forward",
                      "Index Name": "person_id_person_info",
                      "Relation Name": "person_info",
                      "Schema": "public",
                      "Alias": "pi",
                      "Startup Cost": 0.43,
                      "Total Cost": 0.96,
                      "Plan Rows": 1,
                      "Plan Width": 8,
                      "Actual Startup Time": 0.005,
                      "Actual Total Time": 0.005,
                      "Actual Rows": 0,
                      "Actual Loops": 1076,
                      "Output": ["pi.id", "pi.person_id", "pi.info_type_id", "pi.info", "pi.note"],
                      "Index Cond": "(pi.person_id = ci.person_id)",
                      "Rows Removed by Index Recheck": 0,
                      "Filter": "((pi.note)::text = 'Volker Boehm'::text)",
                      "Rows Removed by Filter": 16
                    }
                  ]
                },
                {
                  "Node Type": "Index Scan",
                  "Parent Relationship": "Inner",
                  "Parallel Aware": false,
                  "Async Capable": false,
                  "Scan Direction": "Forward",
                  "Index Name": "person_id_aka_name",
                  "Relation Name": "aka_name",
                  "Schema": "public",
                  "Alias": "an",
                  "Startup Cost": 0.42,
                  "Total Cost": 0.47,
                  "Plan Rows": 2,
                  "Plan Width": 4,
                  "Actual Startup Time": 0.005,
                  "Actual Total Time": 0.006,
                  "Actual Rows": 2,
                  "Actual Loops": 8,
                  "Output": ["an.id", "an.person_id", "an.name", "an.imdb_index", "an.name_pcode_cf", "an.name_pcode_nf", "an.surname_pcode", "an.md5sum"],
                  "Index Cond": "(an.person_id = ci.person_id)",
                  "Rows Removed by Index Recheck": 0,
                  "Filter": "((an.name)::text ~~ '%a%'::text)",
                  "Rows Removed by Filter": 1
                }
              ]
            },
            {
              "Node Type": "Index Scan",
              "Parent Relationship": "Inner",
              "Parallel Aware": false,
              "Async Capable": false,
              "Scan Direction": "Forward",
              "Index Name": "info_type_pkey",
              "Relation Name": "info_type",
              "Schema": "public",
              "Alias": "it",
              "Startup Cost": 0.14,
              "Total Cost": 0.56,
              "Plan Rows": 1,
              "Plan Width": 4,
              "Actual Startup Time": 0.001,
              "Actual Total Time": 0.001,
              "Actual Rows": 1,
              "Actual Loops": 16,
              "Output": ["it.id", "it.info"],
              "Index Cond": "(it.id = pi.info_type_id)",
              "Rows Removed by Index Recheck": 0,
              "Filter": "((it.info)::text = 'mini biography'::text)",
              "Rows Removed by Filter": 0
            }
          ]
        }
      ]
    },
    "Planning Time": 4.946,
    "Triggers": [
    ],
    "Execution Time": 158.150
  }
]
