[
  {
    "Plan": {
      "Node Type": "Aggregate",
      "Strategy": "Plain",
      "Partial Mode": "Simple",
      "Parallel Aware": false,
      "Async Capable": false,
      "Startup Cost": 42986.09,
      "Total Cost": 42986.10,
      "Plan Rows": 1,
      "Plan Width": 64,
      "Actual Startup Time": 663.672,
      "Actual Total Time": 734.778,
      "Actual Rows": 1,
      "Actual Loops": 1,
      "Output": ["min((an1.name)::text)", "min((t.title)::text)"],
      "Plans": [
        {
          "Node Type": "Nested Loop",
          "Parent Relationship": "Outer",
          "Parallel Aware": false,
          "Async Capable": false,
          "Join Type": "Inner",
          "Startup Cost": 5775.49,
          "Total Cost": 42986.08,
          "Plan Rows": 1,
          "Plan Width": 33,
          "Actual Startup Time": 83.659,
          "Actual Total Time": 734.719,
          "Actual Rows": 62,
          "Actual Loops": 1,
          "Output": ["an1.name", "t.title"],
          "Inner Unique": true,
          "Plans": [
            {
              "Node Type": "Nested Loop",
              "Parent Relationship": "Outer",
              "Parallel Aware": false,
              "Async Capable": false,
              "Join Type": "Inner",
              "Startup Cost": 5775.06,
              "Total Cost": 42985.31,
              "Plan Rows": 1,
              "Plan Width": 41,
              "Actual Startup Time": 38.224,
              "Actual Total Time": 704.953,
              "Actual Rows": 17379,
              "Actual Loops": 1,
              "Output": ["an1.name", "an1.person_id", "ci.person_id", "t.title"],
              "Inner Unique": false,
              "Plans": [
                {
                  "Node Type": "Gather",
                  "Parent Relationship": "Outer",
                  "Parallel Aware": false,
                  "Async Capable": false,
                  "Startup Cost": 5774.64,
                  "Total Cost": 42984.15,
                  "Plan Rows": 1,
                  "Plan Width": 21,
                  "Actual Startup Time": 38.212,
                  "Actual Total Time": 684.658,
                  "Actual Rows": 7438,
                  "Actual Loops": 1,
                  "Output": ["ci.person_id", "t.title"],
                  "Workers Planned": 2,
                  "Workers Launched": 2,
                  "Single Copy": false,
                  "Plans": [
                    {
                      "Node Type": "Nested Loop",
                      "Parent Relationship": "Outer",
                      "Parallel Aware": false,
                      "Async Capable": false,
                      "Join Type": "Inner",
                      "Startup Cost": 4774.64,
                      "Total Cost": 41984.05,
                      "Plan Rows": 1,
                      "Plan Width": 21,
                      "Actual Startup Time": 28.482,
                      "Actual Total Time": 640.256,
                      "Actual Rows": 2479,
                      "Actual Loops": 3,
                      "Output": ["ci.person_id", "t.title"],
                      "Inner Unique": true,
                      "Workers": [
                        {
                          "Worker Number": 0,
                          "Actual Startup Time": 36.087,
                          "Actual Total Time": 654.345,
                          "Actual Rows": 1724,
                          "Actual Loops": 1
                        },
                        {
                          "Worker Number": 1,
                          "Actual Startup Time": 11.444,
                          "Actual Total Time": 653.929,
                          "Actual Rows": 2905,
                          "Actual Loops": 1
                        }
                      ],
                      "Plans": [
                        {
                          "Node Type": "Nested Loop",
                          "Parent Relationship": "Outer",
                          "Parallel Aware": false,
                          "Async Capable": false,
                          "Join Type": "Inner",
                          "Startup Cost": 4774.48,
                          "Total Cost": 41981.40,
                          "Plan Rows": 27,
                          "Plan Width": 25,
                          "Actual Startup Time": 28.428,
                          "Actual Total Time": 638.105,
                          "Actual Rows": 6533,
                          "Actual Loops": 3,
                          "Output": ["ci.person_id", "ci.role_id", "t.title"],
                          "Inner Unique": false,
                          "Workers": [
                            {
                              "Worker Number": 0,
                              "Actual Startup Time": 36.029,
                              "Actual Total Time": 652.601,
                              "Actual Rows": 5350,
                              "Actual Loops": 1
                            },
                            {
                              "Worker Number": 1,
                              "Actual Startup Time": 11.405,
                              "Actual Total Time": 651.520,
                              "Actual Rows": 7345,
                              "Actual Loops": 1
                            }
                          ],
                          "Plans": [
                            {
                              "Node Type": "Nested Loop",
                              "Parent Relationship": "Outer",
                              "Parallel Aware": false,
                              "Async Capable": false,
                              "Join Type": "Inner",
                              "Startup Cost": 4774.04,
                              "Total Cost": 41437.75,
                              "Plan Rows": 326,
                              "Plan Width": 25,
                              "Actual Startup Time": 14.092,
                              "Actual Total Time": 194.870,
                              "Actual Rows": 16109,
                              "Actual Loops": 3,
                              "Output": ["mc.movie_id", "t.title", "t.id"],
                              "Inner Unique": true,
                              "Workers": [
                                {
                                  "Worker Number": 0,
                                  "Actual Startup Time": 11.336,
                                  "Actual Total Time": 183.012,
                                  "Actual Rows": 15873,
                                  "Actual Loops": 1
                                },
                                {
                                  "Worker Number": 1,
                                  "Actual Startup Time": 11.235,
                                  "Actual Total Time": 194.686,
                                  "Actual Rows": 15919,
                                  "Actual Loops": 1
                                }
                              ],
                              "Plans": [
                                {
                                  "Node Type": "Hash Join",
                                  "Parent Relationship": "Outer",
                                  "Parallel Aware": true,
                                  "Async Capable": false,
                                  "Join Type": "Inner",
                                  "Startup Cost": 4773.61,
                                  "Total Cost": 39899.82,
                                  "Plan Rows": 326,
                                  "Plan Width": 4,
                                  "Actual Startup Time": 14.052,
                                  "Actual Total Time": 136.191,
                                  "Actual Rows": 16109,
                                  "Actual Loops": 3,
                                  "Output": ["mc.movie_id"],
                                  "Inner Unique": true,
                                  "Hash Cond": "(mc.company_id = cn.id)",
                                  "Workers": [
                                    {
                                      "Worker Number": 0,
                                      "Actual Startup Time": 11.277,
                                      "Actual Total Time": 123.689,
                                      "Actual Rows": 15873,
                                      "Actual Loops": 1
                                    },
                                    {
                                      "Worker Number": 1,
                                      "Actual Startup Time": 11.194,
                                      "Actual Total Time": 132.941,
                                      "Actual Rows": 15919,
                                      "Actual Loops": 1
                                    }
                                  ],
                                  "Plans": [
                                    {
                                      "Node Type": "Seq Scan",
                                      "Parent Relationship": "Outer",
                                      "Parallel Aware": true,
                                      "Async Capable": false,
                                      "Relation Name": "movie_companies",
                                      "Schema": "public",
                                      "Alias": "mc",
                                      "Startup Cost": 0.00,
                                      "Total Cost": 35097.06,
                                      "Plan Rows": 11108,
                                      "Plan Width": 8,
                                      "Actual Startup Time": 0.052,
                                      "Actual Total Time": 117.883,
                                      "Actual Rows": 16299,
                                      "Actual Loops": 3,
                                      "Output": ["mc.id", "mc.movie_id", "mc.company_id", "mc.company_type_id", "mc.note"],
                                      "Filter": "(((mc.note)::text ~~ '%(Japan)%'::text) AND ((mc.note)::text !~~ '%(USA)%'::text))",
                                      "Rows Removed by Filter": 853411,
                                      "Workers": [
                                        {
                                          "Worker Number": 0,
                                          "Actual Startup Time": 0.034,
                                          "Actual Total Time": 108.239,
                                          "Actual Rows": 16065,
                                          "Actual Loops": 1
                                        },
                                        {
                                          "Worker Number": 1,
                                          "Actual Startup Time": 0.113,
                                          "Actual Total Time": 117.595,
                                          "Actual Rows": 16080,
                                          "Actual Loops": 1
                                        }
                                      ]
                                    },
                                    {
                                      "Node Type": "Hash",
                                      "Parent Relationship": "Inner",
                                      "Parallel Aware": true,
                                      "Async Capable": false,
                                      "Startup Cost": 4722.92,
                                      "Total Cost": 4722.92,
                                      "Plan Rows": 4055,
                                      "Plan Width": 4,
                                      "Actual Startup Time": 13.763,
                                      "Actual Total Time": 13.764,
                                      "Actual Rows": 2251,
                                      "Actual Loops": 3,
                                      "Output": ["cn.id"],
                                      "Hash Buckets": 8192,
                                      "Original Hash Buckets": 8192,
                                      "Hash Batches": 1,
                                      "Original Hash Batches": 1,
                                      "Peak Memory Usage": 384,
                                      "Workers": [
                                        {
                                          "Worker Number": 0,
                                          "Actual Startup Time": 11.014,
                                          "Actual Total Time": 11.015,
                                          "Actual Rows": 1355,
                                          "Actual Loops": 1
                                        },
                                        {
                                          "Worker Number": 1,
                                          "Actual Startup Time": 10.916,
                                          "Actual Total Time": 10.916,
                                          "Actual Rows": 1274,
                                          "Actual Loops": 1
                                        }
                                      ],
                                      "Plans": [
                                        {
                                          "Node Type": "Seq Scan",
                                          "Parent Relationship": "Outer",
                                          "Parallel Aware": true,
                                          "Async Capable": false,
                                          "Relation Name": "company_name",
                                          "Schema": "public",
                                          "Alias": "cn",
                                          "Startup Cost": 0.00,
                                          "Total Cost": 4722.92,
                                          "Plan Rows": 4055,
                                          "Plan Width": 4,
                                          "Actual Startup Time": 0.050,
                                          "Actual Total Time": 13.240,
                                          "Actual Rows": 2251,
                                          "Actual Loops": 3,
                                          "Output": ["cn.id"],
                                          "Filter": "((cn.country_code)::text = '[jp]'::text)",
                                          "Rows Removed by Filter": 76082,
                                          "Workers": [
                                            {
                                              "Worker Number": 0,
                                              "Actual Startup Time": 0.057,
                                              "Actual Total Time": 10.623,
                                              "Actual Rows": 1355,
                                              "Actual Loops": 1
                                            },
                                            {
                                              "Worker Number": 1,
                                              "Actual Startup Time": 0.077,
                                              "Actual Total Time": 10.539,
                                              "Actual Rows": 1274,
                                              "Actual Loops": 1
                                            }
                                          ]
                                        }
                                      ]
                                    }
                                  ]
                                },
                                {
                                  "Node Type": "Index Scan",
                                  "Parent Relationship": "Inner",
                                  "Parallel Aware": false,
                                  "Async Capable": false,
                                  "Scan Direction": "Forward",
                                  "Index Name": "title_pkey",
                                  "Relation Name": "title",
                                  "Schema": "public",
                                  "Alias": "t",
                                  "Startup Cost": 0.43,
                                  "Total Cost": 4.72,
                                  "Plan Rows": 1,
                                  "Plan Width": 21,
                                  "Actual Startup Time": 0.003,
                                  "Actual Total Time": 0.003,
                                  "Actual Rows": 1,
                                  "Actual Loops": 48328,
                                  "Output": ["t.id", "t.title", "t.imdb_index", "t.kind_id", "t.production_year", "t.imdb_id", "t.phonetic_code", "t.episode_of_id", "t.season_nr", "t.episode_nr", "t.series_years", "t.md5sum"],
                                  "Index Cond": "(t.id = mc.movie_id)",
                                  "Rows Removed by Index Recheck": 0,
                                  "Workers": [
                                    {
                                      "Worker Number": 0,
                                      "Actual Startup Time": 0.003,
                                      "Actual Total Time": 0.003,
                                      "Actual Rows": 1,
                                      "Actual Loops": 15873
                                    },
                                    {
                                      "Worker Number": 1,
                                      "Actual Startup Time": 0.004,
                                      "Actual Total Time": 0.004,
                                      "Actual Rows": 1,
                                      "Actual Loops": 15919
                                    }
                                  ]
                                }
                              ]
                            },
                            {
                              "Node Type": "Index Scan",
                              "Parent Relationship": "Inner",
                              "Parallel Aware": false,
                              "Async Capable": false,
                              "Scan Direction": "Forward",
                              "Index Name": "movie_id_cast_info",
                              "Relation Name": "cast_info",
                              "Schema": "public",
                              "Alias": "ci",
                              "Startup Cost": 0.44,
                              "Total Cost": 1.66,
                              "Plan Rows": 1,
                              "Plan Width": 12,
                              "Actual Startup Time": 0.026,
                              "Actual Total Time": 0.027,
                              "Actual Rows": 0,
                              "Actual Loops": 48328,
                              "Output": ["ci.id", "ci.person_id", "ci.movie_id", "ci.person_role_id", "ci.note", "ci.nr_order", "ci.role_id"],
                              "Index Cond": "(ci.movie_id = t.id)",
                              "Rows Removed by Index Recheck": 0,
                              "Filter": "((ci.note)::text = '(voice: English version)'::text)",
                              "Rows Removed by Filter": 32,
                              "Workers": [
                                {
                                  "Worker Number": 0,
                                  "Actual Startup Time": 0.028,
                                  "Actual Total Time": 0.029,
                                  "Actual Rows": 0,
                                  "Actual Loops": 15873
                                },
                                {
                                  "Worker Number": 1,
                                  "Actual Startup Time": 0.027,
                                  "Actual Total Time": 0.028,
                                  "Actual Rows": 0,
                                  "Actual Loops": 15919
                                }
                              ]
                            }
                          ]
                        },
                        {
                          "Node Type": "Memoize",
                          "Parent Relationship": "Inner",
                          "Parallel Aware": false,
                          "Async Capable": false,
                          "Startup Cost": 0.16,
                          "Total Cost": 0.18,
                          "Plan Rows": 1,
                          "Plan Width": 4,
                          "Actual Startup Time": 0.000,
                          "Actual Total Time": 0.000,
                          "Actual Rows": 0,
                          "Actual Loops": 19600,
                          "Output": ["rt.id"],
                          "Cache Key": "ci.role_id",
                          "Cache Mode": "logical",
                          "Cache Hits": 6903,
                          "Cache Misses": 2,
                          "Cache Evictions": 0,
                          "Cache Overflows": 0,
                          "Peak Memory Usage": 1,
                          "Workers": [
                            {
                              "Worker Number": 0,
                              "Actual Startup Time": 0.000,
                              "Actual Total Time": 0.000,
                              "Actual Rows": 0,
                              "Actual Loops": 5350,
                              "Cache Hits": 5348,
                              "Cache Misses": 2,
                              "Cache Evictions": 0,
                              "Cache Overflows": 0,
                              "Peak Memory Usage": 1
                            },
                            {
                              "Worker Number": 1,
                              "Actual Startup Time": 0.000,
                              "Actual Total Time": 0.000,
                              "Actual Rows": 0,
                              "Actual Loops": 7345,
                              "Cache Hits": 7343,
                              "Cache Misses": 2,
                              "Cache Evictions": 0,
                              "Cache Overflows": 0,
                              "Peak Memory Usage": 1
                            }
                          ],
                          "Plans": [
                            {
                              "Node Type": "Index Scan",
                              "Parent Relationship": "Outer",
                              "Parallel Aware": false,
                              "Async Capable": false,
                              "Scan Direction": "Forward",
                              "Index Name": "role_type_pkey",
                              "Relation Name": "role_type",
                              "Schema": "public",
                              "Alias": "rt",
                              "Startup Cost": 0.15,
                              "Total Cost": 0.17,
                              "Plan Rows": 1,
                              "Plan Width": 4,
                              "Actual Startup Time": 0.011,
                              "Actual Total Time": 0.011,
                              "Actual Rows": 0,
                              "Actual Loops": 6,
                              "Output": ["rt.id"],
                              "Index Cond": "(rt.id = ci.role_id)",
                              "Rows Removed by Index Recheck": 0,
                              "Filter": "((rt.role)::text = 'actress'::text)",
                              "Rows Removed by Filter": 0,
                              "Workers": [
                                {
                                  "Worker Number": 0,
                                  "Actual Startup Time": 0.010,
                                  "Actual Total Time": 0.010,
                                  "Actual Rows": 0,
                                  "Actual Loops": 2
                                },
                                {
                                  "Worker Number": 1,
                                  "Actual Startup Time": 0.017,
                                  "Actual Total Time": 0.017,
                                  "Actual Rows": 0,
                                  "Actual Loops": 2
                                }
                              ]
                            }
                          ]
                        }
                      ]
                    }
                  ]
                },
                {
                  "Node Type": "Index Scan",
                  "Parent Relationship": "Inner",
                  "Parallel Aware": false,
                  "Async Capable": false,
                  "Scan Direction": "Forward",
                  "Index Name": "person_id_aka_name",
                  "Relation Name": "aka_name",
                  "Schema": "public",
                  "Alias": "an1",
                  "Startup Cost": 0.42,
                  "Total Cost": 1.15,
                  "Plan Rows": 2,
                  "Plan Width": 20,
                  "Actual Startup Time": 0.002,
                  "Actual Total Time": 0.002,
                  "Actual Rows": 2,
                  "Actual Loops": 7438,
                  "Output": ["an1.id", "an1.person_id", "an1.name", "an1.imdb_index", "an1.name_pcode_cf", "an1.name_pcode_nf", "an1.surname_pcode", "an1.md5sum"],
                  "Index Cond": "(an1.person_id = ci.person_id)",
                  "Rows Removed by Index Recheck": 0
                }
              ]
            },
            {
              "Node Type": "Index Scan",
              "Parent Relationship": "Inner",
              "Parallel Aware": false,
              "Async Capable": false,
              "Scan Direction": "Forward",
              "Index Name": "name_pkey",
              "Relation Name": "name",
              "Schema": "public",
              "Alias": "n1",
              "Startup Cost": 0.43,
              "Total Cost": 0.77,
              "Plan Rows": 1,
              "Plan Width": 4,
              "Actual Startup Time": 0.002,
              "Actual Total Time": 0.002,
              "Actual Rows": 0,
              "Actual Loops": 17379,
              "Output": ["n1.id", "n1.name", "n1.imdb_index", "n1.imdb_id", "n1.gender", "n1.name_pcode_cf", "n1.name_pcode_nf", "n1.surname_pcode", "n1.md5sum"],
              "Index Cond": "(n1.id = an1.person_id)",
              "Rows Removed by Index Recheck": 0,
              "Filter": "(((n1.name)::text ~~ '%Yo%'::text) AND ((n1.name)::text !~~ '%Yu%'::text))",
              "Rows Removed by Filter": 1
            }
          ]
        }
      ]
    },
    "Planning Time": 7.088,
    "Triggers": [
    ],
    "Execution Time": 734.864
  }
]
