[
  {
    "Plan": {
      "Node Type": "Aggregate",
      "Strategy": "Plain",
      "Partial Mode": "Simple",
      "Parallel Aware": false,
      "Async Capable": false,
      "Startup Cost": 44798.80,
      "Total Cost": 44798.81,
      "Plan Rows": 1,
      "Plan Width": 64,
      "Actual Startup Time": 158.859,
      "Actual Total Time": 180.319,
      "Actual Rows": 1,
      "Actual Loops": 1,
      "Output": ["min((an.name)::text)", "min((t.title)::text)"],
      "Plans": [
        {
          "Node Type": "Nested Loop",
          "Parent Relationship": "Outer",
          "Parallel Aware": false,
          "Async Capable": false,
          "Join Type": "Inner",
          "Startup Cost": 1002.30,
          "Total Cost": 44798.80,
          "Plan Rows": 1,
          "Plan Width": 33,
          "Actual Startup Time": 85.238,
          "Actual Total Time": 180.307,
          "Actual Rows": 6,
          "Actual Loops": 1,
          "Output": ["an.name", "t.title"],
          "Inner Unique": true,
          "Plans": [
            {
              "Node Type": "Nested Loop",
              "Parent Relationship": "Outer",
              "Parallel Aware": false,
              "Async Capable": false,
              "Join Type": "Inner",
              "Startup Cost": 1002.15,
              "Total Cost": 44798.62,
              "Plan Rows": 1,
              "Plan Width": 37,
              "Actual Startup Time": 85.228,
              "Actual Total Time": 180.290,
              "Actual Rows": 6,
              "Actual Loops": 1,
              "Output": ["an.name", "ci.role_id", "t.title"],
              "Inner Unique": true,
              "Plans": [
                {
                  "Node Type": "Nested Loop",
                  "Parent Relationship": "Outer",
                  "Parallel Aware": false,
                  "Async Capable": false,
                  "Join Type": "Inner",
                  "Startup Cost": 1001.73,
                  "Total Cost": 44797.85,
                  "Plan Rows": 1,
                  "Plan Width": 45,
                  "Actual Startup Time": 85.017,
                  "Actual Total Time": 179.932,
                  "Actual Rows": 171,
                  "Actual Loops": 1,
                  "Output": ["an.name", "an.person_id", "ci.person_id", "ci.role_id", "t.title"],
                  "Inner Unique": false,
                  "Plans": [
                    {
                      "Node Type": "Nested Loop",
                      "Parent Relationship": "Outer",
                      "Parallel Aware": false,
                      "Async Capable": false,
                      "Join Type": "Inner",
                      "Startup Cost": 1001.30,
                      "Total Cost": 44796.68,
                      "Plan Rows": 1,
                      "Plan Width": 25,
                      "Actual Startup Time": 85.008,
                      "Actual Total Time": 179.625,
                      "Actual Rows": 104,
                      "Actual Loops": 1,
                      "Output": ["ci.person_id", "ci.role_id", "t.title"],
                      "Inner Unique": false,
                      "Join Filter": "(t.id = ci.movie_id)",
                      "Rows Removed by Join Filter": 0,
                      "Plans": [
                        {
                          "Node Type": "Gather",
                          "Parent Relationship": "Outer",
                          "Parallel Aware": false,
                          "Async Capable": false,
                          "Startup Cost": 1000.86,
                          "Total Cost": 44651.75,
                          "Plan Rows": 1,
                          "Plan Width": 25,
                          "Actual Startup Time": 84.965,
                          "Actual Total Time": 179.464,
                          "Actual Rows": 4,
                          "Actual Loops": 1,
                          "Output": ["mc.movie_id", "t.title", "t.id"],
                          "Workers Planned": 2,
                          "Workers Launched": 2,
                          "Single Copy": false,
                          "Plans": [
                            {
                              "Node Type": "Nested Loop",
                              "Parent Relationship": "Outer",
                              "Parallel Aware": false,
                              "Async Capable": false,
                              "Join Type": "Inner",
                              "Startup Cost": 0.86,
                              "Total Cost": 43651.65,
                              "Plan Rows": 1,
                              "Plan Width": 25,
                              "Actual Startup Time": 95.309,
                              "Actual Total Time": 152.419,
                              "Actual Rows": 1,
                              "Actual Loops": 3,
                              "Output": ["mc.movie_id", "t.title", "t.id"],
                              "Inner Unique": true,
                              "Workers": [
                                {
                                  "Worker Number": 0,
                                  "Actual Startup Time": 150.334,
                                  "Actual Total Time": 150.337,
                                  "Actual Rows": 0,
                                  "Actual Loops": 1
                                },
                                {
                                  "Worker Number": 1,
                                  "Actual Startup Time": 50.989,
                                  "Actual Total Time": 149.382,
                                  "Actual Rows": 2,
                                  "Actual Loops": 1
                                }
                              ],
                              "Plans": [
                                {
                                  "Node Type": "Nested Loop",
                                  "Parent Relationship": "Outer",
                                  "Parallel Aware": false,
                                  "Async Capable": false,
                                  "Join Type": "Inner",
                                  "Startup Cost": 0.42,
                                  "Total Cost": 43537.15,
                                  "Plan Rows": 14,
                                  "Plan Width": 4,
                                  "Actual Startup Time": 0.177,
                                  "Actual Total Time": 137.004,
                                  "Actual Rows": 2832,
                                  "Actual Loops": 3,
                                  "Output": ["mc.movie_id"],
                                  "Inner Unique": true,
                                  "Workers": [
                                    {
                                      "Worker Number": 0,
                                      "Actual Startup Time": 0.143,
                                      "Actual Total Time": 134.330,
                                      "Actual Rows": 2478,
                                      "Actual Loops": 1
                                    },
                                    {
                                      "Worker Number": 1,
                                      "Actual Startup Time": 0.259,
                                      "Actual Total Time": 132.090,
                                      "Actual Rows": 2777,
                                      "Actual Loops": 1
                                    }
                                  ],
                                  "Plans": [
                                    {
                                      "Node Type": "Seq Scan",
                                      "Parent Relationship": "Outer",
                                      "Parallel Aware": true,
                                      "Async Capable": false,
                                      "Relation Name": "movie_companies",
                                      "Schema": "public",
                                      "Alias": "mc",
                                      "Startup Cost": 0.00,
                                      "Total Cost": 40532.74,
                                      "Plan Rows": 484,
                                      "Plan Width": 8,
                                      "Actual Startup Time": 0.094,
                                      "Actual Total Time": 130.459,
                                      "Actual Rows": 2856,
                                      "Actual Loops": 3,
                                      "Output": ["mc.id", "mc.movie_id", "mc.company_id", "mc.company_type_id", "mc.note"],
                                      "Filter": "(((mc.note)::text ~~ '%(Japan)%'::text) AND ((mc.note)::text !~~ '%(USA)%'::text) AND (((mc.note)::text ~~ '%(2006)%'::text) OR ((mc.note)::text ~~ '%(2007)%'::text)))",
                                      "Rows Removed by Filter": 866853,
                                      "Workers": [
                                        {
                                          "Worker Number": 0,
                                          "Actual Startup Time": 0.031,
                                          "Actual Total Time": 128.019,
                                          "Actual Rows": 2493,
                                          "Actual Loops": 1
                                        },
                                        {
                                          "Worker Number": 1,
                                          "Actual Startup Time": 0.135,
                                          "Actual Total Time": 125.549,
                                          "Actual Rows": 2803,
                                          "Actual Loops": 1
                                        }
                                      ]
                                    },
                                    {
                                      "Node Type": "Index Scan",
                                      "Parent Relationship": "Inner",
                                      "Parallel Aware": false,
                                      "Async Capable": false,
                                      "Scan Direction": "Forward",
                                      "Index Name": "company_name_pkey",
                                      "Relation Name": "company_name",
                                      "Schema": "public",
                                      "Alias": "cn",
                                      "Startup Cost": 0.42,
                                      "Total Cost": 6.21,
                                      "Plan Rows": 1,
                                      "Plan Width": 4,
                                      "Actual Startup Time": 0.002,
                                      "Actual Total Time": 0.002,
                                      "Actual Rows": 1,
                                      "Actual Loops": 8569,
                                      "Output": ["cn.id", "cn.name", "cn.country_code", "cn.imdb_id", "cn.name_pcode_nf", "cn.name_pcode_sf", "cn.md5sum"],
                                      "Index Cond": "(cn.id = mc.company_id)",
                                      "Rows Removed by Index Recheck": 0,
                                      "Filter": "((cn.country_code)::text = '[jp]'::text)",
                                      "Rows Removed by Filter": 0,
                                      "Workers": [
                                        {
                                          "Worker Number": 0,
                                          "Actual Startup Time": 0.002,
                                          "Actual Total Time": 0.002,
                                          "Actual Rows": 1,
                                          "Actual Loops": 2493
                                        },
                                        {
                                          "Worker Number": 1,
                                          "Actual Startup Time": 0.002,
                                          "Actual Total Time": 0.002,
                                          "Actual Rows": 1,
                                          "Actual Loops": 2803
                                        }
                                      ]
                                    }
                                  ]
                                },
                                {
                                  "Node Type": "Memoize",
                                  "Parent Relationship": "Inner",
                                  "Parallel Aware": false,
                                  "Async Capable": false,
                                  "Startup Cost": 0.44,
                                  "Total Cost": 8.16,
                                  "Plan Rows": 1,
                                  "Plan Width": 21,
                                  "Actual Startup Time": 0.005,
                                  "Actual Total Time": 0.005,
                                  "Actual Rows": 0,
                                  "Actual Loops": 8495,
                                  "Output": ["t.title", "t.id"],
                                  "Cache Key": "mc.movie_id",
                                  "Cache Mode": "logical",
                                  "Cache Hits": 861,
                                  "Cache Misses": 2379,
                                  "Cache Evictions": 0,
                                  "Cache Overflows": 0,
                                  "Peak Memory Usage": 159,
                                  "Workers": [
                                    {
                                      "Worker Number": 0,
                                      "Actual Startup Time": 0.006,
                                      "Actual Total Time": 0.006,
                                      "Actual Rows": 0,
                                      "Actual Loops": 2478,
                                      "Cache Hits": 641,
                                      "Cache Misses": 1837,
                                      "Cache Evictions": 0,
                                      "Cache Overflows": 0,
                                      "Peak Memory Usage": 122
                                    },
                                    {
                                      "Worker Number": 1,
                                      "Actual Startup Time": 0.006,
                                      "Actual Total Time": 0.006,
                                      "Actual Rows": 0,
                                      "Actual Loops": 2777,
                                      "Cache Hits": 626,
                                      "Cache Misses": 2151,
                                      "Cache Evictions": 0,
                                      "Cache Overflows": 0,
                                      "Peak Memory Usage": 143
                                    }
                                  ],
                                  "Plans": [
                                    {
                                      "Node Type": "Index Scan",
                                      "Parent Relationship": "Outer",
                                      "Parallel Aware": false,
                                      "Async Capable": false,
                                      "Scan Direction": "Forward",
                                      "Index Name": "title_pkey",
                                      "Relation Name": "title",
                                      "Schema": "public",
                                      "Alias": "t",
                                      "Startup Cost": 0.43,
                                      "Total Cost": 8.15,
                                      "Plan Rows": 1,
                                      "Plan Width": 21,
                                      "Actual Startup Time": 0.006,
                                      "Actual Total Time": 0.006,
                                      "Actual Rows": 0,
                                      "Actual Loops": 6367,
                                      "Output": ["t.title", "t.id"],
                                      "Index Cond": "(t.id = mc.movie_id)",
                                      "Rows Removed by Index Recheck": 0,
                                      "Filter": "((t.production_year >= 2006) AND (t.production_year <= 2007) AND (((t.title)::text ~~ 'One Piece%'::text) OR ((t.title)::text ~~ 'Dragon Ball Z%'::text)))",
                                      "Rows Removed by Filter": 1,
                                      "Workers": [
                                        {
                                          "Worker Number": 0,
                                          "Actual Startup Time": 0.008,
                                          "Actual Total Time": 0.008,
                                          "Actual Rows": 0,
                                          "Actual Loops": 1837
                                        },
                                        {
                                          "Worker Number": 1,
                                          "Actual Startup Time": 0.007,
                                          "Actual Total Time": 0.007,
                                          "Actual Rows": 0,
                                          "Actual Loops": 2151
                                        }
                                      ]
                                    }
                                  ]
                                }
                              ]
                            }
                          ]
                        },
                        {
                          "Node Type": "Index Scan",
                          "Parent Relationship": "Inner",
                          "Parallel Aware": false,
                          "Async Capable": false,
                          "Scan Direction": "Forward",
                          "Index Name": "movie_id_cast_info",
                          "Relation Name": "cast_info",
                          "Schema": "public",
                          "Alias": "ci",
                          "Startup Cost": 0.44,
                          "Total Cost": 144.92,
                          "Plan Rows": 1,
                          "Plan Width": 12,
                          "Actual Startup Time": 0.011,
                          "Actual Total Time": 0.035,
                          "Actual Rows": 26,
                          "Actual Loops": 4,
                          "Output": ["ci.id", "ci.person_id", "ci.movie_id", "ci.person_role_id", "ci.note", "ci.nr_order", "ci.role_id"],
                          "Index Cond": "(ci.movie_id = mc.movie_id)",
                          "Rows Removed by Index Recheck": 0,
                          "Filter": "((ci.note)::text = '(voice: English version)'::text)",
                          "Rows Removed by Filter": 17
                        }
                      ]
                    },
                    {
                      "Node Type": "Index Scan",
                      "Parent Relationship": "Inner",
                      "Parallel Aware": false,
                      "Async Capable": false,
                      "Scan Direction": "Forward",
                      "Index Name": "person_id_aka_name",
                      "Relation Name": "aka_name",
                      "Schema": "public",
                      "Alias": "an",
                      "Startup Cost": 0.42,
                      "Total Cost": 1.15,
                      "Plan Rows": 2,
                      "Plan Width": 20,
                      "Actual Startup Time": 0.002,
                      "Actual Total Time": 0.003,
                      "Actual Rows": 2,
                      "Actual Loops": 104,
                      "Output": ["an.id", "an.person_id", "an.name", "an.imdb_index", "an.name_pcode_cf", "an.name_pcode_nf", "an.surname_pcode", "an.md5sum"],
                      "Index Cond": "(an.person_id = ci.person_id)",
                      "Rows Removed by Index Recheck": 0
                    }
                  ]
                },
                {
                  "Node Type": "Index Scan",
                  "Parent Relationship": "Inner",
                  "Parallel Aware": false,
                  "Async Capable": false,
                  "Scan Direction": "Forward",
                  "Index Name": "name_pkey",
                  "Relation Name": "name",
                  "Schema": "public",
                  "Alias": "n",
                  "Startup Cost": 0.43,
                  "Total Cost": 0.77,
                  "Plan Rows": 1,
                  "Plan Width": 4,
                  "Actual Startup Time": 0.002,
                  "Actual Total Time": 0.002,
                  "Actual Rows": 0,
                  "Actual Loops": 171,
                  "Output": ["n.id", "n.name", "n.imdb_index", "n.imdb_id", "n.gender", "n.name_pcode_cf", "n.name_pcode_nf", "n.surname_pcode", "n.md5sum"],
                  "Index Cond": "(n.id = an.person_id)",
                  "Rows Removed by Index Recheck": 0,
                  "Filter": "(((n.name)::text ~~ '%Yo%'::text) AND ((n.name)::text !~~ '%Yu%'::text))",
                  "Rows Removed by Filter": 1
                }
              ]
            },
            {
              "Node Type": "Index Scan",
              "Parent Relationship": "Inner",
              "Parallel Aware": false,
              "Async Capable": false,
              "Scan Direction": "Forward",
              "Index Name": "role_type_pkey",
              "Relation Name": "role_type",
              "Schema": "public",
              "Alias": "rt",
              "Startup Cost": 0.15,
              "Total Cost": 0.17,
              "Plan Rows": 1,
              "Plan Width": 4,
              "Actual Startup Time": 0.002,
              "Actual Total Time": 0.002,
              "Actual Rows": 1,
              "Actual Loops": 6,
              "Output": ["rt.id", "rt.role"],
              "Index Cond": "(rt.id = ci.role_id)",
              "Rows Removed by Index Recheck": 0,
              "Filter": "((rt.role)::text = 'actress'::text)",
              "Rows Removed by Filter": 0
            }
          ]
        }
      ]
    },
    "Planning Time": 4.591,
    "Triggers": [
    ],
    "Execution Time": 180.425
  }
]
