[
  {
    "Plan": {
      "Node Type": "Aggregate",
      "Strategy": "Plain",
      "Partial Mode": "Finalize",
      "Parallel Aware": false,
      "Async Capable": false,
      "Startup Cost": 576036.49,
      "Total Cost": 576036.50,
      "Plan Rows": 1,
      "Plan Width": 64,
      "Actual Startup Time": 5189.951,
      "Actual Total Time": 5273.132,
      "Actual Rows": 1,
      "Actual Loops": 1,
      "Output": ["min((a1.name)::text)", "min((t.title)::text)"],
      "Plans": [
        {
          "Node Type": "Gather",
          "Parent Relationship": "Outer",
          "Parallel Aware": false,
          "Async Capable": false,
          "Startup Cost": 576036.27,
          "Total Cost": 576036.48,
          "Plan Rows": 2,
          "Plan Width": 64,
          "Actual Startup Time": 5171.156,
          "Actual Total Time": 5273.117,
          "Actual Rows": 3,
          "Actual Loops": 1,
          "Output": ["(PARTIAL min((a1.name)::text))", "(PARTIAL min((t.title)::text))"],
          "Workers Planned": 2,
          "Workers Launched": 2,
          "Single Copy": false,
          "Plans": [
            {
              "Node Type": "Aggregate",
              "Strategy": "Plain",
              "Partial Mode": "Partial",
              "Parent Relationship": "Outer",
              "Parallel Aware": false,
              "Async Capable": false,
              "Startup Cost": 575036.27,
              "Total Cost": 575036.28,
              "Plan Rows": 1,
              "Plan Width": 64,
              "Actual Startup Time": 5154.595,
              "Actual Total Time": 5158.772,
              "Actual Rows": 1,
              "Actual Loops": 3,
              "Output": ["PARTIAL min((a1.name)::text)", "PARTIAL min((t.title)::text)"],
              "Workers": [
                {
                  "Worker Number": 0,
                  "Actual Startup Time": 5146.561,
                  "Actual Total Time": 5146.591,
                  "Actual Rows": 1,
                  "Actual Loops": 1,
                  "JIT": {
                    "Functions": 53,
                    "Options": {
                      "Inlining": true,
                      "Optimization": true,
                      "Expressions": true,
                      "Deforming": true
                    },
                    "Timing": {
                      "Generation": 1.979,
                      "Inlining": 55.899,
                      "Optimization": 190.279,
                      "Emission": 132.773,
                      "Total": 380.930
                    }
                  }
                },
                {
                  "Worker Number": 1,
                  "Actual Startup Time": 5146.457,
                  "Actual Total Time": 5146.467,
                  "Actual Rows": 1,
                  "Actual Loops": 1,
                  "JIT": {
                    "Functions": 53,
                    "Options": {
                      "Inlining": true,
                      "Optimization": true,
                      "Expressions": true,
                      "Deforming": true
                    },
                    "Timing": {
                      "Generation": 1.961,
                      "Inlining": 55.859,
                      "Optimization": 190.234,
                      "Emission": 132.837,
                      "Total": 380.891
                    }
                  }
                }
              ],
              "Plans": [
                {
                  "Node Type": "Hash Join",
                  "Parent Relationship": "Outer",
                  "Parallel Aware": true,
                  "Async Capable": false,
                  "Join Type": "Inner",
                  "Startup Cost": 557437.31,
                  "Total Cost": 574073.44,
                  "Plan Rows": 192565,
                  "Plan Width": 33,
                  "Actual Startup Time": 4869.382,
                  "Actual Total Time": 5075.943,
                  "Actual Rows": 829204,
                  "Actual Loops": 3,
                  "Output": ["a1.name", "t.title"],
                  "Inner Unique": false,
                  "Hash Cond": "(a1.person_id = n1.id)",
                  "Workers": [
                    {
                      "Worker Number": 0,
                      "Actual Startup Time": 4861.322,
                      "Actual Total Time": 5071.073,
                      "Actual Rows": 744833,
                      "Actual Loops": 1
                    },
                    {
                      "Worker Number": 1,
                      "Actual Startup Time": 4861.512,
                      "Actual Total Time": 5059.218,
                      "Actual Rows": 865442,
                      "Actual Loops": 1
                    }
                  ],
                  "Plans": [
                    {
                      "Node Type": "Seq Scan",
                      "Parent Relationship": "Outer",
                      "Parallel Aware": true,
                      "Async Capable": false,
                      "Relation Name": "aka_name",
                      "Schema": "public",
                      "Alias": "a1",
                      "Startup Cost": 0.00,
                      "Total Cost": 15151.60,
                      "Plan Rows": 375560,
                      "Plan Width": 20,
                      "Actual Startup Time": 0.016,
                      "Actual Total Time": 20.637,
                      "Actual Rows": 300448,
                      "Actual Loops": 3,
                      "Output": ["a1.id", "a1.person_id", "a1.name", "a1.imdb_index", "a1.name_pcode_cf", "a1.name_pcode_nf", "a1.surname_pcode", "a1.md5sum"],
                      "Workers": [
                        {
                          "Worker Number": 0,
                          "Actual Startup Time": 0.038,
                          "Actual Total Time": 19.174,
                          "Actual Rows": 269093,
                          "Actual Loops": 1
                        },
                        {
                          "Worker Number": 1,
                          "Actual Startup Time": 0.005,
                          "Actual Total Time": 20.258,
                          "Actual Rows": 301185,
                          "Actual Loops": 1
                        }
                      ]
                    },
                    {
                      "Node Type": "Hash",
                      "Parent Relationship": "Inner",
                      "Parallel Aware": true,
                      "Async Capable": false,
                      "Startup Cost": 556380.48,
                      "Total Cost": 556380.48,
                      "Plan Rows": 84546,
                      "Plan Width": 25,
                      "Actual Startup Time": 4864.864,
                      "Actual Total Time": 4869.039,
                      "Actual Rows": 656886,
                      "Actual Loops": 3,
                      "Output": ["ci.person_id", "n1.id", "t.title"],
                      "Hash Buckets": 2097152,
                      "Original Hash Buckets": 262144,
                      "Hash Batches": 1,
                      "Original Hash Batches": 1,
                      "Peak Memory Usage": 150464,
                      "Workers": [
                        {
                          "Worker Number": 0,
                          "Actual Startup Time": 4858.771,
                          "Actual Total Time": 4858.799,
                          "Actual Rows": 627401,
                          "Actual Loops": 1
                        },
                        {
                          "Worker Number": 1,
                          "Actual Startup Time": 4854.823,
                          "Actual Total Time": 4854.832,
                          "Actual Rows": 673013,
                          "Actual Loops": 1
                        }
                      ],
                      "Plans": [
                        {
                          "Node Type": "Nested Loop",
                          "Parent Relationship": "Outer",
                          "Parallel Aware": false,
                          "Async Capable": false,
                          "Join Type": "Inner",
                          "Startup Cost": 450018.69,
                          "Total Cost": 556380.48,
                          "Plan Rows": 84546,
                          "Plan Width": 25,
                          "Actual Startup Time": 2500.173,
                          "Actual Total Time": 4623.956,
                          "Actual Rows": 656886,
                          "Actual Loops": 3,
                          "Output": ["ci.person_id", "n1.id", "t.title"],
                          "Inner Unique": true,
                          "Workers": [
                            {
                              "Worker Number": 0,
                              "Actual Startup Time": 2494.036,
                              "Actual Total Time": 4617.081,
                              "Actual Rows": 627401,
                              "Actual Loops": 1
                            },
                            {
                              "Worker Number": 1,
                              "Actual Startup Time": 2490.100,
                              "Actual Total Time": 4606.454,
                              "Actual Rows": 673013,
                              "Actual Loops": 1
                            }
                          ],
                          "Plans": [
                            {
                              "Node Type": "Nested Loop",
                              "Parent Relationship": "Outer",
                              "Parallel Aware": false,
                              "Async Capable": false,
                              "Join Type": "Inner",
                              "Startup Cost": 450018.26,
                              "Total Cost": 518126.26,
                              "Plan Rows": 84546,
                              "Plan Width": 16,
                              "Actual Startup Time": 2500.154,
                              "Actual Total Time": 3422.471,
                              "Actual Rows": 656886,
                              "Actual Loops": 3,
                              "Output": ["ci.person_id", "ci.movie_id", "mc.movie_id", "n1.id"],
                              "Inner Unique": true,
                              "Workers": [
                                {
                                  "Worker Number": 0,
                                  "Actual Startup Time": 2494.012,
                                  "Actual Total Time": 3423.412,
                                  "Actual Rows": 627401,
                                  "Actual Loops": 1
                                },
                                {
                                  "Worker Number": 1,
                                  "Actual Startup Time": 2490.081,
                                  "Actual Total Time": 3391.959,
                                  "Actual Rows": 673013,
                                  "Actual Loops": 1
                                }
                              ],
                              "Plans": [
                                {
                                  "Node Type": "Hash Join",
                                  "Parent Relationship": "Outer",
                                  "Parallel Aware": true,
                                  "Async Capable": false,
                                  "Join Type": "Inner",
                                  "Startup Cost": 450017.82,
                                  "Total Cost": 484368.11,
                                  "Plan Rows": 84546,
                                  "Plan Width": 12,
                                  "Actual Startup Time": 2500.097,
                                  "Actual Total Time": 2911.334,
                                  "Actual Rows": 656886,
                                  "Actual Loops": 3,
                                  "Output": ["ci.person_id", "ci.movie_id", "mc.movie_id"],
                                  "Inner Unique": false,
                                  "Hash Cond": "(mc.movie_id = ci.movie_id)",
                                  "Workers": [
                                    {
                                      "Worker Number": 0,
                                      "Actual Startup Time": 2493.939,
                                      "Actual Total Time": 2906.793,
                                      "Actual Rows": 627401,
                                      "Actual Loops": 1
                                    },
                                    {
                                      "Worker Number": 1,
                                      "Actual Startup Time": 2490.011,
                                      "Actual Total Time": 2885.387,
                                      "Actual Rows": 673013,
                                      "Actual Loops": 1
                                    }
                                  ],
                                  "Plans": [
                                    {
                                      "Node Type": "Hash Join",
                                      "Parent Relationship": "Outer",
                                      "Parallel Aware": true,
                                      "Async Capable": false,
                                      "Join Type": "Inner",
                                      "Startup Cost": 5351.42,
                                      "Total Cost": 37866.58,
                                      "Plan Rows": 395427,
                                      "Plan Width": 4,
                                      "Actual Startup Time": 14.775,
                                      "Actual Total Time": 237.012,
                                      "Actual Rows": 384599,
                                      "Actual Loops": 3,
                                      "Output": ["mc.movie_id"],
                                      "Inner Unique": true,
                                      "Hash Cond": "(mc.company_id = cn.id)",
                                      "Workers": [
                                        {
                                          "Worker Number": 0,
                                          "Actual Startup Time": 14.777,
                                          "Actual Total Time": 231.506,
                                          "Actual Rows": 371458,
                                          "Actual Loops": 1
                                        },
                                        {
                                          "Worker Number": 1,
                                          "Actual Startup Time": 14.774,
                                          "Actual Total Time": 227.024,
                                          "Actual Rows": 386661,
                                          "Actual Loops": 1
                                        }
                                      ],
                                      "Plans": [
                                        {
                                          "Node Type": "Seq Scan",
                                          "Parent Relationship": "Outer",
                                          "Parallel Aware": true,
                                          "Async Capable": false,
                                          "Relation Name": "movie_companies",
                                          "Schema": "public",
                                          "Alias": "mc",
                                          "Startup Cost": 0.00,
                                          "Total Cost": 29661.37,
                                          "Plan Rows": 1087137,
                                          "Plan Width": 8,
                                          "Actual Startup Time": 0.004,
                                          "Actual Total Time": 57.497,
                                          "Actual Rows": 869710,
                                          "Actual Loops": 3,
                                          "Output": ["mc.id", "mc.movie_id", "mc.company_id", "mc.company_type_id", "mc.note"],
                                          "Workers": [
                                            {
                                              "Worker Number": 0,
                                              "Actual Startup Time": 0.007,
                                              "Actual Total Time": 56.908,
                                              "Actual Rows": 839940,
                                              "Actual Loops": 1
                                            },
                                            {
                                              "Worker Number": 1,
                                              "Actual Startup Time": 0.003,
                                              "Actual Total Time": 56.396,
                                              "Actual Rows": 859502,
                                              "Actual Loops": 1
                                            }
                                          ]
                                        },
                                        {
                                          "Node Type": "Hash",
                                          "Parent Relationship": "Inner",
                                          "Parallel Aware": true,
                                          "Async Capable": false,
                                          "Startup Cost": 4722.92,
                                          "Total Cost": 4722.92,
                                          "Plan Rows": 50280,
                                          "Plan Width": 4,
                                          "Actual Startup Time": 14.602,
                                          "Actual Total Time": 14.604,
                                          "Actual Rows": 28281,
                                          "Actual Loops": 3,
                                          "Output": ["cn.id"],
                                          "Hash Buckets": 131072,
                                          "Original Hash Buckets": 131072,
                                          "Hash Batches": 1,
                                          "Original Hash Batches": 1,
                                          "Peak Memory Usage": 4384,
                                          "Workers": [
                                            {
                                              "Worker Number": 0,
                                              "Actual Startup Time": 14.724,
                                              "Actual Total Time": 14.729,
                                              "Actual Rows": 27126,
                                              "Actual Loops": 1
                                            },
                                            {
                                              "Worker Number": 1,
                                              "Actual Startup Time": 14.353,
                                              "Actual Total Time": 14.355,
                                              "Actual Rows": 28269,
                                              "Actual Loops": 1
                                            }
                                          ],
                                          "Plans": [
                                            {
                                              "Node Type": "Seq Scan",
                                              "Parent Relationship": "Outer",
                                              "Parallel Aware": true,
                                              "Async Capable": false,
                                              "Relation Name": "company_name",
                                              "Schema": "public",
                                              "Alias": "cn",
                                              "Startup Cost": 0.00,
                                              "Total Cost": 4722.92,
                                              "Plan Rows": 50280,
                                              "Plan Width": 4,
                                              "Actual Startup Time": 0.030,
                                              "Actual Total Time": 9.589,
                                              "Actual Rows": 28281,
                                              "Actual Loops": 3,
                                              "Output": ["cn.id"],
                                              "Filter": "((cn.country_code)::text = '[us]'::text)",
                                              "Rows Removed by Filter": 50051,
                                              "Workers": [
                                                {
                                                  "Worker Number": 0,
                                                  "Actual Startup Time": 0.028,
                                                  "Actual Total Time": 9.696,
                                                  "Actual Rows": 27126,
                                                  "Actual Loops": 1
                                                },
                                                {
                                                  "Worker Number": 1,
                                                  "Actual Startup Time": 0.034,
                                                  "Actual Total Time": 9.684,
                                                  "Actual Rows": 28269,
                                                  "Actual Loops": 1
                                                }
                                              ]
                                            }
                                          ]
                                        }
                                      ]
                                    },
                                    {
                                      "Node Type": "Hash",
                                      "Parent Relationship": "Inner",
                                      "Parallel Aware": true,
                                      "Async Capable": false,
                                      "Startup Cost": 443602.91,
                                      "Total Cost": 443602.91,
                                      "Plan Rows": 85080,
                                      "Plan Width": 8,
                                      "Actual Startup Time": 2484.770,
                                      "Actual Total Time": 2484.776,
                                      "Actual Rows": 909648,
                                      "Actual Loops": 3,
                                      "Output": ["ci.person_id", "ci.movie_id"],
                                      "Hash Buckets": 4194304,
                                      "Original Hash Buckets": 262144,
                                      "Hash Batches": 1,
                                      "Original Hash Batches": 1,
                                      "Peak Memory Usage": 170272,
                                      "Workers": [
                                        {
                                          "Worker Number": 0,
                                          "Actual Startup Time": 2479.132,
                                          "Actual Total Time": 2479.146,
                                          "Actual Rows": 956749,
                                          "Actual Loops": 1
                                        },
                                        {
                                          "Worker Number": 1,
                                          "Actual Startup Time": 2475.204,
                                          "Actual Total Time": 2475.206,
                                          "Actual Rows": 875134,
                                          "Actual Loops": 1
                                        }
                                      ],
                                      "Plans": [
                                        {
                                          "Node Type": "Hash Join",
                                          "Parent Relationship": "Outer",
                                          "Parallel Aware": false,
                                          "Async Capable": false,
                                          "Join Type": "Inner",
                                          "Startup Cost": 18.93,
                                          "Total Cost": 443602.91,
                                          "Plan Rows": 85080,
                                          "Plan Width": 8,
                                          "Actual Startup Time": 1477.031,
                                          "Actual Total Time": 2191.855,
                                          "Actual Rows": 909648,
                                          "Actual Loops": 3,
                                          "Output": ["ci.person_id", "ci.movie_id"],
                                          "Inner Unique": true,
                                          "Hash Cond": "(ci.role_id = rt.id)",
                                          "Workers": [
                                            {
                                              "Worker Number": 0,
                                              "Actual Startup Time": 1472.332,
                                              "Actual Total Time": 2187.061,
                                              "Actual Rows": 956749,
                                              "Actual Loops": 1
                                            },
                                            {
                                              "Worker Number": 1,
                                              "Actual Startup Time": 1466.694,
                                              "Actual Total Time": 2183.015,
                                              "Actual Rows": 875134,
                                              "Actual Loops": 1
                                            }
                                          ],
                                          "Plans": [
                                            {
                                              "Node Type": "Seq Scan",
                                              "Parent Relationship": "Outer",
                                              "Parallel Aware": true,
                                              "Async Capable": false,
                                              "Relation Name": "cast_info",
                                              "Schema": "public",
                                              "Alias": "ci",
                                              "Startup Cost": 0.00,
                                              "Total Cost": 403705.10,
                                              "Plan Rows": 15101810,
                                              "Plan Width": 12,
                                              "Actual Startup Time": 0.022,
                                              "Actual Total Time": 835.373,
                                              "Actual Rows": 12081448,
                                              "Actual Loops": 3,
                                              "Output": ["ci.id", "ci.person_id", "ci.movie_id", "ci.person_role_id", "ci.note", "ci.nr_order", "ci.role_id"],
                                              "Workers": [
                                                {
                                                  "Worker Number": 0,
                                                  "Actual Startup Time": 0.014,
                                                  "Actual Total Time": 844.002,
                                                  "Actual Rows": 11827199,
                                                  "Actual Loops": 1
                                                },
                                                {
                                                  "Worker Number": 1,
                                                  "Actual Startup Time": 0.046,
                                                  "Actual Total Time": 847.394,
                                                  "Actual Rows": 11701898,
                                                  "Actual Loops": 1
                                                }
                                              ]
                                            },
                                            {
                                              "Node Type": "Hash",
                                              "Parent Relationship": "Inner",
                                              "Parallel Aware": false,
                                              "Async Capable": false,
                                              "Startup Cost": 18.88,
                                              "Total Cost": 18.88,
                                              "Plan Rows": 4,
                                              "Plan Width": 4,
                                              "Actual Startup Time": 376.456,
                                              "Actual Total Time": 376.458,
                                              "Actual Rows": 1,
                                              "Actual Loops": 3,
                                              "Output": ["rt.id"],
                                              "Hash Buckets": 1024,
                                              "Original Hash Buckets": 1024,
                                              "Hash Batches": 1,
                                              "Original Hash Batches": 1,
                                              "Peak Memory Usage": 9,
                                              "Workers": [
                                                {
                                                  "Worker Number": 0,
                                                  "Actual Startup Time": 378.722,
                                                  "Actual Total Time": 378.727,
                                                  "Actual Rows": 1,
                                                  "Actual Loops": 1
                                                },
                                                {
                                                  "Worker Number": 1,
                                                  "Actual Startup Time": 378.842,
                                                  "Actual Total Time": 378.842,
                                                  "Actual Rows": 1,
                                                  "Actual Loops": 1
                                                }
                                              ],
                                              "Plans": [
                                                {
                                                  "Node Type": "Seq Scan",
                                                  "Parent Relationship": "Outer",
                                                  "Parallel Aware": false,
                                                  "Async Capable": false,
                                                  "Relation Name": "role_type",
                                                  "Schema": "public",
                                                  "Alias": "rt",
                                                  "Startup Cost": 0.00,
                                                  "Total Cost": 18.88,
                                                  "Plan Rows": 4,
                                                  "Plan Width": 4,
                                                  "Actual Startup Time": 376.444,
                                                  "Actual Total Time": 376.447,
                                                  "Actual Rows": 1,
                                                  "Actual Loops": 3,
                                                  "Output": ["rt.id"],
                                                  "Filter": "((rt.role)::text = 'writer'::text)",
                                                  "Rows Removed by Filter": 11,
                                                  "Workers": [
                                                    {
                                                      "Worker Number": 0,
                                                      "Actual Startup Time": 378.711,
                                                      "Actual Total Time": 378.714,
                                                      "Actual Rows": 1,
                                                      "Actual Loops": 1
                                                    },
                                                    {
                                                      "Worker Number": 1,
                                                      "Actual Startup Time": 378.831,
                                                      "Actual Total Time": 378.833,
                                                      "Actual Rows": 1,
                                                      "Actual Loops": 1
                                                    }
                                                  ]
                                                }
                                              ]
                                            }
                                          ]
                                        }
                                      ]
                                    }
                                  ]
                                },
                                {
                                  "Node Type": "Memoize",
                                  "Parent Relationship": "Inner",
                                  "Parallel Aware": false,
                                  "Async Capable": false,
                                  "Startup Cost": 0.44,
                                  "Total Cost": 0.46,
                                  "Plan Rows": 1,
                                  "Plan Width": 4,
                                  "Actual Startup Time": 0.001,
                                  "Actual Total Time": 0.001,
                                  "Actual Rows": 1,
                                  "Actual Loops": 1970658,
                                  "Output": ["n1.id"],
                                  "Cache Key": "ci.person_id",
                                  "Cache Mode": "logical",
                                  "Cache Hits": 581061,
                                  "Cache Misses": 89183,
                                  "Cache Evictions": 0,
                                  "Cache Overflows": 0,
                                  "Peak Memory Usage": 9058,
                                  "Workers": [
                                    {
                                      "Worker Number": 0,
                                      "Actual Startup Time": 0.001,
                                      "Actual Total Time": 0.001,
                                      "Actual Rows": 1,
                                      "Actual Loops": 627401,
                                      "Cache Hits": 541974,
                                      "Cache Misses": 85427,
                                      "Cache Evictions": 0,
                                      "Cache Overflows": 0,
                                      "Peak Memory Usage": 8677
                                    },
                                    {
                                      "Worker Number": 1,
                                      "Actual Startup Time": 0.001,
                                      "Actual Total Time": 0.001,
                                      "Actual Rows": 1,
                                      "Actual Loops": 673013,
                                      "Cache Hits": 584787,
                                      "Cache Misses": 88226,
                                      "Cache Evictions": 0,
                                      "Cache Overflows": 0,
                                      "Peak Memory Usage": 8961
                                    }
                                  ],
                                  "Plans": [
                                    {
                                      "Node Type": "Index Only Scan",
                                      "Parent Relationship": "Outer",
                                      "Parallel Aware": false,
                                      "Async Capable": false,
                                      "Scan Direction": "Forward",
                                      "Index Name": "name_pkey",
                                      "Relation Name": "name",
                                      "Schema": "public",
                                      "Alias": "n1",
                                      "Startup Cost": 0.43,
                                      "Total Cost": 0.45,
                                      "Plan Rows": 1,
                                      "Plan Width": 4,
                                      "Actual Startup Time": 0.003,
                                      "Actual Total Time": 0.003,
                                      "Actual Rows": 1,
                                      "Actual Loops": 262836,
                                      "Output": ["n1.id"],
                                      "Index Cond": "(n1.id = ci.person_id)",
                                      "Rows Removed by Index Recheck": 0,
                                      "Heap Fetches": 0,
                                      "Workers": [
                                        {
                                          "Worker Number": 0,
                                          "Actual Startup Time": 0.003,
                                          "Actual Total Time": 0.003,
                                          "Actual Rows": 1,
                                          "Actual Loops": 85427
                                        },
                                        {
                                          "Worker Number": 1,
                                          "Actual Startup Time": 0.003,
                                          "Actual Total Time": 0.003,
                                          "Actual Rows": 1,
                                          "Actual Loops": 88226
                                        }
                                      ]
                                    }
                                  ]
                                }
                              ]
                            },
                            {
                              "Node Type": "Index Scan",
                              "Parent Relationship": "Inner",
                              "Parallel Aware": false,
                              "Async Capable": false,
                              "Scan Direction": "Forward",
                              "Index Name": "title_pkey",
                              "Relation Name": "title",
                              "Schema": "public",
                              "Alias": "t",
                              "Startup Cost": 0.43,
                              "Total Cost": 0.45,
                              "Plan Rows": 1,
                              "Plan Width": 21,
                              "Actual Startup Time": 0.002,
                              "Actual Total Time": 0.002,
                              "Actual Rows": 1,
                              "Actual Loops": 1970658,
                              "Output": ["t.id", "t.title", "t.imdb_index", "t.kind_id", "t.production_year", "t.imdb_id", "t.phonetic_code", "t.episode_of_id", "t.season_nr", "t.episode_nr", "t.series_years", "t.md5sum"],
                              "Index Cond": "(t.id = ci.movie_id)",
                              "Rows Removed by Index Recheck": 0,
                              "Workers": [
                                {
                                  "Worker Number": 0,
                                  "Actual Startup Time": 0.002,
                                  "Actual Total Time": 0.002,
                                  "Actual Rows": 1,
                                  "Actual Loops": 627401
                                },
                                {
                                  "Worker Number": 1,
                                  "Actual Startup Time": 0.002,
                                  "Actual Total Time": 0.002,
                                  "Actual Rows": 1,
                                  "Actual Loops": 673013
                                }
                              ]
                            }
                          ]
                        }
                      ]
                    }
                  ]
                }
              ]
            }
          ]
        }
      ]
    },
    "Planning Time": 3.585,
    "Triggers": [
    ],
    "JIT": {
      "Functions": 161,
      "Options": {
        "Inlining": true,
        "Optimization": true,
        "Expressions": true,
        "Deforming": true
      },
      "Timing": {
        "Generation": 6.279,
        "Inlining": 123.438,
        "Optimization": 589.489,
        "Emission": 416.843,
        "Total": 1136.050
      }
    },
    "Execution Time": 5276.446
  }
]
