[
  {
    "Plan": {
      "Node Type": "Aggregate",
      "Strategy": "Plain",
      "Partial Mode": "Simple",
      "Parallel Aware": false,
      "Async Capable": false,
      "Startup Cost": 87966.27,
      "Total Cost": 87966.28,
      "Plan Rows": 1,
      "Plan Width": 128,
      "Actual Startup Time": 697.949,
      "Actual Total Time": 769.549,
      "Actual Rows": 1,
      "Actual Loops": 1,
      "Output": ["min((an.name)::text)", "min((chn.name)::text)", "min((n.name)::text)", "min((t.title)::text)"],
      "Plans": [
        {
          "Node Type": "Nested Loop",
          "Parent Relationship": "Outer",
          "Parallel Aware": false,
          "Async Capable": false,
          "Join Type": "Inner",
          "Startup Cost": 6372.50,
          "Total Cost": 87966.26,
          "Plan Rows": 1,
          "Plan Width": 64,
          "Actual Startup Time": 311.325,
          "Actual Total Time": 769.511,
          "Actual Rows": 40,
          "Actual Loops": 1,
          "Output": ["an.name", "chn.name", "n.name", "t.title"],
          "Inner Unique": true,
          "Plans": [
            {
              "Node Type": "Nested Loop",
              "Parent Relationship": "Outer",
              "Parallel Aware": false,
              "Async Capable": false,
              "Join Type": "Inner",
              "Startup Cost": 6372.07,
              "Total Cost": 87965.55,
              "Plan Rows": 1,
              "Plan Width": 52,
              "Actual Startup Time": 311.309,
              "Actual Total Time": 769.395,
              "Actual Rows": 40,
              "Actual Loops": 1,
              "Output": ["an.name", "ci.person_role_id", "n.name", "t.title"],
              "Inner Unique": false,
              "Join Filter": "(n.id = an.person_id)",
              "Rows Removed by Join Filter": 0,
              "Plans": [
                {
                  "Node Type": "Gather",
                  "Parent Relationship": "Outer",
                  "Parallel Aware": false,
                  "Async Capable": false,
                  "Startup Cost": 6371.64,
                  "Total Cost": 87964.99,
                  "Plan Rows": 1,
                  "Plan Width": 44,
                  "Actual Startup Time": 311.286,
                  "Actual Total Time": 769.261,
                  "Actual Rows": 30,
                  "Actual Loops": 1,
                  "Output": ["ci.person_id", "ci.person_role_id", "n.name", "n.id", "t.title"],
                  "Workers Planned": 2,
                  "Workers Launched": 2,
                  "Single Copy": false,
                  "Plans": [
                    {
                      "Node Type": "Nested Loop",
                      "Parent Relationship": "Outer",
                      "Parallel Aware": false,
                      "Async Capable": false,
                      "Join Type": "Inner",
                      "Startup Cost": 5371.64,
                      "Total Cost": 86964.89,
                      "Plan Rows": 1,
                      "Plan Width": 44,
                      "Actual Startup Time": 190.936,
                      "Actual Total Time": 690.885,
                      "Actual Rows": 10,
                      "Actual Loops": 3,
                      "Output": ["ci.person_id", "ci.person_role_id", "n.name", "n.id", "t.title"],
                      "Inner Unique": true,
                      "Workers": [
                        {
                          "Worker Number": 0,
                          "Actual Startup Time": 101.288,
                          "Actual Total Time": 687.728,
                          "Actual Rows": 5,
                          "Actual Loops": 1
                        },
                        {
                          "Worker Number": 1,
                          "Actual Startup Time": 160.700,
                          "Actual Total Time": 688.192,
                          "Actual Rows": 18,
                          "Actual Loops": 1
                        }
                      ],
                      "Plans": [
                        {
                          "Node Type": "Hash Join",
                          "Parent Relationship": "Outer",
                          "Parallel Aware": false,
                          "Async Capable": false,
                          "Join Type": "Inner",
                          "Startup Cost": 5371.21,
                          "Total Cost": 86954.77,
                          "Plan Rows": 12,
                          "Plan Width": 25,
                          "Actual Startup Time": 35.913,
                          "Actual Total Time": 683.473,
                          "Actual Rows": 2522,
                          "Actual Loops": 3,
                          "Output": ["ci.person_id", "ci.person_role_id", "t.title"],
                          "Inner Unique": true,
                          "Hash Cond": "(ci.role_id = rt.id)",
                          "Workers": [
                            {
                              "Worker Number": 0,
                              "Actual Startup Time": 35.345,
                              "Actual Total Time": 679.752,
                              "Actual Rows": 2790,
                              "Actual Loops": 1
                            },
                            {
                              "Worker Number": 1,
                              "Actual Startup Time": 38.729,
                              "Actual Total Time": 682.367,
                              "Actual Rows": 1684,
                              "Actual Loops": 1
                            }
                          ],
                          "Plans": [
                            {
                              "Node Type": "Nested Loop",
                              "Parent Relationship": "Outer",
                              "Parallel Aware": false,
                              "Async Capable": false,
                              "Join Type": "Inner",
                              "Startup Cost": 5352.29,
                              "Total Cost": 86930.04,
                              "Plan Rows": 2198,
                              "Plan Width": 29,
                              "Actual Startup Time": 28.549,
                              "Actual Total Time": 682.166,
                              "Actual Rows": 8997,
                              "Actual Loops": 3,
                              "Output": ["ci.role_id", "ci.person_id", "ci.person_role_id", "t.title"],
                              "Inner Unique": false,
                              "Workers": [
                                {
                                  "Worker Number": 0,
                                  "Actual Startup Time": 29.902,
                                  "Actual Total Time": 678.264,
                                  "Actual Rows": 9369,
                                  "Actual Loops": 1
                                },
                                {
                                  "Worker Number": 1,
                                  "Actual Startup Time": 23.579,
                                  "Actual Total Time": 681.204,
                                  "Actual Rows": 6144,
                                  "Actual Loops": 1
                                }
                              ],
                              "Plans": [
                                {
                                  "Node Type": "Nested Loop",
                                  "Parent Relationship": "Outer",
                                  "Parallel Aware": false,
                                  "Async Capable": false,
                                  "Join Type": "Inner",
                                  "Startup Cost": 5351.85,
                                  "Total Cost": 76946.62,
                                  "Plan Rows": 2905,
                                  "Plan Width": 25,
                                  "Actual Startup Time": 22.740,
                                  "Actual Total Time": 306.938,
                                  "Actual Rows": 15670,
                                  "Actual Loops": 3,
                                  "Output": ["mc.movie_id", "t.title", "t.id"],
                                  "Inner Unique": true,
                                  "Workers": [
                                    {
                                      "Worker Number": 0,
                                      "Actual Startup Time": 19.254,
                                      "Actual Total Time": 297.455,
                                      "Actual Rows": 14999,
                                      "Actual Loops": 1
                                    },
                                    {
                                      "Worker Number": 1,
                                      "Actual Startup Time": 19.848,
                                      "Actual Total Time": 290.681,
                                      "Actual Rows": 14518,
                                      "Actual Loops": 1
                                    }
                                  ],
                                  "Plans": [
                                    {
                                      "Node Type": "Hash Join",
                                      "Parent Relationship": "Outer",
                                      "Parallel Aware": true,
                                      "Async Capable": false,
                                      "Join Type": "Inner",
                                      "Startup Cost": 5351.42,
                                      "Total Cost": 43268.34,
                                      "Plan Rows": 14137,
                                      "Plan Width": 4,
                                      "Actual Startup Time": 22.617,
                                      "Actual Total Time": 172.766,
                                      "Actual Rows": 59022,
                                      "Actual Loops": 3,
                                      "Output": ["mc.movie_id"],
                                      "Inner Unique": true,
                                      "Hash Cond": "(mc.company_id = cn.id)",
                                      "Workers": [
                                        {
                                          "Worker Number": 0,
                                          "Actual Startup Time": 19.209,
                                          "Actual Total Time": 162.733,
                                          "Actual Rows": 55386,
                                          "Actual Loops": 1
                                        },
                                        {
                                          "Worker Number": 1,
                                          "Actual Startup Time": 19.721,
                                          "Actual Total Time": 160.320,
                                          "Actual Rows": 53444,
                                          "Actual Loops": 1
                                        }
                                      ],
                                      "Plans": [
                                        {
                                          "Node Type": "Seq Scan",
                                          "Parent Relationship": "Outer",
                                          "Parallel Aware": true,
                                          "Async Capable": false,
                                          "Relation Name": "movie_companies",
                                          "Schema": "public",
                                          "Alias": "mc",
                                          "Startup Cost": 0.00,
                                          "Total Cost": 37814.90,
                                          "Plan Rows": 38865,
                                          "Plan Width": 8,
                                          "Actual Startup Time": 0.015,
                                          "Actual Total Time": 134.191,
                                          "Actual Rows": 66173,
                                          "Actual Loops": 3,
                                          "Output": ["mc.id", "mc.movie_id", "mc.company_id", "mc.company_type_id", "mc.note"],
                                          "Filter": "(((mc.note)::text ~~ '%(200%)%'::text) AND (((mc.note)::text ~~ '%(USA)%'::text) OR ((mc.note)::text ~~ '%(worldwide)%'::text)))",
                                          "Rows Removed by Filter": 803537,
                                          "Workers": [
                                            {
                                              "Worker Number": 0,
                                              "Actual Startup Time": 0.020,
                                              "Actual Total Time": 128.272,
                                              "Actual Rows": 61888,
                                              "Actual Loops": 1
                                            },
                                            {
                                              "Worker Number": 1,
                                              "Actual Startup Time": 0.020,
                                              "Actual Total Time": 125.770,
                                              "Actual Rows": 60235,
                                              "Actual Loops": 1
                                            }
                                          ]
                                        },
                                        {
                                          "Node Type": "Hash",
                                          "Parent Relationship": "Inner",
                                          "Parallel Aware": true,
                                          "Async Capable": false,
                                          "Startup Cost": 4722.92,
                                          "Total Cost": 4722.92,
                                          "Plan Rows": 50280,
                                          "Plan Width": 4,
                                          "Actual Startup Time": 22.180,
                                          "Actual Total Time": 22.181,
                                          "Actual Rows": 28281,
                                          "Actual Loops": 3,
                                          "Output": ["cn.id"],
                                          "Hash Buckets": 131072,
                                          "Original Hash Buckets": 131072,
                                          "Hash Batches": 1,
                                          "Original Hash Batches": 1,
                                          "Peak Memory Usage": 4384,
                                          "Workers": [
                                            {
                                              "Worker Number": 0,
                                              "Actual Startup Time": 19.153,
                                              "Actual Total Time": 19.154,
                                              "Actual Rows": 22725,
                                              "Actual Loops": 1
                                            },
                                            {
                                              "Worker Number": 1,
                                              "Actual Startup Time": 19.671,
                                              "Actual Total Time": 19.672,
                                              "Actual Rows": 23322,
                                              "Actual Loops": 1
                                            }
                                          ],
                                          "Plans": [
                                            {
                                              "Node Type": "Seq Scan",
                                              "Parent Relationship": "Outer",
                                              "Parallel Aware": true,
                                              "Async Capable": false,
                                              "Relation Name": "company_name",
                                              "Schema": "public",
                                              "Alias": "cn",
                                              "Startup Cost": 0.00,
                                              "Total Cost": 4722.92,
                                              "Plan Rows": 50280,
                                              "Plan Width": 4,
                                              "Actual Startup Time": 0.029,
                                              "Actual Total Time": 16.186,
                                              "Actual Rows": 28281,
                                              "Actual Loops": 3,
                                              "Output": ["cn.id"],
                                              "Filter": "((cn.country_code)::text = '[us]'::text)",
                                              "Rows Removed by Filter": 50051,
                                              "Workers": [
                                                {
                                                  "Worker Number": 0,
                                                  "Actual Startup Time": 0.020,
                                                  "Actual Total Time": 14.091,
                                                  "Actual Rows": 22725,
                                                  "Actual Loops": 1
                                                },
                                                {
                                                  "Worker Number": 1,
                                                  "Actual Startup Time": 0.063,
                                                  "Actual Total Time": 14.724,
                                                  "Actual Rows": 23322,
                                                  "Actual Loops": 1
                                                }
                                              ]
                                            }
                                          ]
                                        }
                                      ]
                                    },
                                    {
                                      "Node Type": "Index Scan",
                                      "Parent Relationship": "Inner",
                                      "Parallel Aware": false,
                                      "Async Capable": false,
                                      "Scan Direction": "Forward",
                                      "Index Name": "title_pkey",
                                      "Relation Name": "title",
                                      "Schema": "public",
                                      "Alias": "t",
                                      "Startup Cost": 0.43,
                                      "Total Cost": 2.38,
                                      "Plan Rows": 1,
                                      "Plan Width": 21,
                                      "Actual Startup Time": 0.002,
                                      "Actual Total Time": 0.002,
                                      "Actual Rows": 0,
                                      "Actual Loops": 177065,
                                      "Output": ["t.id", "t.title", "t.imdb_index", "t.kind_id", "t.production_year", "t.imdb_id", "t.phonetic_code", "t.episode_of_id", "t.season_nr", "t.episode_nr", "t.series_years", "t.md5sum"],
                                      "Index Cond": "(t.id = mc.movie_id)",
                                      "Rows Removed by Index Recheck": 0,
                                      "Filter": "((t.production_year >= 2007) AND (t.production_year <= 2010))",
                                      "Rows Removed by Filter": 1,
                                      "Workers": [
                                        {
                                          "Worker Number": 0,
                                          "Actual Startup Time": 0.002,
                                          "Actual Total Time": 0.002,
                                          "Actual Rows": 0,
                                          "Actual Loops": 55386
                                        },
                                        {
                                          "Worker Number": 1,
                                          "Actual Startup Time": 0.002,
                                          "Actual Total Time": 0.002,
                                          "Actual Rows": 0,
                                          "Actual Loops": 53444
                                        }
                                      ]
                                    }
                                  ]
                                },
                                {
                                  "Node Type": "Index Scan",
                                  "Parent Relationship": "Inner",
                                  "Parallel Aware": false,
                                  "Async Capable": false,
                                  "Scan Direction": "Forward",
                                  "Index Name": "movie_id_cast_info",
                                  "Relation Name": "cast_info",
                                  "Schema": "public",
                                  "Alias": "ci",
                                  "Startup Cost": 0.44,
                                  "Total Cost": 3.43,
                                  "Plan Rows": 1,
                                  "Plan Width": 16,
                                  "Actual Startup Time": 0.021,
                                  "Actual Total Time": 0.024,
                                  "Actual Rows": 1,
                                  "Actual Loops": 47009,
                                  "Output": ["ci.id", "ci.person_id", "ci.movie_id", "ci.person_role_id", "ci.note", "ci.nr_order", "ci.role_id"],
                                  "Index Cond": "(ci.movie_id = t.id)",
                                  "Rows Removed by Index Recheck": 0,
                                  "Filter": "((ci.note)::text = '(voice)'::text)",
                                  "Rows Removed by Filter": 31,
                                  "Workers": [
                                    {
                                      "Worker Number": 0,
                                      "Actual Startup Time": 0.023,
                                      "Actual Total Time": 0.025,
                                      "Actual Rows": 1,
                                      "Actual Loops": 14999
                                    },
                                    {
                                      "Worker Number": 1,
                                      "Actual Startup Time": 0.024,
                                      "Actual Total Time": 0.027,
                                      "Actual Rows": 0,
                                      "Actual Loops": 14518
                                    }
                                  ]
                                }
                              ]
                            },
                            {
                              "Node Type": "Hash",
                              "Parent Relationship": "Inner",
                              "Parallel Aware": false,
                              "Async Capable": false,
                              "Startup Cost": 18.88,
                              "Total Cost": 18.88,
                              "Plan Rows": 4,
                              "Plan Width": 4,
                              "Actual Startup Time": 0.049,
                              "Actual Total Time": 0.050,
                              "Actual Rows": 1,
                              "Actual Loops": 3,
                              "Output": ["rt.id"],
                              "Hash Buckets": 1024,
                              "Original Hash Buckets": 1024,
                              "Hash Batches": 1,
                              "Original Hash Batches": 1,
                              "Peak Memory Usage": 9,
                              "Workers": [
                                {
                                  "Worker Number": 0,
                                  "Actual Startup Time": 0.065,
                                  "Actual Total Time": 0.066,
                                  "Actual Rows": 1,
                                  "Actual Loops": 1
                                },
                                {
                                  "Worker Number": 1,
                                  "Actual Startup Time": 0.069,
                                  "Actual Total Time": 0.070,
                                  "Actual Rows": 1,
                                  "Actual Loops": 1
                                }
                              ],
                              "Plans": [
                                {
                                  "Node Type": "Seq Scan",
                                  "Parent Relationship": "Outer",
                                  "Parallel Aware": false,
                                  "Async Capable": false,
                                  "Relation Name": "role_type",
                                  "Schema": "public",
                                  "Alias": "rt",
                                  "Startup Cost": 0.00,
                                  "Total Cost": 18.88,
                                  "Plan Rows": 4,
                                  "Plan Width": 4,
                                  "Actual Startup Time": 0.040,
                                  "Actual Total Time": 0.043,
                                  "Actual Rows": 1,
                                  "Actual Loops": 3,
                                  "Output": ["rt.id"],
                                  "Filter": "((rt.role)::text = 'actress'::text)",
                                  "Rows Removed by Filter": 11,
                                  "Workers": [
                                    {
                                      "Worker Number": 0,
                                      "Actual Startup Time": 0.054,
                                      "Actual Total Time": 0.058,
                                      "Actual Rows": 1,
                                      "Actual Loops": 1
                                    },
                                    {
                                      "Worker Number": 1,
                                      "Actual Startup Time": 0.059,
                                      "Actual Total Time": 0.062,
                                      "Actual Rows": 1,
                                      "Actual Loops": 1
                                    }
                                  ]
                                }
                              ]
                            }
                          ]
                        },
                        {
                          "Node Type": "Index Scan",
                          "Parent Relationship": "Inner",
                          "Parallel Aware": false,
                          "Async Capable": false,
                          "Scan Direction": "Forward",
                          "Index Name": "name_pkey",
                          "Relation Name": "name",
                          "Schema": "public",
                          "Alias": "n",
                          "Startup Cost": 0.43,
                          "Total Cost": 0.84,
                          "Plan Rows": 1,
                          "Plan Width": 19,
                          "Actual Startup Time": 0.003,
                          "Actual Total Time": 0.003,
                          "Actual Rows": 0,
                          "Actual Loops": 7565,
                          "Output": ["n.id", "n.name", "n.imdb_index", "n.imdb_id", "n.gender", "n.name_pcode_cf", "n.name_pcode_nf", "n.surname_pcode", "n.md5sum"],
                          "Index Cond": "(n.id = ci.person_id)",
                          "Rows Removed by Index Recheck": 0,
                          "Filter": "(((n.name)::text ~~ '%Angel%'::text) AND ((n.gender)::text = 'f'::text))",
                          "Rows Removed by Filter": 1,
                          "Workers": [
                            {
                              "Worker Number": 0,
                              "Actual Startup Time": 0.003,
                              "Actual Total Time": 0.003,
                              "Actual Rows": 0,
                              "Actual Loops": 2790
                            },
                            {
                              "Worker Number": 1,
                              "Actual Startup Time": 0.003,
                              "Actual Total Time": 0.003,
                              "Actual Rows": 0,
                              "Actual Loops": 1684
                            }
                          ]
                        }
                      ]
                    }
                  ]
                },
                {
                  "Node Type": "Index Scan",
                  "Parent Relationship": "Inner",
                  "Parallel Aware": false,
                  "Async Capable": false,
                  "Scan Direction": "Forward",
                  "Index Name": "person_id_aka_name",
                  "Relation Name": "aka_name",
                  "Schema": "public",
                  "Alias": "an",
                  "Startup Cost": 0.42,
                  "Total Cost": 0.53,
                  "Plan Rows": 2,
                  "Plan Width": 20,
                  "Actual Startup Time": 0.003,
                  "Actual Total Time": 0.003,
                  "Actual Rows": 1,
                  "Actual Loops": 30,
                  "Output": ["an.id", "an.person_id", "an.name", "an.imdb_index", "an.name_pcode_cf", "an.name_pcode_nf", "an.surname_pcode", "an.md5sum"],
                  "Index Cond": "(an.person_id = ci.person_id)",
                  "Rows Removed by Index Recheck": 0
                }
              ]
            },
            {
              "Node Type": "Index Scan",
              "Parent Relationship": "Inner",
              "Parallel Aware": false,
              "Async Capable": false,
              "Scan Direction": "Forward",
              "Index Name": "char_name_pkey",
              "Relation Name": "char_name",
              "Schema": "public",
              "Alias": "chn",
              "Startup Cost": 0.43,
              "Total Cost": 0.71,
              "Plan Rows": 1,
              "Plan Width": 20,
              "Actual Startup Time": 0.002,
              "Actual Total Time": 0.002,
              "Actual Rows": 1,
              "Actual Loops": 40,
              "Output": ["chn.id", "chn.name", "chn.imdb_index", "chn.imdb_id", "chn.name_pcode_nf", "chn.surname_pcode", "chn.md5sum"],
              "Index Cond": "(chn.id = ci.person_role_id)",
              "Rows Removed by Index Recheck": 0
            }
          ]
        }
      ]
    },
    "Planning Time": 10.185,
    "Triggers": [
    ],
    "Execution Time": 769.647
  }
]
